[0.021s] Invoking command in '/home/revanth/nxp_ws/build/apriltag_msgs': CMAKE_PREFIX_PATH=${CMAKE_PREFIX_PATH}:/home/revanth/ros2_ws/install/my_py_pkg:/opt/ros/humble /usr/bin/cmake --build /home/revanth/nxp_ws/build/apriltag_msgs -- -j12 -l12
[0.064s] [  2%] Built target apriltag_msgs__cpp
[0.065s] [ 12%] Built target apriltag_msgs__rosidl_generator_c
[0.076s] [ 12%] Built target ament_cmake_python_copy_apriltag_msgs
[0.096s] [ 34%] Built target apriltag_msgs__rosidl_typesupport_introspection_c
[0.096s] [ 34%] Built target apriltag_msgs__rosidl_typesupport_c
[0.096s] [ 44%] Built target apriltag_msgs__rosidl_typesupport_cpp
[0.097s] [ 55%] Built target apriltag_msgs__rosidl_typesupport_fastrtps_cpp
[0.100s] [ 65%] Built target apriltag_msgs__rosidl_typesupport_fastrtps_c
[0.100s] [ 76%] Built target apriltag_msgs__rosidl_typesupport_introspection_cpp
[0.115s] [ 76%] Built target apriltag_msgs
[0.136s] [ 78%] Built target apriltag_msgs__py
[0.154s] [ 87%] Built target apriltag_msgs__rosidl_generator_py
[0.172s] [ 95%] Built target apriltag_msgs__rosidl_typesupport_fastrtps_c__pyext
[0.172s] [ 95%] Built target apriltag_msgs__rosidl_typesupport_c__pyext
[0.172s] [100%] Built target apriltag_msgs__rosidl_typesupport_introspection_c__pyext
[0.321s] running egg_info
[0.322s] writing apriltag_msgs.egg-info/PKG-INFO
[0.322s] writing dependency_links to apriltag_msgs.egg-info/dependency_links.txt
[0.322s] writing top-level names to apriltag_msgs.egg-info/top_level.txt
[0.324s] reading manifest file 'apriltag_msgs.egg-info/SOURCES.txt'
[0.324s] writing manifest file 'apriltag_msgs.egg-info/SOURCES.txt'
[0.346s] [100%] Built target ament_cmake_python_build_apriltag_msgs_egg
