-- The C compiler identification is GNU 11.3.0
-- The CXX compiler identification is GNU 11.3.0
-- Detecting C compiler ABI info
-- Detecting C compiler ABI info - done
-- Check for working C compiler: /usr/bin/cc - skipped
-- Detecting C compile features
-- Detecting C compile features - done
-- Detecting CXX compiler ABI info
-- Detecting CXX compiler ABI info - done
-- Check for working CXX compiler: /usr/bin/c++ - skipped
-- Detecting CXX compile features
-- Detecting CXX compile features - done
-- Found ament_cmake: 1.3.3 (/opt/ros/humble/share/ament_cmake/cmake)
-- Found Python3: /usr/bin/python3.10 (found version "3.10.6") found components: Interpreter 
-- Found ament_lint_auto: 0.12.4 (/opt/ros/humble/share/ament_lint_auto/cmake)
-- Added test 'lint_cmake' to check CMake code style
-- Added test 'xmllint' to check XML markup files
-- Configuring done
-- Generating done
-- Build files have been written to: /home/revanth/nxp_ws/build/nxp_1
-- Install configuration: ""
-- Installing: /home/revanth/nxp_ws/install/nxp_1/share/ament_index/resource_index/package_run_dependencies/nxp_1
-- Installing: /home/revanth/nxp_ws/install/nxp_1/share/ament_index/resource_index/parent_prefix_path/nxp_1
-- Installing: /home/revanth/nxp_ws/install/nxp_1/share/nxp_1/environment/ament_prefix_path.sh
-- Installing: /home/revanth/nxp_ws/install/nxp_1/share/nxp_1/environment/ament_prefix_path.dsv
-- Installing: /home/revanth/nxp_ws/install/nxp_1/share/nxp_1/environment/path.sh
-- Installing: /home/revanth/nxp_ws/install/nxp_1/share/nxp_1/environment/path.dsv
-- Installing: /home/revanth/nxp_ws/install/nxp_1/share/nxp_1/local_setup.bash
-- Installing: /home/revanth/nxp_ws/install/nxp_1/share/nxp_1/local_setup.sh
-- Installing: /home/revanth/nxp_ws/install/nxp_1/share/nxp_1/local_setup.zsh
-- Installing: /home/revanth/nxp_ws/install/nxp_1/share/nxp_1/local_setup.dsv
-- Installing: /home/revanth/nxp_ws/install/nxp_1/share/nxp_1/package.dsv
-- Installing: /home/revanth/nxp_ws/install/nxp_1/share/ament_index/resource_index/packages/nxp_1
-- Installing: /home/revanth/nxp_ws/install/nxp_1/share/nxp_1/cmake/nxp_1Config.cmake
-- Installing: /home/revanth/nxp_ws/install/nxp_1/share/nxp_1/cmake/nxp_1Config-version.cmake
-- Installing: /home/revanth/nxp_ws/install/nxp_1/share/nxp_1/package.xml
