[0.017s] Invoking command in '/home/revanth/nxp_ws/build/nxp_1': CMAKE_PREFIX_PATH=${CMAKE_PREFIX_PATH}:/home/revanth/ros2_ws/install/my_py_pkg:/opt/ros/humble /usr/bin/cmake /home/revanth/nxp_ws/src/nxp_1 -DCMAKE_INSTALL_PREFIX=/home/revanth/nxp_ws/install/nxp_1
[0.066s] -- The C compiler identification is GNU 11.3.0
[0.125s] -- The CXX compiler identification is GNU 11.3.0
[0.134s] -- Detecting C compiler ABI info
[0.191s] -- Detecting C compiler ABI info - done
[0.204s] -- Check for working C compiler: /usr/bin/cc - skipped
[0.204s] -- Detecting C compile features
[0.205s] -- Detecting C compile features - done
[0.210s] -- Detecting CXX compiler ABI info
[0.281s] -- Detecting CXX compiler ABI info - done
[0.289s] -- Check for working CXX compiler: /usr/bin/c++ - skipped
[0.290s] -- Detecting CXX compile features
[0.290s] -- Detecting CXX compile features - done
[0.293s] -- Found ament_cmake: 1.3.3 (/opt/ros/humble/share/ament_cmake/cmake)
[0.460s] -- Found Python3: /usr/bin/python3.10 (found version "3.10.6") found components: Interpreter 
[0.559s] -- Found ament_lint_auto: 0.12.4 (/opt/ros/humble/share/ament_lint_auto/cmake)
[0.633s] -- Added test 'lint_cmake' to check CMake code style
[0.634s] -- Added test 'xmllint' to check XML markup files
[0.636s] -- Configuring done
[0.638s] -- Generating done
[0.639s] -- Build files have been written to: /home/revanth/nxp_ws/build/nxp_1
[0.643s] Invoked command in '/home/revanth/nxp_ws/build/nxp_1' returned '0': CMAKE_PREFIX_PATH=${CMAKE_PREFIX_PATH}:/home/revanth/ros2_ws/install/my_py_pkg:/opt/ros/humble /usr/bin/cmake /home/revanth/nxp_ws/src/nxp_1 -DCMAKE_INSTALL_PREFIX=/home/revanth/nxp_ws/install/nxp_1
[0.645s] Invoking command in '/home/revanth/nxp_ws/build/nxp_1': CMAKE_PREFIX_PATH=${CMAKE_PREFIX_PATH}:/home/revanth/ros2_ws/install/my_py_pkg:/opt/ros/humble /usr/bin/cmake --build /home/revanth/nxp_ws/build/nxp_1 -- -j12 -l12
[0.677s] Invoked command in '/home/revanth/nxp_ws/build/nxp_1' returned '0': CMAKE_PREFIX_PATH=${CMAKE_PREFIX_PATH}:/home/revanth/ros2_ws/install/my_py_pkg:/opt/ros/humble /usr/bin/cmake --build /home/revanth/nxp_ws/build/nxp_1 -- -j12 -l12
[0.710s] Invoking command in '/home/revanth/nxp_ws/build/nxp_1': CMAKE_PREFIX_PATH=${CMAKE_PREFIX_PATH}:/home/revanth/ros2_ws/install/my_py_pkg:/opt/ros/humble /usr/bin/cmake --install /home/revanth/nxp_ws/build/nxp_1
[0.719s] -- Install configuration: ""
[0.720s] -- Installing: /home/revanth/nxp_ws/install/nxp_1/share/ament_index/resource_index/package_run_dependencies/nxp_1
[0.720s] -- Installing: /home/revanth/nxp_ws/install/nxp_1/share/ament_index/resource_index/parent_prefix_path/nxp_1
[0.720s] -- Installing: /home/revanth/nxp_ws/install/nxp_1/share/nxp_1/environment/ament_prefix_path.sh
[0.720s] -- Installing: /home/revanth/nxp_ws/install/nxp_1/share/nxp_1/environment/ament_prefix_path.dsv
[0.720s] -- Installing: /home/revanth/nxp_ws/install/nxp_1/share/nxp_1/environment/path.sh
[0.720s] -- Installing: /home/revanth/nxp_ws/install/nxp_1/share/nxp_1/environment/path.dsv
[0.720s] -- Installing: /home/revanth/nxp_ws/install/nxp_1/share/nxp_1/local_setup.bash
[0.720s] -- Installing: /home/revanth/nxp_ws/install/nxp_1/share/nxp_1/local_setup.sh
[0.721s] -- Installing: /home/revanth/nxp_ws/install/nxp_1/share/nxp_1/local_setup.zsh
[0.721s] -- Installing: /home/revanth/nxp_ws/install/nxp_1/share/nxp_1/local_setup.dsv
[0.721s] -- Installing: /home/revanth/nxp_ws/install/nxp_1/share/nxp_1/package.dsv
[0.721s] -- Installing: /home/revanth/nxp_ws/install/nxp_1/share/ament_index/resource_index/packages/nxp_1
[0.721s] -- Installing: /home/revanth/nxp_ws/install/nxp_1/share/nxp_1/cmake/nxp_1Config.cmake
[0.721s] -- Installing: /home/revanth/nxp_ws/install/nxp_1/share/nxp_1/cmake/nxp_1Config-version.cmake
[0.722s] -- Installing: /home/revanth/nxp_ws/install/nxp_1/share/nxp_1/package.xml
[0.724s] Invoked command in '/home/revanth/nxp_ws/build/nxp_1' returned '0': CMAKE_PREFIX_PATH=${CMAKE_PREFIX_PATH}:/home/revanth/ros2_ws/install/my_py_pkg:/opt/ros/humble /usr/bin/cmake --install /home/revanth/nxp_ws/build/nxp_1
