[0.018s] Invoking command in '/home/revanth/nxp_ws/build/nxp_1': CMAKE_PREFIX_PATH=${CMAKE_PREFIX_PATH}:/home/revanth/ros2_ws/install/my_py_pkg:/opt/ros/humble /usr/bin/cmake --build /home/revanth/nxp_ws/build/nxp_1 -- -j12 -l12
[0.035s] -- Found ament_cmake: 1.3.3 (/opt/ros/humble/share/ament_cmake/cmake)
[0.198s] -- Found ament_lint_auto: 0.12.4 (/opt/ros/humble/share/ament_lint_auto/cmake)
[0.267s] -- Added test 'flake8' to check Python code syntax and style conventions
[0.267s] -- Added test 'lint_cmake' to check CMake code style
[0.268s] -- Added test 'pep257' to check Python code against some of the docstring style conventions in PEP 257
[0.269s] -- Added test 'xmllint' to check XML markup files
[0.270s] -- Configuring done
[0.274s] -- Generating done
[0.275s] -- Build files have been written to: /home/revanth/nxp_ws/build/nxp_1
[0.292s] Invoked command in '/home/revanth/nxp_ws/build/nxp_1' returned '0': CMAKE_PREFIX_PATH=${CMAKE_PREFIX_PATH}:/home/revanth/ros2_ws/install/my_py_pkg:/opt/ros/humble /usr/bin/cmake --build /home/revanth/nxp_ws/build/nxp_1 -- -j12 -l12
[0.338s] Invoking command in '/home/revanth/nxp_ws/build/nxp_1': CMAKE_PREFIX_PATH=${CMAKE_PREFIX_PATH}:/home/revanth/ros2_ws/install/my_py_pkg:/opt/ros/humble /usr/bin/cmake --install /home/revanth/nxp_ws/build/nxp_1
[0.345s] -- Install configuration: ""
[0.345s] -- Up-to-date: /home/revanth/nxp_ws/install/nxp_1/share/nxp_1/launch
[0.345s] -- Up-to-date: /home/revanth/nxp_ws/install/nxp_1/share/nxp_1/launch/tag_36h11_all.launch.py
[0.346s] -- Up-to-date: /home/revanth/nxp_ws/install/nxp_1/share/ament_index/resource_index/package_run_dependencies/nxp_1
[0.346s] -- Installing: /home/revanth/nxp_ws/install/nxp_1/share/ament_index/resource_index/parent_prefix_path/nxp_1
[0.346s] -- Up-to-date: /home/revanth/nxp_ws/install/nxp_1/share/nxp_1/environment/ament_prefix_path.sh
[0.346s] -- Installing: /home/revanth/nxp_ws/install/nxp_1/share/nxp_1/environment/ament_prefix_path.dsv
[0.346s] -- Up-to-date: /home/revanth/nxp_ws/install/nxp_1/share/nxp_1/environment/path.sh
[0.346s] -- Installing: /home/revanth/nxp_ws/install/nxp_1/share/nxp_1/environment/path.dsv
[0.346s] -- Up-to-date: /home/revanth/nxp_ws/install/nxp_1/share/nxp_1/local_setup.bash
[0.347s] -- Up-to-date: /home/revanth/nxp_ws/install/nxp_1/share/nxp_1/local_setup.sh
[0.347s] -- Up-to-date: /home/revanth/nxp_ws/install/nxp_1/share/nxp_1/local_setup.zsh
[0.347s] -- Installing: /home/revanth/nxp_ws/install/nxp_1/share/nxp_1/local_setup.dsv
[0.347s] -- Installing: /home/revanth/nxp_ws/install/nxp_1/share/nxp_1/package.dsv
[0.347s] -- Up-to-date: /home/revanth/nxp_ws/install/nxp_1/share/ament_index/resource_index/packages/nxp_1
[0.347s] -- Up-to-date: /home/revanth/nxp_ws/install/nxp_1/share/nxp_1/cmake/nxp_1Config.cmake
[0.347s] -- Up-to-date: /home/revanth/nxp_ws/install/nxp_1/share/nxp_1/cmake/nxp_1Config-version.cmake
[0.347s] -- Up-to-date: /home/revanth/nxp_ws/install/nxp_1/share/nxp_1/package.xml
[0.352s] Invoked command in '/home/revanth/nxp_ws/build/nxp_1' returned '0': CMAKE_PREFIX_PATH=${CMAKE_PREFIX_PATH}:/home/revanth/ros2_ws/install/my_py_pkg:/opt/ros/humble /usr/bin/cmake --install /home/revanth/nxp_ws/build/nxp_1
