[0.142s] DEBUG:colcon:Command line arguments: ['/usr/bin/colcon', 'build']
[0.142s] DEBUG:colcon:Parsed command line arguments: Namespace(log_base=None, log_level=None, verb_name='build', build_base='build', install_base='install', merge_install=False, symlink_install=False, test_result_base=None, continue_on_error=False, executor='parallel', parallel_workers=12, event_handlers=None, ignore_user_meta=False, metas=['./colcon.meta'], base_paths=['.'], packages_ignore=None, packages_ignore_regex=None, paths=None, packages_up_to=None, packages_up_to_regex=None, packages_above=None, packages_above_and_dependencies=None, packages_above_depth=None, packages_select_by_dep=None, packages_skip_by_dep=None, packages_skip_up_to=None, packages_select_build_failed=False, packages_skip_build_finished=False, packages_select_test_failures=False, packages_skip_test_passed=False, packages_select=None, packages_skip=None, packages_select_regex=None, packages_skip_regex=None, packages_start=None, packages_end=None, allow_overriding=[], cmake_args=None, cmake_target=None, cmake_target_skip_unavailable=False, cmake_clean_cache=False, cmake_clean_first=False, cmake_force_configure=False, ament_cmake_args=None, catkin_cmake_args=None, catkin_skip_building_tests=False, verb_parser=<colcon_defaults.argument_parser.defaults.DefaultArgumentsDecorator object at 0x7fd44ffb08e0>, verb_extension=<colcon_core.verb.build.BuildVerb object at 0x7fd44ffb0310>, main=<bound method BuildVerb.main of <colcon_core.verb.build.BuildVerb object at 0x7fd44ffb0310>>)
[0.164s] Level 1:colcon.colcon_core.package_discovery:discover_packages(colcon_meta) check parameters
[0.164s] Level 1:colcon.colcon_core.package_discovery:discover_packages(recursive) check parameters
[0.164s] Level 1:colcon.colcon_core.package_discovery:discover_packages(ignore) check parameters
[0.164s] Level 1:colcon.colcon_core.package_discovery:discover_packages(path) check parameters
[0.164s] Level 1:colcon.colcon_core.package_discovery:discover_packages(colcon_meta) discover
[0.164s] Level 1:colcon.colcon_core.package_discovery:discover_packages(recursive) discover
[0.164s] INFO:colcon.colcon_core.package_discovery:Crawling recursively for packages in '/home/revanth/nxp_ws'
[0.164s] Level 1:colcon.colcon_core.package_identification:_identify(.) by extensions ['ignore', 'ignore_ament_install']
[0.164s] Level 1:colcon.colcon_core.package_identification:_identify(.) by extension 'ignore'
[0.164s] Level 1:colcon.colcon_core.package_identification:_identify(.) by extension 'ignore_ament_install'
[0.164s] Level 1:colcon.colcon_core.package_identification:_identify(.) by extensions ['colcon_pkg']
[0.164s] Level 1:colcon.colcon_core.package_identification:_identify(.) by extension 'colcon_pkg'
[0.164s] Level 1:colcon.colcon_core.package_identification:_identify(.) by extensions ['colcon_meta']
[0.164s] Level 1:colcon.colcon_core.package_identification:_identify(.) by extension 'colcon_meta'
[0.164s] Level 1:colcon.colcon_core.package_identification:_identify(.) by extensions ['ros']
[0.164s] Level 1:colcon.colcon_core.package_identification:_identify(.) by extension 'ros'
[0.174s] Level 1:colcon.colcon_core.package_identification:_identify(.) by extensions ['cmake', 'python']
[0.174s] Level 1:colcon.colcon_core.package_identification:_identify(.) by extension 'cmake'
[0.174s] Level 1:colcon.colcon_core.package_identification:_identify(.) by extension 'python'
[0.174s] Level 1:colcon.colcon_core.package_identification:_identify(.) by extensions ['python_setup_py']
[0.174s] Level 1:colcon.colcon_core.package_identification:_identify(.) by extension 'python_setup_py'
[0.174s] Level 1:colcon.colcon_core.package_identification:_identify(build) by extensions ['ignore', 'ignore_ament_install']
[0.174s] Level 1:colcon.colcon_core.package_identification:_identify(build) by extension 'ignore'
[0.174s] Level 1:colcon.colcon_core.package_identification:_identify(build) ignored
[0.174s] Level 1:colcon.colcon_core.package_identification:_identify(install) by extensions ['ignore', 'ignore_ament_install']
[0.174s] Level 1:colcon.colcon_core.package_identification:_identify(install) by extension 'ignore'
[0.174s] Level 1:colcon.colcon_core.package_identification:_identify(install) ignored
[0.174s] Level 1:colcon.colcon_core.package_identification:_identify(log) by extensions ['ignore', 'ignore_ament_install']
[0.174s] Level 1:colcon.colcon_core.package_identification:_identify(log) by extension 'ignore'
[0.174s] Level 1:colcon.colcon_core.package_identification:_identify(log) ignored
[0.174s] Level 1:colcon.colcon_core.package_identification:_identify(src) by extensions ['ignore', 'ignore_ament_install']
[0.175s] Level 1:colcon.colcon_core.package_identification:_identify(src) by extension 'ignore'
[0.175s] Level 1:colcon.colcon_core.package_identification:_identify(src) by extension 'ignore_ament_install'
[0.175s] Level 1:colcon.colcon_core.package_identification:_identify(src) by extensions ['colcon_pkg']
[0.175s] Level 1:colcon.colcon_core.package_identification:_identify(src) by extension 'colcon_pkg'
[0.175s] Level 1:colcon.colcon_core.package_identification:_identify(src) by extensions ['colcon_meta']
[0.175s] Level 1:colcon.colcon_core.package_identification:_identify(src) by extension 'colcon_meta'
[0.175s] Level 1:colcon.colcon_core.package_identification:_identify(src) by extensions ['ros']
[0.175s] Level 1:colcon.colcon_core.package_identification:_identify(src) by extension 'ros'
[0.175s] Level 1:colcon.colcon_core.package_identification:_identify(src) by extensions ['cmake', 'python']
[0.175s] Level 1:colcon.colcon_core.package_identification:_identify(src) by extension 'cmake'
[0.175s] Level 1:colcon.colcon_core.package_identification:_identify(src) by extension 'python'
[0.175s] Level 1:colcon.colcon_core.package_identification:_identify(src) by extensions ['python_setup_py']
[0.175s] Level 1:colcon.colcon_core.package_identification:_identify(src) by extension 'python_setup_py'
[0.175s] Level 1:colcon.colcon_core.package_identification:_identify(src/apriltag) by extensions ['ignore', 'ignore_ament_install']
[0.175s] Level 1:colcon.colcon_core.package_identification:_identify(src/apriltag) by extension 'ignore'
[0.175s] Level 1:colcon.colcon_core.package_identification:_identify(src/apriltag) by extension 'ignore_ament_install'
[0.175s] Level 1:colcon.colcon_core.package_identification:_identify(src/apriltag) by extensions ['colcon_pkg']
[0.175s] Level 1:colcon.colcon_core.package_identification:_identify(src/apriltag) by extension 'colcon_pkg'
[0.175s] Level 1:colcon.colcon_core.package_identification:_identify(src/apriltag) by extensions ['colcon_meta']
[0.175s] Level 1:colcon.colcon_core.package_identification:_identify(src/apriltag) by extension 'colcon_meta'
[0.175s] Level 1:colcon.colcon_core.package_identification:_identify(src/apriltag) by extensions ['ros']
[0.175s] Level 1:colcon.colcon_core.package_identification:_identify(src/apriltag) by extension 'ros'
[0.178s] DEBUG:colcon.colcon_core.package_identification:Package 'src/apriltag' with type 'ros.cmake' and name 'apriltag'
[0.178s] Level 1:colcon.colcon_core.package_identification:_identify(src/apriltag_msgs) by extensions ['ignore', 'ignore_ament_install']
[0.179s] Level 1:colcon.colcon_core.package_identification:_identify(src/apriltag_msgs) by extension 'ignore'
[0.179s] Level 1:colcon.colcon_core.package_identification:_identify(src/apriltag_msgs) by extension 'ignore_ament_install'
[0.179s] Level 1:colcon.colcon_core.package_identification:_identify(src/apriltag_msgs) by extensions ['colcon_pkg']
[0.179s] Level 1:colcon.colcon_core.package_identification:_identify(src/apriltag_msgs) by extension 'colcon_pkg'
[0.179s] Level 1:colcon.colcon_core.package_identification:_identify(src/apriltag_msgs) by extensions ['colcon_meta']
[0.179s] Level 1:colcon.colcon_core.package_identification:_identify(src/apriltag_msgs) by extension 'colcon_meta'
[0.179s] Level 1:colcon.colcon_core.package_identification:_identify(src/apriltag_msgs) by extensions ['ros']
[0.179s] Level 1:colcon.colcon_core.package_identification:_identify(src/apriltag_msgs) by extension 'ros'
[0.179s] DEBUG:colcon.colcon_core.package_identification:Package 'src/apriltag_msgs' with type 'ros.ament_cmake' and name 'apriltag_msgs'
[0.179s] Level 1:colcon.colcon_core.package_identification:_identify(src/apriltag_ros) by extensions ['ignore', 'ignore_ament_install']
[0.179s] Level 1:colcon.colcon_core.package_identification:_identify(src/apriltag_ros) by extension 'ignore'
[0.180s] Level 1:colcon.colcon_core.package_identification:_identify(src/apriltag_ros) by extension 'ignore_ament_install'
[0.180s] Level 1:colcon.colcon_core.package_identification:_identify(src/apriltag_ros) by extensions ['colcon_pkg']
[0.180s] Level 1:colcon.colcon_core.package_identification:_identify(src/apriltag_ros) by extension 'colcon_pkg'
[0.180s] Level 1:colcon.colcon_core.package_identification:_identify(src/apriltag_ros) by extensions ['colcon_meta']
[0.180s] Level 1:colcon.colcon_core.package_identification:_identify(src/apriltag_ros) by extension 'colcon_meta'
[0.180s] Level 1:colcon.colcon_core.package_identification:_identify(src/apriltag_ros) by extensions ['ros']
[0.180s] Level 1:colcon.colcon_core.package_identification:_identify(src/apriltag_ros) by extension 'ros'
[0.181s] DEBUG:colcon.colcon_core.package_identification:Package 'src/apriltag_ros' with type 'ros.ament_cmake' and name 'apriltag_ros'
[0.181s] Level 1:colcon.colcon_core.package_identification:_identify(src/nxp_1) by extensions ['ignore', 'ignore_ament_install']
[0.181s] Level 1:colcon.colcon_core.package_identification:_identify(src/nxp_1) by extension 'ignore'
[0.181s] Level 1:colcon.colcon_core.package_identification:_identify(src/nxp_1) by extension 'ignore_ament_install'
[0.181s] Level 1:colcon.colcon_core.package_identification:_identify(src/nxp_1) by extensions ['colcon_pkg']
[0.181s] Level 1:colcon.colcon_core.package_identification:_identify(src/nxp_1) by extension 'colcon_pkg'
[0.181s] Level 1:colcon.colcon_core.package_identification:_identify(src/nxp_1) by extensions ['colcon_meta']
[0.181s] Level 1:colcon.colcon_core.package_identification:_identify(src/nxp_1) by extension 'colcon_meta'
[0.181s] Level 1:colcon.colcon_core.package_identification:_identify(src/nxp_1) by extensions ['ros']
[0.181s] Level 1:colcon.colcon_core.package_identification:_identify(src/nxp_1) by extension 'ros'
[0.181s] DEBUG:colcon.colcon_core.package_identification:Package 'src/nxp_1' with type 'ros.ament_cmake' and name 'nxp_1'
[0.181s] Level 1:colcon.colcon_core.package_discovery:discover_packages(recursive) using defaults
[0.181s] Level 1:colcon.colcon_core.package_discovery:discover_packages(ignore) discover
[0.181s] Level 1:colcon.colcon_core.package_discovery:discover_packages(ignore) using defaults
[0.181s] Level 1:colcon.colcon_core.package_discovery:discover_packages(path) discover
[0.182s] Level 1:colcon.colcon_core.package_discovery:discover_packages(path) using defaults
[0.202s] Level 1:colcon.colcon_core.package_discovery:discover_packages(prefix_path) check parameters
[0.202s] Level 1:colcon.colcon_core.package_discovery:discover_packages(prefix_path) discover
[0.203s] WARNING:colcon.colcon_core.prefix_path.colcon:The path '/home/revanth/apriltag/install' in the environment variable COLCON_PREFIX_PATH doesn't exist
[0.203s] WARNING:colcon.colcon_core.prefix_path.colcon:The path '/home/revanth/apriltag_ros/install' in the environment variable COLCON_PREFIX_PATH doesn't exist
[0.203s] WARNING:colcon.colcon_core.prefix_path.colcon:The path '/home/revanth/apriltag_msgs/install' in the environment variable COLCON_PREFIX_PATH doesn't exist
[0.203s] WARNING:colcon.colcon_ros.prefix_path.ament:The path '/home/revanth/apriltag_ros/install/apriltag_ros' in the environment variable AMENT_PREFIX_PATH doesn't exist
[0.203s] WARNING:colcon.colcon_ros.prefix_path.ament:The path '/home/revanth/apriltag_msgs/install/apriltag_msgs' in the environment variable AMENT_PREFIX_PATH doesn't exist
[0.204s] WARNING:colcon.colcon_ros.prefix_path.catkin:The path '/home/revanth/apriltag/install/apriltag' in the environment variable CMAKE_PREFIX_PATH doesn't exist
[0.204s] WARNING:colcon.colcon_ros.prefix_path.catkin:The path '/home/revanth/apriltag_ros/install/apriltag_ros' in the environment variable CMAKE_PREFIX_PATH doesn't exist
[0.204s] WARNING:colcon.colcon_ros.prefix_path.catkin:The path '/home/revanth/apriltag_msgs/install/apriltag_msgs' in the environment variable CMAKE_PREFIX_PATH doesn't exist
[0.205s] DEBUG:colcon.colcon_installed_package_information.package_discovery:Found 4 installed packages in /home/revanth/nxp_ws/install
[0.205s] DEBUG:colcon.colcon_installed_package_information.package_discovery:Found 1 installed packages in /home/revanth/ws_nxp/install
[0.206s] DEBUG:colcon.colcon_installed_package_information.package_discovery:Found 1 installed packages in /home/revanth/librealsense/install
[0.207s] DEBUG:colcon.colcon_installed_package_information.package_discovery:Found 2 installed packages in /home/revanth/ros2_ws/install
[0.207s] DEBUG:colcon.colcon_installed_package_information.package_discovery:Found 3 installed packages in /home/revanth/realsense-ros/install
[0.209s] DEBUG:colcon.colcon_installed_package_information.package_discovery:Found 289 installed packages in /opt/ros/humble
[0.211s] Level 1:colcon.colcon_core.package_discovery:discover_packages(prefix_path) using defaults
[0.263s] Level 5:colcon.colcon_core.verb:set package 'apriltag' build argument 'cmake_args' from command line to 'None'
[0.263s] Level 5:colcon.colcon_core.verb:set package 'apriltag' build argument 'cmake_target' from command line to 'None'
[0.263s] Level 5:colcon.colcon_core.verb:set package 'apriltag' build argument 'cmake_target_skip_unavailable' from command line to 'False'
[0.263s] Level 5:colcon.colcon_core.verb:set package 'apriltag' build argument 'cmake_clean_cache' from command line to 'False'
[0.263s] Level 5:colcon.colcon_core.verb:set package 'apriltag' build argument 'cmake_clean_first' from command line to 'False'
[0.263s] Level 5:colcon.colcon_core.verb:set package 'apriltag' build argument 'cmake_force_configure' from command line to 'False'
[0.263s] Level 5:colcon.colcon_core.verb:set package 'apriltag' build argument 'ament_cmake_args' from command line to 'None'
[0.263s] Level 5:colcon.colcon_core.verb:set package 'apriltag' build argument 'catkin_cmake_args' from command line to 'None'
[0.263s] Level 5:colcon.colcon_core.verb:set package 'apriltag' build argument 'catkin_skip_building_tests' from command line to 'False'
[0.263s] DEBUG:colcon.colcon_core.verb:Building package 'apriltag' with the following arguments: {'ament_cmake_args': None, 'build_base': '/home/revanth/nxp_ws/build/apriltag', 'catkin_cmake_args': None, 'catkin_skip_building_tests': False, 'cmake_args': None, 'cmake_clean_cache': False, 'cmake_clean_first': False, 'cmake_force_configure': False, 'cmake_target': None, 'cmake_target_skip_unavailable': False, 'install_base': '/home/revanth/nxp_ws/install/apriltag', 'merge_install': False, 'path': '/home/revanth/nxp_ws/src/apriltag', 'symlink_install': False, 'test_result_base': None}
[0.264s] Level 5:colcon.colcon_core.verb:set package 'apriltag_msgs' build argument 'cmake_args' from command line to 'None'
[0.264s] Level 5:colcon.colcon_core.verb:set package 'apriltag_msgs' build argument 'cmake_target' from command line to 'None'
[0.264s] Level 5:colcon.colcon_core.verb:set package 'apriltag_msgs' build argument 'cmake_target_skip_unavailable' from command line to 'False'
[0.264s] Level 5:colcon.colcon_core.verb:set package 'apriltag_msgs' build argument 'cmake_clean_cache' from command line to 'False'
[0.264s] Level 5:colcon.colcon_core.verb:set package 'apriltag_msgs' build argument 'cmake_clean_first' from command line to 'False'
[0.264s] Level 5:colcon.colcon_core.verb:set package 'apriltag_msgs' build argument 'cmake_force_configure' from command line to 'False'
[0.264s] Level 5:colcon.colcon_core.verb:set package 'apriltag_msgs' build argument 'ament_cmake_args' from command line to 'None'
[0.264s] Level 5:colcon.colcon_core.verb:set package 'apriltag_msgs' build argument 'catkin_cmake_args' from command line to 'None'
[0.264s] Level 5:colcon.colcon_core.verb:set package 'apriltag_msgs' build argument 'catkin_skip_building_tests' from command line to 'False'
[0.264s] DEBUG:colcon.colcon_core.verb:Building package 'apriltag_msgs' with the following arguments: {'ament_cmake_args': None, 'build_base': '/home/revanth/nxp_ws/build/apriltag_msgs', 'catkin_cmake_args': None, 'catkin_skip_building_tests': False, 'cmake_args': None, 'cmake_clean_cache': False, 'cmake_clean_first': False, 'cmake_force_configure': False, 'cmake_target': None, 'cmake_target_skip_unavailable': False, 'install_base': '/home/revanth/nxp_ws/install/apriltag_msgs', 'merge_install': False, 'path': '/home/revanth/nxp_ws/src/apriltag_msgs', 'symlink_install': False, 'test_result_base': None}
[0.265s] Level 5:colcon.colcon_core.verb:set package 'nxp_1' build argument 'cmake_args' from command line to 'None'
[0.265s] Level 5:colcon.colcon_core.verb:set package 'nxp_1' build argument 'cmake_target' from command line to 'None'
[0.265s] Level 5:colcon.colcon_core.verb:set package 'nxp_1' build argument 'cmake_target_skip_unavailable' from command line to 'False'
[0.265s] Level 5:colcon.colcon_core.verb:set package 'nxp_1' build argument 'cmake_clean_cache' from command line to 'False'
[0.265s] Level 5:colcon.colcon_core.verb:set package 'nxp_1' build argument 'cmake_clean_first' from command line to 'False'
[0.265s] Level 5:colcon.colcon_core.verb:set package 'nxp_1' build argument 'cmake_force_configure' from command line to 'False'
[0.265s] Level 5:colcon.colcon_core.verb:set package 'nxp_1' build argument 'ament_cmake_args' from command line to 'None'
[0.265s] Level 5:colcon.colcon_core.verb:set package 'nxp_1' build argument 'catkin_cmake_args' from command line to 'None'
[0.265s] Level 5:colcon.colcon_core.verb:set package 'nxp_1' build argument 'catkin_skip_building_tests' from command line to 'False'
[0.265s] DEBUG:colcon.colcon_core.verb:Building package 'nxp_1' with the following arguments: {'ament_cmake_args': None, 'build_base': '/home/revanth/nxp_ws/build/nxp_1', 'catkin_cmake_args': None, 'catkin_skip_building_tests': False, 'cmake_args': None, 'cmake_clean_cache': False, 'cmake_clean_first': False, 'cmake_force_configure': False, 'cmake_target': None, 'cmake_target_skip_unavailable': False, 'install_base': '/home/revanth/nxp_ws/install/nxp_1', 'merge_install': False, 'path': '/home/revanth/nxp_ws/src/nxp_1', 'symlink_install': False, 'test_result_base': None}
[0.266s] Level 5:colcon.colcon_core.verb:set package 'apriltag_ros' build argument 'cmake_args' from command line to 'None'
[0.266s] Level 5:colcon.colcon_core.verb:set package 'apriltag_ros' build argument 'cmake_target' from command line to 'None'
[0.266s] Level 5:colcon.colcon_core.verb:set package 'apriltag_ros' build argument 'cmake_target_skip_unavailable' from command line to 'False'
[0.266s] Level 5:colcon.colcon_core.verb:set package 'apriltag_ros' build argument 'cmake_clean_cache' from command line to 'False'
[0.266s] Level 5:colcon.colcon_core.verb:set package 'apriltag_ros' build argument 'cmake_clean_first' from command line to 'False'
[0.266s] Level 5:colcon.colcon_core.verb:set package 'apriltag_ros' build argument 'cmake_force_configure' from command line to 'False'
[0.266s] Level 5:colcon.colcon_core.verb:set package 'apriltag_ros' build argument 'ament_cmake_args' from command line to 'None'
[0.266s] Level 5:colcon.colcon_core.verb:set package 'apriltag_ros' build argument 'catkin_cmake_args' from command line to 'None'
[0.266s] Level 5:colcon.colcon_core.verb:set package 'apriltag_ros' build argument 'catkin_skip_building_tests' from command line to 'False'
[0.266s] DEBUG:colcon.colcon_core.verb:Building package 'apriltag_ros' with the following arguments: {'ament_cmake_args': None, 'build_base': '/home/revanth/nxp_ws/build/apriltag_ros', 'catkin_cmake_args': None, 'catkin_skip_building_tests': False, 'cmake_args': None, 'cmake_clean_cache': False, 'cmake_clean_first': False, 'cmake_force_configure': False, 'cmake_target': None, 'cmake_target_skip_unavailable': False, 'install_base': '/home/revanth/nxp_ws/install/apriltag_ros', 'merge_install': False, 'path': '/home/revanth/nxp_ws/src/apriltag_ros', 'symlink_install': False, 'test_result_base': None}
[0.267s] INFO:colcon.colcon_core.executor:Executing jobs using 'parallel' executor
[0.270s] DEBUG:colcon.colcon_parallel_executor.executor.parallel:run_until_complete
[0.271s] INFO:colcon.colcon_ros.task.cmake.build:Building ROS package in '/home/revanth/nxp_ws/src/apriltag' with build type 'cmake'
[0.271s] INFO:colcon.colcon_cmake.task.cmake.build:Building CMake package in '/home/revanth/nxp_ws/src/apriltag'
[0.274s] INFO:colcon.colcon_core.plugin_system:Skipping extension 'colcon_core.shell.bat': Not used on non-Windows systems
[0.274s] INFO:colcon.colcon_core.shell:Skip shell extension 'powershell' for command environment: Not usable outside of PowerShell
[0.274s] DEBUG:colcon.colcon_core.shell:Skip shell extension 'dsv' for command environment
[0.281s] INFO:colcon.colcon_ros.task.ament_cmake.build:Building ROS package in '/home/revanth/nxp_ws/src/apriltag_msgs' with build type 'ament_cmake'
[0.281s] INFO:colcon.colcon_cmake.task.cmake.build:Building CMake package in '/home/revanth/nxp_ws/src/apriltag_msgs'
[0.282s] INFO:colcon.colcon_core.shell:Skip shell extension 'powershell' for command environment: Not usable outside of PowerShell
[0.283s] DEBUG:colcon.colcon_core.shell:Skip shell extension 'dsv' for command environment
[0.289s] INFO:colcon.colcon_ros.task.ament_cmake.build:Building ROS package in '/home/revanth/nxp_ws/src/nxp_1' with build type 'ament_cmake'
[0.289s] INFO:colcon.colcon_cmake.task.cmake.build:Building CMake package in '/home/revanth/nxp_ws/src/nxp_1'
[0.290s] INFO:colcon.colcon_core.shell:Skip shell extension 'powershell' for command environment: Not usable outside of PowerShell
[0.290s] DEBUG:colcon.colcon_core.shell:Skip shell extension 'dsv' for command environment
[0.302s] DEBUG:colcon.colcon_core.event_handler.log_command:Invoking command in '/home/revanth/nxp_ws/build/apriltag': CMAKE_PREFIX_PATH=${CMAKE_PREFIX_PATH}:/home/revanth/ros2_ws/install/my_py_pkg:/opt/ros/humble /usr/bin/cmake --build /home/revanth/nxp_ws/build/apriltag -- -j12 -l12
[0.307s] DEBUG:colcon.colcon_core.event_handler.log_command:Invoking command in '/home/revanth/nxp_ws/build/apriltag_msgs': CMAKE_PREFIX_PATH=${CMAKE_PREFIX_PATH}:/home/revanth/ros2_ws/install/my_py_pkg:/opt/ros/humble /usr/bin/cmake --build /home/revanth/nxp_ws/build/apriltag_msgs -- -j12 -l12
[0.311s] DEBUG:colcon.colcon_core.event_handler.log_command:Invoking command in '/home/revanth/nxp_ws/build/nxp_1': CMAKE_PREFIX_PATH=${CMAKE_PREFIX_PATH}:/home/revanth/ros2_ws/install/my_py_pkg:/opt/ros/humble /usr/bin/cmake --build /home/revanth/nxp_ws/build/nxp_1 -- -j12 -l12
[0.360s] DEBUG:colcon.colcon_core.event_handler.log_command:Invoked command in '/home/revanth/nxp_ws/build/nxp_1' returned '0': CMAKE_PREFIX_PATH=${CMAKE_PREFIX_PATH}:/home/revanth/ros2_ws/install/my_py_pkg:/opt/ros/humble /usr/bin/cmake --build /home/revanth/nxp_ws/build/nxp_1 -- -j12 -l12
[0.416s] DEBUG:colcon.colcon_core.event_handler.log_command:Invoking command in '/home/revanth/nxp_ws/build/nxp_1': CMAKE_PREFIX_PATH=${CMAKE_PREFIX_PATH}:/home/revanth/ros2_ws/install/my_py_pkg:/opt/ros/humble /usr/bin/cmake --install /home/revanth/nxp_ws/build/nxp_1
[0.423s] Level 1:colcon.colcon_core.environment:create_environment_scripts_only(nxp_1)
[0.425s] DEBUG:colcon.colcon_core.event_handler.log_command:Invoked command in '/home/revanth/nxp_ws/build/nxp_1' returned '0': CMAKE_PREFIX_PATH=${CMAKE_PREFIX_PATH}:/home/revanth/ros2_ws/install/my_py_pkg:/opt/ros/humble /usr/bin/cmake --install /home/revanth/nxp_ws/build/nxp_1
[0.430s] Level 1:colcon.colcon_core.environment:checking '/home/revanth/nxp_ws/install/nxp_1' for CMake module files
[0.430s] Level 1:colcon.colcon_core.environment:checking '/home/revanth/nxp_ws/install/nxp_1' for CMake config files
[0.430s] Level 1:colcon.colcon_core.shell:create_environment_hook('nxp_1', 'cmake_prefix_path')
[0.432s] INFO:colcon.colcon_core.shell:Creating environment hook '/home/revanth/nxp_ws/install/nxp_1/share/nxp_1/hook/cmake_prefix_path.ps1'
[0.432s] INFO:colcon.colcon_core.shell:Creating environment descriptor '/home/revanth/nxp_ws/install/nxp_1/share/nxp_1/hook/cmake_prefix_path.dsv'
[0.433s] INFO:colcon.colcon_core.shell:Creating environment hook '/home/revanth/nxp_ws/install/nxp_1/share/nxp_1/hook/cmake_prefix_path.sh'
[0.433s] Level 1:colcon.colcon_core.environment:checking '/home/revanth/nxp_ws/install/nxp_1/bin'
[0.433s] Level 1:colcon.colcon_core.environment:checking '/home/revanth/nxp_ws/install/nxp_1/lib/pkgconfig/nxp_1.pc'
[0.434s] Level 1:colcon.colcon_core.environment:checking '/home/revanth/nxp_ws/install/nxp_1/lib/python3.10/site-packages'
[0.434s] Level 1:colcon.colcon_core.environment:checking '/home/revanth/nxp_ws/install/nxp_1/bin'
[0.435s] INFO:colcon.colcon_core.shell:Creating package script '/home/revanth/nxp_ws/install/nxp_1/share/nxp_1/package.ps1'
[0.436s] INFO:colcon.colcon_core.shell:Creating package descriptor '/home/revanth/nxp_ws/install/nxp_1/share/nxp_1/package.dsv'
[0.436s] INFO:colcon.colcon_core.shell:Creating package script '/home/revanth/nxp_ws/install/nxp_1/share/nxp_1/package.sh'
[0.436s] INFO:colcon.colcon_core.shell:Creating package script '/home/revanth/nxp_ws/install/nxp_1/share/nxp_1/package.bash'
[0.437s] INFO:colcon.colcon_core.shell:Creating package script '/home/revanth/nxp_ws/install/nxp_1/share/nxp_1/package.zsh'
[0.438s] Level 1:colcon.colcon_core.environment:create_file_with_runtime_dependencies(/home/revanth/nxp_ws/install/nxp_1/share/colcon-core/packages/nxp_1)
[0.440s] DEBUG:colcon.colcon_core.event_handler.log_command:Invoked command in '/home/revanth/nxp_ws/build/apriltag' returned '0': CMAKE_PREFIX_PATH=${CMAKE_PREFIX_PATH}:/home/revanth/ros2_ws/install/my_py_pkg:/opt/ros/humble /usr/bin/cmake --build /home/revanth/nxp_ws/build/apriltag -- -j12 -l12
[0.462s] Level 1:colcon.colcon_core.environment:create_environment_scripts_only(nxp_1)
[0.464s] Level 1:colcon.colcon_core.environment:checking '/home/revanth/nxp_ws/install/nxp_1' for CMake module files
[0.464s] Level 1:colcon.colcon_core.environment:checking '/home/revanth/nxp_ws/install/nxp_1' for CMake config files
[0.464s] Level 1:colcon.colcon_core.shell:create_environment_hook('nxp_1', 'cmake_prefix_path')
[0.466s] INFO:colcon.colcon_core.shell:Creating environment hook '/home/revanth/nxp_ws/install/nxp_1/share/nxp_1/hook/cmake_prefix_path.ps1'
[0.466s] INFO:colcon.colcon_core.shell:Creating environment descriptor '/home/revanth/nxp_ws/install/nxp_1/share/nxp_1/hook/cmake_prefix_path.dsv'
[0.466s] INFO:colcon.colcon_core.shell:Creating environment hook '/home/revanth/nxp_ws/install/nxp_1/share/nxp_1/hook/cmake_prefix_path.sh'
[0.467s] Level 1:colcon.colcon_core.environment:checking '/home/revanth/nxp_ws/install/nxp_1/bin'
[0.467s] Level 1:colcon.colcon_core.environment:checking '/home/revanth/nxp_ws/install/nxp_1/lib/pkgconfig/nxp_1.pc'
[0.467s] Level 1:colcon.colcon_core.environment:checking '/home/revanth/nxp_ws/install/nxp_1/lib/python3.10/site-packages'
[0.468s] Level 1:colcon.colcon_core.environment:checking '/home/revanth/nxp_ws/install/nxp_1/bin'
[0.469s] INFO:colcon.colcon_core.shell:Creating package script '/home/revanth/nxp_ws/install/nxp_1/share/nxp_1/package.ps1'
[0.470s] INFO:colcon.colcon_core.shell:Creating package descriptor '/home/revanth/nxp_ws/install/nxp_1/share/nxp_1/package.dsv'
[0.470s] INFO:colcon.colcon_core.shell:Creating package script '/home/revanth/nxp_ws/install/nxp_1/share/nxp_1/package.sh'
[0.471s] INFO:colcon.colcon_core.shell:Creating package script '/home/revanth/nxp_ws/install/nxp_1/share/nxp_1/package.bash'
[0.471s] INFO:colcon.colcon_core.shell:Creating package script '/home/revanth/nxp_ws/install/nxp_1/share/nxp_1/package.zsh'
[0.471s] Level 1:colcon.colcon_core.environment:create_file_with_runtime_dependencies(/home/revanth/nxp_ws/install/nxp_1/share/colcon-core/packages/nxp_1)
[0.555s] DEBUG:colcon.colcon_core.event_handler.log_command:Invoking command in '/home/revanth/nxp_ws/build/apriltag': CMAKE_PREFIX_PATH=${CMAKE_PREFIX_PATH}:/home/revanth/ros2_ws/install/my_py_pkg:/opt/ros/humble /usr/bin/cmake --install /home/revanth/nxp_ws/build/apriltag
[0.567s] DEBUG:colcon.colcon_core.event_handler.log_command:Invoked command in '/home/revanth/nxp_ws/build/apriltag' returned '0': CMAKE_PREFIX_PATH=${CMAKE_PREFIX_PATH}:/home/revanth/ros2_ws/install/my_py_pkg:/opt/ros/humble /usr/bin/cmake --install /home/revanth/nxp_ws/build/apriltag
[0.671s] Level 1:colcon.colcon_core.shell:create_environment_hook('apriltag', 'pkg_config_path')
[0.672s] INFO:colcon.colcon_core.shell:Creating environment hook '/home/revanth/nxp_ws/install/apriltag/share/apriltag/hook/pkg_config_path.ps1'
[0.672s] INFO:colcon.colcon_core.shell:Creating environment descriptor '/home/revanth/nxp_ws/install/apriltag/share/apriltag/hook/pkg_config_path.dsv'
[0.673s] INFO:colcon.colcon_core.shell:Creating environment hook '/home/revanth/nxp_ws/install/apriltag/share/apriltag/hook/pkg_config_path.sh'
[0.674s] Level 1:colcon.colcon_core.shell:create_environment_hook('apriltag', 'pkg_config_path_multiarch')
[0.675s] INFO:colcon.colcon_core.shell:Creating environment hook '/home/revanth/nxp_ws/install/apriltag/share/apriltag/hook/pkg_config_path_multiarch.ps1'
[0.676s] INFO:colcon.colcon_core.shell:Creating environment descriptor '/home/revanth/nxp_ws/install/apriltag/share/apriltag/hook/pkg_config_path_multiarch.dsv'
[0.676s] INFO:colcon.colcon_core.shell:Creating environment hook '/home/revanth/nxp_ws/install/apriltag/share/apriltag/hook/pkg_config_path_multiarch.sh'
[0.676s] Level 1:colcon.colcon_core.environment:create_environment_scripts_only(apriltag)
[0.678s] Level 1:colcon.colcon_core.environment:checking '/home/revanth/nxp_ws/install/apriltag' for CMake module files
[0.678s] Level 1:colcon.colcon_core.environment:checking '/home/revanth/nxp_ws/install/apriltag' for CMake config files
[0.679s] Level 1:colcon.colcon_core.shell:create_environment_hook('apriltag', 'cmake_prefix_path')
[0.680s] INFO:colcon.colcon_core.shell:Creating environment hook '/home/revanth/nxp_ws/install/apriltag/share/apriltag/hook/cmake_prefix_path.ps1'
[0.680s] INFO:colcon.colcon_core.shell:Creating environment descriptor '/home/revanth/nxp_ws/install/apriltag/share/apriltag/hook/cmake_prefix_path.dsv'
[0.680s] INFO:colcon.colcon_core.shell:Creating environment hook '/home/revanth/nxp_ws/install/apriltag/share/apriltag/hook/cmake_prefix_path.sh'
[0.681s] Level 1:colcon.colcon_core.environment:checking '/home/revanth/nxp_ws/install/apriltag/lib'
[0.681s] Level 1:colcon.colcon_core.shell:create_environment_hook('apriltag', 'ld_library_path_lib')
[0.682s] INFO:colcon.colcon_core.shell:Creating environment hook '/home/revanth/nxp_ws/install/apriltag/share/apriltag/hook/ld_library_path_lib.ps1'
[0.682s] INFO:colcon.colcon_core.shell:Creating environment descriptor '/home/revanth/nxp_ws/install/apriltag/share/apriltag/hook/ld_library_path_lib.dsv'
[0.682s] INFO:colcon.colcon_core.shell:Creating environment hook '/home/revanth/nxp_ws/install/apriltag/share/apriltag/hook/ld_library_path_lib.sh'
[0.683s] Level 1:colcon.colcon_core.environment:checking '/home/revanth/nxp_ws/install/apriltag/bin'
[0.683s] Level 1:colcon.colcon_core.shell:create_environment_hook('apriltag', 'path')
[0.684s] INFO:colcon.colcon_core.shell:Creating environment hook '/home/revanth/nxp_ws/install/apriltag/share/apriltag/hook/path.ps1'
[0.684s] INFO:colcon.colcon_core.shell:Creating environment descriptor '/home/revanth/nxp_ws/install/apriltag/share/apriltag/hook/path.dsv'
[0.685s] INFO:colcon.colcon_core.shell:Creating environment hook '/home/revanth/nxp_ws/install/apriltag/share/apriltag/hook/path.sh'
[0.685s] Level 1:colcon.colcon_core.environment:checking '/home/revanth/nxp_ws/install/apriltag/lib/pkgconfig/apriltag.pc'
[0.685s] Level 1:colcon.colcon_core.shell:create_environment_hook('apriltag', 'pkg_config')
[0.686s] INFO:colcon.colcon_core.shell:Creating environment hook '/home/revanth/nxp_ws/install/apriltag/share/apriltag/hook/pkg_config.ps1'
[0.686s] INFO:colcon.colcon_core.shell:Creating environment descriptor '/home/revanth/nxp_ws/install/apriltag/share/apriltag/hook/pkg_config.dsv'
[0.687s] INFO:colcon.colcon_core.shell:Creating environment hook '/home/revanth/nxp_ws/install/apriltag/share/apriltag/hook/pkg_config.sh'
[0.687s] Level 1:colcon.colcon_core.environment:checking '/home/revanth/nxp_ws/install/apriltag/lib/python3.10/site-packages'
[0.687s] Level 1:colcon.colcon_core.environment:checking '/home/revanth/nxp_ws/install/apriltag/bin'
[0.687s] Level 1:colcon.colcon_core.shell:create_environment_hook('apriltag', 'pythonscriptspath')
[0.688s] INFO:colcon.colcon_core.shell:Creating environment hook '/home/revanth/nxp_ws/install/apriltag/share/apriltag/hook/pythonscriptspath.ps1'
[0.689s] INFO:colcon.colcon_core.shell:Creating environment descriptor '/home/revanth/nxp_ws/install/apriltag/share/apriltag/hook/pythonscriptspath.dsv'
[0.689s] INFO:colcon.colcon_core.shell:Creating environment hook '/home/revanth/nxp_ws/install/apriltag/share/apriltag/hook/pythonscriptspath.sh'
[0.691s] INFO:colcon.colcon_core.shell:Creating package script '/home/revanth/nxp_ws/install/apriltag/share/apriltag/package.ps1'
[0.691s] INFO:colcon.colcon_core.shell:Creating package descriptor '/home/revanth/nxp_ws/install/apriltag/share/apriltag/package.dsv'
[0.692s] INFO:colcon.colcon_core.shell:Creating package script '/home/revanth/nxp_ws/install/apriltag/share/apriltag/package.sh'
[0.692s] INFO:colcon.colcon_core.shell:Creating package script '/home/revanth/nxp_ws/install/apriltag/share/apriltag/package.bash'
[0.692s] INFO:colcon.colcon_core.shell:Creating package script '/home/revanth/nxp_ws/install/apriltag/share/apriltag/package.zsh'
[0.693s] Level 1:colcon.colcon_core.environment:create_file_with_runtime_dependencies(/home/revanth/nxp_ws/install/apriltag/share/colcon-core/packages/apriltag)
[0.694s] DEBUG:colcon.colcon_core.event_handler.log_command:Invoked command in '/home/revanth/nxp_ws/build/apriltag_msgs' returned '0': CMAKE_PREFIX_PATH=${CMAKE_PREFIX_PATH}:/home/revanth/ros2_ws/install/my_py_pkg:/opt/ros/humble /usr/bin/cmake --build /home/revanth/nxp_ws/build/apriltag_msgs -- -j12 -l12
[0.801s] DEBUG:colcon.colcon_core.event_handler.log_command:Invoking command in '/home/revanth/nxp_ws/build/apriltag_msgs': CMAKE_PREFIX_PATH=${CMAKE_PREFIX_PATH}:/home/revanth/ros2_ws/install/my_py_pkg:/opt/ros/humble /usr/bin/cmake --install /home/revanth/nxp_ws/build/apriltag_msgs
[0.863s] Level 1:colcon.colcon_core.environment:create_environment_scripts_only(apriltag_msgs)
[0.866s] Level 1:colcon.colcon_core.environment:checking '/home/revanth/nxp_ws/install/apriltag_msgs' for CMake module files
[0.867s] DEBUG:colcon.colcon_core.event_handler.log_command:Invoked command in '/home/revanth/nxp_ws/build/apriltag_msgs' returned '0': CMAKE_PREFIX_PATH=${CMAKE_PREFIX_PATH}:/home/revanth/ros2_ws/install/my_py_pkg:/opt/ros/humble /usr/bin/cmake --install /home/revanth/nxp_ws/build/apriltag_msgs
[0.867s] Level 1:colcon.colcon_core.environment:checking '/home/revanth/nxp_ws/install/apriltag_msgs' for CMake config files
[0.867s] Level 1:colcon.colcon_core.shell:create_environment_hook('apriltag_msgs', 'cmake_prefix_path')
[0.869s] INFO:colcon.colcon_core.shell:Creating environment hook '/home/revanth/nxp_ws/install/apriltag_msgs/share/apriltag_msgs/hook/cmake_prefix_path.ps1'
[0.870s] INFO:colcon.colcon_core.shell:Creating environment descriptor '/home/revanth/nxp_ws/install/apriltag_msgs/share/apriltag_msgs/hook/cmake_prefix_path.dsv'
[0.870s] INFO:colcon.colcon_core.shell:Creating environment hook '/home/revanth/nxp_ws/install/apriltag_msgs/share/apriltag_msgs/hook/cmake_prefix_path.sh'
[0.870s] Level 1:colcon.colcon_core.environment:checking '/home/revanth/nxp_ws/install/apriltag_msgs/lib'
[0.871s] Level 1:colcon.colcon_core.shell:create_environment_hook('apriltag_msgs', 'ld_library_path_lib')
[0.872s] INFO:colcon.colcon_core.shell:Creating environment hook '/home/revanth/nxp_ws/install/apriltag_msgs/share/apriltag_msgs/hook/ld_library_path_lib.ps1'
[0.872s] INFO:colcon.colcon_core.shell:Creating environment descriptor '/home/revanth/nxp_ws/install/apriltag_msgs/share/apriltag_msgs/hook/ld_library_path_lib.dsv'
[0.872s] INFO:colcon.colcon_core.shell:Creating environment hook '/home/revanth/nxp_ws/install/apriltag_msgs/share/apriltag_msgs/hook/ld_library_path_lib.sh'
[0.872s] Level 1:colcon.colcon_core.environment:checking '/home/revanth/nxp_ws/install/apriltag_msgs/bin'
[0.872s] Level 1:colcon.colcon_core.environment:checking '/home/revanth/nxp_ws/install/apriltag_msgs/lib/pkgconfig/apriltag_msgs.pc'
[0.873s] Level 1:colcon.colcon_core.environment:checking '/home/revanth/nxp_ws/install/apriltag_msgs/lib/python3.10/site-packages'
[0.873s] Level 1:colcon.colcon_core.environment:checking '/home/revanth/nxp_ws/install/apriltag_msgs/bin'
[0.874s] INFO:colcon.colcon_core.shell:Creating package script '/home/revanth/nxp_ws/install/apriltag_msgs/share/apriltag_msgs/package.ps1'
[0.874s] INFO:colcon.colcon_core.shell:Creating package descriptor '/home/revanth/nxp_ws/install/apriltag_msgs/share/apriltag_msgs/package.dsv'
[0.875s] INFO:colcon.colcon_core.shell:Creating package script '/home/revanth/nxp_ws/install/apriltag_msgs/share/apriltag_msgs/package.sh'
[0.875s] INFO:colcon.colcon_core.shell:Creating package script '/home/revanth/nxp_ws/install/apriltag_msgs/share/apriltag_msgs/package.bash'
[0.875s] INFO:colcon.colcon_core.shell:Creating package script '/home/revanth/nxp_ws/install/apriltag_msgs/share/apriltag_msgs/package.zsh'
[0.875s] Level 1:colcon.colcon_core.environment:create_file_with_runtime_dependencies(/home/revanth/nxp_ws/install/apriltag_msgs/share/colcon-core/packages/apriltag_msgs)
[0.995s] Level 1:colcon.colcon_core.environment:create_environment_scripts_only(apriltag_msgs)
[0.999s] Level 1:colcon.colcon_core.environment:checking '/home/revanth/nxp_ws/install/apriltag_msgs' for CMake module files
[1.000s] Level 1:colcon.colcon_core.environment:checking '/home/revanth/nxp_ws/install/apriltag_msgs' for CMake config files
[1.000s] Level 1:colcon.colcon_core.shell:create_environment_hook('apriltag_msgs', 'cmake_prefix_path')
[1.002s] INFO:colcon.colcon_core.shell:Creating environment hook '/home/revanth/nxp_ws/install/apriltag_msgs/share/apriltag_msgs/hook/cmake_prefix_path.ps1'
[1.003s] INFO:colcon.colcon_core.shell:Creating environment descriptor '/home/revanth/nxp_ws/install/apriltag_msgs/share/apriltag_msgs/hook/cmake_prefix_path.dsv'
[1.003s] INFO:colcon.colcon_core.shell:Creating environment hook '/home/revanth/nxp_ws/install/apriltag_msgs/share/apriltag_msgs/hook/cmake_prefix_path.sh'
[1.004s] Level 1:colcon.colcon_core.environment:checking '/home/revanth/nxp_ws/install/apriltag_msgs/lib'
[1.004s] Level 1:colcon.colcon_core.shell:create_environment_hook('apriltag_msgs', 'ld_library_path_lib')
[1.005s] INFO:colcon.colcon_core.shell:Creating environment hook '/home/revanth/nxp_ws/install/apriltag_msgs/share/apriltag_msgs/hook/ld_library_path_lib.ps1'
[1.006s] INFO:colcon.colcon_core.shell:Creating environment descriptor '/home/revanth/nxp_ws/install/apriltag_msgs/share/apriltag_msgs/hook/ld_library_path_lib.dsv'
[1.006s] INFO:colcon.colcon_core.shell:Creating environment hook '/home/revanth/nxp_ws/install/apriltag_msgs/share/apriltag_msgs/hook/ld_library_path_lib.sh'
[1.006s] Level 1:colcon.colcon_core.environment:checking '/home/revanth/nxp_ws/install/apriltag_msgs/bin'
[1.007s] Level 1:colcon.colcon_core.environment:checking '/home/revanth/nxp_ws/install/apriltag_msgs/lib/pkgconfig/apriltag_msgs.pc'
[1.007s] Level 1:colcon.colcon_core.environment:checking '/home/revanth/nxp_ws/install/apriltag_msgs/lib/python3.10/site-packages'
[1.007s] Level 1:colcon.colcon_core.environment:checking '/home/revanth/nxp_ws/install/apriltag_msgs/bin'
[1.009s] INFO:colcon.colcon_core.shell:Creating package script '/home/revanth/nxp_ws/install/apriltag_msgs/share/apriltag_msgs/package.ps1'
[1.009s] INFO:colcon.colcon_core.shell:Creating package descriptor '/home/revanth/nxp_ws/install/apriltag_msgs/share/apriltag_msgs/package.dsv'
[1.010s] INFO:colcon.colcon_core.shell:Creating package script '/home/revanth/nxp_ws/install/apriltag_msgs/share/apriltag_msgs/package.sh'
[1.010s] INFO:colcon.colcon_core.shell:Creating package script '/home/revanth/nxp_ws/install/apriltag_msgs/share/apriltag_msgs/package.bash'
[1.011s] INFO:colcon.colcon_core.shell:Creating package script '/home/revanth/nxp_ws/install/apriltag_msgs/share/apriltag_msgs/package.zsh'
[1.011s] Level 1:colcon.colcon_core.environment:create_file_with_runtime_dependencies(/home/revanth/nxp_ws/install/apriltag_msgs/share/colcon-core/packages/apriltag_msgs)
[1.011s] INFO:colcon.colcon_ros.task.ament_cmake.build:Building ROS package in '/home/revanth/nxp_ws/src/apriltag_ros' with build type 'ament_cmake'
[1.012s] INFO:colcon.colcon_cmake.task.cmake.build:Building CMake package in '/home/revanth/nxp_ws/src/apriltag_ros'
[1.013s] INFO:colcon.colcon_core.shell:Skip shell extension 'powershell' for command environment: Not usable outside of PowerShell
[1.014s] DEBUG:colcon.colcon_core.shell:Skip shell extension 'dsv' for command environment
[1.034s] DEBUG:colcon.colcon_core.event_handler.log_command:Invoking command in '/home/revanth/nxp_ws/build/apriltag_ros': CMAKE_PREFIX_PATH=/home/revanth/nxp_ws/install/apriltag_msgs:/home/revanth/nxp_ws/install/apriltag:/home/revanth/nxp_ws/install/nxp_1:/home/revanth/nxp_ws/install/apriltag_ros:/home/revanth/apriltag/install/apriltag:/home/revanth/apriltag_ros/install/apriltag_ros:/home/revanth/ws_nxp/install/nxp_purt:/home/revanth/librealsense/install/librealsense2:/home/revanth/realsense-ros/install/realsense2_description:/home/revanth/realsense-ros/install/realsense2_camera_msgs:/home/revanth/apriltag_msgs/install/apriltag_msgs:/home/revanth/ros2_ws/install/my_cpp_pkg:/home/revanth/ros2_ws/install/my_py_pkg:/opt/ros/humble LD_LIBRARY_PATH=/home/revanth/nxp_ws/install/apriltag_msgs/lib:/home/revanth/nxp_ws/install/apriltag/lib:/home/revanth/nxp_ws/install/apriltag_ros/lib:/home/revanth/apriltag/install/apriltag/lib:/home/revanth/apriltag_ros/install/apriltag_ros/lib:/home/revanth/librealsense/install/librealsense2/lib:/home/revanth/realsense-ros/install/realsense2_camera_msgs/lib:/home/revanth/apriltag_msgs/install/apriltag_msgs/lib:/opt/ros/humble/opt/rviz_ogre_vendor/lib:/opt/ros/humble/lib/x86_64-linux-gnu:/opt/ros/humble/lib /usr/bin/cmake --build /home/revanth/nxp_ws/build/apriltag_ros -- -j12 -l12
[1.128s] DEBUG:colcon.colcon_core.event_handler.log_command:Invoked command in '/home/revanth/nxp_ws/build/apriltag_ros' returned '0': CMAKE_PREFIX_PATH=/home/revanth/nxp_ws/install/apriltag_msgs:/home/revanth/nxp_ws/install/apriltag:/home/revanth/nxp_ws/install/nxp_1:/home/revanth/nxp_ws/install/apriltag_ros:/home/revanth/apriltag/install/apriltag:/home/revanth/apriltag_ros/install/apriltag_ros:/home/revanth/ws_nxp/install/nxp_purt:/home/revanth/librealsense/install/librealsense2:/home/revanth/realsense-ros/install/realsense2_description:/home/revanth/realsense-ros/install/realsense2_camera_msgs:/home/revanth/apriltag_msgs/install/apriltag_msgs:/home/revanth/ros2_ws/install/my_cpp_pkg:/home/revanth/ros2_ws/install/my_py_pkg:/opt/ros/humble LD_LIBRARY_PATH=/home/revanth/nxp_ws/install/apriltag_msgs/lib:/home/revanth/nxp_ws/install/apriltag/lib:/home/revanth/nxp_ws/install/apriltag_ros/lib:/home/revanth/apriltag/install/apriltag/lib:/home/revanth/apriltag_ros/install/apriltag_ros/lib:/home/revanth/librealsense/install/librealsense2/lib:/home/revanth/realsense-ros/install/realsense2_camera_msgs/lib:/home/revanth/apriltag_msgs/install/apriltag_msgs/lib:/opt/ros/humble/opt/rviz_ogre_vendor/lib:/opt/ros/humble/lib/x86_64-linux-gnu:/opt/ros/humble/lib /usr/bin/cmake --build /home/revanth/nxp_ws/build/apriltag_ros -- -j12 -l12
[1.170s] DEBUG:colcon.colcon_core.event_handler.log_command:Invoking command in '/home/revanth/nxp_ws/build/apriltag_ros': CMAKE_PREFIX_PATH=/home/revanth/nxp_ws/install/apriltag_msgs:/home/revanth/nxp_ws/install/apriltag:/home/revanth/nxp_ws/install/nxp_1:/home/revanth/nxp_ws/install/apriltag_ros:/home/revanth/apriltag/install/apriltag:/home/revanth/apriltag_ros/install/apriltag_ros:/home/revanth/ws_nxp/install/nxp_purt:/home/revanth/librealsense/install/librealsense2:/home/revanth/realsense-ros/install/realsense2_description:/home/revanth/realsense-ros/install/realsense2_camera_msgs:/home/revanth/apriltag_msgs/install/apriltag_msgs:/home/revanth/ros2_ws/install/my_cpp_pkg:/home/revanth/ros2_ws/install/my_py_pkg:/opt/ros/humble LD_LIBRARY_PATH=/home/revanth/nxp_ws/install/apriltag_msgs/lib:/home/revanth/nxp_ws/install/apriltag/lib:/home/revanth/nxp_ws/install/apriltag_ros/lib:/home/revanth/apriltag/install/apriltag/lib:/home/revanth/apriltag_ros/install/apriltag_ros/lib:/home/revanth/librealsense/install/librealsense2/lib:/home/revanth/realsense-ros/install/realsense2_camera_msgs/lib:/home/revanth/apriltag_msgs/install/apriltag_msgs/lib:/opt/ros/humble/opt/rviz_ogre_vendor/lib:/opt/ros/humble/lib/x86_64-linux-gnu:/opt/ros/humble/lib /usr/bin/cmake --install /home/revanth/nxp_ws/build/apriltag_ros
[1.180s] Level 1:colcon.colcon_core.environment:create_environment_scripts_only(apriltag_ros)
[1.182s] Level 1:colcon.colcon_core.environment:checking '/home/revanth/nxp_ws/install/apriltag_ros' for CMake module files
[1.183s] DEBUG:colcon.colcon_core.event_handler.log_command:Invoked command in '/home/revanth/nxp_ws/build/apriltag_ros' returned '0': CMAKE_PREFIX_PATH=/home/revanth/nxp_ws/install/apriltag_msgs:/home/revanth/nxp_ws/install/apriltag:/home/revanth/nxp_ws/install/nxp_1:/home/revanth/nxp_ws/install/apriltag_ros:/home/revanth/apriltag/install/apriltag:/home/revanth/apriltag_ros/install/apriltag_ros:/home/revanth/ws_nxp/install/nxp_purt:/home/revanth/librealsense/install/librealsense2:/home/revanth/realsense-ros/install/realsense2_description:/home/revanth/realsense-ros/install/realsense2_camera_msgs:/home/revanth/apriltag_msgs/install/apriltag_msgs:/home/revanth/ros2_ws/install/my_cpp_pkg:/home/revanth/ros2_ws/install/my_py_pkg:/opt/ros/humble LD_LIBRARY_PATH=/home/revanth/nxp_ws/install/apriltag_msgs/lib:/home/revanth/nxp_ws/install/apriltag/lib:/home/revanth/nxp_ws/install/apriltag_ros/lib:/home/revanth/apriltag/install/apriltag/lib:/home/revanth/apriltag_ros/install/apriltag_ros/lib:/home/revanth/librealsense/install/librealsense2/lib:/home/revanth/realsense-ros/install/realsense2_camera_msgs/lib:/home/revanth/apriltag_msgs/install/apriltag_msgs/lib:/opt/ros/humble/opt/rviz_ogre_vendor/lib:/opt/ros/humble/lib/x86_64-linux-gnu:/opt/ros/humble/lib /usr/bin/cmake --install /home/revanth/nxp_ws/build/apriltag_ros
[1.183s] Level 1:colcon.colcon_core.environment:checking '/home/revanth/nxp_ws/install/apriltag_ros' for CMake config files
[1.184s] Level 1:colcon.colcon_core.shell:create_environment_hook('apriltag_ros', 'cmake_prefix_path')
[1.185s] INFO:colcon.colcon_core.shell:Creating environment hook '/home/revanth/nxp_ws/install/apriltag_ros/share/apriltag_ros/hook/cmake_prefix_path.ps1'
[1.185s] INFO:colcon.colcon_core.shell:Creating environment descriptor '/home/revanth/nxp_ws/install/apriltag_ros/share/apriltag_ros/hook/cmake_prefix_path.dsv'
[1.186s] INFO:colcon.colcon_core.shell:Creating environment hook '/home/revanth/nxp_ws/install/apriltag_ros/share/apriltag_ros/hook/cmake_prefix_path.sh'
[1.186s] Level 1:colcon.colcon_core.environment:checking '/home/revanth/nxp_ws/install/apriltag_ros/lib'
[1.187s] Level 1:colcon.colcon_core.shell:create_environment_hook('apriltag_ros', 'ld_library_path_lib')
[1.188s] INFO:colcon.colcon_core.shell:Creating environment hook '/home/revanth/nxp_ws/install/apriltag_ros/share/apriltag_ros/hook/ld_library_path_lib.ps1'
[1.189s] INFO:colcon.colcon_core.shell:Creating environment descriptor '/home/revanth/nxp_ws/install/apriltag_ros/share/apriltag_ros/hook/ld_library_path_lib.dsv'
[1.189s] INFO:colcon.colcon_core.shell:Creating environment hook '/home/revanth/nxp_ws/install/apriltag_ros/share/apriltag_ros/hook/ld_library_path_lib.sh'
[1.189s] Level 1:colcon.colcon_core.environment:checking '/home/revanth/nxp_ws/install/apriltag_ros/bin'
[1.189s] Level 1:colcon.colcon_core.environment:checking '/home/revanth/nxp_ws/install/apriltag_ros/lib/pkgconfig/apriltag_ros.pc'
[1.190s] Level 1:colcon.colcon_core.environment:checking '/home/revanth/nxp_ws/install/apriltag_ros/lib/python3.10/site-packages'
[1.190s] Level 1:colcon.colcon_core.environment:checking '/home/revanth/nxp_ws/install/apriltag_ros/bin'
[1.191s] INFO:colcon.colcon_core.shell:Creating package script '/home/revanth/nxp_ws/install/apriltag_ros/share/apriltag_ros/package.ps1'
[1.192s] INFO:colcon.colcon_core.shell:Creating package descriptor '/home/revanth/nxp_ws/install/apriltag_ros/share/apriltag_ros/package.dsv'
[1.192s] INFO:colcon.colcon_core.shell:Creating package script '/home/revanth/nxp_ws/install/apriltag_ros/share/apriltag_ros/package.sh'
[1.193s] INFO:colcon.colcon_core.shell:Creating package script '/home/revanth/nxp_ws/install/apriltag_ros/share/apriltag_ros/package.bash'
[1.193s] INFO:colcon.colcon_core.shell:Creating package script '/home/revanth/nxp_ws/install/apriltag_ros/share/apriltag_ros/package.zsh'
[1.193s] Level 1:colcon.colcon_core.environment:create_file_with_runtime_dependencies(/home/revanth/nxp_ws/install/apriltag_ros/share/colcon-core/packages/apriltag_ros)
[1.231s] Level 1:colcon.colcon_core.environment:create_environment_scripts_only(apriltag_ros)
[1.233s] Level 1:colcon.colcon_core.environment:checking '/home/revanth/nxp_ws/install/apriltag_ros' for CMake module files
[1.234s] Level 1:colcon.colcon_core.environment:checking '/home/revanth/nxp_ws/install/apriltag_ros' for CMake config files
[1.234s] Level 1:colcon.colcon_core.shell:create_environment_hook('apriltag_ros', 'cmake_prefix_path')
[1.235s] INFO:colcon.colcon_core.shell:Creating environment hook '/home/revanth/nxp_ws/install/apriltag_ros/share/apriltag_ros/hook/cmake_prefix_path.ps1'
[1.236s] INFO:colcon.colcon_core.shell:Creating environment descriptor '/home/revanth/nxp_ws/install/apriltag_ros/share/apriltag_ros/hook/cmake_prefix_path.dsv'
[1.236s] INFO:colcon.colcon_core.shell:Creating environment hook '/home/revanth/nxp_ws/install/apriltag_ros/share/apriltag_ros/hook/cmake_prefix_path.sh'
[1.236s] Level 1:colcon.colcon_core.environment:checking '/home/revanth/nxp_ws/install/apriltag_ros/lib'
[1.237s] Level 1:colcon.colcon_core.shell:create_environment_hook('apriltag_ros', 'ld_library_path_lib')
[1.238s] INFO:colcon.colcon_core.shell:Creating environment hook '/home/revanth/nxp_ws/install/apriltag_ros/share/apriltag_ros/hook/ld_library_path_lib.ps1'
[1.238s] INFO:colcon.colcon_core.shell:Creating environment descriptor '/home/revanth/nxp_ws/install/apriltag_ros/share/apriltag_ros/hook/ld_library_path_lib.dsv'
[1.239s] INFO:colcon.colcon_core.shell:Creating environment hook '/home/revanth/nxp_ws/install/apriltag_ros/share/apriltag_ros/hook/ld_library_path_lib.sh'
[1.239s] Level 1:colcon.colcon_core.environment:checking '/home/revanth/nxp_ws/install/apriltag_ros/bin'
[1.239s] Level 1:colcon.colcon_core.environment:checking '/home/revanth/nxp_ws/install/apriltag_ros/lib/pkgconfig/apriltag_ros.pc'
[1.239s] Level 1:colcon.colcon_core.environment:checking '/home/revanth/nxp_ws/install/apriltag_ros/lib/python3.10/site-packages'
[1.240s] Level 1:colcon.colcon_core.environment:checking '/home/revanth/nxp_ws/install/apriltag_ros/bin'
[1.241s] INFO:colcon.colcon_core.shell:Creating package script '/home/revanth/nxp_ws/install/apriltag_ros/share/apriltag_ros/package.ps1'
[1.242s] INFO:colcon.colcon_core.shell:Creating package descriptor '/home/revanth/nxp_ws/install/apriltag_ros/share/apriltag_ros/package.dsv'
[1.242s] INFO:colcon.colcon_core.shell:Creating package script '/home/revanth/nxp_ws/install/apriltag_ros/share/apriltag_ros/package.sh'
[1.243s] INFO:colcon.colcon_core.shell:Creating package script '/home/revanth/nxp_ws/install/apriltag_ros/share/apriltag_ros/package.bash'
[1.243s] INFO:colcon.colcon_core.shell:Creating package script '/home/revanth/nxp_ws/install/apriltag_ros/share/apriltag_ros/package.zsh'
[1.243s] Level 1:colcon.colcon_core.environment:create_file_with_runtime_dependencies(/home/revanth/nxp_ws/install/apriltag_ros/share/colcon-core/packages/apriltag_ros)
[1.244s] DEBUG:colcon.colcon_parallel_executor.executor.parallel:closing loop
[1.244s] DEBUG:colcon.colcon_parallel_executor.executor.parallel:loop closed
[1.244s] DEBUG:colcon.colcon_parallel_executor.executor.parallel:run_until_complete finished with '0'
[1.244s] DEBUG:colcon.colcon_core.event_reactor:joining thread
[1.253s] INFO:colcon.colcon_core.plugin_system:Skipping extension 'colcon_notification.desktop_notification.terminal_notifier': Not used on non-Darwin systems
[1.253s] INFO:colcon.colcon_core.plugin_system:Skipping extension 'colcon_notification.desktop_notification.win32': Not used on non-Windows systems
[1.253s] INFO:colcon.colcon_notification.desktop_notification:Sending desktop notification using 'notify2'
[1.267s] DEBUG:colcon.colcon_core.event_reactor:joined thread
[1.269s] INFO:colcon.colcon_core.shell:Creating prefix script '/home/revanth/nxp_ws/install/local_setup.ps1'
[1.270s] INFO:colcon.colcon_core.shell:Creating prefix util module '/home/revanth/nxp_ws/install/_local_setup_util_ps1.py'
[1.271s] INFO:colcon.colcon_core.shell:Creating prefix chain script '/home/revanth/nxp_ws/install/setup.ps1'
[1.274s] INFO:colcon.colcon_core.shell:Creating prefix script '/home/revanth/nxp_ws/install/local_setup.sh'
[1.274s] INFO:colcon.colcon_core.shell:Creating prefix util module '/home/revanth/nxp_ws/install/_local_setup_util_sh.py'
[1.275s] INFO:colcon.colcon_core.shell:Creating prefix chain script '/home/revanth/nxp_ws/install/setup.sh'
[1.277s] INFO:colcon.colcon_core.shell:Creating prefix script '/home/revanth/nxp_ws/install/local_setup.bash'
[1.277s] INFO:colcon.colcon_core.shell:Creating prefix chain script '/home/revanth/nxp_ws/install/setup.bash'
[1.279s] INFO:colcon.colcon_core.shell:Creating prefix script '/home/revanth/nxp_ws/install/local_setup.zsh'
[1.280s] INFO:colcon.colcon_core.shell:Creating prefix chain script '/home/revanth/nxp_ws/install/setup.zsh'
