[0.024s] Invoking command in '/home/revanth/nxp_ws/build/apriltag_msgs': CMAKE_PREFIX_PATH=${CMAKE_PREFIX_PATH}:/home/revanth/ros2_ws/install/my_py_pkg:/opt/ros/humble /usr/bin/cmake --build /home/revanth/nxp_ws/build/apriltag_msgs -- -j12 -l12
[0.069s] [  2%] Built target apriltag_msgs__cpp
[0.070s] [ 12%] Built target apriltag_msgs__rosidl_generator_c
[0.080s] [ 12%] Built target ament_cmake_python_copy_apriltag_msgs
[0.096s] [ 23%] Built target apriltag_msgs__rosidl_typesupport_introspection_c
[0.096s] [ 34%] Built target apriltag_msgs__rosidl_typesupport_fastrtps_cpp
[0.097s] [ 55%] Built target apriltag_msgs__rosidl_typesupport_c
[0.097s] [ 55%] Built target apriltag_msgs__rosidl_typesupport_introspection_cpp
[0.097s] [ 65%] Built target apriltag_msgs__rosidl_typesupport_cpp
[0.097s] [ 76%] Built target apriltag_msgs__rosidl_typesupport_fastrtps_c
[0.117s] [ 76%] Built target apriltag_msgs
[0.137s] [ 78%] Built target apriltag_msgs__py
[0.157s] [ 87%] Built target apriltag_msgs__rosidl_generator_py
[0.176s] [100%] Built target apriltag_msgs__rosidl_typesupport_fastrtps_c__pyext
[0.176s] [100%] Built target apriltag_msgs__rosidl_typesupport_introspection_c__pyext
[0.176s] [100%] Built target apriltag_msgs__rosidl_typesupport_c__pyext
[0.337s] running egg_info
[0.337s] writing apriltag_msgs.egg-info/PKG-INFO
[0.338s] writing dependency_links to apriltag_msgs.egg-info/dependency_links.txt
[0.338s] writing top-level names to apriltag_msgs.egg-info/top_level.txt
[0.341s] reading manifest file 'apriltag_msgs.egg-info/SOURCES.txt'
[0.341s] writing manifest file 'apriltag_msgs.egg-info/SOURCES.txt'
[0.363s] [100%] Built target ament_cmake_python_build_apriltag_msgs_egg
