[0.020s] Invoking command in '/home/revanth/nxp_ws/build/apriltag_msgs': CMAKE_PREFIX_PATH=${CMAKE_PREFIX_PATH}:/home/revanth/ros2_ws/install/my_py_pkg:/opt/ros/humble /usr/bin/cmake --build /home/revanth/nxp_ws/build/apriltag_msgs -- -j12 -l12
[0.061s] [  2%] Built target apriltag_msgs__cpp
[0.062s] [ 12%] Built target apriltag_msgs__rosidl_generator_c
[0.072s] [ 12%] Built target ament_cmake_python_copy_apriltag_msgs
[0.086s] [ 23%] Built target apriltag_msgs__rosidl_typesupport_introspection_c
[0.086s] [ 34%] Built target apriltag_msgs__rosidl_typesupport_c
[0.087s] [ 44%] Built target apriltag_msgs__rosidl_typesupport_introspection_cpp
[0.087s] [ 55%] Built target apriltag_msgs__rosidl_typesupport_cpp
[0.088s] [ 65%] Built target apriltag_msgs__rosidl_typesupport_fastrtps_cpp
[0.091s] [ 76%] Built target apriltag_msgs__rosidl_typesupport_fastrtps_c
[0.109s] [ 76%] Built target apriltag_msgs
[0.128s] [ 78%] Built target apriltag_msgs__py
[0.157s] [ 87%] Built target apriltag_msgs__rosidl_generator_py
[0.179s] [ 95%] Built target apriltag_msgs__rosidl_typesupport_introspection_c__pyext
[0.179s] [ 95%] Built target apriltag_msgs__rosidl_typesupport_fastrtps_c__pyext
[0.179s] [100%] Built target apriltag_msgs__rosidl_typesupport_c__pyext
[0.348s] running egg_info
[0.349s] writing apriltag_msgs.egg-info/PKG-INFO
[0.350s] writing dependency_links to apriltag_msgs.egg-info/dependency_links.txt
[0.350s] writing top-level names to apriltag_msgs.egg-info/top_level.txt
[0.353s] reading manifest file 'apriltag_msgs.egg-info/SOURCES.txt'
[0.354s] writing manifest file 'apriltag_msgs.egg-info/SOURCES.txt'
[0.379s] [100%] Built target ament_cmake_python_build_apriltag_msgs_egg
[0.393s] Invoked command in '/home/revanth/nxp_ws/build/apriltag_msgs' returned '0': CMAKE_PREFIX_PATH=${CMAKE_PREFIX_PATH}:/home/revanth/ros2_ws/install/my_py_pkg:/opt/ros/humble /usr/bin/cmake --build /home/revanth/nxp_ws/build/apriltag_msgs -- -j12 -l12
[0.497s] Invoking command in '/home/revanth/nxp_ws/build/apriltag_msgs': CMAKE_PREFIX_PATH=${CMAKE_PREFIX_PATH}:/home/revanth/ros2_ws/install/my_py_pkg:/opt/ros/humble /usr/bin/cmake --install /home/revanth/nxp_ws/build/apriltag_msgs
[0.515s] -- Install configuration: ""
[0.516s] -- Up-to-date: /home/revanth/nxp_ws/install/apriltag_msgs/share/ament_index/resource_index/rosidl_interfaces/apriltag_msgs
[0.517s] -- Up-to-date: /home/revanth/nxp_ws/install/apriltag_msgs/include/apriltag_msgs/apriltag_msgs
[0.517s] -- Up-to-date: /home/revanth/nxp_ws/install/apriltag_msgs/include/apriltag_msgs/apriltag_msgs/msg
[0.517s] -- Up-to-date: /home/revanth/nxp_ws/install/apriltag_msgs/include/apriltag_msgs/apriltag_msgs/msg/point.h
[0.517s] -- Up-to-date: /home/revanth/nxp_ws/install/apriltag_msgs/include/apriltag_msgs/apriltag_msgs/msg/detail
[0.518s] -- Up-to-date: /home/revanth/nxp_ws/install/apriltag_msgs/include/apriltag_msgs/apriltag_msgs/msg/detail/point__struct.h
[0.518s] -- Up-to-date: /home/revanth/nxp_ws/install/apriltag_msgs/include/apriltag_msgs/apriltag_msgs/msg/detail/april_tag_detection__struct.h
[0.519s] -- Up-to-date: /home/revanth/nxp_ws/install/apriltag_msgs/include/apriltag_msgs/apriltag_msgs/msg/detail/april_tag_detection_array__functions.c
[0.519s] -- Up-to-date: /home/revanth/nxp_ws/install/apriltag_msgs/include/apriltag_msgs/apriltag_msgs/msg/detail/april_tag_detection_array__struct.h
[0.519s] -- Up-to-date: /home/revanth/nxp_ws/install/apriltag_msgs/include/apriltag_msgs/apriltag_msgs/msg/detail/april_tag_detection__type_support.h
[0.519s] -- Up-to-date: /home/revanth/nxp_ws/install/apriltag_msgs/include/apriltag_msgs/apriltag_msgs/msg/detail/point__type_support.h
[0.520s] -- Up-to-date: /home/revanth/nxp_ws/install/apriltag_msgs/include/apriltag_msgs/apriltag_msgs/msg/detail/april_tag_detection__functions.c
[0.520s] -- Up-to-date: /home/revanth/nxp_ws/install/apriltag_msgs/include/apriltag_msgs/apriltag_msgs/msg/detail/april_tag_detection_array__functions.h
[0.521s] -- Up-to-date: /home/revanth/nxp_ws/install/apriltag_msgs/include/apriltag_msgs/apriltag_msgs/msg/detail/point__functions.h
[0.521s] -- Up-to-date: /home/revanth/nxp_ws/install/apriltag_msgs/include/apriltag_msgs/apriltag_msgs/msg/detail/april_tag_detection_array__type_support.h
[0.521s] -- Up-to-date: /home/revanth/nxp_ws/install/apriltag_msgs/include/apriltag_msgs/apriltag_msgs/msg/detail/point__functions.c
[0.521s] -- Up-to-date: /home/revanth/nxp_ws/install/apriltag_msgs/include/apriltag_msgs/apriltag_msgs/msg/detail/april_tag_detection__functions.h
[0.521s] -- Up-to-date: /home/revanth/nxp_ws/install/apriltag_msgs/include/apriltag_msgs/apriltag_msgs/msg/rosidl_generator_c__visibility_control.h
[0.522s] -- Up-to-date: /home/revanth/nxp_ws/install/apriltag_msgs/include/apriltag_msgs/apriltag_msgs/msg/april_tag_detection_array.h
[0.522s] -- Up-to-date: /home/revanth/nxp_ws/install/apriltag_msgs/include/apriltag_msgs/apriltag_msgs/msg/april_tag_detection.h
[0.522s] -- Up-to-date: /home/revanth/nxp_ws/install/apriltag_msgs/share/apriltag_msgs/environment/library_path.sh
[0.522s] -- Up-to-date: /home/revanth/nxp_ws/install/apriltag_msgs/share/apriltag_msgs/environment/library_path.dsv
[0.523s] -- Up-to-date: /home/revanth/nxp_ws/install/apriltag_msgs/lib/libapriltag_msgs__rosidl_generator_c.so
[0.523s] -- Up-to-date: /home/revanth/nxp_ws/install/apriltag_msgs/include/apriltag_msgs/apriltag_msgs
[0.523s] -- Up-to-date: /home/revanth/nxp_ws/install/apriltag_msgs/include/apriltag_msgs/apriltag_msgs/msg
[0.523s] -- Up-to-date: /home/revanth/nxp_ws/install/apriltag_msgs/include/apriltag_msgs/apriltag_msgs/msg/detail
[0.523s] -- Up-to-date: /home/revanth/nxp_ws/install/apriltag_msgs/include/apriltag_msgs/apriltag_msgs/msg/detail/point__rosidl_typesupport_fastrtps_c.h
[0.523s] -- Up-to-date: /home/revanth/nxp_ws/install/apriltag_msgs/include/apriltag_msgs/apriltag_msgs/msg/detail/april_tag_detection_array__rosidl_typesupport_fastrtps_c.h
[0.524s] -- Up-to-date: /home/revanth/nxp_ws/install/apriltag_msgs/include/apriltag_msgs/apriltag_msgs/msg/detail/april_tag_detection__rosidl_typesupport_fastrtps_c.h
[0.524s] -- Up-to-date: /home/revanth/nxp_ws/install/apriltag_msgs/include/apriltag_msgs/apriltag_msgs/msg/rosidl_typesupport_fastrtps_c__visibility_control.h
[0.524s] -- Up-to-date: /home/revanth/nxp_ws/install/apriltag_msgs/lib/libapriltag_msgs__rosidl_typesupport_fastrtps_c.so
[0.524s] -- Up-to-date: /home/revanth/nxp_ws/install/apriltag_msgs/include/apriltag_msgs/apriltag_msgs
[0.524s] -- Up-to-date: /home/revanth/nxp_ws/install/apriltag_msgs/include/apriltag_msgs/apriltag_msgs/msg
[0.525s] -- Up-to-date: /home/revanth/nxp_ws/install/apriltag_msgs/include/apriltag_msgs/apriltag_msgs/msg/detail
[0.525s] -- Up-to-date: /home/revanth/nxp_ws/install/apriltag_msgs/include/apriltag_msgs/apriltag_msgs/msg/detail/april_tag_detection_array__type_support.c
[0.525s] -- Up-to-date: /home/revanth/nxp_ws/install/apriltag_msgs/include/apriltag_msgs/apriltag_msgs/msg/detail/april_tag_detection__rosidl_typesupport_introspection_c.h
[0.525s] -- Up-to-date: /home/revanth/nxp_ws/install/apriltag_msgs/include/apriltag_msgs/apriltag_msgs/msg/detail/april_tag_detection__type_support.c
[0.525s] -- Up-to-date: /home/revanth/nxp_ws/install/apriltag_msgs/include/apriltag_msgs/apriltag_msgs/msg/detail/point__type_support.c
[0.525s] -- Up-to-date: /home/revanth/nxp_ws/install/apriltag_msgs/include/apriltag_msgs/apriltag_msgs/msg/detail/point__rosidl_typesupport_introspection_c.h
[0.525s] -- Up-to-date: /home/revanth/nxp_ws/install/apriltag_msgs/include/apriltag_msgs/apriltag_msgs/msg/detail/april_tag_detection_array__rosidl_typesupport_introspection_c.h
[0.526s] -- Up-to-date: /home/revanth/nxp_ws/install/apriltag_msgs/include/apriltag_msgs/apriltag_msgs/msg/rosidl_typesupport_introspection_c__visibility_control.h
[0.526s] -- Up-to-date: /home/revanth/nxp_ws/install/apriltag_msgs/lib/libapriltag_msgs__rosidl_typesupport_introspection_c.so
[0.526s] -- Up-to-date: /home/revanth/nxp_ws/install/apriltag_msgs/lib/libapriltag_msgs__rosidl_typesupport_c.so
[0.526s] -- Up-to-date: /home/revanth/nxp_ws/install/apriltag_msgs/include/apriltag_msgs/apriltag_msgs
[0.526s] -- Up-to-date: /home/revanth/nxp_ws/install/apriltag_msgs/include/apriltag_msgs/apriltag_msgs/msg
[0.526s] -- Up-to-date: /home/revanth/nxp_ws/install/apriltag_msgs/include/apriltag_msgs/apriltag_msgs/msg/point.hpp
[0.526s] -- Up-to-date: /home/revanth/nxp_ws/install/apriltag_msgs/include/apriltag_msgs/apriltag_msgs/msg/detail
[0.527s] -- Up-to-date: /home/revanth/nxp_ws/install/apriltag_msgs/include/apriltag_msgs/apriltag_msgs/msg/detail/april_tag_detection_array__builder.hpp
[0.527s] -- Up-to-date: /home/revanth/nxp_ws/install/apriltag_msgs/include/apriltag_msgs/apriltag_msgs/msg/detail/april_tag_detection_array__traits.hpp
[0.527s] -- Up-to-date: /home/revanth/nxp_ws/install/apriltag_msgs/include/apriltag_msgs/apriltag_msgs/msg/detail/point__traits.hpp
[0.527s] -- Up-to-date: /home/revanth/nxp_ws/install/apriltag_msgs/include/apriltag_msgs/apriltag_msgs/msg/detail/april_tag_detection_array__struct.hpp
[0.527s] -- Up-to-date: /home/revanth/nxp_ws/install/apriltag_msgs/include/apriltag_msgs/apriltag_msgs/msg/detail/point__struct.hpp
[0.527s] -- Up-to-date: /home/revanth/nxp_ws/install/apriltag_msgs/include/apriltag_msgs/apriltag_msgs/msg/detail/april_tag_detection__traits.hpp
[0.527s] -- Up-to-date: /home/revanth/nxp_ws/install/apriltag_msgs/include/apriltag_msgs/apriltag_msgs/msg/detail/point__builder.hpp
[0.528s] -- Up-to-date: /home/revanth/nxp_ws/install/apriltag_msgs/include/apriltag_msgs/apriltag_msgs/msg/detail/april_tag_detection__builder.hpp
[0.528s] -- Up-to-date: /home/revanth/nxp_ws/install/apriltag_msgs/include/apriltag_msgs/apriltag_msgs/msg/detail/april_tag_detection__struct.hpp
[0.528s] -- Up-to-date: /home/revanth/nxp_ws/install/apriltag_msgs/include/apriltag_msgs/apriltag_msgs/msg/april_tag_detection.hpp
[0.528s] -- Up-to-date: /home/revanth/nxp_ws/install/apriltag_msgs/include/apriltag_msgs/apriltag_msgs/msg/april_tag_detection_array.hpp
[0.528s] -- Up-to-date: /home/revanth/nxp_ws/install/apriltag_msgs/include/apriltag_msgs/apriltag_msgs
[0.528s] -- Up-to-date: /home/revanth/nxp_ws/install/apriltag_msgs/include/apriltag_msgs/apriltag_msgs/msg
[0.528s] -- Up-to-date: /home/revanth/nxp_ws/install/apriltag_msgs/include/apriltag_msgs/apriltag_msgs/msg/detail
[0.528s] -- Up-to-date: /home/revanth/nxp_ws/install/apriltag_msgs/include/apriltag_msgs/apriltag_msgs/msg/detail/dds_fastrtps
[0.528s] -- Up-to-date: /home/revanth/nxp_ws/install/apriltag_msgs/include/apriltag_msgs/apriltag_msgs/msg/detail/point__rosidl_typesupport_fastrtps_cpp.hpp
[0.529s] -- Up-to-date: /home/revanth/nxp_ws/install/apriltag_msgs/include/apriltag_msgs/apriltag_msgs/msg/detail/april_tag_detection_array__rosidl_typesupport_fastrtps_cpp.hpp
[0.529s] -- Up-to-date: /home/revanth/nxp_ws/install/apriltag_msgs/include/apriltag_msgs/apriltag_msgs/msg/detail/april_tag_detection__rosidl_typesupport_fastrtps_cpp.hpp
[0.529s] -- Up-to-date: /home/revanth/nxp_ws/install/apriltag_msgs/include/apriltag_msgs/apriltag_msgs/msg/rosidl_typesupport_fastrtps_cpp__visibility_control.h
[0.529s] -- Up-to-date: /home/revanth/nxp_ws/install/apriltag_msgs/lib/libapriltag_msgs__rosidl_typesupport_fastrtps_cpp.so
[0.529s] -- Up-to-date: /home/revanth/nxp_ws/install/apriltag_msgs/include/apriltag_msgs/apriltag_msgs
[0.529s] -- Up-to-date: /home/revanth/nxp_ws/install/apriltag_msgs/include/apriltag_msgs/apriltag_msgs/msg
[0.529s] -- Up-to-date: /home/revanth/nxp_ws/install/apriltag_msgs/include/apriltag_msgs/apriltag_msgs/msg/detail
[0.529s] -- Up-to-date: /home/revanth/nxp_ws/install/apriltag_msgs/include/apriltag_msgs/apriltag_msgs/msg/detail/april_tag_detection__type_support.cpp
[0.529s] -- Up-to-date: /home/revanth/nxp_ws/install/apriltag_msgs/include/apriltag_msgs/apriltag_msgs/msg/detail/april_tag_detection__rosidl_typesupport_introspection_cpp.hpp
[0.529s] -- Up-to-date: /home/revanth/nxp_ws/install/apriltag_msgs/include/apriltag_msgs/apriltag_msgs/msg/detail/april_tag_detection_array__type_support.cpp
[0.530s] -- Up-to-date: /home/revanth/nxp_ws/install/apriltag_msgs/include/apriltag_msgs/apriltag_msgs/msg/detail/april_tag_detection_array__rosidl_typesupport_introspection_cpp.hpp
[0.530s] -- Up-to-date: /home/revanth/nxp_ws/install/apriltag_msgs/include/apriltag_msgs/apriltag_msgs/msg/detail/point__rosidl_typesupport_introspection_cpp.hpp
[0.530s] -- Up-to-date: /home/revanth/nxp_ws/install/apriltag_msgs/include/apriltag_msgs/apriltag_msgs/msg/detail/point__type_support.cpp
[0.530s] -- Up-to-date: /home/revanth/nxp_ws/install/apriltag_msgs/lib/libapriltag_msgs__rosidl_typesupport_introspection_cpp.so
[0.530s] -- Up-to-date: /home/revanth/nxp_ws/install/apriltag_msgs/lib/libapriltag_msgs__rosidl_typesupport_cpp.so
[0.530s] -- Up-to-date: /home/revanth/nxp_ws/install/apriltag_msgs/share/apriltag_msgs/environment/pythonpath.sh
[0.530s] -- Up-to-date: /home/revanth/nxp_ws/install/apriltag_msgs/share/apriltag_msgs/environment/pythonpath.dsv
[0.530s] -- Up-to-date: /home/revanth/nxp_ws/install/apriltag_msgs/local/lib/python3.10/dist-packages/apriltag_msgs-2.0.0-py3.10.egg-info
[0.530s] -- Installing: /home/revanth/nxp_ws/install/apriltag_msgs/local/lib/python3.10/dist-packages/apriltag_msgs-2.0.0-py3.10.egg-info/SOURCES.txt
[0.531s] -- Installing: /home/revanth/nxp_ws/install/apriltag_msgs/local/lib/python3.10/dist-packages/apriltag_msgs-2.0.0-py3.10.egg-info/top_level.txt
[0.531s] -- Installing: /home/revanth/nxp_ws/install/apriltag_msgs/local/lib/python3.10/dist-packages/apriltag_msgs-2.0.0-py3.10.egg-info/PKG-INFO
[0.531s] -- Installing: /home/revanth/nxp_ws/install/apriltag_msgs/local/lib/python3.10/dist-packages/apriltag_msgs-2.0.0-py3.10.egg-info/dependency_links.txt
[0.531s] -- Up-to-date: /home/revanth/nxp_ws/install/apriltag_msgs/local/lib/python3.10/dist-packages/apriltag_msgs
[0.531s] -- Up-to-date: /home/revanth/nxp_ws/install/apriltag_msgs/local/lib/python3.10/dist-packages/apriltag_msgs/libapriltag_msgs__rosidl_generator_py.so
[0.531s] -- Up-to-date: /home/revanth/nxp_ws/install/apriltag_msgs/local/lib/python3.10/dist-packages/apriltag_msgs/apriltag_msgs_s__rosidl_typesupport_fastrtps_c.cpython-310-x86_64-linux-gnu.so
[0.531s] -- Up-to-date: /home/revanth/nxp_ws/install/apriltag_msgs/local/lib/python3.10/dist-packages/apriltag_msgs/_apriltag_msgs_s.ep.rosidl_typesupport_fastrtps_c.c
[0.531s] -- Up-to-date: /home/revanth/nxp_ws/install/apriltag_msgs/local/lib/python3.10/dist-packages/apriltag_msgs/apriltag_msgs_s__rosidl_typesupport_introspection_c.cpython-310-x86_64-linux-gnu.so
[0.531s] -- Up-to-date: /home/revanth/nxp_ws/install/apriltag_msgs/local/lib/python3.10/dist-packages/apriltag_msgs/msg
[0.531s] -- Up-to-date: /home/revanth/nxp_ws/install/apriltag_msgs/local/lib/python3.10/dist-packages/apriltag_msgs/msg/_point_s.c
[0.531s] -- Up-to-date: /home/revanth/nxp_ws/install/apriltag_msgs/local/lib/python3.10/dist-packages/apriltag_msgs/msg/_april_tag_detection.py
[0.532s] -- Up-to-date: /home/revanth/nxp_ws/install/apriltag_msgs/local/lib/python3.10/dist-packages/apriltag_msgs/msg/_point.py
[0.532s] -- Up-to-date: /home/revanth/nxp_ws/install/apriltag_msgs/local/lib/python3.10/dist-packages/apriltag_msgs/msg/_april_tag_detection_array.py
[0.532s] -- Up-to-date: /home/revanth/nxp_ws/install/apriltag_msgs/local/lib/python3.10/dist-packages/apriltag_msgs/msg/_april_tag_detection_array_s.c
[0.532s] -- Up-to-date: /home/revanth/nxp_ws/install/apriltag_msgs/local/lib/python3.10/dist-packages/apriltag_msgs/msg/_april_tag_detection_s.c
[0.532s] -- Up-to-date: /home/revanth/nxp_ws/install/apriltag_msgs/local/lib/python3.10/dist-packages/apriltag_msgs/msg/__init__.py
[0.532s] -- Up-to-date: /home/revanth/nxp_ws/install/apriltag_msgs/local/lib/python3.10/dist-packages/apriltag_msgs/_apriltag_msgs_s.ep.rosidl_typesupport_c.c
[0.532s] -- Up-to-date: /home/revanth/nxp_ws/install/apriltag_msgs/local/lib/python3.10/dist-packages/apriltag_msgs/_apriltag_msgs_s.ep.rosidl_typesupport_introspection_c.c
[0.532s] -- Up-to-date: /home/revanth/nxp_ws/install/apriltag_msgs/local/lib/python3.10/dist-packages/apriltag_msgs/apriltag_msgs_s__rosidl_typesupport_c.cpython-310-x86_64-linux-gnu.so
[0.532s] -- Up-to-date: /home/revanth/nxp_ws/install/apriltag_msgs/local/lib/python3.10/dist-packages/apriltag_msgs/__init__.py
[0.570s] Listing '/home/revanth/nxp_ws/install/apriltag_msgs/local/lib/python3.10/dist-packages/apriltag_msgs'...
[0.570s] Listing '/home/revanth/nxp_ws/install/apriltag_msgs/local/lib/python3.10/dist-packages/apriltag_msgs/msg'...
[0.576s] -- Up-to-date: /home/revanth/nxp_ws/install/apriltag_msgs/local/lib/python3.10/dist-packages/apriltag_msgs/apriltag_msgs_s__rosidl_typesupport_fastrtps_c.cpython-310-x86_64-linux-gnu.so
[0.576s] -- Up-to-date: /home/revanth/nxp_ws/install/apriltag_msgs/local/lib/python3.10/dist-packages/apriltag_msgs/apriltag_msgs_s__rosidl_typesupport_introspection_c.cpython-310-x86_64-linux-gnu.so
[0.577s] -- Up-to-date: /home/revanth/nxp_ws/install/apriltag_msgs/local/lib/python3.10/dist-packages/apriltag_msgs/apriltag_msgs_s__rosidl_typesupport_c.cpython-310-x86_64-linux-gnu.so
[0.577s] -- Up-to-date: /home/revanth/nxp_ws/install/apriltag_msgs/lib/libapriltag_msgs__rosidl_generator_py.so
[0.577s] -- Up-to-date: /home/revanth/nxp_ws/install/apriltag_msgs/share/apriltag_msgs/msg/Point.idl
[0.577s] -- Up-to-date: /home/revanth/nxp_ws/install/apriltag_msgs/share/apriltag_msgs/msg/AprilTagDetection.idl
[0.577s] -- Up-to-date: /home/revanth/nxp_ws/install/apriltag_msgs/share/apriltag_msgs/msg/AprilTagDetectionArray.idl
[0.578s] -- Up-to-date: /home/revanth/nxp_ws/install/apriltag_msgs/share/apriltag_msgs/msg/Point.msg
[0.578s] -- Up-to-date: /home/revanth/nxp_ws/install/apriltag_msgs/share/apriltag_msgs/msg/AprilTagDetection.msg
[0.578s] -- Up-to-date: /home/revanth/nxp_ws/install/apriltag_msgs/share/apriltag_msgs/msg/AprilTagDetectionArray.msg
[0.578s] -- Up-to-date: /home/revanth/nxp_ws/install/apriltag_msgs/share/ament_index/resource_index/package_run_dependencies/apriltag_msgs
[0.578s] -- Up-to-date: /home/revanth/nxp_ws/install/apriltag_msgs/share/ament_index/resource_index/parent_prefix_path/apriltag_msgs
[0.578s] -- Up-to-date: /home/revanth/nxp_ws/install/apriltag_msgs/share/apriltag_msgs/environment/ament_prefix_path.sh
[0.578s] -- Up-to-date: /home/revanth/nxp_ws/install/apriltag_msgs/share/apriltag_msgs/environment/ament_prefix_path.dsv
[0.578s] -- Up-to-date: /home/revanth/nxp_ws/install/apriltag_msgs/share/apriltag_msgs/environment/path.sh
[0.578s] -- Up-to-date: /home/revanth/nxp_ws/install/apriltag_msgs/share/apriltag_msgs/environment/path.dsv
[0.578s] -- Up-to-date: /home/revanth/nxp_ws/install/apriltag_msgs/share/apriltag_msgs/local_setup.bash
[0.579s] -- Up-to-date: /home/revanth/nxp_ws/install/apriltag_msgs/share/apriltag_msgs/local_setup.sh
[0.579s] -- Up-to-date: /home/revanth/nxp_ws/install/apriltag_msgs/share/apriltag_msgs/local_setup.zsh
[0.579s] -- Up-to-date: /home/revanth/nxp_ws/install/apriltag_msgs/share/apriltag_msgs/local_setup.dsv
[0.579s] -- Installing: /home/revanth/nxp_ws/install/apriltag_msgs/share/apriltag_msgs/package.dsv
[0.579s] -- Up-to-date: /home/revanth/nxp_ws/install/apriltag_msgs/share/ament_index/resource_index/packages/apriltag_msgs
[0.579s] -- Up-to-date: /home/revanth/nxp_ws/install/apriltag_msgs/share/apriltag_msgs/cmake/export_apriltag_msgs__rosidl_generator_cExport.cmake
[0.579s] -- Up-to-date: /home/revanth/nxp_ws/install/apriltag_msgs/share/apriltag_msgs/cmake/export_apriltag_msgs__rosidl_generator_cExport-noconfig.cmake
[0.579s] -- Up-to-date: /home/revanth/nxp_ws/install/apriltag_msgs/share/apriltag_msgs/cmake/export_apriltag_msgs__rosidl_typesupport_fastrtps_cExport.cmake
[0.579s] -- Up-to-date: /home/revanth/nxp_ws/install/apriltag_msgs/share/apriltag_msgs/cmake/export_apriltag_msgs__rosidl_typesupport_fastrtps_cExport-noconfig.cmake
[0.579s] -- Up-to-date: /home/revanth/nxp_ws/install/apriltag_msgs/share/apriltag_msgs/cmake/apriltag_msgs__rosidl_typesupport_introspection_cExport.cmake
[0.579s] -- Up-to-date: /home/revanth/nxp_ws/install/apriltag_msgs/share/apriltag_msgs/cmake/apriltag_msgs__rosidl_typesupport_introspection_cExport-noconfig.cmake
[0.579s] -- Up-to-date: /home/revanth/nxp_ws/install/apriltag_msgs/share/apriltag_msgs/cmake/apriltag_msgs__rosidl_typesupport_cExport.cmake
[0.579s] -- Up-to-date: /home/revanth/nxp_ws/install/apriltag_msgs/share/apriltag_msgs/cmake/apriltag_msgs__rosidl_typesupport_cExport-noconfig.cmake
[0.580s] -- Up-to-date: /home/revanth/nxp_ws/install/apriltag_msgs/share/apriltag_msgs/cmake/export_apriltag_msgs__rosidl_generator_cppExport.cmake
[0.580s] -- Up-to-date: /home/revanth/nxp_ws/install/apriltag_msgs/share/apriltag_msgs/cmake/export_apriltag_msgs__rosidl_typesupport_fastrtps_cppExport.cmake
[0.580s] -- Up-to-date: /home/revanth/nxp_ws/install/apriltag_msgs/share/apriltag_msgs/cmake/export_apriltag_msgs__rosidl_typesupport_fastrtps_cppExport-noconfig.cmake
[0.580s] -- Up-to-date: /home/revanth/nxp_ws/install/apriltag_msgs/share/apriltag_msgs/cmake/apriltag_msgs__rosidl_typesupport_introspection_cppExport.cmake
[0.580s] -- Up-to-date: /home/revanth/nxp_ws/install/apriltag_msgs/share/apriltag_msgs/cmake/apriltag_msgs__rosidl_typesupport_introspection_cppExport-noconfig.cmake
[0.580s] -- Up-to-date: /home/revanth/nxp_ws/install/apriltag_msgs/share/apriltag_msgs/cmake/apriltag_msgs__rosidl_typesupport_cppExport.cmake
[0.580s] -- Up-to-date: /home/revanth/nxp_ws/install/apriltag_msgs/share/apriltag_msgs/cmake/apriltag_msgs__rosidl_typesupport_cppExport-noconfig.cmake
[0.580s] -- Up-to-date: /home/revanth/nxp_ws/install/apriltag_msgs/share/apriltag_msgs/cmake/export_apriltag_msgs__rosidl_generator_pyExport.cmake
[0.580s] -- Up-to-date: /home/revanth/nxp_ws/install/apriltag_msgs/share/apriltag_msgs/cmake/export_apriltag_msgs__rosidl_generator_pyExport-noconfig.cmake
[0.580s] -- Up-to-date: /home/revanth/nxp_ws/install/apriltag_msgs/share/apriltag_msgs/cmake/rosidl_cmake-extras.cmake
[0.580s] -- Up-to-date: /home/revanth/nxp_ws/install/apriltag_msgs/share/apriltag_msgs/cmake/ament_cmake_export_dependencies-extras.cmake
[0.580s] -- Up-to-date: /home/revanth/nxp_ws/install/apriltag_msgs/share/apriltag_msgs/cmake/ament_cmake_export_include_directories-extras.cmake
[0.580s] -- Up-to-date: /home/revanth/nxp_ws/install/apriltag_msgs/share/apriltag_msgs/cmake/ament_cmake_export_libraries-extras.cmake
[0.580s] -- Up-to-date: /home/revanth/nxp_ws/install/apriltag_msgs/share/apriltag_msgs/cmake/ament_cmake_export_targets-extras.cmake
[0.580s] -- Up-to-date: /home/revanth/nxp_ws/install/apriltag_msgs/share/apriltag_msgs/cmake/rosidl_cmake_export_typesupport_targets-extras.cmake
[0.580s] -- Up-to-date: /home/revanth/nxp_ws/install/apriltag_msgs/share/apriltag_msgs/cmake/rosidl_cmake_export_typesupport_libraries-extras.cmake
[0.581s] -- Up-to-date: /home/revanth/nxp_ws/install/apriltag_msgs/share/apriltag_msgs/cmake/apriltag_msgsConfig.cmake
[0.581s] -- Up-to-date: /home/revanth/nxp_ws/install/apriltag_msgs/share/apriltag_msgs/cmake/apriltag_msgsConfig-version.cmake
[0.581s] -- Up-to-date: /home/revanth/nxp_ws/install/apriltag_msgs/share/apriltag_msgs/package.xml
[0.584s] Invoked command in '/home/revanth/nxp_ws/build/apriltag_msgs' returned '0': CMAKE_PREFIX_PATH=${CMAKE_PREFIX_PATH}:/home/revanth/ros2_ws/install/my_py_pkg:/opt/ros/humble /usr/bin/cmake --install /home/revanth/nxp_ws/build/apriltag_msgs
