-- Install configuration: ""
-- Up-to-date: /home/revanth/nxp_ws/install/nxp_1/share/nxp_1/data
-- Up-to-date: /home/revanth/nxp_ws/install/nxp_1/share/nxp_1/data/rosbag2_2022_10_17-10_44_38
-- Up-to-date: /home/revanth/nxp_ws/install/nxp_1/share/nxp_1/data/rosbag2_2022_10_17-10_44_38/metadata.yaml
-- Up-to-date: /home/revanth/nxp_ws/install/nxp_1/share/nxp_1/data/rosbag2_2022_10_17-10_44_38/rosbag2_2022_10_17-10_44_38_0.db3-wal
-- Up-to-date: /home/revanth/nxp_ws/install/nxp_1/share/nxp_1/data/rosbag2_2022_10_17-10_44_38/rosbag2_2022_10_17-10_44_38_0.db3
-- Installing: /home/revanth/nxp_ws/install/nxp_1/share/nxp_1/data/rosbag2_2022_10_17-10_44_38/rosbag2_2022_10_17-10_44_38_0.db3-shm
-- Up-to-date: /home/revanth/nxp_ws/install/nxp_1/share/nxp_1/data/rosbag2_2022_10_17-10_46_54
-- Up-to-date: /home/revanth/nxp_ws/install/nxp_1/share/nxp_1/data/rosbag2_2022_10_17-10_46_54/rosbag2_2022_10_17-10_46_54_0.db3-shm
-- Up-to-date: /home/revanth/nxp_ws/install/nxp_1/share/nxp_1/data/rosbag2_2022_10_17-10_46_54/metadata.yaml
-- Up-to-date: /home/revanth/nxp_ws/install/nxp_1/share/nxp_1/data/rosbag2_2022_10_17-10_46_54/rosbag2_2022_10_17-10_46_54_0.db3-wal
-- Up-to-date: /home/revanth/nxp_ws/install/nxp_1/share/nxp_1/data/rosbag2_2022_10_17-10_46_54/rosbag2_2022_10_17-10_46_54_0.db3
-- Up-to-date: /home/revanth/nxp_ws/install/nxp_1/share/nxp_1/launch
-- Up-to-date: /home/revanth/nxp_ws/install/nxp_1/share/nxp_1/launch/tag_36h11_all.launch.py
-- Up-to-date: /home/revanth/nxp_ws/install/nxp_1/share/ament_index/resource_index/package_run_dependencies/nxp_1
-- Up-to-date: /home/revanth/nxp_ws/install/nxp_1/share/ament_index/resource_index/parent_prefix_path/nxp_1
-- Up-to-date: /home/revanth/nxp_ws/install/nxp_1/share/nxp_1/environment/ament_prefix_path.sh
-- Up-to-date: /home/revanth/nxp_ws/install/nxp_1/share/nxp_1/environment/ament_prefix_path.dsv
-- Up-to-date: /home/revanth/nxp_ws/install/nxp_1/share/nxp_1/environment/path.sh
-- Up-to-date: /home/revanth/nxp_ws/install/nxp_1/share/nxp_1/environment/path.dsv
-- Up-to-date: /home/revanth/nxp_ws/install/nxp_1/share/nxp_1/local_setup.bash
-- Up-to-date: /home/revanth/nxp_ws/install/nxp_1/share/nxp_1/local_setup.sh
-- Up-to-date: /home/revanth/nxp_ws/install/nxp_1/share/nxp_1/local_setup.zsh
-- Up-to-date: /home/revanth/nxp_ws/install/nxp_1/share/nxp_1/local_setup.dsv
-- Installing: /home/revanth/nxp_ws/install/nxp_1/share/nxp_1/package.dsv
-- Up-to-date: /home/revanth/nxp_ws/install/nxp_1/share/ament_index/resource_index/packages/nxp_1
-- Up-to-date: /home/revanth/nxp_ws/install/nxp_1/share/nxp_1/cmake/nxp_1Config.cmake
-- Up-to-date: /home/revanth/nxp_ws/install/nxp_1/share/nxp_1/cmake/nxp_1Config-version.cmake
-- Up-to-date: /home/revanth/nxp_ws/install/nxp_1/share/nxp_1/package.xml
