[0.943s] DEBUG:colcon:Command line arguments: ['/usr/bin/colcon', 'build']
[0.943s] DEBUG:colcon:Parsed command line arguments: Namespace(log_base=None, log_level=None, verb_name='build', build_base='build', install_base='install', merge_install=False, symlink_install=False, test_result_base=None, continue_on_error=False, executor='parallel', parallel_workers=12, event_handlers=None, ignore_user_meta=False, metas=['./colcon.meta'], base_paths=['.'], packages_ignore=None, packages_ignore_regex=None, paths=None, packages_up_to=None, packages_up_to_regex=None, packages_above=None, packages_above_and_dependencies=None, packages_above_depth=None, packages_select_by_dep=None, packages_skip_by_dep=None, packages_skip_up_to=None, packages_select_build_failed=False, packages_skip_build_finished=False, packages_select_test_failures=False, packages_skip_test_passed=False, packages_select=None, packages_skip=None, packages_select_regex=None, packages_skip_regex=None, packages_start=None, packages_end=None, allow_overriding=[], cmake_args=None, cmake_target=None, cmake_target_skip_unavailable=False, cmake_clean_cache=False, cmake_clean_first=False, cmake_force_configure=False, ament_cmake_args=None, catkin_cmake_args=None, catkin_skip_building_tests=False, verb_parser=<colcon_defaults.argument_parser.defaults.DefaultArgumentsDecorator object at 0x7f0274ee61a0>, verb_extension=<colcon_core.verb.build.BuildVerb object at 0x7f0274ee5c30>, main=<bound method BuildVerb.main of <colcon_core.verb.build.BuildVerb object at 0x7f0274ee5c30>>)
[0.985s] Level 1:colcon.colcon_core.package_discovery:discover_packages(colcon_meta) check parameters
[0.985s] Level 1:colcon.colcon_core.package_discovery:discover_packages(recursive) check parameters
[0.985s] Level 1:colcon.colcon_core.package_discovery:discover_packages(ignore) check parameters
[0.985s] Level 1:colcon.colcon_core.package_discovery:discover_packages(path) check parameters
[0.985s] Level 1:colcon.colcon_core.package_discovery:discover_packages(colcon_meta) discover
[0.985s] Level 1:colcon.colcon_core.package_discovery:discover_packages(recursive) discover
[0.985s] INFO:colcon.colcon_core.package_discovery:Crawling recursively for packages in '/home/revanth/NXP_HG3/nxp_ws'
[0.985s] Level 1:colcon.colcon_core.package_identification:_identify(.) by extensions ['ignore', 'ignore_ament_install']
[0.985s] Level 1:colcon.colcon_core.package_identification:_identify(.) by extension 'ignore'
[0.985s] Level 1:colcon.colcon_core.package_identification:_identify(.) by extension 'ignore_ament_install'
[0.985s] Level 1:colcon.colcon_core.package_identification:_identify(.) by extensions ['colcon_pkg']
[0.985s] Level 1:colcon.colcon_core.package_identification:_identify(.) by extension 'colcon_pkg'
[0.985s] Level 1:colcon.colcon_core.package_identification:_identify(.) by extensions ['colcon_meta']
[0.985s] Level 1:colcon.colcon_core.package_identification:_identify(.) by extension 'colcon_meta'
[0.985s] Level 1:colcon.colcon_core.package_identification:_identify(.) by extensions ['ros']
[0.986s] Level 1:colcon.colcon_core.package_identification:_identify(.) by extension 'ros'
[1.014s] Level 1:colcon.colcon_core.package_identification:_identify(.) by extensions ['cmake', 'python']
[1.014s] Level 1:colcon.colcon_core.package_identification:_identify(.) by extension 'cmake'
[1.014s] Level 1:colcon.colcon_core.package_identification:_identify(.) by extension 'python'
[1.014s] Level 1:colcon.colcon_core.package_identification:_identify(.) by extensions ['python_setup_py']
[1.014s] Level 1:colcon.colcon_core.package_identification:_identify(.) by extension 'python_setup_py'
[1.014s] Level 1:colcon.colcon_core.package_identification:_identify(build) by extensions ['ignore', 'ignore_ament_install']
[1.014s] Level 1:colcon.colcon_core.package_identification:_identify(build) by extension 'ignore'
[1.014s] Level 1:colcon.colcon_core.package_identification:_identify(build) ignored
[1.014s] Level 1:colcon.colcon_core.package_identification:_identify(install) by extensions ['ignore', 'ignore_ament_install']
[1.014s] Level 1:colcon.colcon_core.package_identification:_identify(install) by extension 'ignore'
[1.015s] Level 1:colcon.colcon_core.package_identification:_identify(install) ignored
[1.015s] Level 1:colcon.colcon_core.package_identification:_identify(log) by extensions ['ignore', 'ignore_ament_install']
[1.015s] Level 1:colcon.colcon_core.package_identification:_identify(log) by extension 'ignore'
[1.015s] Level 1:colcon.colcon_core.package_identification:_identify(log) ignored
[1.015s] Level 1:colcon.colcon_core.package_identification:_identify(src) by extensions ['ignore', 'ignore_ament_install']
[1.015s] Level 1:colcon.colcon_core.package_identification:_identify(src) by extension 'ignore'
[1.015s] Level 1:colcon.colcon_core.package_identification:_identify(src) by extension 'ignore_ament_install'
[1.015s] Level 1:colcon.colcon_core.package_identification:_identify(src) by extensions ['colcon_pkg']
[1.015s] Level 1:colcon.colcon_core.package_identification:_identify(src) by extension 'colcon_pkg'
[1.015s] Level 1:colcon.colcon_core.package_identification:_identify(src) by extensions ['colcon_meta']
[1.015s] Level 1:colcon.colcon_core.package_identification:_identify(src) by extension 'colcon_meta'
[1.015s] Level 1:colcon.colcon_core.package_identification:_identify(src) by extensions ['ros']
[1.015s] Level 1:colcon.colcon_core.package_identification:_identify(src) by extension 'ros'
[1.016s] Level 1:colcon.colcon_core.package_identification:_identify(src) by extensions ['cmake', 'python']
[1.016s] Level 1:colcon.colcon_core.package_identification:_identify(src) by extension 'cmake'
[1.016s] Level 1:colcon.colcon_core.package_identification:_identify(src) by extension 'python'
[1.016s] Level 1:colcon.colcon_core.package_identification:_identify(src) by extensions ['python_setup_py']
[1.016s] Level 1:colcon.colcon_core.package_identification:_identify(src) by extension 'python_setup_py'
[1.016s] Level 1:colcon.colcon_core.package_identification:_identify(src/apriltag) by extensions ['ignore', 'ignore_ament_install']
[1.016s] Level 1:colcon.colcon_core.package_identification:_identify(src/apriltag) by extension 'ignore'
[1.016s] Level 1:colcon.colcon_core.package_identification:_identify(src/apriltag) by extension 'ignore_ament_install'
[1.016s] Level 1:colcon.colcon_core.package_identification:_identify(src/apriltag) by extensions ['colcon_pkg']
[1.016s] Level 1:colcon.colcon_core.package_identification:_identify(src/apriltag) by extension 'colcon_pkg'
[1.016s] Level 1:colcon.colcon_core.package_identification:_identify(src/apriltag) by extensions ['colcon_meta']
[1.016s] Level 1:colcon.colcon_core.package_identification:_identify(src/apriltag) by extension 'colcon_meta'
[1.016s] Level 1:colcon.colcon_core.package_identification:_identify(src/apriltag) by extensions ['ros']
[1.016s] Level 1:colcon.colcon_core.package_identification:_identify(src/apriltag) by extension 'ros'
[1.022s] DEBUG:colcon.colcon_core.package_identification:Package 'src/apriltag' with type 'ros.cmake' and name 'apriltag'
[1.023s] Level 1:colcon.colcon_core.package_identification:_identify(src/apriltag_msgs) by extensions ['ignore', 'ignore_ament_install']
[1.023s] Level 1:colcon.colcon_core.package_identification:_identify(src/apriltag_msgs) by extension 'ignore'
[1.023s] Level 1:colcon.colcon_core.package_identification:_identify(src/apriltag_msgs) by extension 'ignore_ament_install'
[1.023s] Level 1:colcon.colcon_core.package_identification:_identify(src/apriltag_msgs) by extensions ['colcon_pkg']
[1.023s] Level 1:colcon.colcon_core.package_identification:_identify(src/apriltag_msgs) by extension 'colcon_pkg'
[1.023s] Level 1:colcon.colcon_core.package_identification:_identify(src/apriltag_msgs) by extensions ['colcon_meta']
[1.023s] Level 1:colcon.colcon_core.package_identification:_identify(src/apriltag_msgs) by extension 'colcon_meta'
[1.023s] Level 1:colcon.colcon_core.package_identification:_identify(src/apriltag_msgs) by extensions ['ros']
[1.023s] Level 1:colcon.colcon_core.package_identification:_identify(src/apriltag_msgs) by extension 'ros'
[1.024s] DEBUG:colcon.colcon_core.package_identification:Package 'src/apriltag_msgs' with type 'ros.ament_cmake' and name 'apriltag_msgs'
[1.024s] Level 1:colcon.colcon_core.package_identification:_identify(src/apriltag_ros) by extensions ['ignore', 'ignore_ament_install']
[1.024s] Level 1:colcon.colcon_core.package_identification:_identify(src/apriltag_ros) by extension 'ignore'
[1.024s] Level 1:colcon.colcon_core.package_identification:_identify(src/apriltag_ros) by extension 'ignore_ament_install'
[1.024s] Level 1:colcon.colcon_core.package_identification:_identify(src/apriltag_ros) by extensions ['colcon_pkg']
[1.024s] Level 1:colcon.colcon_core.package_identification:_identify(src/apriltag_ros) by extension 'colcon_pkg'
[1.024s] Level 1:colcon.colcon_core.package_identification:_identify(src/apriltag_ros) by extensions ['colcon_meta']
[1.024s] Level 1:colcon.colcon_core.package_identification:_identify(src/apriltag_ros) by extension 'colcon_meta'
[1.024s] Level 1:colcon.colcon_core.package_identification:_identify(src/apriltag_ros) by extensions ['ros']
[1.024s] Level 1:colcon.colcon_core.package_identification:_identify(src/apriltag_ros) by extension 'ros'
[1.026s] DEBUG:colcon.colcon_core.package_identification:Package 'src/apriltag_ros' with type 'ros.ament_cmake' and name 'apriltag_ros'
[1.026s] Level 1:colcon.colcon_core.package_identification:_identify(src/nxp_1) by extensions ['ignore', 'ignore_ament_install']
[1.026s] Level 1:colcon.colcon_core.package_identification:_identify(src/nxp_1) by extension 'ignore'
[1.026s] Level 1:colcon.colcon_core.package_identification:_identify(src/nxp_1) by extension 'ignore_ament_install'
[1.026s] Level 1:colcon.colcon_core.package_identification:_identify(src/nxp_1) by extensions ['colcon_pkg']
[1.026s] Level 1:colcon.colcon_core.package_identification:_identify(src/nxp_1) by extension 'colcon_pkg'
[1.026s] Level 1:colcon.colcon_core.package_identification:_identify(src/nxp_1) by extensions ['colcon_meta']
[1.026s] Level 1:colcon.colcon_core.package_identification:_identify(src/nxp_1) by extension 'colcon_meta'
[1.026s] Level 1:colcon.colcon_core.package_identification:_identify(src/nxp_1) by extensions ['ros']
[1.026s] Level 1:colcon.colcon_core.package_identification:_identify(src/nxp_1) by extension 'ros'
[1.027s] DEBUG:colcon.colcon_core.package_identification:Package 'src/nxp_1' with type 'ros.ament_cmake' and name 'nxp_1'
[1.027s] Level 1:colcon.colcon_core.package_discovery:discover_packages(recursive) using defaults
[1.027s] Level 1:colcon.colcon_core.package_discovery:discover_packages(ignore) discover
[1.027s] Level 1:colcon.colcon_core.package_discovery:discover_packages(ignore) using defaults
[1.027s] Level 1:colcon.colcon_core.package_discovery:discover_packages(path) discover
[1.027s] Level 1:colcon.colcon_core.package_discovery:discover_packages(path) using defaults
[1.059s] Level 1:colcon.colcon_core.package_discovery:discover_packages(prefix_path) check parameters
[1.059s] Level 1:colcon.colcon_core.package_discovery:discover_packages(prefix_path) discover
[1.064s] DEBUG:colcon.colcon_installed_package_information.package_discovery:Found 289 installed packages in /opt/ros/humble
[1.065s] Level 1:colcon.colcon_core.package_discovery:discover_packages(prefix_path) using defaults
[1.140s] Level 5:colcon.colcon_core.verb:set package 'apriltag' build argument 'cmake_args' from command line to 'None'
[1.140s] Level 5:colcon.colcon_core.verb:set package 'apriltag' build argument 'cmake_target' from command line to 'None'
[1.140s] Level 5:colcon.colcon_core.verb:set package 'apriltag' build argument 'cmake_target_skip_unavailable' from command line to 'False'
[1.140s] Level 5:colcon.colcon_core.verb:set package 'apriltag' build argument 'cmake_clean_cache' from command line to 'False'
[1.140s] Level 5:colcon.colcon_core.verb:set package 'apriltag' build argument 'cmake_clean_first' from command line to 'False'
[1.140s] Level 5:colcon.colcon_core.verb:set package 'apriltag' build argument 'cmake_force_configure' from command line to 'False'
[1.140s] Level 5:colcon.colcon_core.verb:set package 'apriltag' build argument 'ament_cmake_args' from command line to 'None'
[1.140s] Level 5:colcon.colcon_core.verb:set package 'apriltag' build argument 'catkin_cmake_args' from command line to 'None'
[1.140s] Level 5:colcon.colcon_core.verb:set package 'apriltag' build argument 'catkin_skip_building_tests' from command line to 'False'
[1.140s] DEBUG:colcon.colcon_core.verb:Building package 'apriltag' with the following arguments: {'ament_cmake_args': None, 'build_base': '/home/revanth/NXP_HG3/nxp_ws/build/apriltag', 'catkin_cmake_args': None, 'catkin_skip_building_tests': False, 'cmake_args': None, 'cmake_clean_cache': False, 'cmake_clean_first': False, 'cmake_force_configure': False, 'cmake_target': None, 'cmake_target_skip_unavailable': False, 'install_base': '/home/revanth/NXP_HG3/nxp_ws/install/apriltag', 'merge_install': False, 'path': '/home/revanth/NXP_HG3/nxp_ws/src/apriltag', 'symlink_install': False, 'test_result_base': None}
[1.141s] Level 5:colcon.colcon_core.verb:set package 'apriltag_msgs' build argument 'cmake_args' from command line to 'None'
[1.141s] Level 5:colcon.colcon_core.verb:set package 'apriltag_msgs' build argument 'cmake_target' from command line to 'None'
[1.141s] Level 5:colcon.colcon_core.verb:set package 'apriltag_msgs' build argument 'cmake_target_skip_unavailable' from command line to 'False'
[1.141s] Level 5:colcon.colcon_core.verb:set package 'apriltag_msgs' build argument 'cmake_clean_cache' from command line to 'False'
[1.141s] Level 5:colcon.colcon_core.verb:set package 'apriltag_msgs' build argument 'cmake_clean_first' from command line to 'False'
[1.141s] Level 5:colcon.colcon_core.verb:set package 'apriltag_msgs' build argument 'cmake_force_configure' from command line to 'False'
[1.141s] Level 5:colcon.colcon_core.verb:set package 'apriltag_msgs' build argument 'ament_cmake_args' from command line to 'None'
[1.141s] Level 5:colcon.colcon_core.verb:set package 'apriltag_msgs' build argument 'catkin_cmake_args' from command line to 'None'
[1.141s] Level 5:colcon.colcon_core.verb:set package 'apriltag_msgs' build argument 'catkin_skip_building_tests' from command line to 'False'
[1.141s] DEBUG:colcon.colcon_core.verb:Building package 'apriltag_msgs' with the following arguments: {'ament_cmake_args': None, 'build_base': '/home/revanth/NXP_HG3/nxp_ws/build/apriltag_msgs', 'catkin_cmake_args': None, 'catkin_skip_building_tests': False, 'cmake_args': None, 'cmake_clean_cache': False, 'cmake_clean_first': False, 'cmake_force_configure': False, 'cmake_target': None, 'cmake_target_skip_unavailable': False, 'install_base': '/home/revanth/NXP_HG3/nxp_ws/install/apriltag_msgs', 'merge_install': False, 'path': '/home/revanth/NXP_HG3/nxp_ws/src/apriltag_msgs', 'symlink_install': False, 'test_result_base': None}
[1.142s] Level 5:colcon.colcon_core.verb:set package 'nxp_1' build argument 'cmake_args' from command line to 'None'
[1.142s] Level 5:colcon.colcon_core.verb:set package 'nxp_1' build argument 'cmake_target' from command line to 'None'
[1.142s] Level 5:colcon.colcon_core.verb:set package 'nxp_1' build argument 'cmake_target_skip_unavailable' from command line to 'False'
[1.142s] Level 5:colcon.colcon_core.verb:set package 'nxp_1' build argument 'cmake_clean_cache' from command line to 'False'
[1.142s] Level 5:colcon.colcon_core.verb:set package 'nxp_1' build argument 'cmake_clean_first' from command line to 'False'
[1.142s] Level 5:colcon.colcon_core.verb:set package 'nxp_1' build argument 'cmake_force_configure' from command line to 'False'
[1.142s] Level 5:colcon.colcon_core.verb:set package 'nxp_1' build argument 'ament_cmake_args' from command line to 'None'
[1.142s] Level 5:colcon.colcon_core.verb:set package 'nxp_1' build argument 'catkin_cmake_args' from command line to 'None'
[1.142s] Level 5:colcon.colcon_core.verb:set package 'nxp_1' build argument 'catkin_skip_building_tests' from command line to 'False'
[1.142s] DEBUG:colcon.colcon_core.verb:Building package 'nxp_1' with the following arguments: {'ament_cmake_args': None, 'build_base': '/home/revanth/NXP_HG3/nxp_ws/build/nxp_1', 'catkin_cmake_args': None, 'catkin_skip_building_tests': False, 'cmake_args': None, 'cmake_clean_cache': False, 'cmake_clean_first': False, 'cmake_force_configure': False, 'cmake_target': None, 'cmake_target_skip_unavailable': False, 'install_base': '/home/revanth/NXP_HG3/nxp_ws/install/nxp_1', 'merge_install': False, 'path': '/home/revanth/NXP_HG3/nxp_ws/src/nxp_1', 'symlink_install': False, 'test_result_base': None}
[1.143s] Level 5:colcon.colcon_core.verb:set package 'apriltag_ros' build argument 'cmake_args' from command line to 'None'
[1.143s] Level 5:colcon.colcon_core.verb:set package 'apriltag_ros' build argument 'cmake_target' from command line to 'None'
[1.143s] Level 5:colcon.colcon_core.verb:set package 'apriltag_ros' build argument 'cmake_target_skip_unavailable' from command line to 'False'
[1.143s] Level 5:colcon.colcon_core.verb:set package 'apriltag_ros' build argument 'cmake_clean_cache' from command line to 'False'
[1.143s] Level 5:colcon.colcon_core.verb:set package 'apriltag_ros' build argument 'cmake_clean_first' from command line to 'False'
[1.143s] Level 5:colcon.colcon_core.verb:set package 'apriltag_ros' build argument 'cmake_force_configure' from command line to 'False'
[1.143s] Level 5:colcon.colcon_core.verb:set package 'apriltag_ros' build argument 'ament_cmake_args' from command line to 'None'
[1.143s] Level 5:colcon.colcon_core.verb:set package 'apriltag_ros' build argument 'catkin_cmake_args' from command line to 'None'
[1.143s] Level 5:colcon.colcon_core.verb:set package 'apriltag_ros' build argument 'catkin_skip_building_tests' from command line to 'False'
[1.143s] DEBUG:colcon.colcon_core.verb:Building package 'apriltag_ros' with the following arguments: {'ament_cmake_args': None, 'build_base': '/home/revanth/NXP_HG3/nxp_ws/build/apriltag_ros', 'catkin_cmake_args': None, 'catkin_skip_building_tests': False, 'cmake_args': None, 'cmake_clean_cache': False, 'cmake_clean_first': False, 'cmake_force_configure': False, 'cmake_target': None, 'cmake_target_skip_unavailable': False, 'install_base': '/home/revanth/NXP_HG3/nxp_ws/install/apriltag_ros', 'merge_install': False, 'path': '/home/revanth/NXP_HG3/nxp_ws/src/apriltag_ros', 'symlink_install': False, 'test_result_base': None}
[1.144s] INFO:colcon.colcon_core.executor:Executing jobs using 'parallel' executor
[1.146s] DEBUG:colcon.colcon_parallel_executor.executor.parallel:run_until_complete
[1.146s] INFO:colcon.colcon_ros.task.cmake.build:Building ROS package in '/home/revanth/NXP_HG3/nxp_ws/src/apriltag' with build type 'cmake'
[1.146s] INFO:colcon.colcon_cmake.task.cmake.build:Building CMake package in '/home/revanth/NXP_HG3/nxp_ws/src/apriltag'
[1.152s] INFO:colcon.colcon_core.plugin_system:Skipping extension 'colcon_core.shell.bat': Not used on non-Windows systems
[1.153s] INFO:colcon.colcon_core.shell:Skip shell extension 'powershell' for command environment: Not usable outside of PowerShell
[1.153s] DEBUG:colcon.colcon_core.shell:Skip shell extension 'dsv' for command environment
[1.156s] INFO:colcon.colcon_ros.task.ament_cmake.build:Building ROS package in '/home/revanth/NXP_HG3/nxp_ws/src/apriltag_msgs' with build type 'ament_cmake'
[1.156s] INFO:colcon.colcon_cmake.task.cmake.build:Building CMake package in '/home/revanth/NXP_HG3/nxp_ws/src/apriltag_msgs'
[1.157s] INFO:colcon.colcon_core.shell:Skip shell extension 'powershell' for command environment: Not usable outside of PowerShell
[1.157s] DEBUG:colcon.colcon_core.shell:Skip shell extension 'dsv' for command environment
[1.161s] INFO:colcon.colcon_ros.task.ament_cmake.build:Building ROS package in '/home/revanth/NXP_HG3/nxp_ws/src/nxp_1' with build type 'ament_cmake'
[1.161s] INFO:colcon.colcon_cmake.task.cmake.build:Building CMake package in '/home/revanth/NXP_HG3/nxp_ws/src/nxp_1'
[1.162s] INFO:colcon.colcon_core.shell:Skip shell extension 'powershell' for command environment: Not usable outside of PowerShell
[1.162s] DEBUG:colcon.colcon_core.shell:Skip shell extension 'dsv' for command environment
[1.169s] DEBUG:colcon.colcon_core.event_handler.log_command:Invoking command in '/home/revanth/NXP_HG3/nxp_ws/build/apriltag': CMAKE_PREFIX_PATH=/opt/ros/humble /usr/bin/cmake --build /home/revanth/NXP_HG3/nxp_ws/build/apriltag -- -j12 -l12
[1.176s] DEBUG:colcon.colcon_core.event_handler.log_command:Invoking command in '/home/revanth/NXP_HG3/nxp_ws/build/apriltag_msgs': CMAKE_PREFIX_PATH=/opt/ros/humble /usr/bin/cmake --build /home/revanth/NXP_HG3/nxp_ws/build/apriltag_msgs -- -j12 -l12
[1.183s] DEBUG:colcon.colcon_core.event_handler.log_command:Invoking command in '/home/revanth/NXP_HG3/nxp_ws/build/nxp_1': CMAKE_PREFIX_PATH=/opt/ros/humble /usr/bin/cmake --build /home/revanth/NXP_HG3/nxp_ws/build/nxp_1 -- -j12 -l12
[1.920s] DEBUG:colcon.colcon_core.event_handler.log_command:Invoked command in '/home/revanth/NXP_HG3/nxp_ws/build/nxp_1' returned '0': CMAKE_PREFIX_PATH=/opt/ros/humble /usr/bin/cmake --build /home/revanth/NXP_HG3/nxp_ws/build/nxp_1 -- -j12 -l12
[1.954s] DEBUG:colcon.colcon_core.event_handler.log_command:Invoking command in '/home/revanth/NXP_HG3/nxp_ws/build/nxp_1': CMAKE_PREFIX_PATH=/opt/ros/humble /usr/bin/cmake --install /home/revanth/NXP_HG3/nxp_ws/build/nxp_1
[1.966s] Level 1:colcon.colcon_core.environment:create_environment_scripts_only(nxp_1)
[1.967s] DEBUG:colcon.colcon_core.event_handler.log_command:Invoked command in '/home/revanth/NXP_HG3/nxp_ws/build/nxp_1' returned '0': CMAKE_PREFIX_PATH=/opt/ros/humble /usr/bin/cmake --install /home/revanth/NXP_HG3/nxp_ws/build/nxp_1
[1.975s] Level 1:colcon.colcon_core.environment:checking '/home/revanth/NXP_HG3/nxp_ws/install/nxp_1' for CMake module files
[1.976s] Level 1:colcon.colcon_core.environment:checking '/home/revanth/NXP_HG3/nxp_ws/install/nxp_1' for CMake config files
[1.976s] Level 1:colcon.colcon_core.shell:create_environment_hook('nxp_1', 'cmake_prefix_path')
[1.978s] INFO:colcon.colcon_core.shell:Creating environment hook '/home/revanth/NXP_HG3/nxp_ws/install/nxp_1/share/nxp_1/hook/cmake_prefix_path.ps1'
[1.979s] INFO:colcon.colcon_core.shell:Creating environment descriptor '/home/revanth/NXP_HG3/nxp_ws/install/nxp_1/share/nxp_1/hook/cmake_prefix_path.dsv'
[1.979s] INFO:colcon.colcon_core.shell:Creating environment hook '/home/revanth/NXP_HG3/nxp_ws/install/nxp_1/share/nxp_1/hook/cmake_prefix_path.sh'
[1.980s] Level 1:colcon.colcon_core.environment:checking '/home/revanth/NXP_HG3/nxp_ws/install/nxp_1/bin'
[1.980s] Level 1:colcon.colcon_core.environment:checking '/home/revanth/NXP_HG3/nxp_ws/install/nxp_1/lib/pkgconfig/nxp_1.pc'
[1.981s] Level 1:colcon.colcon_core.environment:checking '/home/revanth/NXP_HG3/nxp_ws/install/nxp_1/lib/python3.10/site-packages'
[1.981s] Level 1:colcon.colcon_core.environment:checking '/home/revanth/NXP_HG3/nxp_ws/install/nxp_1/bin'
[1.983s] INFO:colcon.colcon_core.shell:Creating package script '/home/revanth/NXP_HG3/nxp_ws/install/nxp_1/share/nxp_1/package.ps1'
[1.984s] INFO:colcon.colcon_core.shell:Creating package descriptor '/home/revanth/NXP_HG3/nxp_ws/install/nxp_1/share/nxp_1/package.dsv'
[1.985s] INFO:colcon.colcon_core.shell:Creating package script '/home/revanth/NXP_HG3/nxp_ws/install/nxp_1/share/nxp_1/package.sh'
[1.985s] INFO:colcon.colcon_core.shell:Creating package script '/home/revanth/NXP_HG3/nxp_ws/install/nxp_1/share/nxp_1/package.bash'
[1.986s] INFO:colcon.colcon_core.shell:Creating package script '/home/revanth/NXP_HG3/nxp_ws/install/nxp_1/share/nxp_1/package.zsh'
[1.988s] Level 1:colcon.colcon_core.environment:create_file_with_runtime_dependencies(/home/revanth/NXP_HG3/nxp_ws/install/nxp_1/share/colcon-core/packages/nxp_1)
[2.013s] Level 1:colcon.colcon_core.environment:create_environment_scripts_only(nxp_1)
[2.016s] Level 1:colcon.colcon_core.environment:checking '/home/revanth/NXP_HG3/nxp_ws/install/nxp_1' for CMake module files
[2.016s] Level 1:colcon.colcon_core.environment:checking '/home/revanth/NXP_HG3/nxp_ws/install/nxp_1' for CMake config files
[2.017s] Level 1:colcon.colcon_core.shell:create_environment_hook('nxp_1', 'cmake_prefix_path')
[2.019s] INFO:colcon.colcon_core.shell:Creating environment hook '/home/revanth/NXP_HG3/nxp_ws/install/nxp_1/share/nxp_1/hook/cmake_prefix_path.ps1'
[2.020s] INFO:colcon.colcon_core.shell:Creating environment descriptor '/home/revanth/NXP_HG3/nxp_ws/install/nxp_1/share/nxp_1/hook/cmake_prefix_path.dsv'
[2.020s] INFO:colcon.colcon_core.shell:Creating environment hook '/home/revanth/NXP_HG3/nxp_ws/install/nxp_1/share/nxp_1/hook/cmake_prefix_path.sh'
[2.021s] Level 1:colcon.colcon_core.environment:checking '/home/revanth/NXP_HG3/nxp_ws/install/nxp_1/bin'
[2.021s] Level 1:colcon.colcon_core.environment:checking '/home/revanth/NXP_HG3/nxp_ws/install/nxp_1/lib/pkgconfig/nxp_1.pc'
[2.021s] Level 1:colcon.colcon_core.environment:checking '/home/revanth/NXP_HG3/nxp_ws/install/nxp_1/lib/python3.10/site-packages'
[2.022s] Level 1:colcon.colcon_core.environment:checking '/home/revanth/NXP_HG3/nxp_ws/install/nxp_1/bin'
[2.024s] INFO:colcon.colcon_core.shell:Creating package script '/home/revanth/NXP_HG3/nxp_ws/install/nxp_1/share/nxp_1/package.ps1'
[2.025s] INFO:colcon.colcon_core.shell:Creating package descriptor '/home/revanth/NXP_HG3/nxp_ws/install/nxp_1/share/nxp_1/package.dsv'
[2.026s] INFO:colcon.colcon_core.shell:Creating package script '/home/revanth/NXP_HG3/nxp_ws/install/nxp_1/share/nxp_1/package.sh'
[2.027s] INFO:colcon.colcon_core.shell:Creating package script '/home/revanth/NXP_HG3/nxp_ws/install/nxp_1/share/nxp_1/package.bash'
[2.028s] INFO:colcon.colcon_core.shell:Creating package script '/home/revanth/NXP_HG3/nxp_ws/install/nxp_1/share/nxp_1/package.zsh'
[2.029s] Level 1:colcon.colcon_core.environment:create_file_with_runtime_dependencies(/home/revanth/NXP_HG3/nxp_ws/install/nxp_1/share/colcon-core/packages/nxp_1)
[2.083s] DEBUG:colcon.colcon_core.event_handler.log_command:Invoked command in '/home/revanth/NXP_HG3/nxp_ws/build/apriltag' returned '0': CMAKE_PREFIX_PATH=/opt/ros/humble /usr/bin/cmake --build /home/revanth/NXP_HG3/nxp_ws/build/apriltag -- -j12 -l12
[2.337s] DEBUG:colcon.colcon_core.event_handler.log_command:Invoking command in '/home/revanth/NXP_HG3/nxp_ws/build/apriltag': CMAKE_PREFIX_PATH=/opt/ros/humble /usr/bin/cmake --install /home/revanth/NXP_HG3/nxp_ws/build/apriltag
[2.397s] DEBUG:colcon.colcon_core.event_handler.log_command:Invoked command in '/home/revanth/NXP_HG3/nxp_ws/build/apriltag' returned '0': CMAKE_PREFIX_PATH=/opt/ros/humble /usr/bin/cmake --install /home/revanth/NXP_HG3/nxp_ws/build/apriltag
[2.606s] Level 1:colcon.colcon_core.shell:create_environment_hook('apriltag', 'pkg_config_path')
[2.609s] INFO:colcon.colcon_core.shell:Creating environment hook '/home/revanth/NXP_HG3/nxp_ws/install/apriltag/share/apriltag/hook/pkg_config_path.ps1'
[2.610s] INFO:colcon.colcon_core.shell:Creating environment descriptor '/home/revanth/NXP_HG3/nxp_ws/install/apriltag/share/apriltag/hook/pkg_config_path.dsv'
[2.610s] INFO:colcon.colcon_core.shell:Creating environment hook '/home/revanth/NXP_HG3/nxp_ws/install/apriltag/share/apriltag/hook/pkg_config_path.sh'
[2.616s] Level 1:colcon.colcon_core.shell:create_environment_hook('apriltag', 'pkg_config_path_multiarch')
[2.619s] INFO:colcon.colcon_core.shell:Creating environment hook '/home/revanth/NXP_HG3/nxp_ws/install/apriltag/share/apriltag/hook/pkg_config_path_multiarch.ps1'
[2.620s] INFO:colcon.colcon_core.shell:Creating environment descriptor '/home/revanth/NXP_HG3/nxp_ws/install/apriltag/share/apriltag/hook/pkg_config_path_multiarch.dsv'
[2.620s] INFO:colcon.colcon_core.shell:Creating environment hook '/home/revanth/NXP_HG3/nxp_ws/install/apriltag/share/apriltag/hook/pkg_config_path_multiarch.sh'
[2.621s] Level 1:colcon.colcon_core.environment:create_environment_scripts_only(apriltag)
[2.626s] Level 1:colcon.colcon_core.environment:checking '/home/revanth/NXP_HG3/nxp_ws/install/apriltag' for CMake module files
[2.627s] Level 1:colcon.colcon_core.environment:checking '/home/revanth/NXP_HG3/nxp_ws/install/apriltag' for CMake config files
[2.628s] Level 1:colcon.colcon_core.shell:create_environment_hook('apriltag', 'cmake_prefix_path')
[2.632s] INFO:colcon.colcon_core.shell:Creating environment hook '/home/revanth/NXP_HG3/nxp_ws/install/apriltag/share/apriltag/hook/cmake_prefix_path.ps1'
[2.633s] INFO:colcon.colcon_core.shell:Creating environment descriptor '/home/revanth/NXP_HG3/nxp_ws/install/apriltag/share/apriltag/hook/cmake_prefix_path.dsv'
[2.634s] INFO:colcon.colcon_core.shell:Creating environment hook '/home/revanth/NXP_HG3/nxp_ws/install/apriltag/share/apriltag/hook/cmake_prefix_path.sh'
[2.636s] Level 1:colcon.colcon_core.environment:checking '/home/revanth/NXP_HG3/nxp_ws/install/apriltag/lib'
[2.636s] Level 1:colcon.colcon_core.shell:create_environment_hook('apriltag', 'ld_library_path_lib')
[2.641s] INFO:colcon.colcon_core.shell:Creating environment hook '/home/revanth/NXP_HG3/nxp_ws/install/apriltag/share/apriltag/hook/ld_library_path_lib.ps1'
[2.642s] INFO:colcon.colcon_core.shell:Creating environment descriptor '/home/revanth/NXP_HG3/nxp_ws/install/apriltag/share/apriltag/hook/ld_library_path_lib.dsv'
[2.643s] INFO:colcon.colcon_core.shell:Creating environment hook '/home/revanth/NXP_HG3/nxp_ws/install/apriltag/share/apriltag/hook/ld_library_path_lib.sh'
[2.644s] Level 1:colcon.colcon_core.environment:checking '/home/revanth/NXP_HG3/nxp_ws/install/apriltag/bin'
[2.645s] Level 1:colcon.colcon_core.shell:create_environment_hook('apriltag', 'path')
[2.649s] INFO:colcon.colcon_core.shell:Creating environment hook '/home/revanth/NXP_HG3/nxp_ws/install/apriltag/share/apriltag/hook/path.ps1'
[2.651s] INFO:colcon.colcon_core.shell:Creating environment descriptor '/home/revanth/NXP_HG3/nxp_ws/install/apriltag/share/apriltag/hook/path.dsv'
[2.652s] INFO:colcon.colcon_core.shell:Creating environment hook '/home/revanth/NXP_HG3/nxp_ws/install/apriltag/share/apriltag/hook/path.sh'
[2.654s] Level 1:colcon.colcon_core.environment:checking '/home/revanth/NXP_HG3/nxp_ws/install/apriltag/lib/pkgconfig/apriltag.pc'
[2.654s] Level 1:colcon.colcon_core.shell:create_environment_hook('apriltag', 'pkg_config')
[2.659s] INFO:colcon.colcon_core.shell:Creating environment hook '/home/revanth/NXP_HG3/nxp_ws/install/apriltag/share/apriltag/hook/pkg_config.ps1'
[2.660s] INFO:colcon.colcon_core.shell:Creating environment descriptor '/home/revanth/NXP_HG3/nxp_ws/install/apriltag/share/apriltag/hook/pkg_config.dsv'
[2.661s] INFO:colcon.colcon_core.shell:Creating environment hook '/home/revanth/NXP_HG3/nxp_ws/install/apriltag/share/apriltag/hook/pkg_config.sh'
[2.664s] Level 1:colcon.colcon_core.environment:checking '/home/revanth/NXP_HG3/nxp_ws/install/apriltag/lib/python3.10/site-packages'
[2.665s] Level 1:colcon.colcon_core.environment:checking '/home/revanth/NXP_HG3/nxp_ws/install/apriltag/bin'
[2.665s] Level 1:colcon.colcon_core.shell:create_environment_hook('apriltag', 'pythonscriptspath')
[2.670s] INFO:colcon.colcon_core.shell:Creating environment hook '/home/revanth/NXP_HG3/nxp_ws/install/apriltag/share/apriltag/hook/pythonscriptspath.ps1'
[2.672s] INFO:colcon.colcon_core.shell:Creating environment descriptor '/home/revanth/NXP_HG3/nxp_ws/install/apriltag/share/apriltag/hook/pythonscriptspath.dsv'
[2.674s] INFO:colcon.colcon_core.shell:Creating environment hook '/home/revanth/NXP_HG3/nxp_ws/install/apriltag/share/apriltag/hook/pythonscriptspath.sh'
[2.681s] INFO:colcon.colcon_core.shell:Creating package script '/home/revanth/NXP_HG3/nxp_ws/install/apriltag/share/apriltag/package.ps1'
[2.685s] INFO:colcon.colcon_core.shell:Creating package descriptor '/home/revanth/NXP_HG3/nxp_ws/install/apriltag/share/apriltag/package.dsv'
[2.687s] INFO:colcon.colcon_core.shell:Creating package script '/home/revanth/NXP_HG3/nxp_ws/install/apriltag/share/apriltag/package.sh'
[2.689s] INFO:colcon.colcon_core.shell:Creating package script '/home/revanth/NXP_HG3/nxp_ws/install/apriltag/share/apriltag/package.bash'
[2.690s] INFO:colcon.colcon_core.shell:Creating package script '/home/revanth/NXP_HG3/nxp_ws/install/apriltag/share/apriltag/package.zsh'
[2.692s] Level 1:colcon.colcon_core.environment:create_file_with_runtime_dependencies(/home/revanth/NXP_HG3/nxp_ws/install/apriltag/share/colcon-core/packages/apriltag)
[7.356s] DEBUG:colcon.colcon_core.event_handler.log_command:Invoked command in '/home/revanth/NXP_HG3/nxp_ws/build/apriltag_msgs' returned '0': CMAKE_PREFIX_PATH=/opt/ros/humble /usr/bin/cmake --build /home/revanth/NXP_HG3/nxp_ws/build/apriltag_msgs -- -j12 -l12
[7.592s] DEBUG:colcon.colcon_core.event_handler.log_command:Invoking command in '/home/revanth/NXP_HG3/nxp_ws/build/apriltag_msgs': CMAKE_PREFIX_PATH=/opt/ros/humble /usr/bin/cmake --install /home/revanth/NXP_HG3/nxp_ws/build/apriltag_msgs
[7.787s] Level 1:colcon.colcon_core.environment:create_environment_scripts_only(apriltag_msgs)
[7.794s] Level 1:colcon.colcon_core.environment:checking '/home/revanth/NXP_HG3/nxp_ws/install/apriltag_msgs' for CMake module files
[7.795s] DEBUG:colcon.colcon_core.event_handler.log_command:Invoked command in '/home/revanth/NXP_HG3/nxp_ws/build/apriltag_msgs' returned '0': CMAKE_PREFIX_PATH=/opt/ros/humble /usr/bin/cmake --install /home/revanth/NXP_HG3/nxp_ws/build/apriltag_msgs
[7.797s] Level 1:colcon.colcon_core.environment:checking '/home/revanth/NXP_HG3/nxp_ws/install/apriltag_msgs' for CMake config files
[7.798s] Level 1:colcon.colcon_core.shell:create_environment_hook('apriltag_msgs', 'cmake_prefix_path')
[7.803s] INFO:colcon.colcon_core.shell:Creating environment hook '/home/revanth/NXP_HG3/nxp_ws/install/apriltag_msgs/share/apriltag_msgs/hook/cmake_prefix_path.ps1'
[7.804s] INFO:colcon.colcon_core.shell:Creating environment descriptor '/home/revanth/NXP_HG3/nxp_ws/install/apriltag_msgs/share/apriltag_msgs/hook/cmake_prefix_path.dsv'
[7.805s] INFO:colcon.colcon_core.shell:Creating environment hook '/home/revanth/NXP_HG3/nxp_ws/install/apriltag_msgs/share/apriltag_msgs/hook/cmake_prefix_path.sh'
[7.807s] Level 1:colcon.colcon_core.environment:checking '/home/revanth/NXP_HG3/nxp_ws/install/apriltag_msgs/lib'
[7.807s] Level 1:colcon.colcon_core.shell:create_environment_hook('apriltag_msgs', 'ld_library_path_lib')
[7.811s] INFO:colcon.colcon_core.shell:Creating environment hook '/home/revanth/NXP_HG3/nxp_ws/install/apriltag_msgs/share/apriltag_msgs/hook/ld_library_path_lib.ps1'
[7.813s] INFO:colcon.colcon_core.shell:Creating environment descriptor '/home/revanth/NXP_HG3/nxp_ws/install/apriltag_msgs/share/apriltag_msgs/hook/ld_library_path_lib.dsv'
[7.814s] INFO:colcon.colcon_core.shell:Creating environment hook '/home/revanth/NXP_HG3/nxp_ws/install/apriltag_msgs/share/apriltag_msgs/hook/ld_library_path_lib.sh'
[7.815s] Level 1:colcon.colcon_core.environment:checking '/home/revanth/NXP_HG3/nxp_ws/install/apriltag_msgs/bin'
[7.815s] Level 1:colcon.colcon_core.environment:checking '/home/revanth/NXP_HG3/nxp_ws/install/apriltag_msgs/lib/pkgconfig/apriltag_msgs.pc'
[7.816s] Level 1:colcon.colcon_core.environment:checking '/home/revanth/NXP_HG3/nxp_ws/install/apriltag_msgs/lib/python3.10/site-packages'
[7.817s] Level 1:colcon.colcon_core.environment:checking '/home/revanth/NXP_HG3/nxp_ws/install/apriltag_msgs/bin'
[7.821s] INFO:colcon.colcon_core.shell:Creating package script '/home/revanth/NXP_HG3/nxp_ws/install/apriltag_msgs/share/apriltag_msgs/package.ps1'
[7.823s] INFO:colcon.colcon_core.shell:Creating package descriptor '/home/revanth/NXP_HG3/nxp_ws/install/apriltag_msgs/share/apriltag_msgs/package.dsv'
[7.824s] INFO:colcon.colcon_core.shell:Creating package script '/home/revanth/NXP_HG3/nxp_ws/install/apriltag_msgs/share/apriltag_msgs/package.sh'
[7.826s] INFO:colcon.colcon_core.shell:Creating package script '/home/revanth/NXP_HG3/nxp_ws/install/apriltag_msgs/share/apriltag_msgs/package.bash'
[7.827s] INFO:colcon.colcon_core.shell:Creating package script '/home/revanth/NXP_HG3/nxp_ws/install/apriltag_msgs/share/apriltag_msgs/package.zsh'
[7.828s] Level 1:colcon.colcon_core.environment:create_file_with_runtime_dependencies(/home/revanth/NXP_HG3/nxp_ws/install/apriltag_msgs/share/colcon-core/packages/apriltag_msgs)
[8.110s] Level 1:colcon.colcon_core.environment:create_environment_scripts_only(apriltag_msgs)
[8.116s] Level 1:colcon.colcon_core.environment:checking '/home/revanth/NXP_HG3/nxp_ws/install/apriltag_msgs' for CMake module files
[8.118s] Level 1:colcon.colcon_core.environment:checking '/home/revanth/NXP_HG3/nxp_ws/install/apriltag_msgs' for CMake config files
[8.119s] Level 1:colcon.colcon_core.shell:create_environment_hook('apriltag_msgs', 'cmake_prefix_path')
[8.123s] INFO:colcon.colcon_core.shell:Creating environment hook '/home/revanth/NXP_HG3/nxp_ws/install/apriltag_msgs/share/apriltag_msgs/hook/cmake_prefix_path.ps1'
[8.124s] INFO:colcon.colcon_core.shell:Creating environment descriptor '/home/revanth/NXP_HG3/nxp_ws/install/apriltag_msgs/share/apriltag_msgs/hook/cmake_prefix_path.dsv'
[8.126s] INFO:colcon.colcon_core.shell:Creating environment hook '/home/revanth/NXP_HG3/nxp_ws/install/apriltag_msgs/share/apriltag_msgs/hook/cmake_prefix_path.sh'
[8.127s] Level 1:colcon.colcon_core.environment:checking '/home/revanth/NXP_HG3/nxp_ws/install/apriltag_msgs/lib'
[8.127s] Level 1:colcon.colcon_core.shell:create_environment_hook('apriltag_msgs', 'ld_library_path_lib')
[8.132s] INFO:colcon.colcon_core.shell:Creating environment hook '/home/revanth/NXP_HG3/nxp_ws/install/apriltag_msgs/share/apriltag_msgs/hook/ld_library_path_lib.ps1'
[8.133s] INFO:colcon.colcon_core.shell:Creating environment descriptor '/home/revanth/NXP_HG3/nxp_ws/install/apriltag_msgs/share/apriltag_msgs/hook/ld_library_path_lib.dsv'
[8.134s] INFO:colcon.colcon_core.shell:Creating environment hook '/home/revanth/NXP_HG3/nxp_ws/install/apriltag_msgs/share/apriltag_msgs/hook/ld_library_path_lib.sh'
[8.135s] Level 1:colcon.colcon_core.environment:checking '/home/revanth/NXP_HG3/nxp_ws/install/apriltag_msgs/bin'
[8.136s] Level 1:colcon.colcon_core.environment:checking '/home/revanth/NXP_HG3/nxp_ws/install/apriltag_msgs/lib/pkgconfig/apriltag_msgs.pc'
[8.136s] Level 1:colcon.colcon_core.environment:checking '/home/revanth/NXP_HG3/nxp_ws/install/apriltag_msgs/lib/python3.10/site-packages'
[8.137s] Level 1:colcon.colcon_core.environment:checking '/home/revanth/NXP_HG3/nxp_ws/install/apriltag_msgs/bin'
[8.142s] INFO:colcon.colcon_core.shell:Creating package script '/home/revanth/NXP_HG3/nxp_ws/install/apriltag_msgs/share/apriltag_msgs/package.ps1'
[8.143s] INFO:colcon.colcon_core.shell:Creating package descriptor '/home/revanth/NXP_HG3/nxp_ws/install/apriltag_msgs/share/apriltag_msgs/package.dsv'
[8.145s] INFO:colcon.colcon_core.shell:Creating package script '/home/revanth/NXP_HG3/nxp_ws/install/apriltag_msgs/share/apriltag_msgs/package.sh'
[8.146s] INFO:colcon.colcon_core.shell:Creating package script '/home/revanth/NXP_HG3/nxp_ws/install/apriltag_msgs/share/apriltag_msgs/package.bash'
[8.147s] INFO:colcon.colcon_core.shell:Creating package script '/home/revanth/NXP_HG3/nxp_ws/install/apriltag_msgs/share/apriltag_msgs/package.zsh'
[8.148s] Level 1:colcon.colcon_core.environment:create_file_with_runtime_dependencies(/home/revanth/NXP_HG3/nxp_ws/install/apriltag_msgs/share/colcon-core/packages/apriltag_msgs)
[8.149s] INFO:colcon.colcon_ros.task.ament_cmake.build:Building ROS package in '/home/revanth/NXP_HG3/nxp_ws/src/apriltag_ros' with build type 'ament_cmake'
[8.149s] INFO:colcon.colcon_cmake.task.cmake.build:Building CMake package in '/home/revanth/NXP_HG3/nxp_ws/src/apriltag_ros'
[8.153s] INFO:colcon.colcon_core.shell:Skip shell extension 'powershell' for command environment: Not usable outside of PowerShell
[8.153s] DEBUG:colcon.colcon_core.shell:Skip shell extension 'dsv' for command environment
[8.197s] DEBUG:colcon.colcon_core.event_handler.log_command:Invoking command in '/home/revanth/NXP_HG3/nxp_ws/build/apriltag_ros': AMENT_PREFIX_PATH=/home/revanth/nxp_ws/install/apriltag_msgs:${AMENT_PREFIX_PATH} CMAKE_PREFIX_PATH=/home/revanth/NXP_HG3/nxp_ws/install/apriltag_msgs:/home/revanth/NXP_HG3/nxp_ws/install/apriltag:/opt/ros/humble LD_LIBRARY_PATH=/home/revanth/nxp_ws/install/apriltag_msgs/lib:/home/revanth/NXP_HG3/nxp_ws/install/apriltag_msgs/lib:/home/revanth/NXP_HG3/nxp_ws/install/apriltag/lib:${LD_LIBRARY_PATH} PATH=/home/revanth/NXP_HG3/nxp_ws/install/apriltag/bin:${PATH} PKG_CONFIG_PATH=/home/revanth/NXP_HG3/nxp_ws/install/apriltag/lib/x86_64-linux-gnu/pkgconfig:/home/revanth/NXP_HG3/nxp_ws/install/apriltag/lib/pkgconfig PYTHONPATH=/home/revanth/nxp_ws/install/apriltag_msgs/local/lib/python3.10/dist-packages:${PYTHONPATH} /usr/bin/cmake --build /home/revanth/NXP_HG3/nxp_ws/build/apriltag_ros -- -j12 -l12
[14.654s] DEBUG:colcon.colcon_core.event_handler.log_command:Invoked command in '/home/revanth/NXP_HG3/nxp_ws/build/apriltag_ros' returned '0': AMENT_PREFIX_PATH=/home/revanth/nxp_ws/install/apriltag_msgs:${AMENT_PREFIX_PATH} CMAKE_PREFIX_PATH=/home/revanth/NXP_HG3/nxp_ws/install/apriltag_msgs:/home/revanth/NXP_HG3/nxp_ws/install/apriltag:/opt/ros/humble LD_LIBRARY_PATH=/home/revanth/nxp_ws/install/apriltag_msgs/lib:/home/revanth/NXP_HG3/nxp_ws/install/apriltag_msgs/lib:/home/revanth/NXP_HG3/nxp_ws/install/apriltag/lib:${LD_LIBRARY_PATH} PATH=/home/revanth/NXP_HG3/nxp_ws/install/apriltag/bin:${PATH} PKG_CONFIG_PATH=/home/revanth/NXP_HG3/nxp_ws/install/apriltag/lib/x86_64-linux-gnu/pkgconfig:/home/revanth/NXP_HG3/nxp_ws/install/apriltag/lib/pkgconfig PYTHONPATH=/home/revanth/nxp_ws/install/apriltag_msgs/local/lib/python3.10/dist-packages:${PYTHONPATH} /usr/bin/cmake --build /home/revanth/NXP_HG3/nxp_ws/build/apriltag_ros -- -j12 -l12
[14.739s] DEBUG:colcon.colcon_core.event_handler.log_command:Invoking command in '/home/revanth/NXP_HG3/nxp_ws/build/apriltag_ros': AMENT_PREFIX_PATH=/home/revanth/nxp_ws/install/apriltag_msgs:${AMENT_PREFIX_PATH} CMAKE_PREFIX_PATH=/home/revanth/NXP_HG3/nxp_ws/install/apriltag_msgs:/home/revanth/NXP_HG3/nxp_ws/install/apriltag:/opt/ros/humble LD_LIBRARY_PATH=/home/revanth/nxp_ws/install/apriltag_msgs/lib:/home/revanth/NXP_HG3/nxp_ws/install/apriltag_msgs/lib:/home/revanth/NXP_HG3/nxp_ws/install/apriltag/lib:${LD_LIBRARY_PATH} PATH=/home/revanth/NXP_HG3/nxp_ws/install/apriltag/bin:${PATH} PKG_CONFIG_PATH=/home/revanth/NXP_HG3/nxp_ws/install/apriltag/lib/x86_64-linux-gnu/pkgconfig:/home/revanth/NXP_HG3/nxp_ws/install/apriltag/lib/pkgconfig PYTHONPATH=/home/revanth/nxp_ws/install/apriltag_msgs/local/lib/python3.10/dist-packages:${PYTHONPATH} /usr/bin/cmake --install /home/revanth/NXP_HG3/nxp_ws/build/apriltag_ros
[14.775s] Level 1:colcon.colcon_core.environment:create_environment_scripts_only(apriltag_ros)
[14.782s] DEBUG:colcon.colcon_core.event_handler.log_command:Invoked command in '/home/revanth/NXP_HG3/nxp_ws/build/apriltag_ros' returned '0': AMENT_PREFIX_PATH=/home/revanth/nxp_ws/install/apriltag_msgs:${AMENT_PREFIX_PATH} CMAKE_PREFIX_PATH=/home/revanth/NXP_HG3/nxp_ws/install/apriltag_msgs:/home/revanth/NXP_HG3/nxp_ws/install/apriltag:/opt/ros/humble LD_LIBRARY_PATH=/home/revanth/nxp_ws/install/apriltag_msgs/lib:/home/revanth/NXP_HG3/nxp_ws/install/apriltag_msgs/lib:/home/revanth/NXP_HG3/nxp_ws/install/apriltag/lib:${LD_LIBRARY_PATH} PATH=/home/revanth/NXP_HG3/nxp_ws/install/apriltag/bin:${PATH} PKG_CONFIG_PATH=/home/revanth/NXP_HG3/nxp_ws/install/apriltag/lib/x86_64-linux-gnu/pkgconfig:/home/revanth/NXP_HG3/nxp_ws/install/apriltag/lib/pkgconfig PYTHONPATH=/home/revanth/nxp_ws/install/apriltag_msgs/local/lib/python3.10/dist-packages:${PYTHONPATH} /usr/bin/cmake --install /home/revanth/NXP_HG3/nxp_ws/build/apriltag_ros
[14.784s] Level 1:colcon.colcon_core.environment:checking '/home/revanth/NXP_HG3/nxp_ws/install/apriltag_ros' for CMake module files
[14.786s] Level 1:colcon.colcon_core.environment:checking '/home/revanth/NXP_HG3/nxp_ws/install/apriltag_ros' for CMake config files
[14.787s] Level 1:colcon.colcon_core.shell:create_environment_hook('apriltag_ros', 'cmake_prefix_path')
[14.791s] INFO:colcon.colcon_core.shell:Creating environment hook '/home/revanth/NXP_HG3/nxp_ws/install/apriltag_ros/share/apriltag_ros/hook/cmake_prefix_path.ps1'
[14.792s] INFO:colcon.colcon_core.shell:Creating environment descriptor '/home/revanth/NXP_HG3/nxp_ws/install/apriltag_ros/share/apriltag_ros/hook/cmake_prefix_path.dsv'
[14.794s] INFO:colcon.colcon_core.shell:Creating environment hook '/home/revanth/NXP_HG3/nxp_ws/install/apriltag_ros/share/apriltag_ros/hook/cmake_prefix_path.sh'
[14.796s] Level 1:colcon.colcon_core.environment:checking '/home/revanth/NXP_HG3/nxp_ws/install/apriltag_ros/lib'
[14.796s] Level 1:colcon.colcon_core.shell:create_environment_hook('apriltag_ros', 'ld_library_path_lib')
[14.800s] INFO:colcon.colcon_core.shell:Creating environment hook '/home/revanth/NXP_HG3/nxp_ws/install/apriltag_ros/share/apriltag_ros/hook/ld_library_path_lib.ps1'
[14.801s] INFO:colcon.colcon_core.shell:Creating environment descriptor '/home/revanth/NXP_HG3/nxp_ws/install/apriltag_ros/share/apriltag_ros/hook/ld_library_path_lib.dsv'
[14.802s] INFO:colcon.colcon_core.shell:Creating environment hook '/home/revanth/NXP_HG3/nxp_ws/install/apriltag_ros/share/apriltag_ros/hook/ld_library_path_lib.sh'
[14.803s] Level 1:colcon.colcon_core.environment:checking '/home/revanth/NXP_HG3/nxp_ws/install/apriltag_ros/bin'
[14.803s] Level 1:colcon.colcon_core.environment:checking '/home/revanth/NXP_HG3/nxp_ws/install/apriltag_ros/lib/pkgconfig/apriltag_ros.pc'
[14.804s] Level 1:colcon.colcon_core.environment:checking '/home/revanth/NXP_HG3/nxp_ws/install/apriltag_ros/lib/python3.10/site-packages'
[14.805s] Level 1:colcon.colcon_core.environment:checking '/home/revanth/NXP_HG3/nxp_ws/install/apriltag_ros/bin'
[14.810s] INFO:colcon.colcon_core.shell:Creating package script '/home/revanth/NXP_HG3/nxp_ws/install/apriltag_ros/share/apriltag_ros/package.ps1'
[14.811s] INFO:colcon.colcon_core.shell:Creating package descriptor '/home/revanth/NXP_HG3/nxp_ws/install/apriltag_ros/share/apriltag_ros/package.dsv'
[14.813s] INFO:colcon.colcon_core.shell:Creating package script '/home/revanth/NXP_HG3/nxp_ws/install/apriltag_ros/share/apriltag_ros/package.sh'
[14.814s] INFO:colcon.colcon_core.shell:Creating package script '/home/revanth/NXP_HG3/nxp_ws/install/apriltag_ros/share/apriltag_ros/package.bash'
[14.815s] INFO:colcon.colcon_core.shell:Creating package script '/home/revanth/NXP_HG3/nxp_ws/install/apriltag_ros/share/apriltag_ros/package.zsh'
[14.816s] Level 1:colcon.colcon_core.environment:create_file_with_runtime_dependencies(/home/revanth/NXP_HG3/nxp_ws/install/apriltag_ros/share/colcon-core/packages/apriltag_ros)
[14.914s] Level 1:colcon.colcon_core.environment:create_environment_scripts_only(apriltag_ros)
[14.920s] Level 1:colcon.colcon_core.environment:checking '/home/revanth/NXP_HG3/nxp_ws/install/apriltag_ros' for CMake module files
[14.922s] Level 1:colcon.colcon_core.environment:checking '/home/revanth/NXP_HG3/nxp_ws/install/apriltag_ros' for CMake config files
[14.922s] Level 1:colcon.colcon_core.shell:create_environment_hook('apriltag_ros', 'cmake_prefix_path')
[14.927s] INFO:colcon.colcon_core.shell:Creating environment hook '/home/revanth/NXP_HG3/nxp_ws/install/apriltag_ros/share/apriltag_ros/hook/cmake_prefix_path.ps1'
[14.928s] INFO:colcon.colcon_core.shell:Creating environment descriptor '/home/revanth/NXP_HG3/nxp_ws/install/apriltag_ros/share/apriltag_ros/hook/cmake_prefix_path.dsv'
[14.929s] INFO:colcon.colcon_core.shell:Creating environment hook '/home/revanth/NXP_HG3/nxp_ws/install/apriltag_ros/share/apriltag_ros/hook/cmake_prefix_path.sh'
[14.931s] Level 1:colcon.colcon_core.environment:checking '/home/revanth/NXP_HG3/nxp_ws/install/apriltag_ros/lib'
[14.931s] Level 1:colcon.colcon_core.shell:create_environment_hook('apriltag_ros', 'ld_library_path_lib')
[14.936s] INFO:colcon.colcon_core.shell:Creating environment hook '/home/revanth/NXP_HG3/nxp_ws/install/apriltag_ros/share/apriltag_ros/hook/ld_library_path_lib.ps1'
[14.937s] INFO:colcon.colcon_core.shell:Creating environment descriptor '/home/revanth/NXP_HG3/nxp_ws/install/apriltag_ros/share/apriltag_ros/hook/ld_library_path_lib.dsv'
[14.938s] INFO:colcon.colcon_core.shell:Creating environment hook '/home/revanth/NXP_HG3/nxp_ws/install/apriltag_ros/share/apriltag_ros/hook/ld_library_path_lib.sh'
[14.939s] Level 1:colcon.colcon_core.environment:checking '/home/revanth/NXP_HG3/nxp_ws/install/apriltag_ros/bin'
[14.939s] Level 1:colcon.colcon_core.environment:checking '/home/revanth/NXP_HG3/nxp_ws/install/apriltag_ros/lib/pkgconfig/apriltag_ros.pc'
[14.940s] Level 1:colcon.colcon_core.environment:checking '/home/revanth/NXP_HG3/nxp_ws/install/apriltag_ros/lib/python3.10/site-packages'
[14.941s] Level 1:colcon.colcon_core.environment:checking '/home/revanth/NXP_HG3/nxp_ws/install/apriltag_ros/bin'
[14.945s] INFO:colcon.colcon_core.shell:Creating package script '/home/revanth/NXP_HG3/nxp_ws/install/apriltag_ros/share/apriltag_ros/package.ps1'
[14.947s] INFO:colcon.colcon_core.shell:Creating package descriptor '/home/revanth/NXP_HG3/nxp_ws/install/apriltag_ros/share/apriltag_ros/package.dsv'
[14.950s] INFO:colcon.colcon_core.shell:Creating package script '/home/revanth/NXP_HG3/nxp_ws/install/apriltag_ros/share/apriltag_ros/package.sh'
[14.952s] INFO:colcon.colcon_core.shell:Creating package script '/home/revanth/NXP_HG3/nxp_ws/install/apriltag_ros/share/apriltag_ros/package.bash'
[14.953s] INFO:colcon.colcon_core.shell:Creating package script '/home/revanth/NXP_HG3/nxp_ws/install/apriltag_ros/share/apriltag_ros/package.zsh'
[14.955s] Level 1:colcon.colcon_core.environment:create_file_with_runtime_dependencies(/home/revanth/NXP_HG3/nxp_ws/install/apriltag_ros/share/colcon-core/packages/apriltag_ros)
[14.956s] DEBUG:colcon.colcon_parallel_executor.executor.parallel:closing loop
[14.957s] DEBUG:colcon.colcon_parallel_executor.executor.parallel:loop closed
[14.957s] DEBUG:colcon.colcon_parallel_executor.executor.parallel:run_until_complete finished with '0'
[14.957s] DEBUG:colcon.colcon_core.event_reactor:joining thread
[14.979s] INFO:colcon.colcon_core.plugin_system:Skipping extension 'colcon_notification.desktop_notification.terminal_notifier': Not used on non-Darwin systems
[14.979s] INFO:colcon.colcon_core.plugin_system:Skipping extension 'colcon_notification.desktop_notification.win32': Not used on non-Windows systems
[14.980s] INFO:colcon.colcon_notification.desktop_notification:Sending desktop notification using 'notify2'
[15.045s] DEBUG:colcon.colcon_core.event_reactor:joined thread
[15.054s] INFO:colcon.colcon_core.shell:Creating prefix script '/home/revanth/NXP_HG3/nxp_ws/install/local_setup.ps1'
[15.060s] INFO:colcon.colcon_core.shell:Creating prefix util module '/home/revanth/NXP_HG3/nxp_ws/install/_local_setup_util_ps1.py'
[15.069s] INFO:colcon.colcon_core.shell:Creating prefix chain script '/home/revanth/NXP_HG3/nxp_ws/install/setup.ps1'
[15.075s] INFO:colcon.colcon_core.shell:Creating prefix script '/home/revanth/NXP_HG3/nxp_ws/install/local_setup.sh'
[15.078s] INFO:colcon.colcon_core.shell:Creating prefix util module '/home/revanth/NXP_HG3/nxp_ws/install/_local_setup_util_sh.py'
[15.081s] INFO:colcon.colcon_core.shell:Creating prefix chain script '/home/revanth/NXP_HG3/nxp_ws/install/setup.sh'
[15.088s] INFO:colcon.colcon_core.shell:Creating prefix script '/home/revanth/NXP_HG3/nxp_ws/install/local_setup.bash'
[15.090s] INFO:colcon.colcon_core.shell:Creating prefix chain script '/home/revanth/NXP_HG3/nxp_ws/install/setup.bash'
[15.097s] INFO:colcon.colcon_core.shell:Creating prefix script '/home/revanth/NXP_HG3/nxp_ws/install/local_setup.zsh'
[15.100s] INFO:colcon.colcon_core.shell:Creating prefix chain script '/home/revanth/NXP_HG3/nxp_ws/install/setup.zsh'
