[0.037s] Invoking command in '/home/revanth/NXP_HG3/nxp_ws/build/apriltag_ros': AMENT_PREFIX_PATH=/home/revanth/nxp_ws/install/apriltag_msgs:${AMENT_PREFIX_PATH} CMAKE_PREFIX_PATH=/home/revanth/NXP_HG3/nxp_ws/install/apriltag_msgs:/home/revanth/NXP_HG3/nxp_ws/install/apriltag:/opt/ros/humble LD_LIBRARY_PATH=/home/revanth/nxp_ws/install/apriltag_msgs/lib:/home/revanth/NXP_HG3/nxp_ws/install/apriltag_msgs/lib:/home/revanth/NXP_HG3/nxp_ws/install/apriltag/lib:${LD_LIBRARY_PATH} PATH=/home/revanth/NXP_HG3/nxp_ws/install/apriltag/bin:${PATH} PKG_CONFIG_PATH=/home/revanth/NXP_HG3/nxp_ws/install/apriltag/lib/x86_64-linux-gnu/pkgconfig:/home/revanth/NXP_HG3/nxp_ws/install/apriltag/lib/pkgconfig PYTHONPATH=/home/revanth/nxp_ws/install/apriltag_msgs/local/lib/python3.10/dist-packages:${PYTHONPATH} /usr/bin/cmake --build /home/revanth/NXP_HG3/nxp_ws/build/apriltag_ros -- -j12 -l12
[0.058s] [0mCMake Error: The current CMakeCache.txt directory /home/revanth/NXP_HG3/nxp_ws/build/apriltag_ros/CMakeCache.txt is different than the directory /home/revanth/nxp_ws/build/apriltag_ros where CMakeCache.txt was created. This may result in binaries being created in the wrong place. If you are not sure, reedit the CMakeCache.txt[0m
[0.132s] -- Found rclcpp: 16.0.3 (/opt/ros/humble/share/rclcpp/cmake)
[0.671s] -- Found rosidl_generator_c: 3.1.4 (/opt/ros/humble/share/rosidl_generator_c/cmake)
[0.679s] -- Found rosidl_adapter: 3.1.4 (/opt/ros/humble/share/rosidl_adapter/cmake)
[0.698s] -- Found rosidl_generator_cpp: 3.1.4 (/opt/ros/humble/share/rosidl_generator_cpp/cmake)
[0.733s] -- Using all available rosidl_typesupport_c: rosidl_typesupport_fastrtps_c;rosidl_typesupport_introspection_c
[0.782s] -- Using all available rosidl_typesupport_cpp: rosidl_typesupport_fastrtps_cpp;rosidl_typesupport_introspection_cpp
[0.905s] -- Found rmw_implementation_cmake: 6.1.1 (/opt/ros/humble/share/rmw_implementation_cmake/cmake)
[0.908s] -- Found rmw_fastrtps_cpp: 6.2.2 (/opt/ros/humble/share/rmw_fastrtps_cpp/cmake)
[1.051s] -- Using RMW implementation 'rmw_fastrtps_cpp' as default
[1.247s] -- Found rclcpp_components: 16.0.3 (/opt/ros/humble/share/rclcpp_components/cmake)
[1.320s] -- Found sensor_msgs: 4.2.3 (/opt/ros/humble/share/sensor_msgs/cmake)
[1.475s] -- Found apriltag_msgs: 2.0.0 (/home/revanth/nxp_ws/install/apriltag_msgs/share/apriltag_msgs/cmake)
[1.523s] -- Found tf2_ros: 0.25.2 (/opt/ros/humble/share/tf2_ros/cmake)
[1.815s] -- Found image_transport: 3.1.5 (/opt/ros/humble/share/image_transport/cmake)
[1.839s] -- Found cv_bridge: 3.2.1 (/opt/ros/humble/share/cv_bridge/cmake)
[2.017s] -- Configuring done
[2.085s] -- Generating done
[2.090s] -- Build files have been written to: /home/revanth/nxp_ws/build/apriltag_ros
[2.168s] [35m[1mConsolidate compiler generated dependencies of target utils[0m
[2.173s] [35m[1mConsolidate compiler generated dependencies of target apriltag_node[0m
[2.208s] [ 33%] Built target utils
[2.247s] [ 50%] [32mBuilding CXX object CMakeFiles/apriltag_node.dir/rclcpp_components/node_main_apriltag_node.cpp.o[0m
[2.255s] [35m[1mConsolidate compiler generated dependencies of target AprilTagNode[0m
[2.346s] [ 83%] Built target AprilTagNode
[6.107s] [100%] [32m[1mLinking CXX executable apriltag_node[0m
[6.477s] [100%] Built target apriltag_node
[6.495s] Invoked command in '/home/revanth/NXP_HG3/nxp_ws/build/apriltag_ros' returned '0': AMENT_PREFIX_PATH=/home/revanth/nxp_ws/install/apriltag_msgs:${AMENT_PREFIX_PATH} CMAKE_PREFIX_PATH=/home/revanth/NXP_HG3/nxp_ws/install/apriltag_msgs:/home/revanth/NXP_HG3/nxp_ws/install/apriltag:/opt/ros/humble LD_LIBRARY_PATH=/home/revanth/nxp_ws/install/apriltag_msgs/lib:/home/revanth/NXP_HG3/nxp_ws/install/apriltag_msgs/lib:/home/revanth/NXP_HG3/nxp_ws/install/apriltag/lib:${LD_LIBRARY_PATH} PATH=/home/revanth/NXP_HG3/nxp_ws/install/apriltag/bin:${PATH} PKG_CONFIG_PATH=/home/revanth/NXP_HG3/nxp_ws/install/apriltag/lib/x86_64-linux-gnu/pkgconfig:/home/revanth/NXP_HG3/nxp_ws/install/apriltag/lib/pkgconfig PYTHONPATH=/home/revanth/nxp_ws/install/apriltag_msgs/local/lib/python3.10/dist-packages:${PYTHONPATH} /usr/bin/cmake --build /home/revanth/NXP_HG3/nxp_ws/build/apriltag_ros -- -j12 -l12
[6.579s] Invoking command in '/home/revanth/NXP_HG3/nxp_ws/build/apriltag_ros': AMENT_PREFIX_PATH=/home/revanth/nxp_ws/install/apriltag_msgs:${AMENT_PREFIX_PATH} CMAKE_PREFIX_PATH=/home/revanth/NXP_HG3/nxp_ws/install/apriltag_msgs:/home/revanth/NXP_HG3/nxp_ws/install/apriltag:/opt/ros/humble LD_LIBRARY_PATH=/home/revanth/nxp_ws/install/apriltag_msgs/lib:/home/revanth/NXP_HG3/nxp_ws/install/apriltag_msgs/lib:/home/revanth/NXP_HG3/nxp_ws/install/apriltag/lib:${LD_LIBRARY_PATH} PATH=/home/revanth/NXP_HG3/nxp_ws/install/apriltag/bin:${PATH} PKG_CONFIG_PATH=/home/revanth/NXP_HG3/nxp_ws/install/apriltag/lib/x86_64-linux-gnu/pkgconfig:/home/revanth/NXP_HG3/nxp_ws/install/apriltag/lib/pkgconfig PYTHONPATH=/home/revanth/nxp_ws/install/apriltag_msgs/local/lib/python3.10/dist-packages:${PYTHONPATH} /usr/bin/cmake --install /home/revanth/NXP_HG3/nxp_ws/build/apriltag_ros
[6.600s] -- Install configuration: ""
[6.602s] -- Up-to-date: /home/revanth/nxp_ws/install/apriltag_ros/lib/apriltag_ros/apriltag_node
[6.603s] -- Up-to-date: /home/revanth/nxp_ws/install/apriltag_ros/share/apriltag_ros/environment/library_path.sh
[6.603s] -- Installing: /home/revanth/nxp_ws/install/apriltag_ros/share/apriltag_ros/environment/library_path.dsv
[6.605s] -- Up-to-date: /home/revanth/nxp_ws/install/apriltag_ros/lib/libAprilTagNode.so
[6.605s] -- Up-to-date: /home/revanth/nxp_ws/install/apriltag_ros/share/apriltag_ros/cfg
[6.606s] -- Up-to-date: /home/revanth/nxp_ws/install/apriltag_ros/share/apriltag_ros/cfg/tags_36h11.yaml
[6.607s] -- Up-to-date: /home/revanth/nxp_ws/install/apriltag_ros/share/apriltag_ros/launch
[6.607s] -- Up-to-date: /home/revanth/nxp_ws/install/apriltag_ros/share/apriltag_ros/launch/tag_36h11_all.launch.py
[6.608s] -- Up-to-date: /home/revanth/nxp_ws/install/apriltag_ros/share/ament_index/resource_index/package_run_dependencies/apriltag_ros
[6.608s] -- Up-to-date: /home/revanth/nxp_ws/install/apriltag_ros/share/ament_index/resource_index/parent_prefix_path/apriltag_ros
[6.609s] -- Up-to-date: /home/revanth/nxp_ws/install/apriltag_ros/share/apriltag_ros/environment/ament_prefix_path.sh
[6.609s] -- Installing: /home/revanth/nxp_ws/install/apriltag_ros/share/apriltag_ros/environment/ament_prefix_path.dsv
[6.610s] -- Up-to-date: /home/revanth/nxp_ws/install/apriltag_ros/share/apriltag_ros/environment/path.sh
[6.610s] -- Installing: /home/revanth/nxp_ws/install/apriltag_ros/share/apriltag_ros/environment/path.dsv
[6.611s] -- Up-to-date: /home/revanth/nxp_ws/install/apriltag_ros/share/apriltag_ros/local_setup.bash
[6.611s] -- Up-to-date: /home/revanth/nxp_ws/install/apriltag_ros/share/apriltag_ros/local_setup.sh
[6.612s] -- Up-to-date: /home/revanth/nxp_ws/install/apriltag_ros/share/apriltag_ros/local_setup.zsh
[6.612s] -- Installing: /home/revanth/nxp_ws/install/apriltag_ros/share/apriltag_ros/local_setup.dsv
[6.612s] -- Installing: /home/revanth/nxp_ws/install/apriltag_ros/share/apriltag_ros/package.dsv
[6.613s] -- Up-to-date: /home/revanth/nxp_ws/install/apriltag_ros/share/ament_index/resource_index/packages/apriltag_ros
[6.613s] -- Up-to-date: /home/revanth/nxp_ws/install/apriltag_ros/share/ament_index/resource_index/rclcpp_components/apriltag_ros
[6.613s] -- Up-to-date: /home/revanth/nxp_ws/install/apriltag_ros/share/apriltag_ros/cmake/apriltag_rosConfig.cmake
[6.614s] -- Up-to-date: /home/revanth/nxp_ws/install/apriltag_ros/share/apriltag_ros/cmake/apriltag_rosConfig-version.cmake
[6.614s] -- Up-to-date: /home/revanth/nxp_ws/install/apriltag_ros/share/apriltag_ros/package.xml
[6.622s] Invoked command in '/home/revanth/NXP_HG3/nxp_ws/build/apriltag_ros' returned '0': AMENT_PREFIX_PATH=/home/revanth/nxp_ws/install/apriltag_msgs:${AMENT_PREFIX_PATH} CMAKE_PREFIX_PATH=/home/revanth/NXP_HG3/nxp_ws/install/apriltag_msgs:/home/revanth/NXP_HG3/nxp_ws/install/apriltag:/opt/ros/humble LD_LIBRARY_PATH=/home/revanth/nxp_ws/install/apriltag_msgs/lib:/home/revanth/NXP_HG3/nxp_ws/install/apriltag_msgs/lib:/home/revanth/NXP_HG3/nxp_ws/install/apriltag/lib:${LD_LIBRARY_PATH} PATH=/home/revanth/NXP_HG3/nxp_ws/install/apriltag/bin:${PATH} PKG_CONFIG_PATH=/home/revanth/NXP_HG3/nxp_ws/install/apriltag/lib/x86_64-linux-gnu/pkgconfig:/home/revanth/NXP_HG3/nxp_ws/install/apriltag/lib/pkgconfig PYTHONPATH=/home/revanth/nxp_ws/install/apriltag_msgs/local/lib/python3.10/dist-packages:${PYTHONPATH} /usr/bin/cmake --install /home/revanth/NXP_HG3/nxp_ws/build/apriltag_ros
