-- The C compiler identification is GNU 11.3.0
-- The CXX compiler identification is GNU 11.3.0
-- Detecting C compiler ABI info
-- Detecting C compiler ABI info - done
-- Check for working C compiler: /usr/bin/cc - skipped
-- Detecting C compile features
-- Detecting C compile features - done
-- Detecting CXX compiler ABI info
-- Detecting CXX compiler ABI info - done
-- Check for working CXX compiler: /usr/bin/c++ - skipped
-- Detecting CXX compile features
-- Detecting CXX compile features - done
-- Found rclcpp: 16.0.2 (/opt/ros/humble/share/rclcpp/cmake)
-- Found Python3: /usr/bin/python3.10 (found version "3.10.6") found components: Interpreter 
-- Found rosidl_generator_c: 3.1.4 (/opt/ros/humble/share/rosidl_generator_c/cmake)
-- Found rosidl_adapter: 3.1.4 (/opt/ros/humble/share/rosidl_adapter/cmake)
-- Found rosidl_generator_cpp: 3.1.4 (/opt/ros/humble/share/rosidl_generator_cpp/cmake)
-- Using all available rosidl_typesupport_c: rosidl_typesupport_fastrtps_c;rosidl_typesupport_introspection_c
-- Using all available rosidl_typesupport_cpp: rosidl_typesupport_fastrtps_cpp;rosidl_typesupport_introspection_cpp
-- Found rmw_implementation_cmake: 6.1.1 (/opt/ros/humble/share/rmw_implementation_cmake/cmake)
-- Found rmw_fastrtps_cpp: 6.2.2 (/opt/ros/humble/share/rmw_fastrtps_cpp/cmake)
-- Found OpenSSL: /usr/lib/x86_64-linux-gnu/libcrypto.so (found version "3.0.2")  
-- Found FastRTPS: /opt/ros/humble/include  
-- Using RMW implementation 'rmw_fastrtps_cpp' as default
-- Looking for pthread.h
-- Looking for pthread.h - found
-- Performing Test CMAKE_HAVE_LIBC_PTHREAD
-- Performing Test CMAKE_HAVE_LIBC_PTHREAD - Success
-- Found Threads: TRUE  
-- Found rclcpp_components: 16.0.2 (/opt/ros/humble/share/rclcpp_components/cmake)
-- Found sensor_msgs: 4.2.2 (/opt/ros/humble/share/sensor_msgs/cmake)
-- Found apriltag_msgs: 2.0.0 (/home/revanth/nxp_ws/install/apriltag_msgs/share/apriltag_msgs/cmake)
-- Found tf2_ros: 0.25.1 (/opt/ros/humble/share/tf2_ros/cmake)
-- Found image_transport: 3.1.4 (/opt/ros/humble/share/image_transport/cmake)
-- Found cv_bridge: 3.2.1 (/opt/ros/humble/share/cv_bridge/cmake)
-- Configuring done
-- Generating done
-- Build files have been written to: /home/revanth/nxp_ws/build/apriltag_ros
[ 33%] [32mBuilding CXX object CMakeFiles/utils.dir/src/tag_functions.cpp.o[0m
[ 33%] [32mBuilding CXX object CMakeFiles/apriltag_node.dir/rclcpp_components/node_main_apriltag_node.cpp.o[0m
[ 50%] [32m[1mLinking CXX static library libutils.a[0m
[ 50%] Built target utils
[ 66%] [32mBuilding CXX object CMakeFiles/AprilTagNode.dir/src/AprilTagNode.cpp.o[0m
[ 83%] [32m[1mLinking CXX executable apriltag_node[0m
[ 83%] Built target apriltag_node
[100%] [32m[1mLinking CXX shared library libAprilTagNode.so[0m
[100%] Built target AprilTagNode
-- Install configuration: ""
-- Installing: /home/revanth/nxp_ws/install/apriltag_ros/lib/apriltag_ros/apriltag_node
-- Set runtime path of "/home/revanth/nxp_ws/install/apriltag_ros/lib/apriltag_ros/apriltag_node" to ""
-- Installing: /home/revanth/nxp_ws/install/apriltag_ros/share/apriltag_ros/environment/library_path.sh
-- Installing: /home/revanth/nxp_ws/install/apriltag_ros/share/apriltag_ros/environment/library_path.dsv
-- Installing: /home/revanth/nxp_ws/install/apriltag_ros/lib/libAprilTagNode.so
-- Set runtime path of "/home/revanth/nxp_ws/install/apriltag_ros/lib/libAprilTagNode.so" to ""
-- Installing: /home/revanth/nxp_ws/install/apriltag_ros/share/apriltag_ros/cfg
-- Installing: /home/revanth/nxp_ws/install/apriltag_ros/share/apriltag_ros/cfg/tags_36h11.yaml
-- Installing: /home/revanth/nxp_ws/install/apriltag_ros/share/apriltag_ros/launch
-- Installing: /home/revanth/nxp_ws/install/apriltag_ros/share/apriltag_ros/launch/tag_36h11_all.launch.py
-- Installing: /home/revanth/nxp_ws/install/apriltag_ros/share/ament_index/resource_index/package_run_dependencies/apriltag_ros
-- Installing: /home/revanth/nxp_ws/install/apriltag_ros/share/ament_index/resource_index/parent_prefix_path/apriltag_ros
-- Installing: /home/revanth/nxp_ws/install/apriltag_ros/share/apriltag_ros/environment/ament_prefix_path.sh
-- Installing: /home/revanth/nxp_ws/install/apriltag_ros/share/apriltag_ros/environment/ament_prefix_path.dsv
-- Installing: /home/revanth/nxp_ws/install/apriltag_ros/share/apriltag_ros/environment/path.sh
-- Installing: /home/revanth/nxp_ws/install/apriltag_ros/share/apriltag_ros/environment/path.dsv
-- Installing: /home/revanth/nxp_ws/install/apriltag_ros/share/apriltag_ros/local_setup.bash
-- Installing: /home/revanth/nxp_ws/install/apriltag_ros/share/apriltag_ros/local_setup.sh
-- Installing: /home/revanth/nxp_ws/install/apriltag_ros/share/apriltag_ros/local_setup.zsh
-- Installing: /home/revanth/nxp_ws/install/apriltag_ros/share/apriltag_ros/local_setup.dsv
-- Installing: /home/revanth/nxp_ws/install/apriltag_ros/share/apriltag_ros/package.dsv
-- Installing: /home/revanth/nxp_ws/install/apriltag_ros/share/ament_index/resource_index/packages/apriltag_ros
-- Installing: /home/revanth/nxp_ws/install/apriltag_ros/share/ament_index/resource_index/rclcpp_components/apriltag_ros
-- Installing: /home/revanth/nxp_ws/install/apriltag_ros/share/apriltag_ros/cmake/apriltag_rosConfig.cmake
-- Installing: /home/revanth/nxp_ws/install/apriltag_ros/share/apriltag_ros/cmake/apriltag_rosConfig-version.cmake
-- Installing: /home/revanth/nxp_ws/install/apriltag_ros/share/apriltag_ros/package.xml
