[0.015s] Invoking command in '/home/revanth/nxp_ws/build/apriltag_ros': CMAKE_PREFIX_PATH=/home/revanth/nxp_ws/install/apriltag_msgs:/home/revanth/nxp_ws/install/apriltag:/home/revanth/nxp_ws/install/apriltag_ros:/home/revanth/apriltag/install/apriltag:/home/revanth/apriltag_ros/install/apriltag_ros:/home/revanth/ws_nxp/install/nxp_purt:/home/revanth/librealsense/install/librealsense2:/home/revanth/realsense-ros/install/realsense2_description:/home/revanth/realsense-ros/install/realsense2_camera_msgs:/home/revanth/apriltag_msgs/install/apriltag_msgs:/home/revanth/ros2_ws/install/my_cpp_pkg:/home/revanth/ros2_ws/install/my_py_pkg:/opt/ros/humble LD_LIBRARY_PATH=/home/revanth/nxp_ws/install/apriltag_msgs/lib:/home/revanth/nxp_ws/install/apriltag/lib:/home/revanth/nxp_ws/install/apriltag_ros/lib:/home/revanth/apriltag/install/apriltag/lib:/home/revanth/apriltag_ros/install/apriltag_ros/lib:/home/revanth/librealsense/install/librealsense2/lib:/home/revanth/realsense-ros/install/realsense2_camera_msgs/lib:/home/revanth/apriltag_msgs/install/apriltag_msgs/lib:/opt/ros/humble/opt/rviz_ogre_vendor/lib:/opt/ros/humble/lib/x86_64-linux-gnu:/opt/ros/humble/lib /usr/bin/cmake /home/revanth/nxp_ws/src/apriltag_ros -DCMAKE_INSTALL_PREFIX=/home/revanth/nxp_ws/install/apriltag_ros
[0.063s] -- The C compiler identification is GNU 11.3.0
[0.117s] -- The CXX compiler identification is GNU 11.3.0
[0.124s] -- Detecting C compiler ABI info
[0.196s] -- Detecting C compiler ABI info - done
[0.203s] -- Check for working C compiler: /usr/bin/cc - skipped
[0.203s] -- Detecting C compile features
[0.204s] -- Detecting C compile features - done
[0.208s] -- Detecting CXX compiler ABI info
[0.285s] -- Detecting CXX compiler ABI info - done
[0.292s] -- Check for working CXX compiler: /usr/bin/c++ - skipped
[0.293s] -- Detecting CXX compile features
[0.293s] -- Detecting CXX compile features - done
[0.295s] -- Found rclcpp: 16.0.2 (/opt/ros/humble/share/rclcpp/cmake)
[0.450s] -- Found Python3: /usr/bin/python3.10 (found version "3.10.6") found components: Interpreter 
[0.591s] -- Found rosidl_generator_c: 3.1.4 (/opt/ros/humble/share/rosidl_generator_c/cmake)
[0.596s] -- Found rosidl_adapter: 3.1.4 (/opt/ros/humble/share/rosidl_adapter/cmake)
[0.606s] -- Found rosidl_generator_cpp: 3.1.4 (/opt/ros/humble/share/rosidl_generator_cpp/cmake)
[0.621s] -- Using all available rosidl_typesupport_c: rosidl_typesupport_fastrtps_c;rosidl_typesupport_introspection_c
[0.642s] -- Using all available rosidl_typesupport_cpp: rosidl_typesupport_fastrtps_cpp;rosidl_typesupport_introspection_cpp
[0.714s] -- Found rmw_implementation_cmake: 6.1.1 (/opt/ros/humble/share/rmw_implementation_cmake/cmake)
[0.717s] -- Found rmw_fastrtps_cpp: 6.2.2 (/opt/ros/humble/share/rmw_fastrtps_cpp/cmake)
[0.810s] -- Found OpenSSL: /usr/lib/x86_64-linux-gnu/libcrypto.so (found version "3.0.2")  
[0.834s] -- Found FastRTPS: /opt/ros/humble/include  
[0.879s] -- Using RMW implementation 'rmw_fastrtps_cpp' as default
[0.889s] -- Looking for pthread.h
[0.949s] -- Looking for pthread.h - found
[0.949s] -- Performing Test CMAKE_HAVE_LIBC_PTHREAD
[1.015s] -- Performing Test CMAKE_HAVE_LIBC_PTHREAD - Success
[1.015s] -- Found Threads: TRUE  
[1.175s] -- Found rclcpp_components: 16.0.2 (/opt/ros/humble/share/rclcpp_components/cmake)
[1.246s] -- Found sensor_msgs: 4.2.2 (/opt/ros/humble/share/sensor_msgs/cmake)
[1.372s] -- Found apriltag_msgs: 2.0.0 (/home/revanth/nxp_ws/install/apriltag_msgs/share/apriltag_msgs/cmake)
[1.420s] -- Found tf2_ros: 0.25.1 (/opt/ros/humble/share/tf2_ros/cmake)
[1.698s] -- Found image_transport: 3.1.4 (/opt/ros/humble/share/image_transport/cmake)
[1.727s] -- Found cv_bridge: 3.2.1 (/opt/ros/humble/share/cv_bridge/cmake)
[1.825s] -- Configuring done
[1.843s] -- Generating done
[1.845s] -- Build files have been written to: /home/revanth/nxp_ws/build/apriltag_ros
[1.856s] Invoked command in '/home/revanth/nxp_ws/build/apriltag_ros' returned '0': CMAKE_PREFIX_PATH=/home/revanth/nxp_ws/install/apriltag_msgs:/home/revanth/nxp_ws/install/apriltag:/home/revanth/nxp_ws/install/apriltag_ros:/home/revanth/apriltag/install/apriltag:/home/revanth/apriltag_ros/install/apriltag_ros:/home/revanth/ws_nxp/install/nxp_purt:/home/revanth/librealsense/install/librealsense2:/home/revanth/realsense-ros/install/realsense2_description:/home/revanth/realsense-ros/install/realsense2_camera_msgs:/home/revanth/apriltag_msgs/install/apriltag_msgs:/home/revanth/ros2_ws/install/my_cpp_pkg:/home/revanth/ros2_ws/install/my_py_pkg:/opt/ros/humble LD_LIBRARY_PATH=/home/revanth/nxp_ws/install/apriltag_msgs/lib:/home/revanth/nxp_ws/install/apriltag/lib:/home/revanth/nxp_ws/install/apriltag_ros/lib:/home/revanth/apriltag/install/apriltag/lib:/home/revanth/apriltag_ros/install/apriltag_ros/lib:/home/revanth/librealsense/install/librealsense2/lib:/home/revanth/realsense-ros/install/realsense2_camera_msgs/lib:/home/revanth/apriltag_msgs/install/apriltag_msgs/lib:/opt/ros/humble/opt/rviz_ogre_vendor/lib:/opt/ros/humble/lib/x86_64-linux-gnu:/opt/ros/humble/lib /usr/bin/cmake /home/revanth/nxp_ws/src/apriltag_ros -DCMAKE_INSTALL_PREFIX=/home/revanth/nxp_ws/install/apriltag_ros
[1.858s] Invoking command in '/home/revanth/nxp_ws/build/apriltag_ros': CMAKE_PREFIX_PATH=/home/revanth/nxp_ws/install/apriltag_msgs:/home/revanth/nxp_ws/install/apriltag:/home/revanth/nxp_ws/install/apriltag_ros:/home/revanth/apriltag/install/apriltag:/home/revanth/apriltag_ros/install/apriltag_ros:/home/revanth/ws_nxp/install/nxp_purt:/home/revanth/librealsense/install/librealsense2:/home/revanth/realsense-ros/install/realsense2_description:/home/revanth/realsense-ros/install/realsense2_camera_msgs:/home/revanth/apriltag_msgs/install/apriltag_msgs:/home/revanth/ros2_ws/install/my_cpp_pkg:/home/revanth/ros2_ws/install/my_py_pkg:/opt/ros/humble LD_LIBRARY_PATH=/home/revanth/nxp_ws/install/apriltag_msgs/lib:/home/revanth/nxp_ws/install/apriltag/lib:/home/revanth/nxp_ws/install/apriltag_ros/lib:/home/revanth/apriltag/install/apriltag/lib:/home/revanth/apriltag_ros/install/apriltag_ros/lib:/home/revanth/librealsense/install/librealsense2/lib:/home/revanth/realsense-ros/install/realsense2_camera_msgs/lib:/home/revanth/apriltag_msgs/install/apriltag_msgs/lib:/opt/ros/humble/opt/rviz_ogre_vendor/lib:/opt/ros/humble/lib/x86_64-linux-gnu:/opt/ros/humble/lib /usr/bin/cmake --build /home/revanth/nxp_ws/build/apriltag_ros -- -j12 -l12
[1.899s] [ 33%] [32mBuilding CXX object CMakeFiles/utils.dir/src/tag_functions.cpp.o[0m
[1.899s] [ 33%] [32mBuilding CXX object CMakeFiles/apriltag_node.dir/rclcpp_components/node_main_apriltag_node.cpp.o[0m
[2.208s] [ 50%] [32m[1mLinking CXX static library libutils.a[0m
[2.243s] [ 50%] Built target utils
[2.261s] [ 66%] [32mBuilding CXX object CMakeFiles/AprilTagNode.dir/src/AprilTagNode.cpp.o[0m
[4.907s] [ 83%] [32m[1mLinking CXX executable apriltag_node[0m
[5.046s] [ 83%] Built target apriltag_node
[9.251s] [100%] [32m[1mLinking CXX shared library libAprilTagNode.so[0m
[9.569s] [100%] Built target AprilTagNode
[9.581s] Invoked command in '/home/revanth/nxp_ws/build/apriltag_ros' returned '0': CMAKE_PREFIX_PATH=/home/revanth/nxp_ws/install/apriltag_msgs:/home/revanth/nxp_ws/install/apriltag:/home/revanth/nxp_ws/install/apriltag_ros:/home/revanth/apriltag/install/apriltag:/home/revanth/apriltag_ros/install/apriltag_ros:/home/revanth/ws_nxp/install/nxp_purt:/home/revanth/librealsense/install/librealsense2:/home/revanth/realsense-ros/install/realsense2_description:/home/revanth/realsense-ros/install/realsense2_camera_msgs:/home/revanth/apriltag_msgs/install/apriltag_msgs:/home/revanth/ros2_ws/install/my_cpp_pkg:/home/revanth/ros2_ws/install/my_py_pkg:/opt/ros/humble LD_LIBRARY_PATH=/home/revanth/nxp_ws/install/apriltag_msgs/lib:/home/revanth/nxp_ws/install/apriltag/lib:/home/revanth/nxp_ws/install/apriltag_ros/lib:/home/revanth/apriltag/install/apriltag/lib:/home/revanth/apriltag_ros/install/apriltag_ros/lib:/home/revanth/librealsense/install/librealsense2/lib:/home/revanth/realsense-ros/install/realsense2_camera_msgs/lib:/home/revanth/apriltag_msgs/install/apriltag_msgs/lib:/opt/ros/humble/opt/rviz_ogre_vendor/lib:/opt/ros/humble/lib/x86_64-linux-gnu:/opt/ros/humble/lib /usr/bin/cmake --build /home/revanth/nxp_ws/build/apriltag_ros -- -j12 -l12
[9.612s] Invoking command in '/home/revanth/nxp_ws/build/apriltag_ros': CMAKE_PREFIX_PATH=/home/revanth/nxp_ws/install/apriltag_msgs:/home/revanth/nxp_ws/install/apriltag:/home/revanth/nxp_ws/install/apriltag_ros:/home/revanth/apriltag/install/apriltag:/home/revanth/apriltag_ros/install/apriltag_ros:/home/revanth/ws_nxp/install/nxp_purt:/home/revanth/librealsense/install/librealsense2:/home/revanth/realsense-ros/install/realsense2_description:/home/revanth/realsense-ros/install/realsense2_camera_msgs:/home/revanth/apriltag_msgs/install/apriltag_msgs:/home/revanth/ros2_ws/install/my_cpp_pkg:/home/revanth/ros2_ws/install/my_py_pkg:/opt/ros/humble LD_LIBRARY_PATH=/home/revanth/nxp_ws/install/apriltag_msgs/lib:/home/revanth/nxp_ws/install/apriltag/lib:/home/revanth/nxp_ws/install/apriltag_ros/lib:/home/revanth/apriltag/install/apriltag/lib:/home/revanth/apriltag_ros/install/apriltag_ros/lib:/home/revanth/librealsense/install/librealsense2/lib:/home/revanth/realsense-ros/install/realsense2_camera_msgs/lib:/home/revanth/apriltag_msgs/install/apriltag_msgs/lib:/opt/ros/humble/opt/rviz_ogre_vendor/lib:/opt/ros/humble/lib/x86_64-linux-gnu:/opt/ros/humble/lib /usr/bin/cmake --install /home/revanth/nxp_ws/build/apriltag_ros
[9.618s] -- Install configuration: ""
[9.619s] -- Installing: /home/revanth/nxp_ws/install/apriltag_ros/lib/apriltag_ros/apriltag_node
[9.619s] -- Set runtime path of "/home/revanth/nxp_ws/install/apriltag_ros/lib/apriltag_ros/apriltag_node" to ""
[9.619s] -- Installing: /home/revanth/nxp_ws/install/apriltag_ros/share/apriltag_ros/environment/library_path.sh
[9.619s] -- Installing: /home/revanth/nxp_ws/install/apriltag_ros/share/apriltag_ros/environment/library_path.dsv
[9.620s] -- Installing: /home/revanth/nxp_ws/install/apriltag_ros/lib/libAprilTagNode.so
[9.622s] -- Set runtime path of "/home/revanth/nxp_ws/install/apriltag_ros/lib/libAprilTagNode.so" to ""
[9.623s] -- Installing: /home/revanth/nxp_ws/install/apriltag_ros/share/apriltag_ros/cfg
[9.623s] -- Installing: /home/revanth/nxp_ws/install/apriltag_ros/share/apriltag_ros/cfg/tags_36h11.yaml
[9.623s] -- Installing: /home/revanth/nxp_ws/install/apriltag_ros/share/apriltag_ros/launch
[9.623s] -- Installing: /home/revanth/nxp_ws/install/apriltag_ros/share/apriltag_ros/launch/tag_36h11_all.launch.py
[9.623s] -- Installing: /home/revanth/nxp_ws/install/apriltag_ros/share/ament_index/resource_index/package_run_dependencies/apriltag_ros
[9.623s] -- Installing: /home/revanth/nxp_ws/install/apriltag_ros/share/ament_index/resource_index/parent_prefix_path/apriltag_ros
[9.623s] -- Installing: /home/revanth/nxp_ws/install/apriltag_ros/share/apriltag_ros/environment/ament_prefix_path.sh
[9.623s] -- Installing: /home/revanth/nxp_ws/install/apriltag_ros/share/apriltag_ros/environment/ament_prefix_path.dsv
[9.624s] -- Installing: /home/revanth/nxp_ws/install/apriltag_ros/share/apriltag_ros/environment/path.sh
[9.624s] -- Installing: /home/revanth/nxp_ws/install/apriltag_ros/share/apriltag_ros/environment/path.dsv
[9.624s] -- Installing: /home/revanth/nxp_ws/install/apriltag_ros/share/apriltag_ros/local_setup.bash
[9.624s] -- Installing: /home/revanth/nxp_ws/install/apriltag_ros/share/apriltag_ros/local_setup.sh
[9.624s] -- Installing: /home/revanth/nxp_ws/install/apriltag_ros/share/apriltag_ros/local_setup.zsh
[9.624s] -- Installing: /home/revanth/nxp_ws/install/apriltag_ros/share/apriltag_ros/local_setup.dsv
[9.624s] -- Installing: /home/revanth/nxp_ws/install/apriltag_ros/share/apriltag_ros/package.dsv
[9.624s] -- Installing: /home/revanth/nxp_ws/install/apriltag_ros/share/ament_index/resource_index/packages/apriltag_ros
[9.624s] -- Installing: /home/revanth/nxp_ws/install/apriltag_ros/share/ament_index/resource_index/rclcpp_components/apriltag_ros
[9.625s] -- Installing: /home/revanth/nxp_ws/install/apriltag_ros/share/apriltag_ros/cmake/apriltag_rosConfig.cmake
[9.625s] -- Installing: /home/revanth/nxp_ws/install/apriltag_ros/share/apriltag_ros/cmake/apriltag_rosConfig-version.cmake
[9.625s] -- Installing: /home/revanth/nxp_ws/install/apriltag_ros/share/apriltag_ros/package.xml
[9.628s] Invoked command in '/home/revanth/nxp_ws/build/apriltag_ros' returned '0': CMAKE_PREFIX_PATH=/home/revanth/nxp_ws/install/apriltag_msgs:/home/revanth/nxp_ws/install/apriltag:/home/revanth/nxp_ws/install/apriltag_ros:/home/revanth/apriltag/install/apriltag:/home/revanth/apriltag_ros/install/apriltag_ros:/home/revanth/ws_nxp/install/nxp_purt:/home/revanth/librealsense/install/librealsense2:/home/revanth/realsense-ros/install/realsense2_description:/home/revanth/realsense-ros/install/realsense2_camera_msgs:/home/revanth/apriltag_msgs/install/apriltag_msgs:/home/revanth/ros2_ws/install/my_cpp_pkg:/home/revanth/ros2_ws/install/my_py_pkg:/opt/ros/humble LD_LIBRARY_PATH=/home/revanth/nxp_ws/install/apriltag_msgs/lib:/home/revanth/nxp_ws/install/apriltag/lib:/home/revanth/nxp_ws/install/apriltag_ros/lib:/home/revanth/apriltag/install/apriltag/lib:/home/revanth/apriltag_ros/install/apriltag_ros/lib:/home/revanth/librealsense/install/librealsense2/lib:/home/revanth/realsense-ros/install/realsense2_camera_msgs/lib:/home/revanth/apriltag_msgs/install/apriltag_msgs/lib:/opt/ros/humble/opt/rviz_ogre_vendor/lib:/opt/ros/humble/lib/x86_64-linux-gnu:/opt/ros/humble/lib /usr/bin/cmake --install /home/revanth/nxp_ws/build/apriltag_ros
