[0.024s] Invoking command in '/home/revanth/nxp_ws/build/apriltag_msgs': CMAKE_PREFIX_PATH=${CMAKE_PREFIX_PATH}:/home/revanth/ros2_ws/install/my_py_pkg:/opt/ros/humble /usr/bin/cmake --build /home/revanth/nxp_ws/build/apriltag_msgs -- -j12 -l12
[0.072s] [  2%] Built target apriltag_msgs__cpp
[0.074s] [ 12%] Built target apriltag_msgs__rosidl_generator_c
[0.086s] [ 12%] Built target ament_cmake_python_copy_apriltag_msgs
[0.107s] [ 34%] Built target apriltag_msgs__rosidl_typesupport_introspection_cpp
[0.107s] [ 34%] Built target apriltag_msgs__rosidl_typesupport_introspection_c
[0.108s] [ 44%] Built target apriltag_msgs__rosidl_typesupport_cpp
[0.109s] [ 72%] Built target apriltag_msgs__rosidl_typesupport_fastrtps_c
[0.110s] [ 72%] Built target apriltag_msgs__rosidl_typesupport_fastrtps_cpp
[0.110s] [ 76%] Built target apriltag_msgs__rosidl_typesupport_c
[0.133s] [ 76%] Built target apriltag_msgs
[0.157s] [ 78%] Built target apriltag_msgs__py
[0.183s] [ 87%] Built target apriltag_msgs__rosidl_generator_py
[0.208s] [ 95%] Built target apriltag_msgs__rosidl_typesupport_fastrtps_c__pyext
[0.209s] [ 95%] Built target apriltag_msgs__rosidl_typesupport_introspection_c__pyext
[0.209s] [100%] Built target apriltag_msgs__rosidl_typesupport_c__pyext
[0.374s] running egg_info
[0.375s] writing apriltag_msgs.egg-info/PKG-INFO
[0.375s] writing dependency_links to apriltag_msgs.egg-info/dependency_links.txt
[0.375s] writing top-level names to apriltag_msgs.egg-info/top_level.txt
[0.377s] reading manifest file 'apriltag_msgs.egg-info/SOURCES.txt'
[0.378s] writing manifest file 'apriltag_msgs.egg-info/SOURCES.txt'
[0.401s] [100%] Built target ament_cmake_python_build_apriltag_msgs_egg
[0.416s] Invoked command in '/home/revanth/nxp_ws/build/apriltag_msgs' returned '0': CMAKE_PREFIX_PATH=${CMAKE_PREFIX_PATH}:/home/revanth/ros2_ws/install/my_py_pkg:/opt/ros/humble /usr/bin/cmake --build /home/revanth/nxp_ws/build/apriltag_msgs -- -j12 -l12
[0.577s] Invoking command in '/home/revanth/nxp_ws/build/apriltag_msgs': CMAKE_PREFIX_PATH=${CMAKE_PREFIX_PATH}:/home/revanth/ros2_ws/install/my_py_pkg:/opt/ros/humble /usr/bin/cmake --install /home/revanth/nxp_ws/build/apriltag_msgs
[0.596s] -- Install configuration: ""
[0.597s] -- Up-to-date: /home/revanth/nxp_ws/install/apriltag_msgs/share/ament_index/resource_index/rosidl_interfaces/apriltag_msgs
[0.597s] -- Up-to-date: /home/revanth/nxp_ws/install/apriltag_msgs/include/apriltag_msgs/apriltag_msgs
[0.598s] -- Up-to-date: /home/revanth/nxp_ws/install/apriltag_msgs/include/apriltag_msgs/apriltag_msgs/msg
[0.598s] -- Up-to-date: /home/revanth/nxp_ws/install/apriltag_msgs/include/apriltag_msgs/apriltag_msgs/msg/point.h
[0.598s] -- Up-to-date: /home/revanth/nxp_ws/install/apriltag_msgs/include/apriltag_msgs/apriltag_msgs/msg/detail
[0.599s] -- Up-to-date: /home/revanth/nxp_ws/install/apriltag_msgs/include/apriltag_msgs/apriltag_msgs/msg/detail/point__struct.h
[0.599s] -- Up-to-date: /home/revanth/nxp_ws/install/apriltag_msgs/include/apriltag_msgs/apriltag_msgs/msg/detail/april_tag_detection__struct.h
[0.599s] -- Up-to-date: /home/revanth/nxp_ws/install/apriltag_msgs/include/apriltag_msgs/apriltag_msgs/msg/detail/april_tag_detection_array__functions.c
[0.599s] -- Up-to-date: /home/revanth/nxp_ws/install/apriltag_msgs/include/apriltag_msgs/apriltag_msgs/msg/detail/april_tag_detection_array__struct.h
[0.600s] -- Up-to-date: /home/revanth/nxp_ws/install/apriltag_msgs/include/apriltag_msgs/apriltag_msgs/msg/detail/april_tag_detection__type_support.h
[0.600s] -- Up-to-date: /home/revanth/nxp_ws/install/apriltag_msgs/include/apriltag_msgs/apriltag_msgs/msg/detail/point__type_support.h
[0.600s] -- Up-to-date: /home/revanth/nxp_ws/install/apriltag_msgs/include/apriltag_msgs/apriltag_msgs/msg/detail/april_tag_detection__functions.c
[0.601s] -- Up-to-date: /home/revanth/nxp_ws/install/apriltag_msgs/include/apriltag_msgs/apriltag_msgs/msg/detail/april_tag_detection_array__functions.h
[0.601s] -- Up-to-date: /home/revanth/nxp_ws/install/apriltag_msgs/include/apriltag_msgs/apriltag_msgs/msg/detail/point__functions.h
[0.601s] -- Up-to-date: /home/revanth/nxp_ws/install/apriltag_msgs/include/apriltag_msgs/apriltag_msgs/msg/detail/april_tag_detection_array__type_support.h
[0.602s] -- Up-to-date: /home/revanth/nxp_ws/install/apriltag_msgs/include/apriltag_msgs/apriltag_msgs/msg/detail/point__functions.c
[0.602s] -- Up-to-date: /home/revanth/nxp_ws/install/apriltag_msgs/include/apriltag_msgs/apriltag_msgs/msg/detail/april_tag_detection__functions.h
[0.602s] -- Up-to-date: /home/revanth/nxp_ws/install/apriltag_msgs/include/apriltag_msgs/apriltag_msgs/msg/rosidl_generator_c__visibility_control.h
[0.603s] -- Up-to-date: /home/revanth/nxp_ws/install/apriltag_msgs/include/apriltag_msgs/apriltag_msgs/msg/april_tag_detection_array.h
[0.603s] -- Up-to-date: /home/revanth/nxp_ws/install/apriltag_msgs/include/apriltag_msgs/apriltag_msgs/msg/april_tag_detection.h
[0.603s] -- Up-to-date: /home/revanth/nxp_ws/install/apriltag_msgs/share/apriltag_msgs/environment/library_path.sh
[0.604s] -- Up-to-date: /home/revanth/nxp_ws/install/apriltag_msgs/share/apriltag_msgs/environment/library_path.dsv
[0.604s] -- Up-to-date: /home/revanth/nxp_ws/install/apriltag_msgs/lib/libapriltag_msgs__rosidl_generator_c.so
[0.604s] -- Up-to-date: /home/revanth/nxp_ws/install/apriltag_msgs/include/apriltag_msgs/apriltag_msgs
[0.605s] -- Up-to-date: /home/revanth/nxp_ws/install/apriltag_msgs/include/apriltag_msgs/apriltag_msgs/msg
[0.605s] -- Up-to-date: /home/revanth/nxp_ws/install/apriltag_msgs/include/apriltag_msgs/apriltag_msgs/msg/detail
[0.605s] -- Up-to-date: /home/revanth/nxp_ws/install/apriltag_msgs/include/apriltag_msgs/apriltag_msgs/msg/detail/point__rosidl_typesupport_fastrtps_c.h
[0.606s] -- Up-to-date: /home/revanth/nxp_ws/install/apriltag_msgs/include/apriltag_msgs/apriltag_msgs/msg/detail/april_tag_detection_array__rosidl_typesupport_fastrtps_c.h
[0.606s] -- Up-to-date: /home/revanth/nxp_ws/install/apriltag_msgs/include/apriltag_msgs/apriltag_msgs/msg/detail/april_tag_detection__rosidl_typesupport_fastrtps_c.h
[0.606s] -- Up-to-date: /home/revanth/nxp_ws/install/apriltag_msgs/include/apriltag_msgs/apriltag_msgs/msg/rosidl_typesupport_fastrtps_c__visibility_control.h
[0.606s] -- Up-to-date: /home/revanth/nxp_ws/install/apriltag_msgs/lib/libapriltag_msgs__rosidl_typesupport_fastrtps_c.so
[0.607s] -- Up-to-date: /home/revanth/nxp_ws/install/apriltag_msgs/include/apriltag_msgs/apriltag_msgs
[0.607s] -- Up-to-date: /home/revanth/nxp_ws/install/apriltag_msgs/include/apriltag_msgs/apriltag_msgs/msg
[0.607s] -- Up-to-date: /home/revanth/nxp_ws/install/apriltag_msgs/include/apriltag_msgs/apriltag_msgs/msg/detail
[0.607s] -- Up-to-date: /home/revanth/nxp_ws/install/apriltag_msgs/include/apriltag_msgs/apriltag_msgs/msg/detail/april_tag_detection_array__type_support.c
[0.608s] -- Up-to-date: /home/revanth/nxp_ws/install/apriltag_msgs/include/apriltag_msgs/apriltag_msgs/msg/detail/april_tag_detection__rosidl_typesupport_introspection_c.h
[0.608s] -- Up-to-date: /home/revanth/nxp_ws/install/apriltag_msgs/include/apriltag_msgs/apriltag_msgs/msg/detail/april_tag_detection__type_support.c
[0.608s] -- Up-to-date: /home/revanth/nxp_ws/install/apriltag_msgs/include/apriltag_msgs/apriltag_msgs/msg/detail/point__type_support.c
[0.608s] -- Up-to-date: /home/revanth/nxp_ws/install/apriltag_msgs/include/apriltag_msgs/apriltag_msgs/msg/detail/point__rosidl_typesupport_introspection_c.h
[0.609s] -- Up-to-date: /home/revanth/nxp_ws/install/apriltag_msgs/include/apriltag_msgs/apriltag_msgs/msg/detail/april_tag_detection_array__rosidl_typesupport_introspection_c.h
[0.609s] -- Up-to-date: /home/revanth/nxp_ws/install/apriltag_msgs/include/apriltag_msgs/apriltag_msgs/msg/rosidl_typesupport_introspection_c__visibility_control.h
[0.609s] -- Up-to-date: /home/revanth/nxp_ws/install/apriltag_msgs/lib/libapriltag_msgs__rosidl_typesupport_introspection_c.so
[0.609s] -- Up-to-date: /home/revanth/nxp_ws/install/apriltag_msgs/lib/libapriltag_msgs__rosidl_typesupport_c.so
[0.610s] -- Up-to-date: /home/revanth/nxp_ws/install/apriltag_msgs/include/apriltag_msgs/apriltag_msgs
[0.610s] -- Up-to-date: /home/revanth/nxp_ws/install/apriltag_msgs/include/apriltag_msgs/apriltag_msgs/msg
[0.610s] -- Up-to-date: /home/revanth/nxp_ws/install/apriltag_msgs/include/apriltag_msgs/apriltag_msgs/msg/point.hpp
[0.610s] -- Up-to-date: /home/revanth/nxp_ws/install/apriltag_msgs/include/apriltag_msgs/apriltag_msgs/msg/detail
[0.610s] -- Up-to-date: /home/revanth/nxp_ws/install/apriltag_msgs/include/apriltag_msgs/apriltag_msgs/msg/detail/april_tag_detection_array__builder.hpp
[0.610s] -- Up-to-date: /home/revanth/nxp_ws/install/apriltag_msgs/include/apriltag_msgs/apriltag_msgs/msg/detail/april_tag_detection_array__traits.hpp
[0.611s] -- Up-to-date: /home/revanth/nxp_ws/install/apriltag_msgs/include/apriltag_msgs/apriltag_msgs/msg/detail/point__traits.hpp
[0.611s] -- Up-to-date: /home/revanth/nxp_ws/install/apriltag_msgs/include/apriltag_msgs/apriltag_msgs/msg/detail/april_tag_detection_array__struct.hpp
[0.611s] -- Up-to-date: /home/revanth/nxp_ws/install/apriltag_msgs/include/apriltag_msgs/apriltag_msgs/msg/detail/point__struct.hpp
[0.611s] -- Up-to-date: /home/revanth/nxp_ws/install/apriltag_msgs/include/apriltag_msgs/apriltag_msgs/msg/detail/april_tag_detection__traits.hpp
[0.611s] -- Up-to-date: /home/revanth/nxp_ws/install/apriltag_msgs/include/apriltag_msgs/apriltag_msgs/msg/detail/point__builder.hpp
[0.611s] -- Up-to-date: /home/revanth/nxp_ws/install/apriltag_msgs/include/apriltag_msgs/apriltag_msgs/msg/detail/april_tag_detection__builder.hpp
[0.611s] -- Up-to-date: /home/revanth/nxp_ws/install/apriltag_msgs/include/apriltag_msgs/apriltag_msgs/msg/detail/april_tag_detection__struct.hpp
[0.612s] -- Up-to-date: /home/revanth/nxp_ws/install/apriltag_msgs/include/apriltag_msgs/apriltag_msgs/msg/april_tag_detection.hpp
[0.612s] -- Up-to-date: /home/revanth/nxp_ws/install/apriltag_msgs/include/apriltag_msgs/apriltag_msgs/msg/april_tag_detection_array.hpp
[0.612s] -- Up-to-date: /home/revanth/nxp_ws/install/apriltag_msgs/include/apriltag_msgs/apriltag_msgs
[0.612s] -- Up-to-date: /home/revanth/nxp_ws/install/apriltag_msgs/include/apriltag_msgs/apriltag_msgs/msg
[0.612s] -- Up-to-date: /home/revanth/nxp_ws/install/apriltag_msgs/include/apriltag_msgs/apriltag_msgs/msg/detail
[0.612s] -- Up-to-date: /home/revanth/nxp_ws/install/apriltag_msgs/include/apriltag_msgs/apriltag_msgs/msg/detail/dds_fastrtps
[0.612s] -- Up-to-date: /home/revanth/nxp_ws/install/apriltag_msgs/include/apriltag_msgs/apriltag_msgs/msg/detail/point__rosidl_typesupport_fastrtps_cpp.hpp
[0.612s] -- Up-to-date: /home/revanth/nxp_ws/install/apriltag_msgs/include/apriltag_msgs/apriltag_msgs/msg/detail/april_tag_detection_array__rosidl_typesupport_fastrtps_cpp.hpp
[0.612s] -- Up-to-date: /home/revanth/nxp_ws/install/apriltag_msgs/include/apriltag_msgs/apriltag_msgs/msg/detail/april_tag_detection__rosidl_typesupport_fastrtps_cpp.hpp
[0.612s] -- Up-to-date: /home/revanth/nxp_ws/install/apriltag_msgs/include/apriltag_msgs/apriltag_msgs/msg/rosidl_typesupport_fastrtps_cpp__visibility_control.h
[0.612s] -- Up-to-date: /home/revanth/nxp_ws/install/apriltag_msgs/lib/libapriltag_msgs__rosidl_typesupport_fastrtps_cpp.so
[0.613s] -- Up-to-date: /home/revanth/nxp_ws/install/apriltag_msgs/include/apriltag_msgs/apriltag_msgs
[0.613s] -- Up-to-date: /home/revanth/nxp_ws/install/apriltag_msgs/include/apriltag_msgs/apriltag_msgs/msg
[0.613s] -- Up-to-date: /home/revanth/nxp_ws/install/apriltag_msgs/include/apriltag_msgs/apriltag_msgs/msg/detail
[0.613s] -- Up-to-date: /home/revanth/nxp_ws/install/apriltag_msgs/include/apriltag_msgs/apriltag_msgs/msg/detail/april_tag_detection__type_support.cpp
[0.613s] -- Up-to-date: /home/revanth/nxp_ws/install/apriltag_msgs/include/apriltag_msgs/apriltag_msgs/msg/detail/april_tag_detection__rosidl_typesupport_introspection_cpp.hpp
[0.613s] -- Up-to-date: /home/revanth/nxp_ws/install/apriltag_msgs/include/apriltag_msgs/apriltag_msgs/msg/detail/april_tag_detection_array__type_support.cpp
[0.613s] -- Up-to-date: /home/revanth/nxp_ws/install/apriltag_msgs/include/apriltag_msgs/apriltag_msgs/msg/detail/april_tag_detection_array__rosidl_typesupport_introspection_cpp.hpp
[0.613s] -- Up-to-date: /home/revanth/nxp_ws/install/apriltag_msgs/include/apriltag_msgs/apriltag_msgs/msg/detail/point__rosidl_typesupport_introspection_cpp.hpp
[0.613s] -- Up-to-date: /home/revanth/nxp_ws/install/apriltag_msgs/include/apriltag_msgs/apriltag_msgs/msg/detail/point__type_support.cpp
[0.613s] -- Up-to-date: /home/revanth/nxp_ws/install/apriltag_msgs/lib/libapriltag_msgs__rosidl_typesupport_introspection_cpp.so
[0.614s] -- Up-to-date: /home/revanth/nxp_ws/install/apriltag_msgs/lib/libapriltag_msgs__rosidl_typesupport_cpp.so
[0.614s] -- Up-to-date: /home/revanth/nxp_ws/install/apriltag_msgs/share/apriltag_msgs/environment/pythonpath.sh
[0.614s] -- Up-to-date: /home/revanth/nxp_ws/install/apriltag_msgs/share/apriltag_msgs/environment/pythonpath.dsv
[0.614s] -- Up-to-date: /home/revanth/nxp_ws/install/apriltag_msgs/local/lib/python3.10/dist-packages/apriltag_msgs-2.0.0-py3.10.egg-info
[0.614s] -- Installing: /home/revanth/nxp_ws/install/apriltag_msgs/local/lib/python3.10/dist-packages/apriltag_msgs-2.0.0-py3.10.egg-info/SOURCES.txt
[0.614s] -- Installing: /home/revanth/nxp_ws/install/apriltag_msgs/local/lib/python3.10/dist-packages/apriltag_msgs-2.0.0-py3.10.egg-info/top_level.txt
[0.614s] -- Installing: /home/revanth/nxp_ws/install/apriltag_msgs/local/lib/python3.10/dist-packages/apriltag_msgs-2.0.0-py3.10.egg-info/PKG-INFO
[0.614s] -- Installing: /home/revanth/nxp_ws/install/apriltag_msgs/local/lib/python3.10/dist-packages/apriltag_msgs-2.0.0-py3.10.egg-info/dependency_links.txt
[0.614s] -- Up-to-date: /home/revanth/nxp_ws/install/apriltag_msgs/local/lib/python3.10/dist-packages/apriltag_msgs
[0.614s] -- Up-to-date: /home/revanth/nxp_ws/install/apriltag_msgs/local/lib/python3.10/dist-packages/apriltag_msgs/libapriltag_msgs__rosidl_generator_py.so
[0.614s] -- Up-to-date: /home/revanth/nxp_ws/install/apriltag_msgs/local/lib/python3.10/dist-packages/apriltag_msgs/apriltag_msgs_s__rosidl_typesupport_fastrtps_c.cpython-310-x86_64-linux-gnu.so
[0.614s] -- Up-to-date: /home/revanth/nxp_ws/install/apriltag_msgs/local/lib/python3.10/dist-packages/apriltag_msgs/_apriltag_msgs_s.ep.rosidl_typesupport_fastrtps_c.c
[0.615s] -- Up-to-date: /home/revanth/nxp_ws/install/apriltag_msgs/local/lib/python3.10/dist-packages/apriltag_msgs/apriltag_msgs_s__rosidl_typesupport_introspection_c.cpython-310-x86_64-linux-gnu.so
[0.615s] -- Up-to-date: /home/revanth/nxp_ws/install/apriltag_msgs/local/lib/python3.10/dist-packages/apriltag_msgs/msg
[0.615s] -- Up-to-date: /home/revanth/nxp_ws/install/apriltag_msgs/local/lib/python3.10/dist-packages/apriltag_msgs/msg/_point_s.c
[0.615s] -- Up-to-date: /home/revanth/nxp_ws/install/apriltag_msgs/local/lib/python3.10/dist-packages/apriltag_msgs/msg/_april_tag_detection.py
[0.615s] -- Up-to-date: /home/revanth/nxp_ws/install/apriltag_msgs/local/lib/python3.10/dist-packages/apriltag_msgs/msg/_point.py
[0.615s] -- Up-to-date: /home/revanth/nxp_ws/install/apriltag_msgs/local/lib/python3.10/dist-packages/apriltag_msgs/msg/_april_tag_detection_array.py
[0.615s] -- Up-to-date: /home/revanth/nxp_ws/install/apriltag_msgs/local/lib/python3.10/dist-packages/apriltag_msgs/msg/_april_tag_detection_array_s.c
[0.615s] -- Up-to-date: /home/revanth/nxp_ws/install/apriltag_msgs/local/lib/python3.10/dist-packages/apriltag_msgs/msg/_april_tag_detection_s.c
[0.615s] -- Up-to-date: /home/revanth/nxp_ws/install/apriltag_msgs/local/lib/python3.10/dist-packages/apriltag_msgs/msg/__init__.py
[0.615s] -- Up-to-date: /home/revanth/nxp_ws/install/apriltag_msgs/local/lib/python3.10/dist-packages/apriltag_msgs/_apriltag_msgs_s.ep.rosidl_typesupport_c.c
[0.615s] -- Up-to-date: /home/revanth/nxp_ws/install/apriltag_msgs/local/lib/python3.10/dist-packages/apriltag_msgs/_apriltag_msgs_s.ep.rosidl_typesupport_introspection_c.c
[0.615s] -- Up-to-date: /home/revanth/nxp_ws/install/apriltag_msgs/local/lib/python3.10/dist-packages/apriltag_msgs/apriltag_msgs_s__rosidl_typesupport_c.cpython-310-x86_64-linux-gnu.so
[0.615s] -- Up-to-date: /home/revanth/nxp_ws/install/apriltag_msgs/local/lib/python3.10/dist-packages/apriltag_msgs/__init__.py
[0.650s] Listing '/home/revanth/nxp_ws/install/apriltag_msgs/local/lib/python3.10/dist-packages/apriltag_msgs'...
[0.650s] Listing '/home/revanth/nxp_ws/install/apriltag_msgs/local/lib/python3.10/dist-packages/apriltag_msgs/msg'...
[0.653s] -- Up-to-date: /home/revanth/nxp_ws/install/apriltag_msgs/local/lib/python3.10/dist-packages/apriltag_msgs/apriltag_msgs_s__rosidl_typesupport_fastrtps_c.cpython-310-x86_64-linux-gnu.so
[0.653s] -- Up-to-date: /home/revanth/nxp_ws/install/apriltag_msgs/local/lib/python3.10/dist-packages/apriltag_msgs/apriltag_msgs_s__rosidl_typesupport_introspection_c.cpython-310-x86_64-linux-gnu.so
[0.654s] -- Up-to-date: /home/revanth/nxp_ws/install/apriltag_msgs/local/lib/python3.10/dist-packages/apriltag_msgs/apriltag_msgs_s__rosidl_typesupport_c.cpython-310-x86_64-linux-gnu.so
[0.654s] -- Up-to-date: /home/revanth/nxp_ws/install/apriltag_msgs/lib/libapriltag_msgs__rosidl_generator_py.so
[0.655s] -- Up-to-date: /home/revanth/nxp_ws/install/apriltag_msgs/share/apriltag_msgs/msg/Point.idl
[0.655s] -- Up-to-date: /home/revanth/nxp_ws/install/apriltag_msgs/share/apriltag_msgs/msg/AprilTagDetection.idl
[0.655s] -- Up-to-date: /home/revanth/nxp_ws/install/apriltag_msgs/share/apriltag_msgs/msg/AprilTagDetectionArray.idl
[0.655s] -- Up-to-date: /home/revanth/nxp_ws/install/apriltag_msgs/share/apriltag_msgs/msg/Point.msg
[0.655s] -- Up-to-date: /home/revanth/nxp_ws/install/apriltag_msgs/share/apriltag_msgs/msg/AprilTagDetection.msg
[0.656s] -- Up-to-date: /home/revanth/nxp_ws/install/apriltag_msgs/share/apriltag_msgs/msg/AprilTagDetectionArray.msg
[0.656s] -- Up-to-date: /home/revanth/nxp_ws/install/apriltag_msgs/share/ament_index/resource_index/package_run_dependencies/apriltag_msgs
[0.656s] -- Up-to-date: /home/revanth/nxp_ws/install/apriltag_msgs/share/ament_index/resource_index/parent_prefix_path/apriltag_msgs
[0.656s] -- Up-to-date: /home/revanth/nxp_ws/install/apriltag_msgs/share/apriltag_msgs/environment/ament_prefix_path.sh
[0.656s] -- Up-to-date: /home/revanth/nxp_ws/install/apriltag_msgs/share/apriltag_msgs/environment/ament_prefix_path.dsv
[0.656s] -- Up-to-date: /home/revanth/nxp_ws/install/apriltag_msgs/share/apriltag_msgs/environment/path.sh
[0.656s] -- Up-to-date: /home/revanth/nxp_ws/install/apriltag_msgs/share/apriltag_msgs/environment/path.dsv
[0.656s] -- Up-to-date: /home/revanth/nxp_ws/install/apriltag_msgs/share/apriltag_msgs/local_setup.bash
[0.656s] -- Up-to-date: /home/revanth/nxp_ws/install/apriltag_msgs/share/apriltag_msgs/local_setup.sh
[0.656s] -- Up-to-date: /home/revanth/nxp_ws/install/apriltag_msgs/share/apriltag_msgs/local_setup.zsh
[0.657s] -- Up-to-date: /home/revanth/nxp_ws/install/apriltag_msgs/share/apriltag_msgs/local_setup.dsv
[0.657s] -- Installing: /home/revanth/nxp_ws/install/apriltag_msgs/share/apriltag_msgs/package.dsv
[0.657s] -- Up-to-date: /home/revanth/nxp_ws/install/apriltag_msgs/share/ament_index/resource_index/packages/apriltag_msgs
[0.657s] -- Up-to-date: /home/revanth/nxp_ws/install/apriltag_msgs/share/apriltag_msgs/cmake/export_apriltag_msgs__rosidl_generator_cExport.cmake
[0.657s] -- Up-to-date: /home/revanth/nxp_ws/install/apriltag_msgs/share/apriltag_msgs/cmake/export_apriltag_msgs__rosidl_generator_cExport-noconfig.cmake
[0.657s] -- Up-to-date: /home/revanth/nxp_ws/install/apriltag_msgs/share/apriltag_msgs/cmake/export_apriltag_msgs__rosidl_typesupport_fastrtps_cExport.cmake
[0.657s] -- Up-to-date: /home/revanth/nxp_ws/install/apriltag_msgs/share/apriltag_msgs/cmake/export_apriltag_msgs__rosidl_typesupport_fastrtps_cExport-noconfig.cmake
[0.657s] -- Up-to-date: /home/revanth/nxp_ws/install/apriltag_msgs/share/apriltag_msgs/cmake/apriltag_msgs__rosidl_typesupport_introspection_cExport.cmake
[0.657s] -- Up-to-date: /home/revanth/nxp_ws/install/apriltag_msgs/share/apriltag_msgs/cmake/apriltag_msgs__rosidl_typesupport_introspection_cExport-noconfig.cmake
[0.657s] -- Up-to-date: /home/revanth/nxp_ws/install/apriltag_msgs/share/apriltag_msgs/cmake/apriltag_msgs__rosidl_typesupport_cExport.cmake
[0.657s] -- Up-to-date: /home/revanth/nxp_ws/install/apriltag_msgs/share/apriltag_msgs/cmake/apriltag_msgs__rosidl_typesupport_cExport-noconfig.cmake
[0.658s] -- Up-to-date: /home/revanth/nxp_ws/install/apriltag_msgs/share/apriltag_msgs/cmake/export_apriltag_msgs__rosidl_generator_cppExport.cmake
[0.658s] -- Up-to-date: /home/revanth/nxp_ws/install/apriltag_msgs/share/apriltag_msgs/cmake/export_apriltag_msgs__rosidl_typesupport_fastrtps_cppExport.cmake
[0.658s] -- Up-to-date: /home/revanth/nxp_ws/install/apriltag_msgs/share/apriltag_msgs/cmake/export_apriltag_msgs__rosidl_typesupport_fastrtps_cppExport-noconfig.cmake
[0.658s] -- Up-to-date: /home/revanth/nxp_ws/install/apriltag_msgs/share/apriltag_msgs/cmake/apriltag_msgs__rosidl_typesupport_introspection_cppExport.cmake
[0.658s] -- Up-to-date: /home/revanth/nxp_ws/install/apriltag_msgs/share/apriltag_msgs/cmake/apriltag_msgs__rosidl_typesupport_introspection_cppExport-noconfig.cmake
[0.658s] -- Up-to-date: /home/revanth/nxp_ws/install/apriltag_msgs/share/apriltag_msgs/cmake/apriltag_msgs__rosidl_typesupport_cppExport.cmake
[0.658s] -- Up-to-date: /home/revanth/nxp_ws/install/apriltag_msgs/share/apriltag_msgs/cmake/apriltag_msgs__rosidl_typesupport_cppExport-noconfig.cmake
[0.658s] -- Up-to-date: /home/revanth/nxp_ws/install/apriltag_msgs/share/apriltag_msgs/cmake/export_apriltag_msgs__rosidl_generator_pyExport.cmake
[0.658s] -- Up-to-date: /home/revanth/nxp_ws/install/apriltag_msgs/share/apriltag_msgs/cmake/export_apriltag_msgs__rosidl_generator_pyExport-noconfig.cmake
[0.658s] -- Up-to-date: /home/revanth/nxp_ws/install/apriltag_msgs/share/apriltag_msgs/cmake/rosidl_cmake-extras.cmake
[0.658s] -- Up-to-date: /home/revanth/nxp_ws/install/apriltag_msgs/share/apriltag_msgs/cmake/ament_cmake_export_dependencies-extras.cmake
[0.658s] -- Up-to-date: /home/revanth/nxp_ws/install/apriltag_msgs/share/apriltag_msgs/cmake/ament_cmake_export_include_directories-extras.cmake
[0.658s] -- Up-to-date: /home/revanth/nxp_ws/install/apriltag_msgs/share/apriltag_msgs/cmake/ament_cmake_export_libraries-extras.cmake
[0.658s] -- Up-to-date: /home/revanth/nxp_ws/install/apriltag_msgs/share/apriltag_msgs/cmake/ament_cmake_export_targets-extras.cmake
[0.658s] -- Up-to-date: /home/revanth/nxp_ws/install/apriltag_msgs/share/apriltag_msgs/cmake/rosidl_cmake_export_typesupport_targets-extras.cmake
[0.658s] -- Up-to-date: /home/revanth/nxp_ws/install/apriltag_msgs/share/apriltag_msgs/cmake/rosidl_cmake_export_typesupport_libraries-extras.cmake
[0.658s] -- Up-to-date: /home/revanth/nxp_ws/install/apriltag_msgs/share/apriltag_msgs/cmake/apriltag_msgsConfig.cmake
[0.659s] -- Up-to-date: /home/revanth/nxp_ws/install/apriltag_msgs/share/apriltag_msgs/cmake/apriltag_msgsConfig-version.cmake
[0.659s] -- Up-to-date: /home/revanth/nxp_ws/install/apriltag_msgs/share/apriltag_msgs/package.xml
[0.662s] Invoked command in '/home/revanth/nxp_ws/build/apriltag_msgs' returned '0': CMAKE_PREFIX_PATH=${CMAKE_PREFIX_PATH}:/home/revanth/ros2_ws/install/my_py_pkg:/opt/ros/humble /usr/bin/cmake --install /home/revanth/nxp_ws/build/apriltag_msgs
