[0.028s] Invoking command in '/home/revanth/nxp_ws/build/apriltag': CMAKE_PREFIX_PATH=${CMAKE_PREFIX_PATH}:/home/revanth/ros2_ws/install/my_py_pkg:/opt/ros/humble /usr/bin/cmake /home/revanth/nxp_ws/src/apriltag -DCMAKE_INSTALL_PREFIX=/home/revanth/nxp_ws/install/apriltag
[0.077s] -- The C compiler identification is GNU 11.3.0
[0.133s] -- The CXX compiler identification is GNU 11.3.0
[0.140s] -- Detecting C compiler ABI info
[0.201s] -- Detecting C compiler ABI info - done
[0.208s] -- Check for working C compiler: /usr/bin/cc - skipped
[0.208s] -- Detecting C compile features
[0.208s] -- Detecting C compile features - done
[0.211s] -- Detecting CXX compiler ABI info
[0.284s] -- Detecting CXX compiler ABI info - done
[0.291s] -- Check for working CXX compiler: /usr/bin/c++ - skipped
[0.291s] -- Detecting CXX compile features
[0.291s] -- Detecting CXX compile features - done
[0.292s] -- Setting build type to 'Release' as none was specified.
[0.294s] -- Looking for pthread.h
[0.367s] -- Looking for pthread.h - found
[0.367s] -- Performing Test CMAKE_HAVE_LIBC_PTHREAD
[0.439s] -- Performing Test CMAKE_HAVE_LIBC_PTHREAD - Success
[0.440s] -- Found Threads: TRUE  
[0.462s] -- Found PythonLibs: /usr/lib/x86_64-linux-gnu/libpython3.10.so (found version "3.10.6") 
[0.694s] -- Configuring done
[0.703s] -- Generating done
[0.703s] -- Build files have been written to: /home/revanth/nxp_ws/build/apriltag
[0.708s] Invoked command in '/home/revanth/nxp_ws/build/apriltag' returned '0': CMAKE_PREFIX_PATH=${CMAKE_PREFIX_PATH}:/home/revanth/ros2_ws/install/my_py_pkg:/opt/ros/humble /usr/bin/cmake /home/revanth/nxp_ws/src/apriltag -DCMAKE_INSTALL_PREFIX=/home/revanth/nxp_ws/install/apriltag
[0.710s] Invoking command in '/home/revanth/nxp_ws/build/apriltag': CMAKE_PREFIX_PATH=${CMAKE_PREFIX_PATH}:/home/revanth/ros2_ws/install/my_py_pkg:/opt/ros/humble /usr/bin/cmake --build /home/revanth/nxp_ws/build/apriltag -- -j12 -l12
[0.765s] [  4%] [32mBuilding C object CMakeFiles/apriltag.dir/apriltag_quad_thresh.c.o[0m
[0.765s] [  4%] [32mBuilding C object CMakeFiles/apriltag.dir/apriltag.c.o[0m
[0.766s] [ 12%] [32mBuilding C object CMakeFiles/apriltag.dir/common/g2d.c.o[0m
[0.767s] [ 12%] [32mBuilding C object CMakeFiles/apriltag.dir/common/getopt.c.o[0m
[0.768s] [ 12%] [32mBuilding C object CMakeFiles/apriltag.dir/apriltag_pose.c.o[0m
[0.769s] [ 14%] [32mBuilding C object CMakeFiles/apriltag.dir/common/homography.c.o[0m
[0.771s] [ 21%] [32mBuilding C object CMakeFiles/apriltag.dir/common/image_u8.c.o[0m
[0.771s] [ 21%] [32mBuilding C object CMakeFiles/apriltag.dir/common/image_u8x4.c.o[0m
[0.772s] [ 21%] [32mBuilding C object CMakeFiles/apriltag.dir/common/image_u8x3.c.o[0m
[0.775s] [ 24%] [32mBuilding C object CMakeFiles/apriltag.dir/common/matd.c.o[0m
[0.781s] [ 26%] [32mBuilding C object CMakeFiles/apriltag.dir/common/pam.c.o[0m
[0.786s] [ 29%] [32mBuilding C object CMakeFiles/apriltag.dir/common/pjpeg-idct.c.o[0m
[0.939s] [ 31%] [32mBuilding C object CMakeFiles/apriltag.dir/common/pjpeg.c.o[0m
[1.069s] [ 34%] [32mBuilding C object CMakeFiles/apriltag.dir/common/pnm.c.o[0m
[1.096s] [ 36%] [32mBuilding CXX object CMakeFiles/apriltag.dir/common/pthreads_cross.cpp.o[0m
[1.105s] [ 39%] [32mBuilding C object CMakeFiles/apriltag.dir/common/string_util.c.o[0m
[1.110s] [ 41%] [32mBuilding C object CMakeFiles/apriltag.dir/common/svd22.c.o[0m
[1.123s] [ 43%] [32mBuilding C object CMakeFiles/apriltag.dir/common/time_util.c.o[0m
[1.170s] [ 46%] [32mBuilding C object CMakeFiles/apriltag.dir/common/unionfind.c.o[0m
[1.193s] [ 48%] [32mBuilding C object CMakeFiles/apriltag.dir/common/workerpool.c.o[0m
[1.205s] [ 51%] [32mBuilding C object CMakeFiles/apriltag.dir/common/zarray.c.o[0m
[1.224s] [ 53%] [32mBuilding C object CMakeFiles/apriltag.dir/common/zhash.c.o[0m
[1.266s] [ 56%] [32mBuilding C object CMakeFiles/apriltag.dir/common/zmaxheap.c.o[0m
[1.267s] [ 58%] [32mBuilding C object CMakeFiles/apriltag.dir/tag16h5.c.o[0m
[1.289s] [ 60%] [32mBuilding C object CMakeFiles/apriltag.dir/tag25h9.c.o[0m
[1.316s] [ 63%] [32mBuilding C object CMakeFiles/apriltag.dir/tag36h10.c.o[0m
[1.339s] [ 65%] [32mBuilding C object CMakeFiles/apriltag.dir/tag36h11.c.o[0m
[1.357s] [ 68%] [32mBuilding C object CMakeFiles/apriltag.dir/tagCircle21h7.c.o[0m
[1.393s] [ 70%] [32mBuilding C object CMakeFiles/apriltag.dir/tagCircle49h12.c.o[0m
[1.423s] [ 73%] [32mBuilding C object CMakeFiles/apriltag.dir/tagCustom48h12.c.o[0m
[1.447s] [ 75%] [32mBuilding C object CMakeFiles/apriltag.dir/tagStandard41h12.c.o[0m
[1.458s] [ 78%] [32mBuilding C object CMakeFiles/apriltag.dir/tagStandard52h13.c.o[0m
[2.133s] [ 80%] [32m[1mLinking CXX shared library libapriltag.so[0m
[2.211s] [ 80%] Built target apriltag
[2.232s] [ 85%] [34m[1mGenerating apriltag_py_type.docstring.h[0m
[2.233s] [ 85%] [34m[1mGenerating apriltag_detect.docstring.h[0m
[2.234s] [ 90%] [32mBuilding CXX object CMakeFiles/opencv_demo.dir/example/opencv_demo.cc.o[0m
[2.234s] [ 90%] [32mBuilding C object CMakeFiles/apriltag_demo.dir/example/apriltag_demo.c.o[0m
[2.246s] [ 92%] [34m[1mGenerating apriltag_pywrap.o[0m
[2.350s] [ 95%] [32m[1mLinking C executable apriltag_demo[0m
[2.360s] [ 97%] [34m[1mGenerating apriltag.cpython-310-x86_64-linux-gnu.so[0m
[2.398s] [ 97%] Built target apriltag_python
[2.402s] [ 97%] Built target apriltag_demo
[4.510s] [100%] [32m[1mLinking CXX executable opencv_demo[0m
[4.895s] [100%] Built target opencv_demo
[4.905s] Invoked command in '/home/revanth/nxp_ws/build/apriltag' returned '0': CMAKE_PREFIX_PATH=${CMAKE_PREFIX_PATH}:/home/revanth/ros2_ws/install/my_py_pkg:/opt/ros/humble /usr/bin/cmake --build /home/revanth/nxp_ws/build/apriltag -- -j12 -l12
[5.021s] Invoking command in '/home/revanth/nxp_ws/build/apriltag': CMAKE_PREFIX_PATH=${CMAKE_PREFIX_PATH}:/home/revanth/ros2_ws/install/my_py_pkg:/opt/ros/humble /usr/bin/cmake --install /home/revanth/nxp_ws/build/apriltag
[5.029s] -- Install configuration: "Release"
[5.030s] -- Installing: /home/revanth/nxp_ws/install/apriltag/include/apriltag/apriltag.h
[5.030s] -- Installing: /home/revanth/nxp_ws/install/apriltag/include/apriltag/apriltag_math.h
[5.030s] -- Installing: /home/revanth/nxp_ws/install/apriltag/include/apriltag/apriltag_pose.h
[5.030s] -- Installing: /home/revanth/nxp_ws/install/apriltag/include/apriltag/common/debug_print.h
[5.030s] -- Installing: /home/revanth/nxp_ws/install/apriltag/include/apriltag/common/doubles.h
[5.030s] -- Installing: /home/revanth/nxp_ws/install/apriltag/include/apriltag/common/doubles_floats_impl.h
[5.030s] -- Installing: /home/revanth/nxp_ws/install/apriltag/include/apriltag/common/floats.h
[5.030s] -- Installing: /home/revanth/nxp_ws/install/apriltag/include/apriltag/common/g2d.h
[5.031s] -- Installing: /home/revanth/nxp_ws/install/apriltag/include/apriltag/common/getopt.h
[5.031s] -- Installing: /home/revanth/nxp_ws/install/apriltag/include/apriltag/common/homography.h
[5.031s] -- Installing: /home/revanth/nxp_ws/install/apriltag/include/apriltag/common/image_types.h
[5.031s] -- Installing: /home/revanth/nxp_ws/install/apriltag/include/apriltag/common/image_u8.h
[5.031s] -- Installing: /home/revanth/nxp_ws/install/apriltag/include/apriltag/common/image_u8x3.h
[5.031s] -- Installing: /home/revanth/nxp_ws/install/apriltag/include/apriltag/common/image_u8x4.h
[5.031s] -- Installing: /home/revanth/nxp_ws/install/apriltag/include/apriltag/common/matd.h
[5.031s] -- Installing: /home/revanth/nxp_ws/install/apriltag/include/apriltag/common/math_util.h
[5.032s] -- Installing: /home/revanth/nxp_ws/install/apriltag/include/apriltag/common/pam.h
[5.032s] -- Installing: /home/revanth/nxp_ws/install/apriltag/include/apriltag/common/pjpeg.h
[5.032s] -- Installing: /home/revanth/nxp_ws/install/apriltag/include/apriltag/common/pnm.h
[5.032s] -- Installing: /home/revanth/nxp_ws/install/apriltag/include/apriltag/common/postscript_utils.h
[5.032s] -- Installing: /home/revanth/nxp_ws/install/apriltag/include/apriltag/common/pthreads_cross.h
[5.032s] -- Installing: /home/revanth/nxp_ws/install/apriltag/include/apriltag/common/string_util.h
[5.032s] -- Installing: /home/revanth/nxp_ws/install/apriltag/include/apriltag/common/svd22.h
[5.032s] -- Installing: /home/revanth/nxp_ws/install/apriltag/include/apriltag/common/time_util.h
[5.033s] -- Installing: /home/revanth/nxp_ws/install/apriltag/include/apriltag/common/timeprofile.h
[5.033s] -- Installing: /home/revanth/nxp_ws/install/apriltag/include/apriltag/common/unionfind.h
[5.033s] -- Installing: /home/revanth/nxp_ws/install/apriltag/include/apriltag/common/workerpool.h
[5.033s] -- Installing: /home/revanth/nxp_ws/install/apriltag/include/apriltag/common/zarray.h
[5.033s] -- Installing: /home/revanth/nxp_ws/install/apriltag/include/apriltag/common/zhash.h
[5.033s] -- Installing: /home/revanth/nxp_ws/install/apriltag/include/apriltag/common/zmaxheap.h
[5.033s] -- Installing: /home/revanth/nxp_ws/install/apriltag/include/apriltag/tag16h5.h
[5.034s] -- Installing: /home/revanth/nxp_ws/install/apriltag/include/apriltag/tag25h9.h
[5.034s] -- Installing: /home/revanth/nxp_ws/install/apriltag/include/apriltag/tag36h10.h
[5.034s] -- Installing: /home/revanth/nxp_ws/install/apriltag/include/apriltag/tag36h11.h
[5.034s] -- Installing: /home/revanth/nxp_ws/install/apriltag/include/apriltag/tagCircle21h7.h
[5.034s] -- Installing: /home/revanth/nxp_ws/install/apriltag/include/apriltag/tagCircle49h12.h
[5.034s] -- Installing: /home/revanth/nxp_ws/install/apriltag/include/apriltag/tagCustom48h12.h
[5.034s] -- Installing: /home/revanth/nxp_ws/install/apriltag/include/apriltag/tagStandard41h12.h
[5.035s] -- Installing: /home/revanth/nxp_ws/install/apriltag/include/apriltag/tagStandard52h13.h
[5.035s] -- Installing: /home/revanth/nxp_ws/install/apriltag/lib/libapriltag.so.3.3.0
[5.037s] -- Installing: /home/revanth/nxp_ws/install/apriltag/lib/libapriltag.so.3
[5.037s] -- Installing: /home/revanth/nxp_ws/install/apriltag/lib/libapriltag.so
[5.037s] -- Installing: /home/revanth/nxp_ws/install/apriltag/share/apriltag/cmake/apriltagTargets.cmake
[5.037s] -- Installing: /home/revanth/nxp_ws/install/apriltag/share/apriltag/cmake/apriltagTargets-release.cmake
[5.037s] -- Installing: /home/revanth/nxp_ws/install/apriltag/share/apriltag/cmake/apriltagConfig.cmake
[5.037s] -- Installing: /home/revanth/nxp_ws/install/apriltag/share/apriltag/cmake/apriltagConfigVersion.cmake
[5.037s] -- Installing: /home/revanth/nxp_ws/install/apriltag/lib/pkgconfig/apriltag.pc
[5.038s] -- Installing: /home/revanth/.local/lib/python3.10/site-packages/apriltag.cpython-310-x86_64-linux-gnu.so
[5.038s] -- Installing: /home/revanth/nxp_ws/install/apriltag/bin/opencv_demo
[5.038s] -- Set runtime path of "/home/revanth/nxp_ws/install/apriltag/bin/opencv_demo" to ""
[5.038s] -- Installing: /home/revanth/nxp_ws/install/apriltag/bin/apriltag_demo
[5.039s] -- Set runtime path of "/home/revanth/nxp_ws/install/apriltag/bin/apriltag_demo" to ""
[5.041s] Invoked command in '/home/revanth/nxp_ws/build/apriltag' returned '0': CMAKE_PREFIX_PATH=${CMAKE_PREFIX_PATH}:/home/revanth/ros2_ws/install/my_py_pkg:/opt/ros/humble /usr/bin/cmake --install /home/revanth/nxp_ws/build/apriltag
