[0.016s] Invoking command in '/home/revanth/nxp_ws/build/apriltag_ros': CMAKE_PREFIX_PATH=/home/revanth/nxp_ws/install/apriltag_msgs:/home/revanth/nxp_ws/install/apriltag:/home/revanth/nxp_ws/install/nxp_1:/home/revanth/nxp_ws/install/apriltag_ros:/home/revanth/apriltag/install/apriltag:/home/revanth/apriltag_ros/install/apriltag_ros:/home/revanth/ws_nxp/install/nxp_purt:/home/revanth/librealsense/install/librealsense2:/home/revanth/realsense-ros/install/realsense2_description:/home/revanth/realsense-ros/install/realsense2_camera_msgs:/home/revanth/apriltag_msgs/install/apriltag_msgs:/home/revanth/ros2_ws/install/my_cpp_pkg:/home/revanth/ros2_ws/install/my_py_pkg:/opt/ros/humble LD_LIBRARY_PATH=/home/revanth/nxp_ws/install/apriltag_msgs/lib:/home/revanth/nxp_ws/install/apriltag/lib:/home/revanth/nxp_ws/install/apriltag_ros/lib:/home/revanth/apriltag/install/apriltag/lib:/home/revanth/apriltag_ros/install/apriltag_ros/lib:/home/revanth/librealsense/install/librealsense2/lib:/home/revanth/realsense-ros/install/realsense2_camera_msgs/lib:/home/revanth/apriltag_msgs/install/apriltag_msgs/lib:/opt/ros/humble/opt/rviz_ogre_vendor/lib:/opt/ros/humble/lib/x86_64-linux-gnu:/opt/ros/humble/lib /usr/bin/cmake --build /home/revanth/nxp_ws/build/apriltag_ros -- -j12 -l12
[0.059s] [ 33%] Built target utils
[0.062s] [ 66%] Built target apriltag_node
[0.083s] [100%] Built target AprilTagNode
[0.093s] Invoked command in '/home/revanth/nxp_ws/build/apriltag_ros' returned '0': CMAKE_PREFIX_PATH=/home/revanth/nxp_ws/install/apriltag_msgs:/home/revanth/nxp_ws/install/apriltag:/home/revanth/nxp_ws/install/nxp_1:/home/revanth/nxp_ws/install/apriltag_ros:/home/revanth/apriltag/install/apriltag:/home/revanth/apriltag_ros/install/apriltag_ros:/home/revanth/ws_nxp/install/nxp_purt:/home/revanth/librealsense/install/librealsense2:/home/revanth/realsense-ros/install/realsense2_description:/home/revanth/realsense-ros/install/realsense2_camera_msgs:/home/revanth/apriltag_msgs/install/apriltag_msgs:/home/revanth/ros2_ws/install/my_cpp_pkg:/home/revanth/ros2_ws/install/my_py_pkg:/opt/ros/humble LD_LIBRARY_PATH=/home/revanth/nxp_ws/install/apriltag_msgs/lib:/home/revanth/nxp_ws/install/apriltag/lib:/home/revanth/nxp_ws/install/apriltag_ros/lib:/home/revanth/apriltag/install/apriltag/lib:/home/revanth/apriltag_ros/install/apriltag_ros/lib:/home/revanth/librealsense/install/librealsense2/lib:/home/revanth/realsense-ros/install/realsense2_camera_msgs/lib:/home/revanth/apriltag_msgs/install/apriltag_msgs/lib:/opt/ros/humble/opt/rviz_ogre_vendor/lib:/opt/ros/humble/lib/x86_64-linux-gnu:/opt/ros/humble/lib /usr/bin/cmake --build /home/revanth/nxp_ws/build/apriltag_ros -- -j12 -l12
[0.122s] Invoking command in '/home/revanth/nxp_ws/build/apriltag_ros': CMAKE_PREFIX_PATH=/home/revanth/nxp_ws/install/apriltag_msgs:/home/revanth/nxp_ws/install/apriltag:/home/revanth/nxp_ws/install/nxp_1:/home/revanth/nxp_ws/install/apriltag_ros:/home/revanth/apriltag/install/apriltag:/home/revanth/apriltag_ros/install/apriltag_ros:/home/revanth/ws_nxp/install/nxp_purt:/home/revanth/librealsense/install/librealsense2:/home/revanth/realsense-ros/install/realsense2_description:/home/revanth/realsense-ros/install/realsense2_camera_msgs:/home/revanth/apriltag_msgs/install/apriltag_msgs:/home/revanth/ros2_ws/install/my_cpp_pkg:/home/revanth/ros2_ws/install/my_py_pkg:/opt/ros/humble LD_LIBRARY_PATH=/home/revanth/nxp_ws/install/apriltag_msgs/lib:/home/revanth/nxp_ws/install/apriltag/lib:/home/revanth/nxp_ws/install/apriltag_ros/lib:/home/revanth/apriltag/install/apriltag/lib:/home/revanth/apriltag_ros/install/apriltag_ros/lib:/home/revanth/librealsense/install/librealsense2/lib:/home/revanth/realsense-ros/install/realsense2_camera_msgs/lib:/home/revanth/apriltag_msgs/install/apriltag_msgs/lib:/opt/ros/humble/opt/rviz_ogre_vendor/lib:/opt/ros/humble/lib/x86_64-linux-gnu:/opt/ros/humble/lib /usr/bin/cmake --install /home/revanth/nxp_ws/build/apriltag_ros
[0.128s] -- Install configuration: ""
[0.128s] -- Up-to-date: /home/revanth/nxp_ws/install/apriltag_ros/lib/apriltag_ros/apriltag_node
[0.128s] -- Up-to-date: /home/revanth/nxp_ws/install/apriltag_ros/share/apriltag_ros/environment/library_path.sh
[0.128s] -- Up-to-date: /home/revanth/nxp_ws/install/apriltag_ros/share/apriltag_ros/environment/library_path.dsv
[0.128s] -- Up-to-date: /home/revanth/nxp_ws/install/apriltag_ros/lib/libAprilTagNode.so
[0.129s] -- Up-to-date: /home/revanth/nxp_ws/install/apriltag_ros/share/apriltag_ros/cfg
[0.129s] -- Up-to-date: /home/revanth/nxp_ws/install/apriltag_ros/share/apriltag_ros/cfg/tags_36h11.yaml
[0.129s] -- Up-to-date: /home/revanth/nxp_ws/install/apriltag_ros/share/apriltag_ros/launch
[0.129s] -- Up-to-date: /home/revanth/nxp_ws/install/apriltag_ros/share/apriltag_ros/launch/tag_36h11_all.launch.py
[0.129s] -- Up-to-date: /home/revanth/nxp_ws/install/apriltag_ros/share/ament_index/resource_index/package_run_dependencies/apriltag_ros
[0.129s] -- Up-to-date: /home/revanth/nxp_ws/install/apriltag_ros/share/ament_index/resource_index/parent_prefix_path/apriltag_ros
[0.129s] -- Up-to-date: /home/revanth/nxp_ws/install/apriltag_ros/share/apriltag_ros/environment/ament_prefix_path.sh
[0.129s] -- Up-to-date: /home/revanth/nxp_ws/install/apriltag_ros/share/apriltag_ros/environment/ament_prefix_path.dsv
[0.129s] -- Up-to-date: /home/revanth/nxp_ws/install/apriltag_ros/share/apriltag_ros/environment/path.sh
[0.129s] -- Up-to-date: /home/revanth/nxp_ws/install/apriltag_ros/share/apriltag_ros/environment/path.dsv
[0.129s] -- Up-to-date: /home/revanth/nxp_ws/install/apriltag_ros/share/apriltag_ros/local_setup.bash
[0.129s] -- Up-to-date: /home/revanth/nxp_ws/install/apriltag_ros/share/apriltag_ros/local_setup.sh
[0.129s] -- Up-to-date: /home/revanth/nxp_ws/install/apriltag_ros/share/apriltag_ros/local_setup.zsh
[0.129s] -- Up-to-date: /home/revanth/nxp_ws/install/apriltag_ros/share/apriltag_ros/local_setup.dsv
[0.130s] -- Installing: /home/revanth/nxp_ws/install/apriltag_ros/share/apriltag_ros/package.dsv
[0.130s] -- Up-to-date: /home/revanth/nxp_ws/install/apriltag_ros/share/ament_index/resource_index/packages/apriltag_ros
[0.130s] -- Up-to-date: /home/revanth/nxp_ws/install/apriltag_ros/share/ament_index/resource_index/rclcpp_components/apriltag_ros
[0.130s] -- Up-to-date: /home/revanth/nxp_ws/install/apriltag_ros/share/apriltag_ros/cmake/apriltag_rosConfig.cmake
[0.130s] -- Up-to-date: /home/revanth/nxp_ws/install/apriltag_ros/share/apriltag_ros/cmake/apriltag_rosConfig-version.cmake
[0.130s] -- Up-to-date: /home/revanth/nxp_ws/install/apriltag_ros/share/apriltag_ros/package.xml
[0.132s] Invoked command in '/home/revanth/nxp_ws/build/apriltag_ros' returned '0': CMAKE_PREFIX_PATH=/home/revanth/nxp_ws/install/apriltag_msgs:/home/revanth/nxp_ws/install/apriltag:/home/revanth/nxp_ws/install/nxp_1:/home/revanth/nxp_ws/install/apriltag_ros:/home/revanth/apriltag/install/apriltag:/home/revanth/apriltag_ros/install/apriltag_ros:/home/revanth/ws_nxp/install/nxp_purt:/home/revanth/librealsense/install/librealsense2:/home/revanth/realsense-ros/install/realsense2_description:/home/revanth/realsense-ros/install/realsense2_camera_msgs:/home/revanth/apriltag_msgs/install/apriltag_msgs:/home/revanth/ros2_ws/install/my_cpp_pkg:/home/revanth/ros2_ws/install/my_py_pkg:/opt/ros/humble LD_LIBRARY_PATH=/home/revanth/nxp_ws/install/apriltag_msgs/lib:/home/revanth/nxp_ws/install/apriltag/lib:/home/revanth/nxp_ws/install/apriltag_ros/lib:/home/revanth/apriltag/install/apriltag/lib:/home/revanth/apriltag_ros/install/apriltag_ros/lib:/home/revanth/librealsense/install/librealsense2/lib:/home/revanth/realsense-ros/install/realsense2_camera_msgs/lib:/home/revanth/apriltag_msgs/install/apriltag_msgs/lib:/opt/ros/humble/opt/rviz_ogre_vendor/lib:/opt/ros/humble/lib/x86_64-linux-gnu:/opt/ros/humble/lib /usr/bin/cmake --install /home/revanth/nxp_ws/build/apriltag_ros
