[0.026s] Invoking command in '/home/revanth/nxp_ws/build/apriltag': CMAKE_PREFIX_PATH=/opt/ros/humble /usr/bin/cmake --build /home/revanth/nxp_ws/build/apriltag -- -j12 -l12
[0.672s] -- Configuring done
[0.685s] -- Generating done
[0.686s] -- Build files have been written to: /home/revanth/nxp_ws/build/apriltag
[0.707s] [35m[1mConsolidate compiler generated dependencies of target apriltag[0m
[0.734s] [  4%] [32mBuilding C object CMakeFiles/apriltag.dir/apriltag.c.o[0m
[0.734s] [  7%] [32mBuilding C object CMakeFiles/apriltag.dir/apriltag_quad_thresh.c.o[0m
[0.734s] [  7%] [32mBuilding C object CMakeFiles/apriltag.dir/apriltag_pose.c.o[0m
[0.736s] [ 12%] [32mBuilding C object CMakeFiles/apriltag.dir/common/g2d.c.o[0m
[0.736s] [ 12%] [32mBuilding C object CMakeFiles/apriltag.dir/common/getopt.c.o[0m
[0.736s] [ 14%] [32mBuilding C object CMakeFiles/apriltag.dir/common/homography.c.o[0m
[0.737s] [ 17%] [32mBuilding C object CMakeFiles/apriltag.dir/common/image_u8.c.o[0m
[0.737s] [ 19%] [32mBuilding C object CMakeFiles/apriltag.dir/common/image_u8x3.c.o[0m
[0.740s] [ 21%] [32mBuilding C object CMakeFiles/apriltag.dir/common/matd.c.o[0m
[0.743s] [ 24%] [32mBuilding C object CMakeFiles/apriltag.dir/common/pjpeg-idct.c.o[0m
[0.746s] [ 26%] [32mBuilding C object CMakeFiles/apriltag.dir/common/image_u8x4.c.o[0m
[0.748s] [ 29%] [32mBuilding C object CMakeFiles/apriltag.dir/common/pam.c.o[0m
[1.084s] [ 31%] [32mBuilding C object CMakeFiles/apriltag.dir/common/pjpeg.c.o[0m
[1.156s] [ 34%] [32mBuilding C object CMakeFiles/apriltag.dir/common/pnm.c.o[0m
[1.180s] [ 36%] [32mBuilding CXX object CMakeFiles/apriltag.dir/common/pthreads_cross.cpp.o[0m
[1.205s] [ 39%] [32mBuilding C object CMakeFiles/apriltag.dir/common/string_util.c.o[0m
[1.212s] [ 41%] [32mBuilding C object CMakeFiles/apriltag.dir/common/svd22.c.o[0m
[1.227s] [ 43%] [32mBuilding C object CMakeFiles/apriltag.dir/common/time_util.c.o[0m
[1.280s] [ 46%] [32mBuilding C object CMakeFiles/apriltag.dir/common/workerpool.c.o[0m
[1.297s] [ 48%] [32mBuilding C object CMakeFiles/apriltag.dir/common/unionfind.c.o[0m
[1.334s] [ 53%] [32mBuilding C object CMakeFiles/apriltag.dir/common/zarray.c.o[0m
[1.334s] [ 53%] [32mBuilding C object CMakeFiles/apriltag.dir/common/zhash.c.o[0m
[1.338s] [ 56%] [32mBuilding C object CMakeFiles/apriltag.dir/common/zmaxheap.c.o[0m
[1.346s] [ 58%] [32mBuilding C object CMakeFiles/apriltag.dir/tag16h5.c.o[0m
[1.389s] [ 60%] [32mBuilding C object CMakeFiles/apriltag.dir/tag25h9.c.o[0m
[1.429s] [ 63%] [32mBuilding C object CMakeFiles/apriltag.dir/tag36h10.c.o[0m
[1.439s] [ 65%] [32mBuilding C object CMakeFiles/apriltag.dir/tagCircle21h7.c.o[0m
[1.452s] [ 68%] [32mBuilding C object CMakeFiles/apriltag.dir/tag36h11.c.o[0m
[1.453s] [ 70%] [32mBuilding C object CMakeFiles/apriltag.dir/tagCircle49h12.c.o[0m
[1.523s] [ 73%] [32mBuilding C object CMakeFiles/apriltag.dir/tagCustom48h12.c.o[0m
[1.552s] [ 78%] [32mBuilding C object CMakeFiles/apriltag.dir/tagStandard52h13.c.o[0m
[1.553s] [ 78%] [32mBuilding C object CMakeFiles/apriltag.dir/tagStandard41h12.c.o[0m
[2.435s] [ 80%] [32m[1mLinking CXX shared library libapriltag.so[0m
[2.658s] [ 80%] Built target apriltag
[2.726s] [35m[1mConsolidate compiler generated dependencies of target apriltag_demo[0m
[2.757s] [35m[1mConsolidate compiler generated dependencies of target opencv_demo[0m
[2.801s] [ 82%] [32mBuilding C object CMakeFiles/apriltag_demo.dir/example/apriltag_demo.c.o[0m
[2.801s] [ 85%] [34m[1mGenerating apriltag_pywrap.o[0m
[2.844s] [ 87%] [32mBuilding CXX object CMakeFiles/opencv_demo.dir/example/opencv_demo.cc.o[0m
[3.112s] [ 90%] [32m[1mLinking C executable apriltag_demo[0m
[3.173s] [ 90%] Built target apriltag_demo
[3.196s] [ 92%] [34m[1mGenerating apriltag.cpython-310-x86_64-linux-gnu.so[0m
[3.229s] [ 97%] Built target apriltag_python
[4.781s] [100%] [32m[1mLinking CXX executable opencv_demo[0m
[5.488s] [100%] Built target opencv_demo
[5.499s] Invoked command in '/home/revanth/nxp_ws/build/apriltag' returned '0': CMAKE_PREFIX_PATH=/opt/ros/humble /usr/bin/cmake --build /home/revanth/nxp_ws/build/apriltag -- -j12 -l12
[5.593s] Invoking command in '/home/revanth/nxp_ws/build/apriltag': CMAKE_PREFIX_PATH=/opt/ros/humble /usr/bin/cmake --install /home/revanth/nxp_ws/build/apriltag
[5.600s] -- Install configuration: "Release"
[5.600s] -- Installing: /home/revanth/nxp_ws/install/apriltag/include/apriltag/apriltag.h
[5.600s] -- Installing: /home/revanth/nxp_ws/install/apriltag/include/apriltag/apriltag_math.h
[5.600s] -- Installing: /home/revanth/nxp_ws/install/apriltag/include/apriltag/apriltag_pose.h
[5.601s] -- Installing: /home/revanth/nxp_ws/install/apriltag/include/apriltag/common/debug_print.h
[5.601s] -- Installing: /home/revanth/nxp_ws/install/apriltag/include/apriltag/common/doubles.h
[5.601s] -- Installing: /home/revanth/nxp_ws/install/apriltag/include/apriltag/common/doubles_floats_impl.h
[5.601s] -- Installing: /home/revanth/nxp_ws/install/apriltag/include/apriltag/common/floats.h
[5.601s] -- Installing: /home/revanth/nxp_ws/install/apriltag/include/apriltag/common/g2d.h
[5.601s] -- Installing: /home/revanth/nxp_ws/install/apriltag/include/apriltag/common/getopt.h
[5.601s] -- Installing: /home/revanth/nxp_ws/install/apriltag/include/apriltag/common/homography.h
[5.602s] -- Installing: /home/revanth/nxp_ws/install/apriltag/include/apriltag/common/image_types.h
[5.602s] -- Installing: /home/revanth/nxp_ws/install/apriltag/include/apriltag/common/image_u8.h
[5.602s] -- Installing: /home/revanth/nxp_ws/install/apriltag/include/apriltag/common/image_u8x3.h
[5.602s] -- Installing: /home/revanth/nxp_ws/install/apriltag/include/apriltag/common/image_u8x4.h
[5.602s] -- Installing: /home/revanth/nxp_ws/install/apriltag/include/apriltag/common/matd.h
[5.602s] -- Installing: /home/revanth/nxp_ws/install/apriltag/include/apriltag/common/math_util.h
[5.602s] -- Installing: /home/revanth/nxp_ws/install/apriltag/include/apriltag/common/pam.h
[5.603s] -- Installing: /home/revanth/nxp_ws/install/apriltag/include/apriltag/common/pjpeg.h
[5.603s] -- Installing: /home/revanth/nxp_ws/install/apriltag/include/apriltag/common/pnm.h
[5.603s] -- Installing: /home/revanth/nxp_ws/install/apriltag/include/apriltag/common/postscript_utils.h
[5.603s] -- Installing: /home/revanth/nxp_ws/install/apriltag/include/apriltag/common/pthreads_cross.h
[5.603s] -- Installing: /home/revanth/nxp_ws/install/apriltag/include/apriltag/common/string_util.h
[5.603s] -- Installing: /home/revanth/nxp_ws/install/apriltag/include/apriltag/common/svd22.h
[5.603s] -- Installing: /home/revanth/nxp_ws/install/apriltag/include/apriltag/common/time_util.h
[5.604s] -- Installing: /home/revanth/nxp_ws/install/apriltag/include/apriltag/common/timeprofile.h
[5.604s] -- Installing: /home/revanth/nxp_ws/install/apriltag/include/apriltag/common/unionfind.h
[5.604s] -- Installing: /home/revanth/nxp_ws/install/apriltag/include/apriltag/common/workerpool.h
[5.604s] -- Installing: /home/revanth/nxp_ws/install/apriltag/include/apriltag/common/zarray.h
[5.604s] -- Installing: /home/revanth/nxp_ws/install/apriltag/include/apriltag/common/zhash.h
[5.604s] -- Installing: /home/revanth/nxp_ws/install/apriltag/include/apriltag/common/zmaxheap.h
[5.604s] -- Installing: /home/revanth/nxp_ws/install/apriltag/include/apriltag/tag16h5.h
[5.605s] -- Installing: /home/revanth/nxp_ws/install/apriltag/include/apriltag/tag25h9.h
[5.605s] -- Installing: /home/revanth/nxp_ws/install/apriltag/include/apriltag/tag36h10.h
[5.605s] -- Installing: /home/revanth/nxp_ws/install/apriltag/include/apriltag/tag36h11.h
[5.605s] -- Installing: /home/revanth/nxp_ws/install/apriltag/include/apriltag/tagCircle21h7.h
[5.605s] -- Installing: /home/revanth/nxp_ws/install/apriltag/include/apriltag/tagCircle49h12.h
[5.605s] -- Installing: /home/revanth/nxp_ws/install/apriltag/include/apriltag/tagCustom48h12.h
[5.606s] -- Installing: /home/revanth/nxp_ws/install/apriltag/include/apriltag/tagStandard41h12.h
[5.606s] -- Installing: /home/revanth/nxp_ws/install/apriltag/include/apriltag/tagStandard52h13.h
[5.606s] -- Installing: /home/revanth/nxp_ws/install/apriltag/lib/libapriltag.so.3.3.0
[5.608s] -- Up-to-date: /home/revanth/nxp_ws/install/apriltag/lib/libapriltag.so.3
[5.608s] -- Up-to-date: /home/revanth/nxp_ws/install/apriltag/lib/libapriltag.so
[5.608s] -- Up-to-date: /home/revanth/nxp_ws/install/apriltag/share/apriltag/cmake/apriltagTargets.cmake
[5.609s] -- Up-to-date: /home/revanth/nxp_ws/install/apriltag/share/apriltag/cmake/apriltagTargets-release.cmake
[5.609s] -- Up-to-date: /home/revanth/nxp_ws/install/apriltag/share/apriltag/cmake/apriltagConfig.cmake
[5.609s] -- Up-to-date: /home/revanth/nxp_ws/install/apriltag/share/apriltag/cmake/apriltagConfigVersion.cmake
[5.609s] -- Up-to-date: /home/revanth/nxp_ws/install/apriltag/lib/pkgconfig/apriltag.pc
[5.609s] -- Installing: /home/revanth/.local/lib/python3.10/site-packages/apriltag.cpython-310-x86_64-linux-gnu.so
[5.609s] -- Installing: /home/revanth/nxp_ws/install/apriltag/bin/opencv_demo
[5.610s] -- Set runtime path of "/home/revanth/nxp_ws/install/apriltag/bin/opencv_demo" to ""
[5.610s] -- Installing: /home/revanth/nxp_ws/install/apriltag/bin/apriltag_demo
[5.610s] -- Set runtime path of "/home/revanth/nxp_ws/install/apriltag/bin/apriltag_demo" to ""
[5.612s] Invoked command in '/home/revanth/nxp_ws/build/apriltag' returned '0': CMAKE_PREFIX_PATH=/opt/ros/humble /usr/bin/cmake --install /home/revanth/nxp_ws/build/apriltag
