[0.017s] Invoking command in '/home/revanth/nxp_ws/build/apriltag_msgs': CMAKE_PREFIX_PATH=/opt/ros/humble /usr/bin/cmake --build /home/revanth/nxp_ws/build/apriltag_msgs -- -j12 -l12
[0.052s] -- Found ament_cmake: 1.3.3 (/opt/ros/humble/share/ament_cmake/cmake)
[0.503s] -- Found rosidl_default_generators: 1.2.0 (/opt/ros/humble/share/rosidl_default_generators/cmake)
[0.511s] -- Using all available rosidl_typesupport_c: rosidl_typesupport_fastrtps_c;rosidl_typesupport_introspection_c
[0.523s] -- Found rosidl_adapter: 3.1.4 (/opt/ros/humble/share/rosidl_adapter/cmake)
[0.592s] -- Using all available rosidl_typesupport_cpp: rosidl_typesupport_fastrtps_cpp;rosidl_typesupport_introspection_cpp
[0.626s] -- Found std_msgs: 4.2.3 (/opt/ros/humble/share/std_msgs/cmake)
[1.384s] -- Found ament_cmake_ros: 0.10.0 (/opt/ros/humble/share/ament_cmake_ros/cmake)
[1.765s] -- Using all available rosidl_typesupport_c: rosidl_typesupport_fastrtps_c;rosidl_typesupport_introspection_c
[2.085s] -- Using all available rosidl_typesupport_cpp: rosidl_typesupport_fastrtps_cpp;rosidl_typesupport_introspection_cpp
[2.108s] -- Found python_cmake_module: 0.10.0 (/opt/ros/humble/share/python_cmake_module/cmake)
[2.131s] -- Using PYTHON_EXECUTABLE: /usr/bin/python3
[2.131s] -- Using PYTHON_INCLUDE_DIRS: /usr/include/python3.10
[2.131s] -- Using PYTHON_LIBRARIES: /usr/lib/x86_64-linux-gnu/libpython3.10.so
[2.165s] -- Configuring done
[2.204s] -- Generating done
[2.208s] -- Build files have been written to: /home/revanth/nxp_ws/build/apriltag_msgs
[2.232s] [35m[1mConsolidate compiler generated dependencies of target apriltag_msgs__rosidl_generator_c[0m
[2.242s] [  2%] Built target apriltag_msgs__cpp
[2.245s] [  4%] [32mBuilding C object CMakeFiles/apriltag_msgs__rosidl_generator_c.dir/rosidl_generator_c/apriltag_msgs/msg/detail/point__functions.c.o[0m
[2.246s] [  6%] [32mBuilding C object CMakeFiles/apriltag_msgs__rosidl_generator_c.dir/rosidl_generator_c/apriltag_msgs/msg/detail/april_tag_detection__functions.c.o[0m
[2.250s] [  8%] [32mBuilding C object CMakeFiles/apriltag_msgs__rosidl_generator_c.dir/rosidl_generator_c/apriltag_msgs/msg/detail/april_tag_detection_array__functions.c.o[0m
[2.254s] [  8%] Built target ament_cmake_python_copy_apriltag_msgs
[2.254s] [35m[1mConsolidate compiler generated dependencies of target apriltag_msgs__rosidl_typesupport_cpp[0m
[2.259s] [35m[1mConsolidate compiler generated dependencies of target apriltag_msgs__rosidl_typesupport_introspection_cpp[0m
[2.260s] [35m[1mConsolidate compiler generated dependencies of target apriltag_msgs__rosidl_typesupport_fastrtps_cpp[0m
[2.278s] [ 10%] [32mBuilding CXX object CMakeFiles/apriltag_msgs__rosidl_typesupport_cpp.dir/rosidl_typesupport_cpp/apriltag_msgs/msg/point__type_support.cpp.o[0m
[2.279s] [ 12%] [32mBuilding CXX object CMakeFiles/apriltag_msgs__rosidl_typesupport_cpp.dir/rosidl_typesupport_cpp/apriltag_msgs/msg/april_tag_detection__type_support.cpp.o[0m
[2.279s] [ 14%] [32mBuilding CXX object CMakeFiles/apriltag_msgs__rosidl_typesupport_cpp.dir/rosidl_typesupport_cpp/apriltag_msgs/msg/april_tag_detection_array__type_support.cpp.o[0m
[2.283s] [ 17%] [32mBuilding CXX object CMakeFiles/apriltag_msgs__rosidl_typesupport_introspection_cpp.dir/rosidl_typesupport_introspection_cpp/apriltag_msgs/msg/detail/april_tag_detection__type_support.cpp.o[0m
[2.285s] [ 19%] [32mBuilding CXX object CMakeFiles/apriltag_msgs__rosidl_typesupport_introspection_cpp.dir/rosidl_typesupport_introspection_cpp/apriltag_msgs/msg/detail/april_tag_detection_array__type_support.cpp.o[0m
[2.287s] [ 21%] [32mBuilding CXX object CMakeFiles/apriltag_msgs__rosidl_typesupport_fastrtps_cpp.dir/rosidl_typesupport_fastrtps_cpp/apriltag_msgs/msg/detail/dds_fastrtps/point__type_support.cpp.o[0m
[2.291s] [ 23%] [32mBuilding CXX object CMakeFiles/apriltag_msgs__rosidl_typesupport_fastrtps_cpp.dir/rosidl_typesupport_fastrtps_cpp/apriltag_msgs/msg/detail/dds_fastrtps/april_tag_detection__type_support.cpp.o[0m
[2.291s] [ 25%] [32mBuilding CXX object CMakeFiles/apriltag_msgs__rosidl_typesupport_introspection_cpp.dir/rosidl_typesupport_introspection_cpp/apriltag_msgs/msg/detail/point__type_support.cpp.o[0m
[2.325s] [ 27%] [32mBuilding CXX object CMakeFiles/apriltag_msgs__rosidl_typesupport_fastrtps_cpp.dir/rosidl_typesupport_fastrtps_cpp/apriltag_msgs/msg/detail/dds_fastrtps/april_tag_detection_array__type_support.cpp.o[0m
[2.346s] [ 29%] [32m[1mLinking C shared library libapriltag_msgs__rosidl_generator_c.so[0m
[2.440s] [ 31%] Built target apriltag_msgs__rosidl_generator_c
[2.482s] [35m[1mConsolidate compiler generated dependencies of target apriltag_msgs__rosidl_typesupport_fastrtps_c[0m
[2.521s] [35m[1mConsolidate compiler generated dependencies of target apriltag_msgs__rosidl_typesupport_introspection_c[0m
[2.572s] [ 34%] [32mBuilding CXX object CMakeFiles/apriltag_msgs__rosidl_typesupport_fastrtps_c.dir/rosidl_typesupport_fastrtps_c/apriltag_msgs/msg/detail/point__type_support_c.cpp.o[0m
[2.592s] [ 36%] [32mBuilding C object CMakeFiles/apriltag_msgs__rosidl_typesupport_introspection_c.dir/rosidl_typesupport_introspection_c/apriltag_msgs/msg/detail/point__type_support.c.o[0m
[2.757s] [ 38%] [32mBuilding C object CMakeFiles/apriltag_msgs__rosidl_typesupport_introspection_c.dir/rosidl_typesupport_introspection_c/apriltag_msgs/msg/detail/april_tag_detection__type_support.c.o[0m
[2.852s] running egg_info
[2.853s] writing apriltag_msgs.egg-info/PKG-INFO
[2.853s] writing dependency_links to apriltag_msgs.egg-info/dependency_links.txt
[2.853s] writing top-level names to apriltag_msgs.egg-info/top_level.txt
[2.867s] reading manifest file 'apriltag_msgs.egg-info/SOURCES.txt'
[2.868s] writing manifest file 'apriltag_msgs.egg-info/SOURCES.txt'
[2.892s] [ 40%] [32mBuilding C object CMakeFiles/apriltag_msgs__rosidl_typesupport_introspection_c.dir/rosidl_typesupport_introspection_c/apriltag_msgs/msg/detail/april_tag_detection_array__type_support.c.o[0m
[2.917s] [35m[1mConsolidate compiler generated dependencies of target apriltag_msgs__rosidl_typesupport_c[0m
[2.920s] [ 42%] [32mBuilding CXX object CMakeFiles/apriltag_msgs__rosidl_typesupport_fastrtps_c.dir/rosidl_typesupport_fastrtps_c/apriltag_msgs/msg/detail/april_tag_detection__type_support_c.cpp.o[0m
[2.956s] [ 42%] Built target ament_cmake_python_build_apriltag_msgs_egg
[2.968s] [ 44%] [32m[1mLinking CXX shared library libapriltag_msgs__rosidl_typesupport_cpp.so[0m
[2.980s] [ 46%] [32mBuilding CXX object CMakeFiles/apriltag_msgs__rosidl_typesupport_c.dir/rosidl_typesupport_c/apriltag_msgs/msg/point__type_support.cpp.o[0m
[2.999s] [ 48%] [32mBuilding CXX object CMakeFiles/apriltag_msgs__rosidl_typesupport_c.dir/rosidl_typesupport_c/apriltag_msgs/msg/april_tag_detection__type_support.cpp.o[0m
[3.056s] [ 51%] [32m[1mLinking C shared library libapriltag_msgs__rosidl_typesupport_introspection_c.so[0m
[3.100s] [ 53%] [32mBuilding CXX object CMakeFiles/apriltag_msgs__rosidl_typesupport_fastrtps_c.dir/rosidl_typesupport_fastrtps_c/apriltag_msgs/msg/detail/april_tag_detection_array__type_support_c.cpp.o[0m
[3.101s] [ 55%] [32mBuilding CXX object CMakeFiles/apriltag_msgs__rosidl_typesupport_c.dir/rosidl_typesupport_c/apriltag_msgs/msg/april_tag_detection_array__type_support.cpp.o[0m
[3.110s] [ 57%] Built target apriltag_msgs__rosidl_typesupport_cpp
[3.140s] [ 59%] Built target apriltag_msgs__rosidl_typesupport_introspection_c
[3.152s] [ 61%] [32m[1mLinking CXX shared library libapriltag_msgs__rosidl_typesupport_c.so[0m
[3.175s] [ 63%] [32m[1mLinking CXX shared library libapriltag_msgs__rosidl_typesupport_introspection_cpp.so[0m
[3.203s] [ 65%] Built target apriltag_msgs__rosidl_typesupport_c
[3.233s] [ 68%] [32m[1mLinking CXX shared library libapriltag_msgs__rosidl_typesupport_fastrtps_cpp.so[0m
[3.270s] [ 70%] Built target apriltag_msgs__rosidl_typesupport_introspection_cpp
[3.319s] [ 72%] Built target apriltag_msgs__rosidl_typesupport_fastrtps_cpp
[3.488s] [ 74%] [32m[1mLinking CXX shared library libapriltag_msgs__rosidl_typesupport_fastrtps_c.so[0m
[3.561s] [ 76%] Built target apriltag_msgs__rosidl_typesupport_fastrtps_c
[3.580s] [ 76%] Built target apriltag_msgs
[3.599s] [ 78%] Built target apriltag_msgs__py
[3.608s] [35m[1mConsolidate compiler generated dependencies of target apriltag_msgs__rosidl_generator_py[0m
[3.623s] [ 80%] [32mBuilding C object CMakeFiles/apriltag_msgs__rosidl_generator_py.dir/rosidl_generator_py/apriltag_msgs/msg/_point_s.c.o[0m
[3.623s] [ 82%] [32mBuilding C object CMakeFiles/apriltag_msgs__rosidl_generator_py.dir/rosidl_generator_py/apriltag_msgs/msg/_april_tag_detection_s.c.o[0m
[3.624s] [ 85%] [32mBuilding C object CMakeFiles/apriltag_msgs__rosidl_generator_py.dir/rosidl_generator_py/apriltag_msgs/msg/_april_tag_detection_array_s.c.o[0m
[3.744s] [ 87%] [32m[1mLinking C shared library rosidl_generator_py/apriltag_msgs/libapriltag_msgs__rosidl_generator_py.so[0m
[3.787s] [ 87%] Built target apriltag_msgs__rosidl_generator_py
[3.797s] [35m[1mConsolidate compiler generated dependencies of target apriltag_msgs__rosidl_typesupport_fastrtps_c__pyext[0m
[3.797s] [35m[1mConsolidate compiler generated dependencies of target apriltag_msgs__rosidl_typesupport_c__pyext[0m
[3.797s] [35m[1mConsolidate compiler generated dependencies of target apriltag_msgs__rosidl_typesupport_introspection_c__pyext[0m
[3.810s] [ 93%] [32mBuilding C object CMakeFiles/apriltag_msgs__rosidl_typesupport_c__pyext.dir/rosidl_generator_py/apriltag_msgs/_apriltag_msgs_s.ep.rosidl_typesupport_c.c.o[0m
[3.810s] [ 93%] [32mBuilding C object CMakeFiles/apriltag_msgs__rosidl_typesupport_introspection_c__pyext.dir/rosidl_generator_py/apriltag_msgs/_apriltag_msgs_s.ep.rosidl_typesupport_introspection_c.c.o[0m
[3.811s] [ 93%] [32mBuilding C object CMakeFiles/apriltag_msgs__rosidl_typesupport_fastrtps_c__pyext.dir/rosidl_generator_py/apriltag_msgs/_apriltag_msgs_s.ep.rosidl_typesupport_fastrtps_c.c.o[0m
[3.926s] [ 97%] [32m[1mLinking C shared library rosidl_generator_py/apriltag_msgs/apriltag_msgs_s__rosidl_typesupport_c.cpython-310-x86_64-linux-gnu.so[0m
[3.926s] [ 97%] [32m[1mLinking C shared library rosidl_generator_py/apriltag_msgs/apriltag_msgs_s__rosidl_typesupport_introspection_c.cpython-310-x86_64-linux-gnu.so[0m
[3.930s] [100%] [32m[1mLinking C shared library rosidl_generator_py/apriltag_msgs/apriltag_msgs_s__rosidl_typesupport_fastrtps_c.cpython-310-x86_64-linux-gnu.so[0m
[3.968s] [100%] Built target apriltag_msgs__rosidl_typesupport_introspection_c__pyext
[3.971s] [100%] Built target apriltag_msgs__rosidl_typesupport_fastrtps_c__pyext
[3.971s] [100%] Built target apriltag_msgs__rosidl_typesupport_c__pyext
[3.983s] Invoked command in '/home/revanth/nxp_ws/build/apriltag_msgs' returned '0': CMAKE_PREFIX_PATH=/opt/ros/humble /usr/bin/cmake --build /home/revanth/nxp_ws/build/apriltag_msgs -- -j12 -l12
[4.075s] Invoking command in '/home/revanth/nxp_ws/build/apriltag_msgs': CMAKE_PREFIX_PATH=/opt/ros/humble /usr/bin/cmake --install /home/revanth/nxp_ws/build/apriltag_msgs
[4.085s] -- Install configuration: ""
[4.085s] -- Up-to-date: /home/revanth/nxp_ws/install/apriltag_msgs/share/ament_index/resource_index/rosidl_interfaces/apriltag_msgs
[4.085s] -- Up-to-date: /home/revanth/nxp_ws/install/apriltag_msgs/include/apriltag_msgs/apriltag_msgs
[4.085s] -- Up-to-date: /home/revanth/nxp_ws/install/apriltag_msgs/include/apriltag_msgs/apriltag_msgs/msg
[4.085s] -- Up-to-date: /home/revanth/nxp_ws/install/apriltag_msgs/include/apriltag_msgs/apriltag_msgs/msg/point.h
[4.085s] -- Up-to-date: /home/revanth/nxp_ws/install/apriltag_msgs/include/apriltag_msgs/apriltag_msgs/msg/detail
[4.085s] -- Up-to-date: /home/revanth/nxp_ws/install/apriltag_msgs/include/apriltag_msgs/apriltag_msgs/msg/detail/point__struct.h
[4.085s] -- Up-to-date: /home/revanth/nxp_ws/install/apriltag_msgs/include/apriltag_msgs/apriltag_msgs/msg/detail/april_tag_detection__struct.h
[4.086s] -- Up-to-date: /home/revanth/nxp_ws/install/apriltag_msgs/include/apriltag_msgs/apriltag_msgs/msg/detail/april_tag_detection_array__functions.c
[4.086s] -- Up-to-date: /home/revanth/nxp_ws/install/apriltag_msgs/include/apriltag_msgs/apriltag_msgs/msg/detail/april_tag_detection_array__struct.h
[4.086s] -- Up-to-date: /home/revanth/nxp_ws/install/apriltag_msgs/include/apriltag_msgs/apriltag_msgs/msg/detail/april_tag_detection__type_support.h
[4.086s] -- Up-to-date: /home/revanth/nxp_ws/install/apriltag_msgs/include/apriltag_msgs/apriltag_msgs/msg/detail/point__type_support.h
[4.086s] -- Up-to-date: /home/revanth/nxp_ws/install/apriltag_msgs/include/apriltag_msgs/apriltag_msgs/msg/detail/april_tag_detection__functions.c
[4.086s] -- Up-to-date: /home/revanth/nxp_ws/install/apriltag_msgs/include/apriltag_msgs/apriltag_msgs/msg/detail/april_tag_detection_array__functions.h
[4.086s] -- Up-to-date: /home/revanth/nxp_ws/install/apriltag_msgs/include/apriltag_msgs/apriltag_msgs/msg/detail/point__functions.h
[4.086s] -- Up-to-date: /home/revanth/nxp_ws/install/apriltag_msgs/include/apriltag_msgs/apriltag_msgs/msg/detail/april_tag_detection_array__type_support.h
[4.086s] -- Up-to-date: /home/revanth/nxp_ws/install/apriltag_msgs/include/apriltag_msgs/apriltag_msgs/msg/detail/point__functions.c
[4.086s] -- Up-to-date: /home/revanth/nxp_ws/install/apriltag_msgs/include/apriltag_msgs/apriltag_msgs/msg/detail/april_tag_detection__functions.h
[4.086s] -- Up-to-date: /home/revanth/nxp_ws/install/apriltag_msgs/include/apriltag_msgs/apriltag_msgs/msg/rosidl_generator_c__visibility_control.h
[4.086s] -- Up-to-date: /home/revanth/nxp_ws/install/apriltag_msgs/include/apriltag_msgs/apriltag_msgs/msg/april_tag_detection_array.h
[4.087s] -- Up-to-date: /home/revanth/nxp_ws/install/apriltag_msgs/include/apriltag_msgs/apriltag_msgs/msg/april_tag_detection.h
[4.087s] -- Installing: /home/revanth/nxp_ws/install/apriltag_msgs/share/apriltag_msgs/environment/library_path.sh
[4.087s] -- Installing: /home/revanth/nxp_ws/install/apriltag_msgs/share/apriltag_msgs/environment/library_path.dsv
[4.087s] -- Installing: /home/revanth/nxp_ws/install/apriltag_msgs/lib/libapriltag_msgs__rosidl_generator_c.so
[4.087s] -- Set runtime path of "/home/revanth/nxp_ws/install/apriltag_msgs/lib/libapriltag_msgs__rosidl_generator_c.so" to ""
[4.087s] -- Up-to-date: /home/revanth/nxp_ws/install/apriltag_msgs/include/apriltag_msgs/apriltag_msgs
[4.087s] -- Up-to-date: /home/revanth/nxp_ws/install/apriltag_msgs/include/apriltag_msgs/apriltag_msgs/msg
[4.087s] -- Up-to-date: /home/revanth/nxp_ws/install/apriltag_msgs/include/apriltag_msgs/apriltag_msgs/msg/detail
[4.087s] -- Up-to-date: /home/revanth/nxp_ws/install/apriltag_msgs/include/apriltag_msgs/apriltag_msgs/msg/detail/point__rosidl_typesupport_fastrtps_c.h
[4.087s] -- Up-to-date: /home/revanth/nxp_ws/install/apriltag_msgs/include/apriltag_msgs/apriltag_msgs/msg/detail/april_tag_detection_array__rosidl_typesupport_fastrtps_c.h
[4.087s] -- Up-to-date: /home/revanth/nxp_ws/install/apriltag_msgs/include/apriltag_msgs/apriltag_msgs/msg/detail/april_tag_detection__rosidl_typesupport_fastrtps_c.h
[4.087s] -- Up-to-date: /home/revanth/nxp_ws/install/apriltag_msgs/include/apriltag_msgs/apriltag_msgs/msg/rosidl_typesupport_fastrtps_c__visibility_control.h
[4.087s] -- Installing: /home/revanth/nxp_ws/install/apriltag_msgs/lib/libapriltag_msgs__rosidl_typesupport_fastrtps_c.so
[4.088s] -- Set runtime path of "/home/revanth/nxp_ws/install/apriltag_msgs/lib/libapriltag_msgs__rosidl_typesupport_fastrtps_c.so" to ""
[4.088s] -- Up-to-date: /home/revanth/nxp_ws/install/apriltag_msgs/include/apriltag_msgs/apriltag_msgs
[4.088s] -- Up-to-date: /home/revanth/nxp_ws/install/apriltag_msgs/include/apriltag_msgs/apriltag_msgs/msg
[4.088s] -- Up-to-date: /home/revanth/nxp_ws/install/apriltag_msgs/include/apriltag_msgs/apriltag_msgs/msg/detail
[4.088s] -- Up-to-date: /home/revanth/nxp_ws/install/apriltag_msgs/include/apriltag_msgs/apriltag_msgs/msg/detail/april_tag_detection_array__type_support.c
[4.088s] -- Up-to-date: /home/revanth/nxp_ws/install/apriltag_msgs/include/apriltag_msgs/apriltag_msgs/msg/detail/april_tag_detection__rosidl_typesupport_introspection_c.h
[4.088s] -- Up-to-date: /home/revanth/nxp_ws/install/apriltag_msgs/include/apriltag_msgs/apriltag_msgs/msg/detail/april_tag_detection__type_support.c
[4.088s] -- Up-to-date: /home/revanth/nxp_ws/install/apriltag_msgs/include/apriltag_msgs/apriltag_msgs/msg/detail/point__type_support.c
[4.088s] -- Up-to-date: /home/revanth/nxp_ws/install/apriltag_msgs/include/apriltag_msgs/apriltag_msgs/msg/detail/point__rosidl_typesupport_introspection_c.h
[4.088s] -- Up-to-date: /home/revanth/nxp_ws/install/apriltag_msgs/include/apriltag_msgs/apriltag_msgs/msg/detail/april_tag_detection_array__rosidl_typesupport_introspection_c.h
[4.089s] -- Up-to-date: /home/revanth/nxp_ws/install/apriltag_msgs/include/apriltag_msgs/apriltag_msgs/msg/rosidl_typesupport_introspection_c__visibility_control.h
[4.089s] -- Installing: /home/revanth/nxp_ws/install/apriltag_msgs/lib/libapriltag_msgs__rosidl_typesupport_introspection_c.so
[4.089s] -- Set runtime path of "/home/revanth/nxp_ws/install/apriltag_msgs/lib/libapriltag_msgs__rosidl_typesupport_introspection_c.so" to ""
[4.089s] -- Installing: /home/revanth/nxp_ws/install/apriltag_msgs/lib/libapriltag_msgs__rosidl_typesupport_c.so
[4.090s] -- Set runtime path of "/home/revanth/nxp_ws/install/apriltag_msgs/lib/libapriltag_msgs__rosidl_typesupport_c.so" to ""
[4.090s] -- Up-to-date: /home/revanth/nxp_ws/install/apriltag_msgs/include/apriltag_msgs/apriltag_msgs
[4.090s] -- Up-to-date: /home/revanth/nxp_ws/install/apriltag_msgs/include/apriltag_msgs/apriltag_msgs/msg
[4.090s] -- Up-to-date: /home/revanth/nxp_ws/install/apriltag_msgs/include/apriltag_msgs/apriltag_msgs/msg/point.hpp
[4.090s] -- Up-to-date: /home/revanth/nxp_ws/install/apriltag_msgs/include/apriltag_msgs/apriltag_msgs/msg/detail
[4.090s] -- Up-to-date: /home/revanth/nxp_ws/install/apriltag_msgs/include/apriltag_msgs/apriltag_msgs/msg/detail/april_tag_detection_array__builder.hpp
[4.091s] -- Up-to-date: /home/revanth/nxp_ws/install/apriltag_msgs/include/apriltag_msgs/apriltag_msgs/msg/detail/april_tag_detection_array__traits.hpp
[4.091s] -- Up-to-date: /home/revanth/nxp_ws/install/apriltag_msgs/include/apriltag_msgs/apriltag_msgs/msg/detail/point__traits.hpp
[4.091s] -- Up-to-date: /home/revanth/nxp_ws/install/apriltag_msgs/include/apriltag_msgs/apriltag_msgs/msg/detail/april_tag_detection_array__struct.hpp
[4.091s] -- Up-to-date: /home/revanth/nxp_ws/install/apriltag_msgs/include/apriltag_msgs/apriltag_msgs/msg/detail/point__struct.hpp
[4.091s] -- Up-to-date: /home/revanth/nxp_ws/install/apriltag_msgs/include/apriltag_msgs/apriltag_msgs/msg/detail/april_tag_detection__traits.hpp
[4.091s] -- Up-to-date: /home/revanth/nxp_ws/install/apriltag_msgs/include/apriltag_msgs/apriltag_msgs/msg/detail/point__builder.hpp
[4.091s] -- Up-to-date: /home/revanth/nxp_ws/install/apriltag_msgs/include/apriltag_msgs/apriltag_msgs/msg/detail/april_tag_detection__builder.hpp
[4.091s] -- Up-to-date: /home/revanth/nxp_ws/install/apriltag_msgs/include/apriltag_msgs/apriltag_msgs/msg/detail/april_tag_detection__struct.hpp
[4.091s] -- Up-to-date: /home/revanth/nxp_ws/install/apriltag_msgs/include/apriltag_msgs/apriltag_msgs/msg/april_tag_detection.hpp
[4.091s] -- Up-to-date: /home/revanth/nxp_ws/install/apriltag_msgs/include/apriltag_msgs/apriltag_msgs/msg/april_tag_detection_array.hpp
[4.091s] -- Up-to-date: /home/revanth/nxp_ws/install/apriltag_msgs/include/apriltag_msgs/apriltag_msgs
[4.091s] -- Up-to-date: /home/revanth/nxp_ws/install/apriltag_msgs/include/apriltag_msgs/apriltag_msgs/msg
[4.091s] -- Up-to-date: /home/revanth/nxp_ws/install/apriltag_msgs/include/apriltag_msgs/apriltag_msgs/msg/detail
[4.092s] -- Up-to-date: /home/revanth/nxp_ws/install/apriltag_msgs/include/apriltag_msgs/apriltag_msgs/msg/detail/dds_fastrtps
[4.092s] -- Up-to-date: /home/revanth/nxp_ws/install/apriltag_msgs/include/apriltag_msgs/apriltag_msgs/msg/detail/point__rosidl_typesupport_fastrtps_cpp.hpp
[4.092s] -- Up-to-date: /home/revanth/nxp_ws/install/apriltag_msgs/include/apriltag_msgs/apriltag_msgs/msg/detail/april_tag_detection_array__rosidl_typesupport_fastrtps_cpp.hpp
[4.092s] -- Up-to-date: /home/revanth/nxp_ws/install/apriltag_msgs/include/apriltag_msgs/apriltag_msgs/msg/detail/april_tag_detection__rosidl_typesupport_fastrtps_cpp.hpp
[4.092s] -- Up-to-date: /home/revanth/nxp_ws/install/apriltag_msgs/include/apriltag_msgs/apriltag_msgs/msg/rosidl_typesupport_fastrtps_cpp__visibility_control.h
[4.092s] -- Installing: /home/revanth/nxp_ws/install/apriltag_msgs/lib/libapriltag_msgs__rosidl_typesupport_fastrtps_cpp.so
[4.092s] -- Set runtime path of "/home/revanth/nxp_ws/install/apriltag_msgs/lib/libapriltag_msgs__rosidl_typesupport_fastrtps_cpp.so" to ""
[4.092s] -- Up-to-date: /home/revanth/nxp_ws/install/apriltag_msgs/include/apriltag_msgs/apriltag_msgs
[4.092s] -- Up-to-date: /home/revanth/nxp_ws/install/apriltag_msgs/include/apriltag_msgs/apriltag_msgs/msg
[4.092s] -- Up-to-date: /home/revanth/nxp_ws/install/apriltag_msgs/include/apriltag_msgs/apriltag_msgs/msg/detail
[4.092s] -- Up-to-date: /home/revanth/nxp_ws/install/apriltag_msgs/include/apriltag_msgs/apriltag_msgs/msg/detail/april_tag_detection__type_support.cpp
[4.093s] -- Up-to-date: /home/revanth/nxp_ws/install/apriltag_msgs/include/apriltag_msgs/apriltag_msgs/msg/detail/april_tag_detection__rosidl_typesupport_introspection_cpp.hpp
[4.093s] -- Up-to-date: /home/revanth/nxp_ws/install/apriltag_msgs/include/apriltag_msgs/apriltag_msgs/msg/detail/april_tag_detection_array__type_support.cpp
[4.093s] -- Up-to-date: /home/revanth/nxp_ws/install/apriltag_msgs/include/apriltag_msgs/apriltag_msgs/msg/detail/april_tag_detection_array__rosidl_typesupport_introspection_cpp.hpp
[4.093s] -- Up-to-date: /home/revanth/nxp_ws/install/apriltag_msgs/include/apriltag_msgs/apriltag_msgs/msg/detail/point__rosidl_typesupport_introspection_cpp.hpp
[4.093s] -- Up-to-date: /home/revanth/nxp_ws/install/apriltag_msgs/include/apriltag_msgs/apriltag_msgs/msg/detail/point__type_support.cpp
[4.093s] -- Installing: /home/revanth/nxp_ws/install/apriltag_msgs/lib/libapriltag_msgs__rosidl_typesupport_introspection_cpp.so
[4.093s] -- Set runtime path of "/home/revanth/nxp_ws/install/apriltag_msgs/lib/libapriltag_msgs__rosidl_typesupport_introspection_cpp.so" to ""
[4.093s] -- Installing: /home/revanth/nxp_ws/install/apriltag_msgs/lib/libapriltag_msgs__rosidl_typesupport_cpp.so
[4.094s] -- Set runtime path of "/home/revanth/nxp_ws/install/apriltag_msgs/lib/libapriltag_msgs__rosidl_typesupport_cpp.so" to ""
[4.094s] -- Up-to-date: /home/revanth/nxp_ws/install/apriltag_msgs/share/apriltag_msgs/environment/pythonpath.sh
[4.094s] -- Installing: /home/revanth/nxp_ws/install/apriltag_msgs/share/apriltag_msgs/environment/pythonpath.dsv
[4.094s] -- Up-to-date: /home/revanth/nxp_ws/install/apriltag_msgs/local/lib/python3.10/dist-packages/apriltag_msgs-2.0.0-py3.10.egg-info
[4.094s] -- Installing: /home/revanth/nxp_ws/install/apriltag_msgs/local/lib/python3.10/dist-packages/apriltag_msgs-2.0.0-py3.10.egg-info/SOURCES.txt
[4.094s] -- Installing: /home/revanth/nxp_ws/install/apriltag_msgs/local/lib/python3.10/dist-packages/apriltag_msgs-2.0.0-py3.10.egg-info/top_level.txt
[4.094s] -- Installing: /home/revanth/nxp_ws/install/apriltag_msgs/local/lib/python3.10/dist-packages/apriltag_msgs-2.0.0-py3.10.egg-info/PKG-INFO
[4.095s] -- Installing: /home/revanth/nxp_ws/install/apriltag_msgs/local/lib/python3.10/dist-packages/apriltag_msgs-2.0.0-py3.10.egg-info/dependency_links.txt
[4.095s] -- Up-to-date: /home/revanth/nxp_ws/install/apriltag_msgs/local/lib/python3.10/dist-packages/apriltag_msgs
[4.095s] -- Installing: /home/revanth/nxp_ws/install/apriltag_msgs/local/lib/python3.10/dist-packages/apriltag_msgs/libapriltag_msgs__rosidl_generator_py.so
[4.095s] -- Installing: /home/revanth/nxp_ws/install/apriltag_msgs/local/lib/python3.10/dist-packages/apriltag_msgs/apriltag_msgs_s__rosidl_typesupport_fastrtps_c.cpython-310-x86_64-linux-gnu.so
[4.095s] -- Up-to-date: /home/revanth/nxp_ws/install/apriltag_msgs/local/lib/python3.10/dist-packages/apriltag_msgs/_apriltag_msgs_s.ep.rosidl_typesupport_fastrtps_c.c
[4.095s] -- Installing: /home/revanth/nxp_ws/install/apriltag_msgs/local/lib/python3.10/dist-packages/apriltag_msgs/apriltag_msgs_s__rosidl_typesupport_introspection_c.cpython-310-x86_64-linux-gnu.so
[4.095s] -- Up-to-date: /home/revanth/nxp_ws/install/apriltag_msgs/local/lib/python3.10/dist-packages/apriltag_msgs/msg
[4.096s] -- Up-to-date: /home/revanth/nxp_ws/install/apriltag_msgs/local/lib/python3.10/dist-packages/apriltag_msgs/msg/_point_s.c
[4.096s] -- Up-to-date: /home/revanth/nxp_ws/install/apriltag_msgs/local/lib/python3.10/dist-packages/apriltag_msgs/msg/_april_tag_detection.py
[4.096s] -- Up-to-date: /home/revanth/nxp_ws/install/apriltag_msgs/local/lib/python3.10/dist-packages/apriltag_msgs/msg/_point.py
[4.096s] -- Up-to-date: /home/revanth/nxp_ws/install/apriltag_msgs/local/lib/python3.10/dist-packages/apriltag_msgs/msg/_april_tag_detection_array.py
[4.096s] -- Up-to-date: /home/revanth/nxp_ws/install/apriltag_msgs/local/lib/python3.10/dist-packages/apriltag_msgs/msg/_april_tag_detection_array_s.c
[4.096s] -- Up-to-date: /home/revanth/nxp_ws/install/apriltag_msgs/local/lib/python3.10/dist-packages/apriltag_msgs/msg/_april_tag_detection_s.c
[4.096s] -- Up-to-date: /home/revanth/nxp_ws/install/apriltag_msgs/local/lib/python3.10/dist-packages/apriltag_msgs/msg/__init__.py
[4.097s] -- Up-to-date: /home/revanth/nxp_ws/install/apriltag_msgs/local/lib/python3.10/dist-packages/apriltag_msgs/_apriltag_msgs_s.ep.rosidl_typesupport_c.c
[4.097s] -- Up-to-date: /home/revanth/nxp_ws/install/apriltag_msgs/local/lib/python3.10/dist-packages/apriltag_msgs/_apriltag_msgs_s.ep.rosidl_typesupport_introspection_c.c
[4.097s] -- Installing: /home/revanth/nxp_ws/install/apriltag_msgs/local/lib/python3.10/dist-packages/apriltag_msgs/apriltag_msgs_s__rosidl_typesupport_c.cpython-310-x86_64-linux-gnu.so
[4.097s] -- Installing: /home/revanth/nxp_ws/install/apriltag_msgs/local/lib/python3.10/dist-packages/apriltag_msgs/__init__.py
[4.136s] Listing '/home/revanth/nxp_ws/install/apriltag_msgs/local/lib/python3.10/dist-packages/apriltag_msgs'...
[4.136s] Compiling '/home/revanth/nxp_ws/install/apriltag_msgs/local/lib/python3.10/dist-packages/apriltag_msgs/__init__.py'...
[4.137s] Listing '/home/revanth/nxp_ws/install/apriltag_msgs/local/lib/python3.10/dist-packages/apriltag_msgs/msg'...
[4.137s] Compiling '/home/revanth/nxp_ws/install/apriltag_msgs/local/lib/python3.10/dist-packages/apriltag_msgs/msg/__init__.py'...
[4.137s] Compiling '/home/revanth/nxp_ws/install/apriltag_msgs/local/lib/python3.10/dist-packages/apriltag_msgs/msg/_april_tag_detection.py'...
[4.137s] Compiling '/home/revanth/nxp_ws/install/apriltag_msgs/local/lib/python3.10/dist-packages/apriltag_msgs/msg/_april_tag_detection_array.py'...
[4.137s] Compiling '/home/revanth/nxp_ws/install/apriltag_msgs/local/lib/python3.10/dist-packages/apriltag_msgs/msg/_point.py'...
[4.142s] -- Installing: /home/revanth/nxp_ws/install/apriltag_msgs/local/lib/python3.10/dist-packages/apriltag_msgs/apriltag_msgs_s__rosidl_typesupport_fastrtps_c.cpython-310-x86_64-linux-gnu.so
[4.142s] -- Set runtime path of "/home/revanth/nxp_ws/install/apriltag_msgs/local/lib/python3.10/dist-packages/apriltag_msgs/apriltag_msgs_s__rosidl_typesupport_fastrtps_c.cpython-310-x86_64-linux-gnu.so" to ""
[4.142s] -- Installing: /home/revanth/nxp_ws/install/apriltag_msgs/local/lib/python3.10/dist-packages/apriltag_msgs/apriltag_msgs_s__rosidl_typesupport_introspection_c.cpython-310-x86_64-linux-gnu.so
[4.143s] -- Set runtime path of "/home/revanth/nxp_ws/install/apriltag_msgs/local/lib/python3.10/dist-packages/apriltag_msgs/apriltag_msgs_s__rosidl_typesupport_introspection_c.cpython-310-x86_64-linux-gnu.so" to ""
[4.143s] -- Installing: /home/revanth/nxp_ws/install/apriltag_msgs/local/lib/python3.10/dist-packages/apriltag_msgs/apriltag_msgs_s__rosidl_typesupport_c.cpython-310-x86_64-linux-gnu.so
[4.143s] -- Set runtime path of "/home/revanth/nxp_ws/install/apriltag_msgs/local/lib/python3.10/dist-packages/apriltag_msgs/apriltag_msgs_s__rosidl_typesupport_c.cpython-310-x86_64-linux-gnu.so" to ""
[4.144s] -- Installing: /home/revanth/nxp_ws/install/apriltag_msgs/lib/libapriltag_msgs__rosidl_generator_py.so
[4.144s] -- Set runtime path of "/home/revanth/nxp_ws/install/apriltag_msgs/lib/libapriltag_msgs__rosidl_generator_py.so" to ""
[4.144s] -- Up-to-date: /home/revanth/nxp_ws/install/apriltag_msgs/share/apriltag_msgs/msg/Point.idl
[4.144s] -- Up-to-date: /home/revanth/nxp_ws/install/apriltag_msgs/share/apriltag_msgs/msg/AprilTagDetection.idl
[4.145s] -- Up-to-date: /home/revanth/nxp_ws/install/apriltag_msgs/share/apriltag_msgs/msg/AprilTagDetectionArray.idl
[4.145s] -- Installing: /home/revanth/nxp_ws/install/apriltag_msgs/share/apriltag_msgs/msg/Point.msg
[4.145s] -- Installing: /home/revanth/nxp_ws/install/apriltag_msgs/share/apriltag_msgs/msg/AprilTagDetection.msg
[4.145s] -- Installing: /home/revanth/nxp_ws/install/apriltag_msgs/share/apriltag_msgs/msg/AprilTagDetectionArray.msg
[4.145s] -- Up-to-date: /home/revanth/nxp_ws/install/apriltag_msgs/share/ament_index/resource_index/package_run_dependencies/apriltag_msgs
[4.145s] -- Installing: /home/revanth/nxp_ws/install/apriltag_msgs/share/ament_index/resource_index/parent_prefix_path/apriltag_msgs
[4.145s] -- Installing: /home/revanth/nxp_ws/install/apriltag_msgs/share/apriltag_msgs/environment/ament_prefix_path.sh
[4.145s] -- Installing: /home/revanth/nxp_ws/install/apriltag_msgs/share/apriltag_msgs/environment/ament_prefix_path.dsv
[4.145s] -- Installing: /home/revanth/nxp_ws/install/apriltag_msgs/share/apriltag_msgs/environment/path.sh
[4.146s] -- Installing: /home/revanth/nxp_ws/install/apriltag_msgs/share/apriltag_msgs/environment/path.dsv
[4.146s] -- Up-to-date: /home/revanth/nxp_ws/install/apriltag_msgs/share/apriltag_msgs/local_setup.bash
[4.146s] -- Up-to-date: /home/revanth/nxp_ws/install/apriltag_msgs/share/apriltag_msgs/local_setup.sh
[4.146s] -- Up-to-date: /home/revanth/nxp_ws/install/apriltag_msgs/share/apriltag_msgs/local_setup.zsh
[4.146s] -- Installing: /home/revanth/nxp_ws/install/apriltag_msgs/share/apriltag_msgs/local_setup.dsv
[4.146s] -- Installing: /home/revanth/nxp_ws/install/apriltag_msgs/share/apriltag_msgs/package.dsv
[4.146s] -- Up-to-date: /home/revanth/nxp_ws/install/apriltag_msgs/share/ament_index/resource_index/packages/apriltag_msgs
[4.146s] -- Up-to-date: /home/revanth/nxp_ws/install/apriltag_msgs/share/apriltag_msgs/cmake/export_apriltag_msgs__rosidl_generator_cExport.cmake
[4.147s] -- Up-to-date: /home/revanth/nxp_ws/install/apriltag_msgs/share/apriltag_msgs/cmake/export_apriltag_msgs__rosidl_generator_cExport-noconfig.cmake
[4.147s] -- Up-to-date: /home/revanth/nxp_ws/install/apriltag_msgs/share/apriltag_msgs/cmake/export_apriltag_msgs__rosidl_typesupport_fastrtps_cExport.cmake
[4.147s] -- Up-to-date: /home/revanth/nxp_ws/install/apriltag_msgs/share/apriltag_msgs/cmake/export_apriltag_msgs__rosidl_typesupport_fastrtps_cExport-noconfig.cmake
[4.147s] -- Up-to-date: /home/revanth/nxp_ws/install/apriltag_msgs/share/apriltag_msgs/cmake/apriltag_msgs__rosidl_typesupport_introspection_cExport.cmake
[4.147s] -- Up-to-date: /home/revanth/nxp_ws/install/apriltag_msgs/share/apriltag_msgs/cmake/apriltag_msgs__rosidl_typesupport_introspection_cExport-noconfig.cmake
[4.147s] -- Up-to-date: /home/revanth/nxp_ws/install/apriltag_msgs/share/apriltag_msgs/cmake/apriltag_msgs__rosidl_typesupport_cExport.cmake
[4.147s] -- Up-to-date: /home/revanth/nxp_ws/install/apriltag_msgs/share/apriltag_msgs/cmake/apriltag_msgs__rosidl_typesupport_cExport-noconfig.cmake
[4.147s] -- Up-to-date: /home/revanth/nxp_ws/install/apriltag_msgs/share/apriltag_msgs/cmake/export_apriltag_msgs__rosidl_generator_cppExport.cmake
[4.147s] -- Up-to-date: /home/revanth/nxp_ws/install/apriltag_msgs/share/apriltag_msgs/cmake/export_apriltag_msgs__rosidl_typesupport_fastrtps_cppExport.cmake
[4.148s] -- Up-to-date: /home/revanth/nxp_ws/install/apriltag_msgs/share/apriltag_msgs/cmake/export_apriltag_msgs__rosidl_typesupport_fastrtps_cppExport-noconfig.cmake
[4.148s] -- Up-to-date: /home/revanth/nxp_ws/install/apriltag_msgs/share/apriltag_msgs/cmake/apriltag_msgs__rosidl_typesupport_introspection_cppExport.cmake
[4.148s] -- Up-to-date: /home/revanth/nxp_ws/install/apriltag_msgs/share/apriltag_msgs/cmake/apriltag_msgs__rosidl_typesupport_introspection_cppExport-noconfig.cmake
[4.148s] -- Up-to-date: /home/revanth/nxp_ws/install/apriltag_msgs/share/apriltag_msgs/cmake/apriltag_msgs__rosidl_typesupport_cppExport.cmake
[4.148s] -- Up-to-date: /home/revanth/nxp_ws/install/apriltag_msgs/share/apriltag_msgs/cmake/apriltag_msgs__rosidl_typesupport_cppExport-noconfig.cmake
[4.148s] -- Up-to-date: /home/revanth/nxp_ws/install/apriltag_msgs/share/apriltag_msgs/cmake/export_apriltag_msgs__rosidl_generator_pyExport.cmake
[4.148s] -- Up-to-date: /home/revanth/nxp_ws/install/apriltag_msgs/share/apriltag_msgs/cmake/export_apriltag_msgs__rosidl_generator_pyExport-noconfig.cmake
[4.148s] -- Up-to-date: /home/revanth/nxp_ws/install/apriltag_msgs/share/apriltag_msgs/cmake/rosidl_cmake-extras.cmake
[4.148s] -- Up-to-date: /home/revanth/nxp_ws/install/apriltag_msgs/share/apriltag_msgs/cmake/ament_cmake_export_dependencies-extras.cmake
[4.148s] -- Up-to-date: /home/revanth/nxp_ws/install/apriltag_msgs/share/apriltag_msgs/cmake/ament_cmake_export_include_directories-extras.cmake
[4.149s] -- Up-to-date: /home/revanth/nxp_ws/install/apriltag_msgs/share/apriltag_msgs/cmake/ament_cmake_export_libraries-extras.cmake
[4.149s] -- Up-to-date: /home/revanth/nxp_ws/install/apriltag_msgs/share/apriltag_msgs/cmake/ament_cmake_export_targets-extras.cmake
[4.149s] -- Up-to-date: /home/revanth/nxp_ws/install/apriltag_msgs/share/apriltag_msgs/cmake/rosidl_cmake_export_typesupport_targets-extras.cmake
[4.149s] -- Up-to-date: /home/revanth/nxp_ws/install/apriltag_msgs/share/apriltag_msgs/cmake/rosidl_cmake_export_typesupport_libraries-extras.cmake
[4.149s] -- Up-to-date: /home/revanth/nxp_ws/install/apriltag_msgs/share/apriltag_msgs/cmake/apriltag_msgsConfig.cmake
[4.149s] -- Up-to-date: /home/revanth/nxp_ws/install/apriltag_msgs/share/apriltag_msgs/cmake/apriltag_msgsConfig-version.cmake
[4.149s] -- Installing: /home/revanth/nxp_ws/install/apriltag_msgs/share/apriltag_msgs/package.xml
[4.151s] Invoked command in '/home/revanth/nxp_ws/build/apriltag_msgs' returned '0': CMAKE_PREFIX_PATH=/opt/ros/humble /usr/bin/cmake --install /home/revanth/nxp_ws/build/apriltag_msgs
