[0.019s] Invoking command in '/home/revanth/NXP_HG3/nxp_ws/build/nxp_1': CMAKE_PREFIX_PATH=/opt/ros/humble /usr/bin/cmake --build /home/revanth/NXP_HG3/nxp_ws/build/nxp_1 -- -j12 -l12
[0.028s] [0mCMake Error: The current CMakeCache.txt directory /home/revanth/NXP_HG3/nxp_ws/build/nxp_1/CMakeCache.txt is different than the directory /home/revanth/nxp_ws/build/nxp_1 where CMakeCache.txt was created. This may result in binaries being created in the wrong place. If you are not sure, reedit the CMakeCache.txt[0m
[0.066s] -- Found ament_cmake: 1.3.3 (/opt/ros/humble/share/ament_cmake/cmake)
[0.605s] -- Found ament_lint_auto: 0.12.5 (/opt/ros/humble/share/ament_lint_auto/cmake)
[0.716s] -- Added test 'flake8' to check Python code syntax and style conventions
[0.717s] -- Added test 'lint_cmake' to check CMake code style
[0.718s] -- Added test 'pep257' to check Python code against some of the docstring style conventions in PEP 257
[0.721s] -- Added test 'xmllint' to check XML markup files
[0.723s] -- Configuring done
[0.731s] -- Generating done
[0.733s] -- Build files have been written to: /home/revanth/nxp_ws/build/nxp_1
[0.756s] Invoked command in '/home/revanth/NXP_HG3/nxp_ws/build/nxp_1' returned '0': CMAKE_PREFIX_PATH=/opt/ros/humble /usr/bin/cmake --build /home/revanth/NXP_HG3/nxp_ws/build/nxp_1 -- -j12 -l12
[0.790s] Invoking command in '/home/revanth/NXP_HG3/nxp_ws/build/nxp_1': CMAKE_PREFIX_PATH=/opt/ros/humble /usr/bin/cmake --install /home/revanth/NXP_HG3/nxp_ws/build/nxp_1
[0.797s] -- Install configuration: ""
[0.798s] -- Up-to-date: /home/revanth/nxp_ws/install/nxp_1/share/nxp_1/data
[0.798s] -- Up-to-date: /home/revanth/nxp_ws/install/nxp_1/share/nxp_1/data/rosbag2_2022_10_17-10_44_38
[0.798s] -- Up-to-date: /home/revanth/nxp_ws/install/nxp_1/share/nxp_1/data/rosbag2_2022_10_17-10_44_38/metadata.yaml
[0.798s] -- Up-to-date: /home/revanth/nxp_ws/install/nxp_1/share/nxp_1/data/rosbag2_2022_10_17-10_44_38/rosbag2_2022_10_17-10_44_38_0.db3-wal
[0.798s] -- Up-to-date: /home/revanth/nxp_ws/install/nxp_1/share/nxp_1/data/rosbag2_2022_10_17-10_44_38/rosbag2_2022_10_17-10_44_38_0.db3
[0.798s] -- Installing: /home/revanth/nxp_ws/install/nxp_1/share/nxp_1/data/rosbag2_2022_10_17-10_44_38/rosbag2_2022_10_17-10_44_38_0.db3-shm
[0.799s] -- Up-to-date: /home/revanth/nxp_ws/install/nxp_1/share/nxp_1/data/rosbag2_2022_10_17-10_46_54
[0.799s] -- Up-to-date: /home/revanth/nxp_ws/install/nxp_1/share/nxp_1/data/rosbag2_2022_10_17-10_46_54/rosbag2_2022_10_17-10_46_54_0.db3-shm
[0.799s] -- Up-to-date: /home/revanth/nxp_ws/install/nxp_1/share/nxp_1/data/rosbag2_2022_10_17-10_46_54/metadata.yaml
[0.799s] -- Up-to-date: /home/revanth/nxp_ws/install/nxp_1/share/nxp_1/data/rosbag2_2022_10_17-10_46_54/rosbag2_2022_10_17-10_46_54_0.db3-wal
[0.799s] -- Up-to-date: /home/revanth/nxp_ws/install/nxp_1/share/nxp_1/data/rosbag2_2022_10_17-10_46_54/rosbag2_2022_10_17-10_46_54_0.db3
[0.799s] -- Up-to-date: /home/revanth/nxp_ws/install/nxp_1/share/nxp_1/launch
[0.799s] -- Up-to-date: /home/revanth/nxp_ws/install/nxp_1/share/nxp_1/launch/tag_36h11_all.launch.py
[0.799s] -- Up-to-date: /home/revanth/nxp_ws/install/nxp_1/share/ament_index/resource_index/package_run_dependencies/nxp_1
[0.799s] -- Up-to-date: /home/revanth/nxp_ws/install/nxp_1/share/ament_index/resource_index/parent_prefix_path/nxp_1
[0.800s] -- Up-to-date: /home/revanth/nxp_ws/install/nxp_1/share/nxp_1/environment/ament_prefix_path.sh
[0.800s] -- Installing: /home/revanth/nxp_ws/install/nxp_1/share/nxp_1/environment/ament_prefix_path.dsv
[0.800s] -- Up-to-date: /home/revanth/nxp_ws/install/nxp_1/share/nxp_1/environment/path.sh
[0.800s] -- Installing: /home/revanth/nxp_ws/install/nxp_1/share/nxp_1/environment/path.dsv
[0.800s] -- Up-to-date: /home/revanth/nxp_ws/install/nxp_1/share/nxp_1/local_setup.bash
[0.800s] -- Up-to-date: /home/revanth/nxp_ws/install/nxp_1/share/nxp_1/local_setup.sh
[0.801s] -- Up-to-date: /home/revanth/nxp_ws/install/nxp_1/share/nxp_1/local_setup.zsh
[0.801s] -- Installing: /home/revanth/nxp_ws/install/nxp_1/share/nxp_1/local_setup.dsv
[0.801s] -- Installing: /home/revanth/nxp_ws/install/nxp_1/share/nxp_1/package.dsv
[0.801s] -- Up-to-date: /home/revanth/nxp_ws/install/nxp_1/share/ament_index/resource_index/packages/nxp_1
[0.801s] -- Up-to-date: /home/revanth/nxp_ws/install/nxp_1/share/nxp_1/cmake/nxp_1Config.cmake
[0.801s] -- Up-to-date: /home/revanth/nxp_ws/install/nxp_1/share/nxp_1/cmake/nxp_1Config-version.cmake
[0.801s] -- Up-to-date: /home/revanth/nxp_ws/install/nxp_1/share/nxp_1/package.xml
[0.803s] Invoked command in '/home/revanth/NXP_HG3/nxp_ws/build/nxp_1' returned '0': CMAKE_PREFIX_PATH=/opt/ros/humble /usr/bin/cmake --install /home/revanth/NXP_HG3/nxp_ws/build/nxp_1
