[0.133s] DEBUG:colcon:Command line arguments: ['/usr/bin/colcon', 'build']
[0.133s] DEBUG:colcon:Parsed command line arguments: Namespace(log_base=None, log_level=None, verb_name='build', build_base='build', install_base='install', merge_install=False, symlink_install=False, test_result_base=None, continue_on_error=False, executor='parallel', parallel_workers=12, event_handlers=None, ignore_user_meta=False, metas=['./colcon.meta'], base_paths=['.'], packages_ignore=None, packages_ignore_regex=None, paths=None, packages_up_to=None, packages_up_to_regex=None, packages_above=None, packages_above_and_dependencies=None, packages_above_depth=None, packages_select_by_dep=None, packages_skip_by_dep=None, packages_skip_up_to=None, packages_select_build_failed=False, packages_skip_build_finished=False, packages_select_test_failures=False, packages_skip_test_passed=False, packages_select=None, packages_skip=None, packages_select_regex=None, packages_skip_regex=None, packages_start=None, packages_end=None, allow_overriding=[], cmake_args=None, cmake_target=None, cmake_target_skip_unavailable=False, cmake_clean_cache=False, cmake_clean_first=False, cmake_force_configure=False, ament_cmake_args=None, catkin_cmake_args=None, catkin_skip_building_tests=False, verb_parser=<colcon_defaults.argument_parser.defaults.DefaultArgumentsDecorator object at 0x7ff2b9b4c970>, verb_extension=<colcon_core.verb.build.BuildVerb object at 0x7ff2b9b4c3a0>, main=<bound method BuildVerb.main of <colcon_core.verb.build.BuildVerb object at 0x7ff2b9b4c3a0>>)
[0.155s] Level 1:colcon.colcon_core.package_discovery:discover_packages(colcon_meta) check parameters
[0.155s] Level 1:colcon.colcon_core.package_discovery:discover_packages(recursive) check parameters
[0.155s] Level 1:colcon.colcon_core.package_discovery:discover_packages(ignore) check parameters
[0.155s] Level 1:colcon.colcon_core.package_discovery:discover_packages(path) check parameters
[0.155s] Level 1:colcon.colcon_core.package_discovery:discover_packages(colcon_meta) discover
[0.155s] Level 1:colcon.colcon_core.package_discovery:discover_packages(recursive) discover
[0.155s] INFO:colcon.colcon_core.package_discovery:Crawling recursively for packages in '/home/revanth/nxp_ws'
[0.155s] Level 1:colcon.colcon_core.package_identification:_identify(.) by extensions ['ignore', 'ignore_ament_install']
[0.155s] Level 1:colcon.colcon_core.package_identification:_identify(.) by extension 'ignore'
[0.155s] Level 1:colcon.colcon_core.package_identification:_identify(.) by extension 'ignore_ament_install'
[0.155s] Level 1:colcon.colcon_core.package_identification:_identify(.) by extensions ['colcon_pkg']
[0.155s] Level 1:colcon.colcon_core.package_identification:_identify(.) by extension 'colcon_pkg'
[0.155s] Level 1:colcon.colcon_core.package_identification:_identify(.) by extensions ['colcon_meta']
[0.155s] Level 1:colcon.colcon_core.package_identification:_identify(.) by extension 'colcon_meta'
[0.155s] Level 1:colcon.colcon_core.package_identification:_identify(.) by extensions ['ros']
[0.155s] Level 1:colcon.colcon_core.package_identification:_identify(.) by extension 'ros'
[0.165s] Level 1:colcon.colcon_core.package_identification:_identify(.) by extensions ['cmake', 'python']
[0.165s] Level 1:colcon.colcon_core.package_identification:_identify(.) by extension 'cmake'
[0.165s] Level 1:colcon.colcon_core.package_identification:_identify(.) by extension 'python'
[0.165s] Level 1:colcon.colcon_core.package_identification:_identify(.) by extensions ['python_setup_py']
[0.165s] Level 1:colcon.colcon_core.package_identification:_identify(.) by extension 'python_setup_py'
[0.165s] Level 1:colcon.colcon_core.package_identification:_identify(build) by extensions ['ignore', 'ignore_ament_install']
[0.165s] Level 1:colcon.colcon_core.package_identification:_identify(build) by extension 'ignore'
[0.165s] Level 1:colcon.colcon_core.package_identification:_identify(build) ignored
[0.165s] Level 1:colcon.colcon_core.package_identification:_identify(install) by extensions ['ignore', 'ignore_ament_install']
[0.165s] Level 1:colcon.colcon_core.package_identification:_identify(install) by extension 'ignore'
[0.165s] Level 1:colcon.colcon_core.package_identification:_identify(install) ignored
[0.165s] Level 1:colcon.colcon_core.package_identification:_identify(log) by extensions ['ignore', 'ignore_ament_install']
[0.165s] Level 1:colcon.colcon_core.package_identification:_identify(log) by extension 'ignore'
[0.165s] Level 1:colcon.colcon_core.package_identification:_identify(log) ignored
[0.165s] Level 1:colcon.colcon_core.package_identification:_identify(src) by extensions ['ignore', 'ignore_ament_install']
[0.166s] Level 1:colcon.colcon_core.package_identification:_identify(src) by extension 'ignore'
[0.166s] Level 1:colcon.colcon_core.package_identification:_identify(src) by extension 'ignore_ament_install'
[0.166s] Level 1:colcon.colcon_core.package_identification:_identify(src) by extensions ['colcon_pkg']
[0.166s] Level 1:colcon.colcon_core.package_identification:_identify(src) by extension 'colcon_pkg'
[0.166s] Level 1:colcon.colcon_core.package_identification:_identify(src) by extensions ['colcon_meta']
[0.166s] Level 1:colcon.colcon_core.package_identification:_identify(src) by extension 'colcon_meta'
[0.166s] Level 1:colcon.colcon_core.package_identification:_identify(src) by extensions ['ros']
[0.166s] Level 1:colcon.colcon_core.package_identification:_identify(src) by extension 'ros'
[0.166s] Level 1:colcon.colcon_core.package_identification:_identify(src) by extensions ['cmake', 'python']
[0.166s] Level 1:colcon.colcon_core.package_identification:_identify(src) by extension 'cmake'
[0.166s] Level 1:colcon.colcon_core.package_identification:_identify(src) by extension 'python'
[0.166s] Level 1:colcon.colcon_core.package_identification:_identify(src) by extensions ['python_setup_py']
[0.166s] Level 1:colcon.colcon_core.package_identification:_identify(src) by extension 'python_setup_py'
[0.166s] Level 1:colcon.colcon_core.package_identification:_identify(src/apriltag) by extensions ['ignore', 'ignore_ament_install']
[0.166s] Level 1:colcon.colcon_core.package_identification:_identify(src/apriltag) by extension 'ignore'
[0.166s] Level 1:colcon.colcon_core.package_identification:_identify(src/apriltag) by extension 'ignore_ament_install'
[0.166s] Level 1:colcon.colcon_core.package_identification:_identify(src/apriltag) by extensions ['colcon_pkg']
[0.166s] Level 1:colcon.colcon_core.package_identification:_identify(src/apriltag) by extension 'colcon_pkg'
[0.166s] Level 1:colcon.colcon_core.package_identification:_identify(src/apriltag) by extensions ['colcon_meta']
[0.166s] Level 1:colcon.colcon_core.package_identification:_identify(src/apriltag) by extension 'colcon_meta'
[0.166s] Level 1:colcon.colcon_core.package_identification:_identify(src/apriltag) by extensions ['ros']
[0.166s] Level 1:colcon.colcon_core.package_identification:_identify(src/apriltag) by extension 'ros'
[0.169s] DEBUG:colcon.colcon_core.package_identification:Package 'src/apriltag' with type 'ros.cmake' and name 'apriltag'
[0.170s] Level 1:colcon.colcon_core.package_identification:_identify(src/apriltag_msgs) by extensions ['ignore', 'ignore_ament_install']
[0.170s] Level 1:colcon.colcon_core.package_identification:_identify(src/apriltag_msgs) by extension 'ignore'
[0.170s] Level 1:colcon.colcon_core.package_identification:_identify(src/apriltag_msgs) by extension 'ignore_ament_install'
[0.170s] Level 1:colcon.colcon_core.package_identification:_identify(src/apriltag_msgs) by extensions ['colcon_pkg']
[0.170s] Level 1:colcon.colcon_core.package_identification:_identify(src/apriltag_msgs) by extension 'colcon_pkg'
[0.170s] Level 1:colcon.colcon_core.package_identification:_identify(src/apriltag_msgs) by extensions ['colcon_meta']
[0.170s] Level 1:colcon.colcon_core.package_identification:_identify(src/apriltag_msgs) by extension 'colcon_meta'
[0.170s] Level 1:colcon.colcon_core.package_identification:_identify(src/apriltag_msgs) by extensions ['ros']
[0.170s] Level 1:colcon.colcon_core.package_identification:_identify(src/apriltag_msgs) by extension 'ros'
[0.170s] DEBUG:colcon.colcon_core.package_identification:Package 'src/apriltag_msgs' with type 'ros.ament_cmake' and name 'apriltag_msgs'
[0.170s] Level 1:colcon.colcon_core.package_identification:_identify(src/apriltag_ros) by extensions ['ignore', 'ignore_ament_install']
[0.171s] Level 1:colcon.colcon_core.package_identification:_identify(src/apriltag_ros) by extension 'ignore'
[0.171s] Level 1:colcon.colcon_core.package_identification:_identify(src/apriltag_ros) by extension 'ignore_ament_install'
[0.171s] Level 1:colcon.colcon_core.package_identification:_identify(src/apriltag_ros) by extensions ['colcon_pkg']
[0.171s] Level 1:colcon.colcon_core.package_identification:_identify(src/apriltag_ros) by extension 'colcon_pkg'
[0.171s] Level 1:colcon.colcon_core.package_identification:_identify(src/apriltag_ros) by extensions ['colcon_meta']
[0.171s] Level 1:colcon.colcon_core.package_identification:_identify(src/apriltag_ros) by extension 'colcon_meta'
[0.171s] Level 1:colcon.colcon_core.package_identification:_identify(src/apriltag_ros) by extensions ['ros']
[0.171s] Level 1:colcon.colcon_core.package_identification:_identify(src/apriltag_ros) by extension 'ros'
[0.172s] DEBUG:colcon.colcon_core.package_identification:Package 'src/apriltag_ros' with type 'ros.ament_cmake' and name 'apriltag_ros'
[0.172s] Level 1:colcon.colcon_core.package_identification:_identify(src/nxp_1) by extensions ['ignore', 'ignore_ament_install']
[0.172s] Level 1:colcon.colcon_core.package_identification:_identify(src/nxp_1) by extension 'ignore'
[0.172s] Level 1:colcon.colcon_core.package_identification:_identify(src/nxp_1) by extension 'ignore_ament_install'
[0.172s] Level 1:colcon.colcon_core.package_identification:_identify(src/nxp_1) by extensions ['colcon_pkg']
[0.172s] Level 1:colcon.colcon_core.package_identification:_identify(src/nxp_1) by extension 'colcon_pkg'
[0.172s] Level 1:colcon.colcon_core.package_identification:_identify(src/nxp_1) by extensions ['colcon_meta']
[0.172s] Level 1:colcon.colcon_core.package_identification:_identify(src/nxp_1) by extension 'colcon_meta'
[0.172s] Level 1:colcon.colcon_core.package_identification:_identify(src/nxp_1) by extensions ['ros']
[0.172s] Level 1:colcon.colcon_core.package_identification:_identify(src/nxp_1) by extension 'ros'
[0.172s] DEBUG:colcon.colcon_core.package_identification:Package 'src/nxp_1' with type 'ros.ament_cmake' and name 'nxp_1'
[0.172s] Level 1:colcon.colcon_core.package_discovery:discover_packages(recursive) using defaults
[0.172s] Level 1:colcon.colcon_core.package_discovery:discover_packages(ignore) discover
[0.173s] Level 1:colcon.colcon_core.package_discovery:discover_packages(ignore) using defaults
[0.173s] Level 1:colcon.colcon_core.package_discovery:discover_packages(path) discover
[0.173s] Level 1:colcon.colcon_core.package_discovery:discover_packages(path) using defaults
[0.192s] Level 1:colcon.colcon_core.package_discovery:discover_packages(prefix_path) check parameters
[0.192s] Level 1:colcon.colcon_core.package_discovery:discover_packages(prefix_path) discover
[0.193s] WARNING:colcon.colcon_core.prefix_path.colcon:The path '/home/revanth/apriltag/install' in the environment variable COLCON_PREFIX_PATH doesn't exist
[0.193s] WARNING:colcon.colcon_core.prefix_path.colcon:The path '/home/revanth/apriltag_ros/install' in the environment variable COLCON_PREFIX_PATH doesn't exist
[0.193s] WARNING:colcon.colcon_core.prefix_path.colcon:The path '/home/revanth/apriltag_msgs/install' in the environment variable COLCON_PREFIX_PATH doesn't exist
[0.193s] WARNING:colcon.colcon_ros.prefix_path.ament:The path '/home/revanth/apriltag_ros/install/apriltag_ros' in the environment variable AMENT_PREFIX_PATH doesn't exist
[0.193s] WARNING:colcon.colcon_ros.prefix_path.ament:The path '/home/revanth/apriltag_msgs/install/apriltag_msgs' in the environment variable AMENT_PREFIX_PATH doesn't exist
[0.193s] WARNING:colcon.colcon_ros.prefix_path.catkin:The path '/home/revanth/apriltag/install/apriltag' in the environment variable CMAKE_PREFIX_PATH doesn't exist
[0.193s] WARNING:colcon.colcon_ros.prefix_path.catkin:The path '/home/revanth/apriltag_ros/install/apriltag_ros' in the environment variable CMAKE_PREFIX_PATH doesn't exist
[0.193s] WARNING:colcon.colcon_ros.prefix_path.catkin:The path '/home/revanth/apriltag_msgs/install/apriltag_msgs' in the environment variable CMAKE_PREFIX_PATH doesn't exist
[0.194s] DEBUG:colcon.colcon_installed_package_information.package_discovery:Found 4 installed packages in /home/revanth/nxp_ws/install
[0.195s] DEBUG:colcon.colcon_installed_package_information.package_discovery:Found 1 installed packages in /home/revanth/ws_nxp/install
[0.196s] DEBUG:colcon.colcon_installed_package_information.package_discovery:Found 1 installed packages in /home/revanth/librealsense/install
[0.197s] DEBUG:colcon.colcon_installed_package_information.package_discovery:Found 2 installed packages in /home/revanth/ros2_ws/install
[0.197s] DEBUG:colcon.colcon_installed_package_information.package_discovery:Found 3 installed packages in /home/revanth/realsense-ros/install
[0.199s] DEBUG:colcon.colcon_installed_package_information.package_discovery:Found 289 installed packages in /opt/ros/humble
[0.200s] Level 1:colcon.colcon_core.package_discovery:discover_packages(prefix_path) using defaults
[0.254s] Level 5:colcon.colcon_core.verb:set package 'apriltag' build argument 'cmake_args' from command line to 'None'
[0.254s] Level 5:colcon.colcon_core.verb:set package 'apriltag' build argument 'cmake_target' from command line to 'None'
[0.254s] Level 5:colcon.colcon_core.verb:set package 'apriltag' build argument 'cmake_target_skip_unavailable' from command line to 'False'
[0.254s] Level 5:colcon.colcon_core.verb:set package 'apriltag' build argument 'cmake_clean_cache' from command line to 'False'
[0.254s] Level 5:colcon.colcon_core.verb:set package 'apriltag' build argument 'cmake_clean_first' from command line to 'False'
[0.254s] Level 5:colcon.colcon_core.verb:set package 'apriltag' build argument 'cmake_force_configure' from command line to 'False'
[0.254s] Level 5:colcon.colcon_core.verb:set package 'apriltag' build argument 'ament_cmake_args' from command line to 'None'
[0.254s] Level 5:colcon.colcon_core.verb:set package 'apriltag' build argument 'catkin_cmake_args' from command line to 'None'
[0.254s] Level 5:colcon.colcon_core.verb:set package 'apriltag' build argument 'catkin_skip_building_tests' from command line to 'False'
[0.254s] DEBUG:colcon.colcon_core.verb:Building package 'apriltag' with the following arguments: {'ament_cmake_args': None, 'build_base': '/home/revanth/nxp_ws/build/apriltag', 'catkin_cmake_args': None, 'catkin_skip_building_tests': False, 'cmake_args': None, 'cmake_clean_cache': False, 'cmake_clean_first': False, 'cmake_force_configure': False, 'cmake_target': None, 'cmake_target_skip_unavailable': False, 'install_base': '/home/revanth/nxp_ws/install/apriltag', 'merge_install': False, 'path': '/home/revanth/nxp_ws/src/apriltag', 'symlink_install': False, 'test_result_base': None}
[0.255s] Level 5:colcon.colcon_core.verb:set package 'apriltag_msgs' build argument 'cmake_args' from command line to 'None'
[0.255s] Level 5:colcon.colcon_core.verb:set package 'apriltag_msgs' build argument 'cmake_target' from command line to 'None'
[0.255s] Level 5:colcon.colcon_core.verb:set package 'apriltag_msgs' build argument 'cmake_target_skip_unavailable' from command line to 'False'
[0.255s] Level 5:colcon.colcon_core.verb:set package 'apriltag_msgs' build argument 'cmake_clean_cache' from command line to 'False'
[0.255s] Level 5:colcon.colcon_core.verb:set package 'apriltag_msgs' build argument 'cmake_clean_first' from command line to 'False'
[0.255s] Level 5:colcon.colcon_core.verb:set package 'apriltag_msgs' build argument 'cmake_force_configure' from command line to 'False'
[0.255s] Level 5:colcon.colcon_core.verb:set package 'apriltag_msgs' build argument 'ament_cmake_args' from command line to 'None'
[0.255s] Level 5:colcon.colcon_core.verb:set package 'apriltag_msgs' build argument 'catkin_cmake_args' from command line to 'None'
[0.255s] Level 5:colcon.colcon_core.verb:set package 'apriltag_msgs' build argument 'catkin_skip_building_tests' from command line to 'False'
[0.255s] DEBUG:colcon.colcon_core.verb:Building package 'apriltag_msgs' with the following arguments: {'ament_cmake_args': None, 'build_base': '/home/revanth/nxp_ws/build/apriltag_msgs', 'catkin_cmake_args': None, 'catkin_skip_building_tests': False, 'cmake_args': None, 'cmake_clean_cache': False, 'cmake_clean_first': False, 'cmake_force_configure': False, 'cmake_target': None, 'cmake_target_skip_unavailable': False, 'install_base': '/home/revanth/nxp_ws/install/apriltag_msgs', 'merge_install': False, 'path': '/home/revanth/nxp_ws/src/apriltag_msgs', 'symlink_install': False, 'test_result_base': None}
[0.256s] Level 5:colcon.colcon_core.verb:set package 'nxp_1' build argument 'cmake_args' from command line to 'None'
[0.256s] Level 5:colcon.colcon_core.verb:set package 'nxp_1' build argument 'cmake_target' from command line to 'None'
[0.256s] Level 5:colcon.colcon_core.verb:set package 'nxp_1' build argument 'cmake_target_skip_unavailable' from command line to 'False'
[0.256s] Level 5:colcon.colcon_core.verb:set package 'nxp_1' build argument 'cmake_clean_cache' from command line to 'False'
[0.256s] Level 5:colcon.colcon_core.verb:set package 'nxp_1' build argument 'cmake_clean_first' from command line to 'False'
[0.256s] Level 5:colcon.colcon_core.verb:set package 'nxp_1' build argument 'cmake_force_configure' from command line to 'False'
[0.256s] Level 5:colcon.colcon_core.verb:set package 'nxp_1' build argument 'ament_cmake_args' from command line to 'None'
[0.256s] Level 5:colcon.colcon_core.verb:set package 'nxp_1' build argument 'catkin_cmake_args' from command line to 'None'
[0.256s] Level 5:colcon.colcon_core.verb:set package 'nxp_1' build argument 'catkin_skip_building_tests' from command line to 'False'
[0.256s] DEBUG:colcon.colcon_core.verb:Building package 'nxp_1' with the following arguments: {'ament_cmake_args': None, 'build_base': '/home/revanth/nxp_ws/build/nxp_1', 'catkin_cmake_args': None, 'catkin_skip_building_tests': False, 'cmake_args': None, 'cmake_clean_cache': False, 'cmake_clean_first': False, 'cmake_force_configure': False, 'cmake_target': None, 'cmake_target_skip_unavailable': False, 'install_base': '/home/revanth/nxp_ws/install/nxp_1', 'merge_install': False, 'path': '/home/revanth/nxp_ws/src/nxp_1', 'symlink_install': False, 'test_result_base': None}
[0.257s] Level 5:colcon.colcon_core.verb:set package 'apriltag_ros' build argument 'cmake_args' from command line to 'None'
[0.257s] Level 5:colcon.colcon_core.verb:set package 'apriltag_ros' build argument 'cmake_target' from command line to 'None'
[0.257s] Level 5:colcon.colcon_core.verb:set package 'apriltag_ros' build argument 'cmake_target_skip_unavailable' from command line to 'False'
[0.257s] Level 5:colcon.colcon_core.verb:set package 'apriltag_ros' build argument 'cmake_clean_cache' from command line to 'False'
[0.257s] Level 5:colcon.colcon_core.verb:set package 'apriltag_ros' build argument 'cmake_clean_first' from command line to 'False'
[0.257s] Level 5:colcon.colcon_core.verb:set package 'apriltag_ros' build argument 'cmake_force_configure' from command line to 'False'
[0.257s] Level 5:colcon.colcon_core.verb:set package 'apriltag_ros' build argument 'ament_cmake_args' from command line to 'None'
[0.257s] Level 5:colcon.colcon_core.verb:set package 'apriltag_ros' build argument 'catkin_cmake_args' from command line to 'None'
[0.257s] Level 5:colcon.colcon_core.verb:set package 'apriltag_ros' build argument 'catkin_skip_building_tests' from command line to 'False'
[0.257s] DEBUG:colcon.colcon_core.verb:Building package 'apriltag_ros' with the following arguments: {'ament_cmake_args': None, 'build_base': '/home/revanth/nxp_ws/build/apriltag_ros', 'catkin_cmake_args': None, 'catkin_skip_building_tests': False, 'cmake_args': None, 'cmake_clean_cache': False, 'cmake_clean_first': False, 'cmake_force_configure': False, 'cmake_target': None, 'cmake_target_skip_unavailable': False, 'install_base': '/home/revanth/nxp_ws/install/apriltag_ros', 'merge_install': False, 'path': '/home/revanth/nxp_ws/src/apriltag_ros', 'symlink_install': False, 'test_result_base': None}
[0.257s] INFO:colcon.colcon_core.executor:Executing jobs using 'parallel' executor
[0.261s] DEBUG:colcon.colcon_parallel_executor.executor.parallel:run_until_complete
[0.261s] INFO:colcon.colcon_ros.task.cmake.build:Building ROS package in '/home/revanth/nxp_ws/src/apriltag' with build type 'cmake'
[0.261s] INFO:colcon.colcon_cmake.task.cmake.build:Building CMake package in '/home/revanth/nxp_ws/src/apriltag'
[0.264s] INFO:colcon.colcon_core.plugin_system:Skipping extension 'colcon_core.shell.bat': Not used on non-Windows systems
[0.265s] INFO:colcon.colcon_core.shell:Skip shell extension 'powershell' for command environment: Not usable outside of PowerShell
[0.265s] DEBUG:colcon.colcon_core.shell:Skip shell extension 'dsv' for command environment
[0.271s] INFO:colcon.colcon_ros.task.ament_cmake.build:Building ROS package in '/home/revanth/nxp_ws/src/apriltag_msgs' with build type 'ament_cmake'
[0.271s] INFO:colcon.colcon_cmake.task.cmake.build:Building CMake package in '/home/revanth/nxp_ws/src/apriltag_msgs'
[0.273s] INFO:colcon.colcon_core.shell:Skip shell extension 'powershell' for command environment: Not usable outside of PowerShell
[0.273s] DEBUG:colcon.colcon_core.shell:Skip shell extension 'dsv' for command environment
[0.279s] INFO:colcon.colcon_ros.task.ament_cmake.build:Building ROS package in '/home/revanth/nxp_ws/src/nxp_1' with build type 'ament_cmake'
[0.279s] INFO:colcon.colcon_cmake.task.cmake.build:Building CMake package in '/home/revanth/nxp_ws/src/nxp_1'
[0.280s] INFO:colcon.colcon_core.shell:Skip shell extension 'powershell' for command environment: Not usable outside of PowerShell
[0.280s] DEBUG:colcon.colcon_core.shell:Skip shell extension 'dsv' for command environment
[0.292s] DEBUG:colcon.colcon_core.event_handler.log_command:Invoking command in '/home/revanth/nxp_ws/build/apriltag': CMAKE_PREFIX_PATH=${CMAKE_PREFIX_PATH}:/home/revanth/ros2_ws/install/my_py_pkg:/opt/ros/humble /usr/bin/cmake --build /home/revanth/nxp_ws/build/apriltag -- -j12 -l12
[0.296s] DEBUG:colcon.colcon_core.event_handler.log_command:Invoking command in '/home/revanth/nxp_ws/build/apriltag_msgs': CMAKE_PREFIX_PATH=${CMAKE_PREFIX_PATH}:/home/revanth/ros2_ws/install/my_py_pkg:/opt/ros/humble /usr/bin/cmake --build /home/revanth/nxp_ws/build/apriltag_msgs -- -j12 -l12
[0.301s] DEBUG:colcon.colcon_core.event_handler.log_command:Invoking command in '/home/revanth/nxp_ws/build/nxp_1': CMAKE_PREFIX_PATH=${CMAKE_PREFIX_PATH}:/home/revanth/ros2_ws/install/my_py_pkg:/opt/ros/humble /usr/bin/cmake --build /home/revanth/nxp_ws/build/nxp_1 -- -j12 -l12
[0.333s] DEBUG:colcon.colcon_core.event_handler.log_command:Invoked command in '/home/revanth/nxp_ws/build/nxp_1' returned '0': CMAKE_PREFIX_PATH=${CMAKE_PREFIX_PATH}:/home/revanth/ros2_ws/install/my_py_pkg:/opt/ros/humble /usr/bin/cmake --build /home/revanth/nxp_ws/build/nxp_1 -- -j12 -l12
[0.371s] DEBUG:colcon.colcon_core.event_handler.log_command:Invoking command in '/home/revanth/nxp_ws/build/nxp_1': CMAKE_PREFIX_PATH=${CMAKE_PREFIX_PATH}:/home/revanth/ros2_ws/install/my_py_pkg:/opt/ros/humble /usr/bin/cmake --install /home/revanth/nxp_ws/build/nxp_1
[0.384s] Level 1:colcon.colcon_core.environment:create_environment_scripts_only(nxp_1)
[0.389s] DEBUG:colcon.colcon_core.event_handler.log_command:Invoked command in '/home/revanth/nxp_ws/build/apriltag' returned '0': CMAKE_PREFIX_PATH=${CMAKE_PREFIX_PATH}:/home/revanth/ros2_ws/install/my_py_pkg:/opt/ros/humble /usr/bin/cmake --build /home/revanth/nxp_ws/build/apriltag -- -j12 -l12
[0.390s] DEBUG:colcon.colcon_core.event_handler.log_command:Invoked command in '/home/revanth/nxp_ws/build/nxp_1' returned '0': CMAKE_PREFIX_PATH=${CMAKE_PREFIX_PATH}:/home/revanth/ros2_ws/install/my_py_pkg:/opt/ros/humble /usr/bin/cmake --install /home/revanth/nxp_ws/build/nxp_1
[0.394s] Level 1:colcon.colcon_core.environment:checking '/home/revanth/nxp_ws/install/nxp_1' for CMake module files
[0.394s] Level 1:colcon.colcon_core.environment:checking '/home/revanth/nxp_ws/install/nxp_1' for CMake config files
[0.395s] Level 1:colcon.colcon_core.shell:create_environment_hook('nxp_1', 'cmake_prefix_path')
[0.397s] INFO:colcon.colcon_core.shell:Creating environment hook '/home/revanth/nxp_ws/install/nxp_1/share/nxp_1/hook/cmake_prefix_path.ps1'
[0.398s] INFO:colcon.colcon_core.shell:Creating environment descriptor '/home/revanth/nxp_ws/install/nxp_1/share/nxp_1/hook/cmake_prefix_path.dsv'
[0.398s] INFO:colcon.colcon_core.shell:Creating environment hook '/home/revanth/nxp_ws/install/nxp_1/share/nxp_1/hook/cmake_prefix_path.sh'
[0.399s] Level 1:colcon.colcon_core.environment:checking '/home/revanth/nxp_ws/install/nxp_1/bin'
[0.400s] Level 1:colcon.colcon_core.environment:checking '/home/revanth/nxp_ws/install/nxp_1/lib/pkgconfig/nxp_1.pc'
[0.400s] Level 1:colcon.colcon_core.environment:checking '/home/revanth/nxp_ws/install/nxp_1/lib/python3.10/site-packages'
[0.400s] Level 1:colcon.colcon_core.environment:checking '/home/revanth/nxp_ws/install/nxp_1/bin'
[0.401s] INFO:colcon.colcon_core.shell:Creating package script '/home/revanth/nxp_ws/install/nxp_1/share/nxp_1/package.ps1'
[0.402s] INFO:colcon.colcon_core.shell:Creating package descriptor '/home/revanth/nxp_ws/install/nxp_1/share/nxp_1/package.dsv'
[0.402s] INFO:colcon.colcon_core.shell:Creating package script '/home/revanth/nxp_ws/install/nxp_1/share/nxp_1/package.sh'
[0.403s] INFO:colcon.colcon_core.shell:Creating package script '/home/revanth/nxp_ws/install/nxp_1/share/nxp_1/package.bash'
[0.403s] INFO:colcon.colcon_core.shell:Creating package script '/home/revanth/nxp_ws/install/nxp_1/share/nxp_1/package.zsh'
[0.405s] Level 1:colcon.colcon_core.environment:create_file_with_runtime_dependencies(/home/revanth/nxp_ws/install/nxp_1/share/colcon-core/packages/nxp_1)
[0.425s] Level 1:colcon.colcon_core.environment:create_environment_scripts_only(nxp_1)
[0.427s] Level 1:colcon.colcon_core.environment:checking '/home/revanth/nxp_ws/install/nxp_1' for CMake module files
[0.427s] Level 1:colcon.colcon_core.environment:checking '/home/revanth/nxp_ws/install/nxp_1' for CMake config files
[0.427s] Level 1:colcon.colcon_core.shell:create_environment_hook('nxp_1', 'cmake_prefix_path')
[0.428s] INFO:colcon.colcon_core.shell:Creating environment hook '/home/revanth/nxp_ws/install/nxp_1/share/nxp_1/hook/cmake_prefix_path.ps1'
[0.429s] INFO:colcon.colcon_core.shell:Creating environment descriptor '/home/revanth/nxp_ws/install/nxp_1/share/nxp_1/hook/cmake_prefix_path.dsv'
[0.429s] INFO:colcon.colcon_core.shell:Creating environment hook '/home/revanth/nxp_ws/install/nxp_1/share/nxp_1/hook/cmake_prefix_path.sh'
[0.430s] Level 1:colcon.colcon_core.environment:checking '/home/revanth/nxp_ws/install/nxp_1/bin'
[0.430s] Level 1:colcon.colcon_core.environment:checking '/home/revanth/nxp_ws/install/nxp_1/lib/pkgconfig/nxp_1.pc'
[0.430s] Level 1:colcon.colcon_core.environment:checking '/home/revanth/nxp_ws/install/nxp_1/lib/python3.10/site-packages'
[0.430s] Level 1:colcon.colcon_core.environment:checking '/home/revanth/nxp_ws/install/nxp_1/bin'
[0.431s] INFO:colcon.colcon_core.shell:Creating package script '/home/revanth/nxp_ws/install/nxp_1/share/nxp_1/package.ps1'
[0.432s] INFO:colcon.colcon_core.shell:Creating package descriptor '/home/revanth/nxp_ws/install/nxp_1/share/nxp_1/package.dsv'
[0.432s] INFO:colcon.colcon_core.shell:Creating package script '/home/revanth/nxp_ws/install/nxp_1/share/nxp_1/package.sh'
[0.432s] INFO:colcon.colcon_core.shell:Creating package script '/home/revanth/nxp_ws/install/nxp_1/share/nxp_1/package.bash'
[0.433s] INFO:colcon.colcon_core.shell:Creating package script '/home/revanth/nxp_ws/install/nxp_1/share/nxp_1/package.zsh'
[0.433s] Level 1:colcon.colcon_core.environment:create_file_with_runtime_dependencies(/home/revanth/nxp_ws/install/nxp_1/share/colcon-core/packages/nxp_1)
[0.486s] DEBUG:colcon.colcon_core.event_handler.log_command:Invoking command in '/home/revanth/nxp_ws/build/apriltag': CMAKE_PREFIX_PATH=${CMAKE_PREFIX_PATH}:/home/revanth/ros2_ws/install/my_py_pkg:/opt/ros/humble /usr/bin/cmake --install /home/revanth/nxp_ws/build/apriltag
[0.500s] DEBUG:colcon.colcon_core.event_handler.log_command:Invoked command in '/home/revanth/nxp_ws/build/apriltag' returned '0': CMAKE_PREFIX_PATH=${CMAKE_PREFIX_PATH}:/home/revanth/ros2_ws/install/my_py_pkg:/opt/ros/humble /usr/bin/cmake --install /home/revanth/nxp_ws/build/apriltag
[0.600s] Level 1:colcon.colcon_core.shell:create_environment_hook('apriltag', 'pkg_config_path')
[0.602s] INFO:colcon.colcon_core.shell:Creating environment hook '/home/revanth/nxp_ws/install/apriltag/share/apriltag/hook/pkg_config_path.ps1'
[0.602s] INFO:colcon.colcon_core.shell:Creating environment descriptor '/home/revanth/nxp_ws/install/apriltag/share/apriltag/hook/pkg_config_path.dsv'
[0.602s] INFO:colcon.colcon_core.shell:Creating environment hook '/home/revanth/nxp_ws/install/apriltag/share/apriltag/hook/pkg_config_path.sh'
[0.604s] Level 1:colcon.colcon_core.shell:create_environment_hook('apriltag', 'pkg_config_path_multiarch')
[0.605s] INFO:colcon.colcon_core.shell:Creating environment hook '/home/revanth/nxp_ws/install/apriltag/share/apriltag/hook/pkg_config_path_multiarch.ps1'
[0.605s] INFO:colcon.colcon_core.shell:Creating environment descriptor '/home/revanth/nxp_ws/install/apriltag/share/apriltag/hook/pkg_config_path_multiarch.dsv'
[0.605s] INFO:colcon.colcon_core.shell:Creating environment hook '/home/revanth/nxp_ws/install/apriltag/share/apriltag/hook/pkg_config_path_multiarch.sh'
[0.606s] Level 1:colcon.colcon_core.environment:create_environment_scripts_only(apriltag)
[0.607s] Level 1:colcon.colcon_core.environment:checking '/home/revanth/nxp_ws/install/apriltag' for CMake module files
[0.607s] Level 1:colcon.colcon_core.environment:checking '/home/revanth/nxp_ws/install/apriltag' for CMake config files
[0.608s] Level 1:colcon.colcon_core.shell:create_environment_hook('apriltag', 'cmake_prefix_path')
[0.609s] INFO:colcon.colcon_core.shell:Creating environment hook '/home/revanth/nxp_ws/install/apriltag/share/apriltag/hook/cmake_prefix_path.ps1'
[0.609s] INFO:colcon.colcon_core.shell:Creating environment descriptor '/home/revanth/nxp_ws/install/apriltag/share/apriltag/hook/cmake_prefix_path.dsv'
[0.609s] INFO:colcon.colcon_core.shell:Creating environment hook '/home/revanth/nxp_ws/install/apriltag/share/apriltag/hook/cmake_prefix_path.sh'
[0.610s] Level 1:colcon.colcon_core.environment:checking '/home/revanth/nxp_ws/install/apriltag/lib'
[0.610s] Level 1:colcon.colcon_core.shell:create_environment_hook('apriltag', 'ld_library_path_lib')
[0.611s] INFO:colcon.colcon_core.shell:Creating environment hook '/home/revanth/nxp_ws/install/apriltag/share/apriltag/hook/ld_library_path_lib.ps1'
[0.612s] INFO:colcon.colcon_core.shell:Creating environment descriptor '/home/revanth/nxp_ws/install/apriltag/share/apriltag/hook/ld_library_path_lib.dsv'
[0.612s] INFO:colcon.colcon_core.shell:Creating environment hook '/home/revanth/nxp_ws/install/apriltag/share/apriltag/hook/ld_library_path_lib.sh'
[0.612s] Level 1:colcon.colcon_core.environment:checking '/home/revanth/nxp_ws/install/apriltag/bin'
[0.612s] Level 1:colcon.colcon_core.shell:create_environment_hook('apriltag', 'path')
[0.613s] INFO:colcon.colcon_core.shell:Creating environment hook '/home/revanth/nxp_ws/install/apriltag/share/apriltag/hook/path.ps1'
[0.613s] INFO:colcon.colcon_core.shell:Creating environment descriptor '/home/revanth/nxp_ws/install/apriltag/share/apriltag/hook/path.dsv'
[0.614s] INFO:colcon.colcon_core.shell:Creating environment hook '/home/revanth/nxp_ws/install/apriltag/share/apriltag/hook/path.sh'
[0.614s] Level 1:colcon.colcon_core.environment:checking '/home/revanth/nxp_ws/install/apriltag/lib/pkgconfig/apriltag.pc'
[0.614s] Level 1:colcon.colcon_core.shell:create_environment_hook('apriltag', 'pkg_config')
[0.615s] INFO:colcon.colcon_core.shell:Creating environment hook '/home/revanth/nxp_ws/install/apriltag/share/apriltag/hook/pkg_config.ps1'
[0.615s] INFO:colcon.colcon_core.shell:Creating environment descriptor '/home/revanth/nxp_ws/install/apriltag/share/apriltag/hook/pkg_config.dsv'
[0.616s] INFO:colcon.colcon_core.shell:Creating environment hook '/home/revanth/nxp_ws/install/apriltag/share/apriltag/hook/pkg_config.sh'
[0.616s] Level 1:colcon.colcon_core.environment:checking '/home/revanth/nxp_ws/install/apriltag/lib/python3.10/site-packages'
[0.617s] Level 1:colcon.colcon_core.environment:checking '/home/revanth/nxp_ws/install/apriltag/bin'
[0.617s] Level 1:colcon.colcon_core.shell:create_environment_hook('apriltag', 'pythonscriptspath')
[0.618s] INFO:colcon.colcon_core.shell:Creating environment hook '/home/revanth/nxp_ws/install/apriltag/share/apriltag/hook/pythonscriptspath.ps1'
[0.618s] INFO:colcon.colcon_core.shell:Creating environment descriptor '/home/revanth/nxp_ws/install/apriltag/share/apriltag/hook/pythonscriptspath.dsv'
[0.618s] INFO:colcon.colcon_core.shell:Creating environment hook '/home/revanth/nxp_ws/install/apriltag/share/apriltag/hook/pythonscriptspath.sh'
[0.620s] INFO:colcon.colcon_core.shell:Creating package script '/home/revanth/nxp_ws/install/apriltag/share/apriltag/package.ps1'
[0.621s] INFO:colcon.colcon_core.shell:Creating package descriptor '/home/revanth/nxp_ws/install/apriltag/share/apriltag/package.dsv'
[0.621s] INFO:colcon.colcon_core.shell:Creating package script '/home/revanth/nxp_ws/install/apriltag/share/apriltag/package.sh'
[0.622s] INFO:colcon.colcon_core.shell:Creating package script '/home/revanth/nxp_ws/install/apriltag/share/apriltag/package.bash'
[0.622s] INFO:colcon.colcon_core.shell:Creating package script '/home/revanth/nxp_ws/install/apriltag/share/apriltag/package.zsh'
[0.622s] Level 1:colcon.colcon_core.environment:create_file_with_runtime_dependencies(/home/revanth/nxp_ws/install/apriltag/share/colcon-core/packages/apriltag)
[0.649s] DEBUG:colcon.colcon_core.event_handler.log_command:Invoked command in '/home/revanth/nxp_ws/build/apriltag_msgs' returned '0': CMAKE_PREFIX_PATH=${CMAKE_PREFIX_PATH}:/home/revanth/ros2_ws/install/my_py_pkg:/opt/ros/humble /usr/bin/cmake --build /home/revanth/nxp_ws/build/apriltag_msgs -- -j12 -l12
[0.756s] DEBUG:colcon.colcon_core.event_handler.log_command:Invoking command in '/home/revanth/nxp_ws/build/apriltag_msgs': CMAKE_PREFIX_PATH=${CMAKE_PREFIX_PATH}:/home/revanth/ros2_ws/install/my_py_pkg:/opt/ros/humble /usr/bin/cmake --install /home/revanth/nxp_ws/build/apriltag_msgs
[0.821s] Level 1:colcon.colcon_core.environment:create_environment_scripts_only(apriltag_msgs)
[0.823s] Level 1:colcon.colcon_core.environment:checking '/home/revanth/nxp_ws/install/apriltag_msgs' for CMake module files
[0.823s] DEBUG:colcon.colcon_core.event_handler.log_command:Invoked command in '/home/revanth/nxp_ws/build/apriltag_msgs' returned '0': CMAKE_PREFIX_PATH=${CMAKE_PREFIX_PATH}:/home/revanth/ros2_ws/install/my_py_pkg:/opt/ros/humble /usr/bin/cmake --install /home/revanth/nxp_ws/build/apriltag_msgs
[0.823s] Level 1:colcon.colcon_core.environment:checking '/home/revanth/nxp_ws/install/apriltag_msgs' for CMake config files
[0.823s] Level 1:colcon.colcon_core.shell:create_environment_hook('apriltag_msgs', 'cmake_prefix_path')
[0.824s] INFO:colcon.colcon_core.shell:Creating environment hook '/home/revanth/nxp_ws/install/apriltag_msgs/share/apriltag_msgs/hook/cmake_prefix_path.ps1'
[0.825s] INFO:colcon.colcon_core.shell:Creating environment descriptor '/home/revanth/nxp_ws/install/apriltag_msgs/share/apriltag_msgs/hook/cmake_prefix_path.dsv'
[0.825s] INFO:colcon.colcon_core.shell:Creating environment hook '/home/revanth/nxp_ws/install/apriltag_msgs/share/apriltag_msgs/hook/cmake_prefix_path.sh'
[0.825s] Level 1:colcon.colcon_core.environment:checking '/home/revanth/nxp_ws/install/apriltag_msgs/lib'
[0.825s] Level 1:colcon.colcon_core.shell:create_environment_hook('apriltag_msgs', 'ld_library_path_lib')
[0.826s] INFO:colcon.colcon_core.shell:Creating environment hook '/home/revanth/nxp_ws/install/apriltag_msgs/share/apriltag_msgs/hook/ld_library_path_lib.ps1'
[0.827s] INFO:colcon.colcon_core.shell:Creating environment descriptor '/home/revanth/nxp_ws/install/apriltag_msgs/share/apriltag_msgs/hook/ld_library_path_lib.dsv'
[0.827s] INFO:colcon.colcon_core.shell:Creating environment hook '/home/revanth/nxp_ws/install/apriltag_msgs/share/apriltag_msgs/hook/ld_library_path_lib.sh'
[0.827s] Level 1:colcon.colcon_core.environment:checking '/home/revanth/nxp_ws/install/apriltag_msgs/bin'
[0.827s] Level 1:colcon.colcon_core.environment:checking '/home/revanth/nxp_ws/install/apriltag_msgs/lib/pkgconfig/apriltag_msgs.pc'
[0.827s] Level 1:colcon.colcon_core.environment:checking '/home/revanth/nxp_ws/install/apriltag_msgs/lib/python3.10/site-packages'
[0.828s] Level 1:colcon.colcon_core.environment:checking '/home/revanth/nxp_ws/install/apriltag_msgs/bin'
[0.829s] INFO:colcon.colcon_core.shell:Creating package script '/home/revanth/nxp_ws/install/apriltag_msgs/share/apriltag_msgs/package.ps1'
[0.829s] INFO:colcon.colcon_core.shell:Creating package descriptor '/home/revanth/nxp_ws/install/apriltag_msgs/share/apriltag_msgs/package.dsv'
[0.829s] INFO:colcon.colcon_core.shell:Creating package script '/home/revanth/nxp_ws/install/apriltag_msgs/share/apriltag_msgs/package.sh'
[0.830s] INFO:colcon.colcon_core.shell:Creating package script '/home/revanth/nxp_ws/install/apriltag_msgs/share/apriltag_msgs/package.bash'
[0.830s] INFO:colcon.colcon_core.shell:Creating package script '/home/revanth/nxp_ws/install/apriltag_msgs/share/apriltag_msgs/package.zsh'
[0.830s] Level 1:colcon.colcon_core.environment:create_file_with_runtime_dependencies(/home/revanth/nxp_ws/install/apriltag_msgs/share/colcon-core/packages/apriltag_msgs)
[0.995s] Level 1:colcon.colcon_core.environment:create_environment_scripts_only(apriltag_msgs)
[1.000s] Level 1:colcon.colcon_core.environment:checking '/home/revanth/nxp_ws/install/apriltag_msgs' for CMake module files
[1.002s] Level 1:colcon.colcon_core.environment:checking '/home/revanth/nxp_ws/install/apriltag_msgs' for CMake config files
[1.002s] Level 1:colcon.colcon_core.shell:create_environment_hook('apriltag_msgs', 'cmake_prefix_path')
[1.005s] INFO:colcon.colcon_core.shell:Creating environment hook '/home/revanth/nxp_ws/install/apriltag_msgs/share/apriltag_msgs/hook/cmake_prefix_path.ps1'
[1.006s] INFO:colcon.colcon_core.shell:Creating environment descriptor '/home/revanth/nxp_ws/install/apriltag_msgs/share/apriltag_msgs/hook/cmake_prefix_path.dsv'
[1.007s] INFO:colcon.colcon_core.shell:Creating environment hook '/home/revanth/nxp_ws/install/apriltag_msgs/share/apriltag_msgs/hook/cmake_prefix_path.sh'
[1.008s] Level 1:colcon.colcon_core.environment:checking '/home/revanth/nxp_ws/install/apriltag_msgs/lib'
[1.008s] Level 1:colcon.colcon_core.shell:create_environment_hook('apriltag_msgs', 'ld_library_path_lib')
[1.011s] INFO:colcon.colcon_core.shell:Creating environment hook '/home/revanth/nxp_ws/install/apriltag_msgs/share/apriltag_msgs/hook/ld_library_path_lib.ps1'
[1.011s] INFO:colcon.colcon_core.shell:Creating environment descriptor '/home/revanth/nxp_ws/install/apriltag_msgs/share/apriltag_msgs/hook/ld_library_path_lib.dsv'
[1.011s] INFO:colcon.colcon_core.shell:Creating environment hook '/home/revanth/nxp_ws/install/apriltag_msgs/share/apriltag_msgs/hook/ld_library_path_lib.sh'
[1.012s] Level 1:colcon.colcon_core.environment:checking '/home/revanth/nxp_ws/install/apriltag_msgs/bin'
[1.012s] Level 1:colcon.colcon_core.environment:checking '/home/revanth/nxp_ws/install/apriltag_msgs/lib/pkgconfig/apriltag_msgs.pc'
[1.012s] Level 1:colcon.colcon_core.environment:checking '/home/revanth/nxp_ws/install/apriltag_msgs/lib/python3.10/site-packages'
[1.012s] Level 1:colcon.colcon_core.environment:checking '/home/revanth/nxp_ws/install/apriltag_msgs/bin'
[1.014s] INFO:colcon.colcon_core.shell:Creating package script '/home/revanth/nxp_ws/install/apriltag_msgs/share/apriltag_msgs/package.ps1'
[1.015s] INFO:colcon.colcon_core.shell:Creating package descriptor '/home/revanth/nxp_ws/install/apriltag_msgs/share/apriltag_msgs/package.dsv'
[1.015s] INFO:colcon.colcon_core.shell:Creating package script '/home/revanth/nxp_ws/install/apriltag_msgs/share/apriltag_msgs/package.sh'
[1.016s] INFO:colcon.colcon_core.shell:Creating package script '/home/revanth/nxp_ws/install/apriltag_msgs/share/apriltag_msgs/package.bash'
[1.016s] INFO:colcon.colcon_core.shell:Creating package script '/home/revanth/nxp_ws/install/apriltag_msgs/share/apriltag_msgs/package.zsh'
[1.017s] Level 1:colcon.colcon_core.environment:create_file_with_runtime_dependencies(/home/revanth/nxp_ws/install/apriltag_msgs/share/colcon-core/packages/apriltag_msgs)
[1.017s] INFO:colcon.colcon_ros.task.ament_cmake.build:Building ROS package in '/home/revanth/nxp_ws/src/apriltag_ros' with build type 'ament_cmake'
[1.017s] INFO:colcon.colcon_cmake.task.cmake.build:Building CMake package in '/home/revanth/nxp_ws/src/apriltag_ros'
[1.018s] INFO:colcon.colcon_core.shell:Skip shell extension 'powershell' for command environment: Not usable outside of PowerShell
[1.018s] DEBUG:colcon.colcon_core.shell:Skip shell extension 'dsv' for command environment
[1.035s] DEBUG:colcon.colcon_core.event_handler.log_command:Invoking command in '/home/revanth/nxp_ws/build/apriltag_ros': CMAKE_PREFIX_PATH=/home/revanth/nxp_ws/install/apriltag_msgs:/home/revanth/nxp_ws/install/apriltag:/home/revanth/nxp_ws/install/nxp_1:/home/revanth/nxp_ws/install/apriltag_ros:/home/revanth/apriltag/install/apriltag:/home/revanth/apriltag_ros/install/apriltag_ros:/home/revanth/ws_nxp/install/nxp_purt:/home/revanth/librealsense/install/librealsense2:/home/revanth/realsense-ros/install/realsense2_description:/home/revanth/realsense-ros/install/realsense2_camera_msgs:/home/revanth/apriltag_msgs/install/apriltag_msgs:/home/revanth/ros2_ws/install/my_cpp_pkg:/home/revanth/ros2_ws/install/my_py_pkg:/opt/ros/humble LD_LIBRARY_PATH=/home/revanth/nxp_ws/install/apriltag_msgs/lib:/home/revanth/nxp_ws/install/apriltag/lib:/home/revanth/nxp_ws/install/apriltag_ros/lib:/home/revanth/apriltag/install/apriltag/lib:/home/revanth/apriltag_ros/install/apriltag_ros/lib:/home/revanth/librealsense/install/librealsense2/lib:/home/revanth/realsense-ros/install/realsense2_camera_msgs/lib:/home/revanth/apriltag_msgs/install/apriltag_msgs/lib:/opt/ros/humble/opt/rviz_ogre_vendor/lib:/opt/ros/humble/lib/x86_64-linux-gnu:/opt/ros/humble/lib /usr/bin/cmake --build /home/revanth/nxp_ws/build/apriltag_ros -- -j12 -l12
[1.115s] DEBUG:colcon.colcon_core.event_handler.log_command:Invoked command in '/home/revanth/nxp_ws/build/apriltag_ros' returned '0': CMAKE_PREFIX_PATH=/home/revanth/nxp_ws/install/apriltag_msgs:/home/revanth/nxp_ws/install/apriltag:/home/revanth/nxp_ws/install/nxp_1:/home/revanth/nxp_ws/install/apriltag_ros:/home/revanth/apriltag/install/apriltag:/home/revanth/apriltag_ros/install/apriltag_ros:/home/revanth/ws_nxp/install/nxp_purt:/home/revanth/librealsense/install/librealsense2:/home/revanth/realsense-ros/install/realsense2_description:/home/revanth/realsense-ros/install/realsense2_camera_msgs:/home/revanth/apriltag_msgs/install/apriltag_msgs:/home/revanth/ros2_ws/install/my_cpp_pkg:/home/revanth/ros2_ws/install/my_py_pkg:/opt/ros/humble LD_LIBRARY_PATH=/home/revanth/nxp_ws/install/apriltag_msgs/lib:/home/revanth/nxp_ws/install/apriltag/lib:/home/revanth/nxp_ws/install/apriltag_ros/lib:/home/revanth/apriltag/install/apriltag/lib:/home/revanth/apriltag_ros/install/apriltag_ros/lib:/home/revanth/librealsense/install/librealsense2/lib:/home/revanth/realsense-ros/install/realsense2_camera_msgs/lib:/home/revanth/apriltag_msgs/install/apriltag_msgs/lib:/opt/ros/humble/opt/rviz_ogre_vendor/lib:/opt/ros/humble/lib/x86_64-linux-gnu:/opt/ros/humble/lib /usr/bin/cmake --build /home/revanth/nxp_ws/build/apriltag_ros -- -j12 -l12
[1.144s] DEBUG:colcon.colcon_core.event_handler.log_command:Invoking command in '/home/revanth/nxp_ws/build/apriltag_ros': CMAKE_PREFIX_PATH=/home/revanth/nxp_ws/install/apriltag_msgs:/home/revanth/nxp_ws/install/apriltag:/home/revanth/nxp_ws/install/nxp_1:/home/revanth/nxp_ws/install/apriltag_ros:/home/revanth/apriltag/install/apriltag:/home/revanth/apriltag_ros/install/apriltag_ros:/home/revanth/ws_nxp/install/nxp_purt:/home/revanth/librealsense/install/librealsense2:/home/revanth/realsense-ros/install/realsense2_description:/home/revanth/realsense-ros/install/realsense2_camera_msgs:/home/revanth/apriltag_msgs/install/apriltag_msgs:/home/revanth/ros2_ws/install/my_cpp_pkg:/home/revanth/ros2_ws/install/my_py_pkg:/opt/ros/humble LD_LIBRARY_PATH=/home/revanth/nxp_ws/install/apriltag_msgs/lib:/home/revanth/nxp_ws/install/apriltag/lib:/home/revanth/nxp_ws/install/apriltag_ros/lib:/home/revanth/apriltag/install/apriltag/lib:/home/revanth/apriltag_ros/install/apriltag_ros/lib:/home/revanth/librealsense/install/librealsense2/lib:/home/revanth/realsense-ros/install/realsense2_camera_msgs/lib:/home/revanth/apriltag_msgs/install/apriltag_msgs/lib:/opt/ros/humble/opt/rviz_ogre_vendor/lib:/opt/ros/humble/lib/x86_64-linux-gnu:/opt/ros/humble/lib /usr/bin/cmake --install /home/revanth/nxp_ws/build/apriltag_ros
[1.153s] Level 1:colcon.colcon_core.environment:create_environment_scripts_only(apriltag_ros)
[1.156s] Level 1:colcon.colcon_core.environment:checking '/home/revanth/nxp_ws/install/apriltag_ros' for CMake module files
[1.157s] DEBUG:colcon.colcon_core.event_handler.log_command:Invoked command in '/home/revanth/nxp_ws/build/apriltag_ros' returned '0': CMAKE_PREFIX_PATH=/home/revanth/nxp_ws/install/apriltag_msgs:/home/revanth/nxp_ws/install/apriltag:/home/revanth/nxp_ws/install/nxp_1:/home/revanth/nxp_ws/install/apriltag_ros:/home/revanth/apriltag/install/apriltag:/home/revanth/apriltag_ros/install/apriltag_ros:/home/revanth/ws_nxp/install/nxp_purt:/home/revanth/librealsense/install/librealsense2:/home/revanth/realsense-ros/install/realsense2_description:/home/revanth/realsense-ros/install/realsense2_camera_msgs:/home/revanth/apriltag_msgs/install/apriltag_msgs:/home/revanth/ros2_ws/install/my_cpp_pkg:/home/revanth/ros2_ws/install/my_py_pkg:/opt/ros/humble LD_LIBRARY_PATH=/home/revanth/nxp_ws/install/apriltag_msgs/lib:/home/revanth/nxp_ws/install/apriltag/lib:/home/revanth/nxp_ws/install/apriltag_ros/lib:/home/revanth/apriltag/install/apriltag/lib:/home/revanth/apriltag_ros/install/apriltag_ros/lib:/home/revanth/librealsense/install/librealsense2/lib:/home/revanth/realsense-ros/install/realsense2_camera_msgs/lib:/home/revanth/apriltag_msgs/install/apriltag_msgs/lib:/opt/ros/humble/opt/rviz_ogre_vendor/lib:/opt/ros/humble/lib/x86_64-linux-gnu:/opt/ros/humble/lib /usr/bin/cmake --install /home/revanth/nxp_ws/build/apriltag_ros
[1.157s] Level 1:colcon.colcon_core.environment:checking '/home/revanth/nxp_ws/install/apriltag_ros' for CMake config files
[1.158s] Level 1:colcon.colcon_core.shell:create_environment_hook('apriltag_ros', 'cmake_prefix_path')
[1.159s] INFO:colcon.colcon_core.shell:Creating environment hook '/home/revanth/nxp_ws/install/apriltag_ros/share/apriltag_ros/hook/cmake_prefix_path.ps1'
[1.159s] INFO:colcon.colcon_core.shell:Creating environment descriptor '/home/revanth/nxp_ws/install/apriltag_ros/share/apriltag_ros/hook/cmake_prefix_path.dsv'
[1.159s] INFO:colcon.colcon_core.shell:Creating environment hook '/home/revanth/nxp_ws/install/apriltag_ros/share/apriltag_ros/hook/cmake_prefix_path.sh'
[1.160s] Level 1:colcon.colcon_core.environment:checking '/home/revanth/nxp_ws/install/apriltag_ros/lib'
[1.160s] Level 1:colcon.colcon_core.shell:create_environment_hook('apriltag_ros', 'ld_library_path_lib')
[1.161s] INFO:colcon.colcon_core.shell:Creating environment hook '/home/revanth/nxp_ws/install/apriltag_ros/share/apriltag_ros/hook/ld_library_path_lib.ps1'
[1.162s] INFO:colcon.colcon_core.shell:Creating environment descriptor '/home/revanth/nxp_ws/install/apriltag_ros/share/apriltag_ros/hook/ld_library_path_lib.dsv'
[1.162s] INFO:colcon.colcon_core.shell:Creating environment hook '/home/revanth/nxp_ws/install/apriltag_ros/share/apriltag_ros/hook/ld_library_path_lib.sh'
[1.162s] Level 1:colcon.colcon_core.environment:checking '/home/revanth/nxp_ws/install/apriltag_ros/bin'
[1.162s] Level 1:colcon.colcon_core.environment:checking '/home/revanth/nxp_ws/install/apriltag_ros/lib/pkgconfig/apriltag_ros.pc'
[1.162s] Level 1:colcon.colcon_core.environment:checking '/home/revanth/nxp_ws/install/apriltag_ros/lib/python3.10/site-packages'
[1.163s] Level 1:colcon.colcon_core.environment:checking '/home/revanth/nxp_ws/install/apriltag_ros/bin'
[1.164s] INFO:colcon.colcon_core.shell:Creating package script '/home/revanth/nxp_ws/install/apriltag_ros/share/apriltag_ros/package.ps1'
[1.164s] INFO:colcon.colcon_core.shell:Creating package descriptor '/home/revanth/nxp_ws/install/apriltag_ros/share/apriltag_ros/package.dsv'
[1.165s] INFO:colcon.colcon_core.shell:Creating package script '/home/revanth/nxp_ws/install/apriltag_ros/share/apriltag_ros/package.sh'
[1.165s] INFO:colcon.colcon_core.shell:Creating package script '/home/revanth/nxp_ws/install/apriltag_ros/share/apriltag_ros/package.bash'
[1.165s] INFO:colcon.colcon_core.shell:Creating package script '/home/revanth/nxp_ws/install/apriltag_ros/share/apriltag_ros/package.zsh'
[1.166s] Level 1:colcon.colcon_core.environment:create_file_with_runtime_dependencies(/home/revanth/nxp_ws/install/apriltag_ros/share/colcon-core/packages/apriltag_ros)
[1.200s] Level 1:colcon.colcon_core.environment:create_environment_scripts_only(apriltag_ros)
[1.202s] Level 1:colcon.colcon_core.environment:checking '/home/revanth/nxp_ws/install/apriltag_ros' for CMake module files
[1.202s] Level 1:colcon.colcon_core.environment:checking '/home/revanth/nxp_ws/install/apriltag_ros' for CMake config files
[1.202s] Level 1:colcon.colcon_core.shell:create_environment_hook('apriltag_ros', 'cmake_prefix_path')
[1.203s] INFO:colcon.colcon_core.shell:Creating environment hook '/home/revanth/nxp_ws/install/apriltag_ros/share/apriltag_ros/hook/cmake_prefix_path.ps1'
[1.204s] INFO:colcon.colcon_core.shell:Creating environment descriptor '/home/revanth/nxp_ws/install/apriltag_ros/share/apriltag_ros/hook/cmake_prefix_path.dsv'
[1.204s] INFO:colcon.colcon_core.shell:Creating environment hook '/home/revanth/nxp_ws/install/apriltag_ros/share/apriltag_ros/hook/cmake_prefix_path.sh'
[1.204s] Level 1:colcon.colcon_core.environment:checking '/home/revanth/nxp_ws/install/apriltag_ros/lib'
[1.204s] Level 1:colcon.colcon_core.shell:create_environment_hook('apriltag_ros', 'ld_library_path_lib')
[1.205s] INFO:colcon.colcon_core.shell:Creating environment hook '/home/revanth/nxp_ws/install/apriltag_ros/share/apriltag_ros/hook/ld_library_path_lib.ps1'
[1.206s] INFO:colcon.colcon_core.shell:Creating environment descriptor '/home/revanth/nxp_ws/install/apriltag_ros/share/apriltag_ros/hook/ld_library_path_lib.dsv'
[1.206s] INFO:colcon.colcon_core.shell:Creating environment hook '/home/revanth/nxp_ws/install/apriltag_ros/share/apriltag_ros/hook/ld_library_path_lib.sh'
[1.206s] Level 1:colcon.colcon_core.environment:checking '/home/revanth/nxp_ws/install/apriltag_ros/bin'
[1.206s] Level 1:colcon.colcon_core.environment:checking '/home/revanth/nxp_ws/install/apriltag_ros/lib/pkgconfig/apriltag_ros.pc'
[1.207s] Level 1:colcon.colcon_core.environment:checking '/home/revanth/nxp_ws/install/apriltag_ros/lib/python3.10/site-packages'
[1.207s] Level 1:colcon.colcon_core.environment:checking '/home/revanth/nxp_ws/install/apriltag_ros/bin'
[1.208s] INFO:colcon.colcon_core.shell:Creating package script '/home/revanth/nxp_ws/install/apriltag_ros/share/apriltag_ros/package.ps1'
[1.208s] INFO:colcon.colcon_core.shell:Creating package descriptor '/home/revanth/nxp_ws/install/apriltag_ros/share/apriltag_ros/package.dsv'
[1.209s] INFO:colcon.colcon_core.shell:Creating package script '/home/revanth/nxp_ws/install/apriltag_ros/share/apriltag_ros/package.sh'
[1.209s] INFO:colcon.colcon_core.shell:Creating package script '/home/revanth/nxp_ws/install/apriltag_ros/share/apriltag_ros/package.bash'
[1.210s] INFO:colcon.colcon_core.shell:Creating package script '/home/revanth/nxp_ws/install/apriltag_ros/share/apriltag_ros/package.zsh'
[1.210s] Level 1:colcon.colcon_core.environment:create_file_with_runtime_dependencies(/home/revanth/nxp_ws/install/apriltag_ros/share/colcon-core/packages/apriltag_ros)
[1.210s] DEBUG:colcon.colcon_parallel_executor.executor.parallel:closing loop
[1.210s] DEBUG:colcon.colcon_parallel_executor.executor.parallel:loop closed
[1.210s] DEBUG:colcon.colcon_parallel_executor.executor.parallel:run_until_complete finished with '0'
[1.210s] DEBUG:colcon.colcon_core.event_reactor:joining thread
[1.218s] INFO:colcon.colcon_core.plugin_system:Skipping extension 'colcon_notification.desktop_notification.terminal_notifier': Not used on non-Darwin systems
[1.218s] INFO:colcon.colcon_core.plugin_system:Skipping extension 'colcon_notification.desktop_notification.win32': Not used on non-Windows systems
[1.218s] INFO:colcon.colcon_notification.desktop_notification:Sending desktop notification using 'notify2'
[1.228s] DEBUG:colcon.colcon_core.event_reactor:joined thread
[1.229s] INFO:colcon.colcon_core.shell:Creating prefix script '/home/revanth/nxp_ws/install/local_setup.ps1'
[1.230s] INFO:colcon.colcon_core.shell:Creating prefix util module '/home/revanth/nxp_ws/install/_local_setup_util_ps1.py'
[1.231s] INFO:colcon.colcon_core.shell:Creating prefix chain script '/home/revanth/nxp_ws/install/setup.ps1'
[1.233s] INFO:colcon.colcon_core.shell:Creating prefix script '/home/revanth/nxp_ws/install/local_setup.sh'
[1.234s] INFO:colcon.colcon_core.shell:Creating prefix util module '/home/revanth/nxp_ws/install/_local_setup_util_sh.py'
[1.234s] INFO:colcon.colcon_core.shell:Creating prefix chain script '/home/revanth/nxp_ws/install/setup.sh'
[1.236s] INFO:colcon.colcon_core.shell:Creating prefix script '/home/revanth/nxp_ws/install/local_setup.bash'
[1.236s] INFO:colcon.colcon_core.shell:Creating prefix chain script '/home/revanth/nxp_ws/install/setup.bash'
[1.238s] INFO:colcon.colcon_core.shell:Creating prefix script '/home/revanth/nxp_ws/install/local_setup.zsh'
[1.238s] INFO:colcon.colcon_core.shell:Creating prefix chain script '/home/revanth/nxp_ws/install/setup.zsh'
